
### Optimization parameters 
```
!!eva2.optimization.OptimizationParameters
optimizer: !!eva2.optimization.strategies.NelderMeadSimplex
    checkRange: true
    critIndex: 0
    population: !population
        initAround: 0.1
        initMethod: individualDefault
        initPos: [0.0, 0.0, 0.0, 0.0, 0.0, 0.0, 0.0, 0.0, 0.0, 0.0]
        popMetric: !!eva2.optimization.operator.distancemetric.EuclideanMetric {normedByDblRange: false}
        seedCardinality: {head: 5, tail: 1}
        targetSize: 50
    populationSize: 50
postProcessParams: !!eva2.optimization.operator.postprocess.PostProcessParams
    PPMethod: nelderMead
    accAssumeConv: 1.0E-8
    accMaxEval: -1
    accuracies: [0.01]
    doPostProcessing: false
    postProcessClusterSigma: 0.05
    postProcessSteps: 5000
    printNBest: 10
    withPlot: false
problem: !!eva2.problems.SimpleProblemWrapper
    defaultAccuracy: 0.001
    defaultRange: 10.0
    individualTemplate: !!eva2.optimization.individuals.ESIndividualDoubleData
        areaConst4ParallelViolated: false
        crossoverOperator: !!eva2.optimization.operator.crossover.CrossoverESDefault {}
        crossoverProbability: 0.5
        initOperator: !!eva2.optimization.operator.initialization.DefaultInitialization {}
        isMarked: false
        isPenalized: false
        mutationOperator: !!eva2.optimization.operator.mutation.MutateESGlobal {crossoverType: intermediate,
            lowerLimitStepSize: 5.0E-7, mutationStepSize: 0.2, tau1: 0.15}
        mutationProbability: 1.0
    noise: 0.0
    parallelThreads: 3
    problemDimension: 7
    simpleProblem: !!uk.ac.ox.oxfish.maximization.CaliforniaDerisoOptimization
        parameters:
        - !!uk.ac.ox.oxfish.maximization.generic.SimpleOptimizationParameter {addressToModify: gear.delegate.gears~Dover Sole.averageCatchability,
            maximum: 0.001, minimum: 1.0E-5}
        - !!uk.ac.ox.oxfish.maximization.generic.SimpleOptimizationParameter {addressToModify: gear.delegate.gears~Longspine Thornyhead.averageCatchability,
            maximum: 0.001, minimum: 1.0E-5}
        - !!uk.ac.ox.oxfish.maximization.generic.SimpleOptimizationParameter {addressToModify: gear.delegate.gears~Sablefish.averageCatchability,
            maximum: 0.001, minimum: 1.0E-5}
        - !!uk.ac.ox.oxfish.maximization.generic.SimpleOptimizationParameter {addressToModify: gear.delegate.gears~Shortspine Thornyhead.averageCatchability,
            maximum: 0.001, minimum: 1.0E-5}
        - !!uk.ac.ox.oxfish.maximization.generic.SimpleOptimizationParameter {addressToModify: gear.delegate.gears~Yelloweye Rockfish.averageCatchability,
            maximum: 0.001, minimum: 1.0E-5}
        - !!uk.ac.ox.oxfish.maximization.generic.SimpleOptimizationParameter {addressToModify: gear.proportionSimulatedToGarbage,
            maximum: 0.001, minimum: 1.0E-5}
        - !!uk.ac.ox.oxfish.maximization.generic.SimpleOptimizationParameter {addressToModify: holdSizePerBoat,
            maximum: 15000.0, minimum: 2500.0}
        runsPerSetting: 1
        scenarioFile: docs/groundfish/calibration/step1_catchability/clamped.yaml
        seed: 0
        summaryDirectory: docs/groundfish/calibration/step1_catchability
        yearsToIgnore: 1
        yearsToRun: 5
randomSeed: 0
terminator: !!eva2.optimization.operator.terminators.EvaluationTerminator {fitnessCalls: 50000}

```

## Multirun 1
| FunctionCalls | currentBest | meanFit | solution | 
| --- | --- | --- | --- | 
| 50 | 24.54916875710604 | 40.694900942904766 | { 1.591, 7.466, 7.900,-6.863, 6.443, 1.195} | 
| 100 | 19.097210498029046 | 28.561903865609942 | { 8.026, 1.102, 3.597,-6.938,-7.685, 6.829} | 
| 150 | 18.175536939324072 | 24.388030708465468 | { 0.399, 2.405, 1.546,-7.159,-0.350, 4.677} | 
| 200 | 16.809110438710714 | 22.10123089715124 | { 2.038, 3.413,-0.909,-6.794,-0.535, 6.249} | 
| 250 | 16.809110438710714 | 20.52922614006499 | { 2.038, 3.413,-0.909,-6.794,-0.535, 6.249} | 
| 300 | 15.878533684400402 | 18.635607326221454 | { 1.858, 2.103,-0.689,-6.943,-1.301, 6.161} | 
| 350 | 15.692733906164488 | 18.19396450716569 | { 1.517, 3.380,-0.043,-6.958,-0.027, 4.543} | 
| 400 | 15.63659400604899 | 17.669607681984235 | { 2.224, 2.803,-0.638,-6.838,-1.089, 3.877} | 
| 450 | 15.12273427710805 | 17.266522603167 | { 1.755, 2.753,-0.499,-6.869,-0.824, 4.464} | 
| 500 | 14.628118094223215 | 17.147423759484646 | { 1.603, 2.774,-0.750,-6.928,-0.853, 4.157} | 
| 550 | 14.051202620432894 | 17.114669025036715 | { 1.799, 2.884,-0.572,-6.982,-1.107, 4.337} | 
| 600 | 14.051202620432894 | 16.861726908461065 | { 1.799, 2.884,-0.572,-6.982,-1.107, 4.337} | 
| 650 | 14.051202620432894 | 17.281304135558205 | { 1.799, 2.884,-0.572,-6.982,-1.107, 4.337} | 
| 700 | 14.051202620432894 | 17.23326841983818 | { 1.799, 2.884,-0.572,-6.982,-1.107, 4.337} | 
| 750 | 14.051202620432894 | 16.98114303900969 | { 1.799, 2.884,-0.572,-6.982,-1.107, 4.337} | 
| 800 | 13.986155407161574 | 16.984990419622914 | { 1.801, 2.876,-0.574,-6.979,-1.095, 4.340} | 
| 850 | 13.986155407161574 | 16.978497554837674 | { 1.801, 2.876,-0.574,-6.979,-1.095, 4.340} | 
| 900 | 13.986155407161574 | 17.293804240741526 | { 1.801, 2.876,-0.574,-6.979,-1.095, 4.340} | 
| 950 | 13.986155407161574 | 17.342803743028657 | { 1.801, 2.876,-0.574,-6.979,-1.095, 4.340} | 
| 1000 | 13.986155407161574 | 16.59643235763038 | { 1.801, 2.876,-0.574,-6.979,-1.095, 4.340} | 
| 1050 | 13.986155407161574 | 17.022668086087897 | { 1.801, 2.876,-0.574,-6.979,-1.095, 4.340} | 
| 1100 | 13.986155407161574 | 16.55876041137871 | { 1.801, 2.876,-0.574,-6.979,-1.095, 4.340} | 
| 1150 | 13.897761546878808 | 15.883696628935256 | { 1.801, 2.876,-0.574,-6.979,-1.095, 4.340} | 
| 1200 | 13.897761546878808 | 15.658947033050735 | { 1.801, 2.876,-0.574,-6.979,-1.095, 4.340} | 
| 1250 | 13.897760779563534 | 15.241585487835025 | { 1.801, 2.876,-0.574,-6.979,-1.095, 4.339} | 
| 1300 | 13.897760740579383 | 14.77597422416188 | { 1.801, 2.876,-0.574,-6.979,-1.095, 4.340} | 
| 1350 | 13.897760107743728 | 14.192284497221424 | { 1.801, 2.876,-0.574,-6.979,-1.095, 4.339} | 
| 1400 | 13.897759906400216 | 14.096226154303213 | { 1.801, 2.876,-0.574,-6.979,-1.095, 4.339} | 
| 1450 | 13.897759638778993 | 13.9364253684345 | { 1.801, 2.876,-0.574,-6.979,-1.095, 4.339} | 
| 1500 | 13.897759638778993 | 13.906837350506748 | { 1.801, 2.876,-0.574,-6.979,-1.095, 4.339} | 
| 1550 | 13.89770130615553 | 13.898982324242901 | { 1.801, 2.876,-0.574,-6.979,-1.095, 4.339} | 
| 1600 | 13.897732815683918 | 13.897760387442647 | { 1.801, 2.876,-0.574,-6.979,-1.095, 4.339} | 
| 1650 | 13.897759671428666 | 13.897760750129999 | { 1.801, 2.876,-0.574,-6.979,-1.095, 4.339} | 
| 1700 | 13.897759671428666 | 13.897760750129999 | { 1.801, 2.876,-0.574,-6.979,-1.095, 4.339} | 
