
### Optimization parameters 
```
!!eva2.optimization.OptimizationParameters
optimizer: !!eva2.optimization.strategies.NelderMeadSimplex
    checkRange: true
    critIndex: 0
    population: !population
        initAround: 0.1
        initMethod: individualDefault
        initPos: [0.0, 0.0, 0.0, 0.0, 0.0, 0.0, 0.0, 0.0, 0.0, 0.0]
        popMetric: !!eva2.optimization.operator.distancemetric.PhenotypeMetric {}
        seedCardinality: {head: 5, tail: 1}
        targetSize: 50
    populationSize: 50
postProcessParams: !!eva2.optimization.operator.postprocess.PostProcessParams
    PPMethod: nelderMead
    accAssumeConv: 1.0E-8
    accMaxEval: -1
    accuracies: [0.01]
    doPostProcessing: false
    postProcessClusterSigma: 0.05
    postProcessSteps: 5000
    printNBest: 10
    withPlot: false
problem: !!eva2.problems.SimpleProblemWrapper
    defaultAccuracy: 0.001
    defaultRange: 10.0
    individualTemplate: !!eva2.optimization.individuals.ESIndividualDoubleData
        areaConst4ParallelViolated: false
        crossoverOperator: !!eva2.optimization.operator.crossover.CrossoverESDefault {}
        crossoverProbability: 0.5
        initOperator: !!eva2.optimization.operator.initialization.DefaultInitialization {}
        isMarked: false
        isPenalized: false
        mutationOperator: !!eva2.optimization.operator.mutation.MutateESGlobal {crossoverType: intermediate,
            lowerLimitStepSize: 5.0E-7, mutationStepSize: 0.2, tau1: 0.15}
        mutationProbability: 1.0
    noise: 0.0
    parallelThreads: 5
    problemDimension: 20
    simpleProblem: !!uk.ac.ox.oxfish.maximization.GenericOptimization
        maximization: false
        parameters:
        - !!uk.ac.ox.oxfish.maximization.generic.SimpleOptimizationParameter {addressToModify: fisherDefinitions$0.gear.delegate.delegate.delegate.gears~Pristipomoides multidens.averageCatchability,
            alwaysPositive: true, maximum: 0.0095, minimum: 9.0E-8}
        - !!uk.ac.ox.oxfish.maximization.generic.SimpleOptimizationParameter {addressToModify: fisherDefinitions$0.gear.delegate.delegate.delegate.gears~Lutjanus malabaricus.averageCatchability,
            alwaysPositive: true, maximum: 0.095, minimum: 9.0E-4}
        - !!uk.ac.ox.oxfish.maximization.generic.SimpleOptimizationParameter {addressToModify: fisherDefinitions$0.gear.delegate.delegate.delegate.gears~Epinephelus areolatus.averageCatchability,
            alwaysPositive: true, maximum: 9.5E-5, minimum: 9.0E-9}
        - !!uk.ac.ox.oxfish.maximization.generic.SimpleOptimizationParameter {addressToModify: fisherDefinitions$0.gear.delegate.delegate.delegate.gears~Lutjanus erythropterus.averageCatchability,
            alwaysPositive: true, maximum: 0.0095, minimum: 9.0E-8}
        - !!uk.ac.ox.oxfish.maximization.generic.SimpleOptimizationParameter {addressToModify: fisherDefinitions$0.gear.delegate.delegate.proportionSimulatedToGarbage,
            alwaysPositive: true, maximum: 0.8, minimum: 0.0}
        - !!uk.ac.ox.oxfish.maximization.generic.SimpleOptimizationParameter {addressToModify: fisherDefinitions$1.gear.delegate.delegate.delegate.gears~Pristipomoides multidens.averageCatchability,
            alwaysPositive: true, maximum: 0.0095, minimum: 9.0E-8}
        - !!uk.ac.ox.oxfish.maximization.generic.SimpleOptimizationParameter {addressToModify: fisherDefinitions$1.gear.delegate.delegate.delegate.gears~Lutjanus malabaricus.averageCatchability,
            alwaysPositive: true, maximum: 9.0E-6, minimum: 9.0E-8}
        - !!uk.ac.ox.oxfish.maximization.generic.SimpleOptimizationParameter {addressToModify: fisherDefinitions$1.gear.delegate.delegate.delegate.gears~Epinephelus areolatus.averageCatchability,
            alwaysPositive: true, maximum: 0.0095, minimum: 9.0E-8}
        - !!uk.ac.ox.oxfish.maximization.generic.SimpleOptimizationParameter {addressToModify: fisherDefinitions$1.gear.delegate.delegate.delegate.gears~Lutjanus erythropterus.averageCatchability,
            alwaysPositive: true, maximum: 0.0095, minimum: 9.0E-8}
        - !!uk.ac.ox.oxfish.maximization.generic.SimpleOptimizationParameter {addressToModify: fisherDefinitions$1.gear.delegate.delegate.proportionSimulatedToGarbage,
            alwaysPositive: true, maximum: 0.8, minimum: 0.0}
        - !!uk.ac.ox.oxfish.maximization.generic.SimpleOptimizationParameter {addressToModify: fisherDefinitions$2.gear.delegate.delegate.delegate.gears~Pristipomoides multidens.averageCatchability,
            alwaysPositive: true, maximum: 0.095, minimum: 9.0E-5}
        - !!uk.ac.ox.oxfish.maximization.generic.SimpleOptimizationParameter {addressToModify: fisherDefinitions$2.gear.delegate.delegate.delegate.gears~Lutjanus malabaricus.averageCatchability,
            alwaysPositive: true, maximum: 9.0E-6, minimum: 9.0E-8}
        - !!uk.ac.ox.oxfish.maximization.generic.SimpleOptimizationParameter {addressToModify: fisherDefinitions$2.gear.delegate.delegate.delegate.gears~Epinephelus areolatus.averageCatchability,
            alwaysPositive: true, maximum: 9.5E-5, minimum: 9.0E-9}
        - !!uk.ac.ox.oxfish.maximization.generic.SimpleOptimizationParameter {addressToModify: fisherDefinitions$2.gear.delegate.delegate.delegate.gears~Lutjanus erythropterus.averageCatchability,
            alwaysPositive: true, maximum: 0.095, minimum: 9.0E-5}
        - !!uk.ac.ox.oxfish.maximization.generic.SimpleOptimizationParameter {addressToModify: fisherDefinitions$2.gear.delegate.delegate.proportionSimulatedToGarbage,
            alwaysPositive: false, maximum: 0.8, minimum: 0.0}
        - !!uk.ac.ox.oxfish.maximization.generic.SimpleOptimizationParameter {addressToModify: fisherDefinitions$3.gear.delegate.delegate.delegate.gears~Pristipomoides multidens.averageCatchability,
            alwaysPositive: true, maximum: 0.0095, minimum: 9.0E-8}
        - !!uk.ac.ox.oxfish.maximization.generic.SimpleOptimizationParameter {addressToModify: fisherDefinitions$3.gear.delegate.delegate.delegate.gears~Lutjanus malabaricus.averageCatchability,
            alwaysPositive: true, maximum: 0.0095, minimum: 9.0E-5}
        - !!uk.ac.ox.oxfish.maximization.generic.SimpleOptimizationParameter {addressToModify: fisherDefinitions$3.gear.delegate.delegate.delegate.gears~Epinephelus areolatus.averageCatchability,
            alwaysPositive: true, maximum: 0.0095, minimum: 9.0E-8}
        - !!uk.ac.ox.oxfish.maximization.generic.SimpleOptimizationParameter {addressToModify: fisherDefinitions$3.gear.delegate.delegate.delegate.gears~Lutjanus erythropterus.averageCatchability,
            alwaysPositive: true, maximum: 0.0095, minimum: 9.0E-8}
        - !!uk.ac.ox.oxfish.maximization.generic.SimpleOptimizationParameter {addressToModify: fisherDefinitions$3.gear.delegate.delegate.proportionSimulatedToGarbage,
            alwaysPositive: true, maximum: 0.8, minimum: 0.0}
        runsPerSetting: 1
        scenarioFile: /home/carrknight/code/oxfish/docs/indonesia_hub/runs/712/slice5/calibration/better_baseline.yaml
        simulatedYears: 1
        targets:
        - !!uk.ac.ox.oxfish.maximization.generic.YearlyDataTarget {coefficientOfVariation: -1.0,
            cumulative: false, exponent: 1.0, hasHeader: true, pathToCsvFile: /home/carrknight/code/oxfish/docs/indonesia_hub/runs/712/slice5/calibration/targets_oneyear/Big_LL021 Lutjanus malabaricus.csv,
            yearlyDataColumnName: Lutjanus malabaricus Landings of population2}
        - !!uk.ac.ox.oxfish.maximization.generic.YearlyDataTarget {coefficientOfVariation: -1.0,
            cumulative: false, exponent: 1.0, hasHeader: true, pathToCsvFile: /home/carrknight/code/oxfish/docs/indonesia_hub/runs/712/slice5/calibration/targets_oneyear/Big_LP012 Pristipomoides multidens.csv,
            yearlyDataColumnName: Pristipomoides multidens Landings of population2}
        - !!uk.ac.ox.oxfish.maximization.generic.YearlyDataTarget {coefficientOfVariation: -1.0,
            cumulative: false, exponent: 1.0, hasHeader: true, pathToCsvFile: /home/carrknight/code/oxfish/docs/indonesia_hub/runs/712/slice5/calibration/targets_oneyear/Big_SE002 Epinephelus areolatus.csv,
            yearlyDataColumnName: Epinephelus areolatus Landings of population2}
        - !!uk.ac.ox.oxfish.maximization.generic.YearlyDataTarget {coefficientOfVariation: -1.0,
            cumulative: false, exponent: 1.0, hasHeader: true, pathToCsvFile: /home/carrknight/code/oxfish/docs/indonesia_hub/runs/712/slice5/calibration/targets_oneyear/Big_LL017 Lutjanus erythropterus.csv,
            yearlyDataColumnName: Lutjanus erythropterus Landings of population2}
        - !!uk.ac.ox.oxfish.maximization.generic.YearlyDataTarget {coefficientOfVariation: -1.0,
            cumulative: false, exponent: 1.0, hasHeader: true, pathToCsvFile: /home/carrknight/code/oxfish/docs/indonesia_hub/runs/712/slice5/calibration/targets_oneyear/Big_Others.csv,
            yearlyDataColumnName: Others Landings of population2}
        - !!uk.ac.ox.oxfish.maximization.generic.YearlyDataTarget {coefficientOfVariation: -1.0,
            cumulative: false, exponent: 1.0, hasHeader: true, pathToCsvFile: /home/carrknight/code/oxfish/docs/indonesia_hub/runs/712/slice5/calibration/targets_oneyear/Big_total.csv,
            yearlyDataColumnName: Total Landings of population2}
        - !!uk.ac.ox.oxfish.maximization.generic.YearlyDataTarget {coefficientOfVariation: -1.0,
            cumulative: false, exponent: 1.0, hasHeader: true, pathToCsvFile: /home/carrknight/code/oxfish/docs/indonesia_hub/runs/712/slice5/calibration/targets_oneyear/Small (5-9)_LL021 Lutjanus malabaricus.csv,
            yearlyDataColumnName: Lutjanus malabaricus Landings of population0}
        - !!uk.ac.ox.oxfish.maximization.generic.YearlyDataTarget {coefficientOfVariation: -1.0,
            cumulative: false, exponent: 1.0, hasHeader: true, pathToCsvFile: /home/carrknight/code/oxfish/docs/indonesia_hub/runs/712/slice5/calibration/targets_oneyear/Small (5-9)_LP012 Pristipomoides multidens.csv,
            yearlyDataColumnName: Pristipomoides multidens Landings of population0}
        - !!uk.ac.ox.oxfish.maximization.generic.YearlyDataTarget {coefficientOfVariation: -1.0,
            cumulative: false, exponent: 1.0, hasHeader: true, pathToCsvFile: /home/carrknight/code/oxfish/docs/indonesia_hub/runs/712/slice5/calibration/targets_oneyear/Small (5-9)_SE002 Epinephelus areolatus.csv,
            yearlyDataColumnName: Epinephelus areolatus Landings of population0}
        - !!uk.ac.ox.oxfish.maximization.generic.YearlyDataTarget {coefficientOfVariation: -1.0,
            cumulative: false, exponent: 1.0, hasHeader: true, pathToCsvFile: /home/carrknight/code/oxfish/docs/indonesia_hub/runs/712/slice5/calibration/targets_oneyear/Small (5-9)_LL017 Lutjanus erythropterus.csv,
            yearlyDataColumnName: Lutjanus erythropterus Landings of population0}
        - !!uk.ac.ox.oxfish.maximization.generic.YearlyDataTarget {coefficientOfVariation: -1.0,
            cumulative: false, exponent: 1.0, hasHeader: true, pathToCsvFile: /home/carrknight/code/oxfish/docs/indonesia_hub/runs/712/slice5/calibration/targets_oneyear/Small (5-9)_Others.csv,
            yearlyDataColumnName: Others Landings of population0}
        - !!uk.ac.ox.oxfish.maximization.generic.YearlyDataTarget {coefficientOfVariation: -1.0,
            cumulative: false, exponent: 1.0, hasHeader: true, pathToCsvFile: /home/carrknight/code/oxfish/docs/indonesia_hub/runs/712/slice5/calibration/targets_oneyear/Small (5-9)_total.csv,
            yearlyDataColumnName: Total Landings of population0}
        - !!uk.ac.ox.oxfish.maximization.generic.YearlyDataTarget {coefficientOfVariation: -1.0,
            cumulative: false, exponent: 1.0, hasHeader: true, pathToCsvFile: /home/carrknight/code/oxfish/docs/indonesia_hub/runs/712/slice5/calibration/targets_oneyear/Medium_LL021 Lutjanus malabaricus.csv,
            yearlyDataColumnName: Lutjanus malabaricus Landings of population1}
        - !!uk.ac.ox.oxfish.maximization.generic.YearlyDataTarget {coefficientOfVariation: -1.0,
            cumulative: false, exponent: 1.0, hasHeader: true, pathToCsvFile: /home/carrknight/code/oxfish/docs/indonesia_hub/runs/712/slice5/calibration/targets_oneyear/Medium_LP012 Pristipomoides multidens.csv,
            yearlyDataColumnName: Pristipomoides multidens Landings of population1}
        - !!uk.ac.ox.oxfish.maximization.generic.YearlyDataTarget {coefficientOfVariation: -1.0,
            cumulative: false, exponent: 1.0, hasHeader: true, pathToCsvFile: /home/carrknight/code/oxfish/docs/indonesia_hub/runs/712/slice5/calibration/targets_oneyear/Medium_SE002 Epinephelus areolatus.csv,
            yearlyDataColumnName: Epinephelus areolatus Landings of population1}
        - !!uk.ac.ox.oxfish.maximization.generic.YearlyDataTarget {coefficientOfVariation: -1.0,
            cumulative: false, exponent: 1.0, hasHeader: true, pathToCsvFile: /home/carrknight/code/oxfish/docs/indonesia_hub/runs/712/slice5/calibration/targets_oneyear/Medium_LL017 Lutjanus erythropterus.csv,
            yearlyDataColumnName: Lutjanus erythropterus Landings of population1}
        - !!uk.ac.ox.oxfish.maximization.generic.YearlyDataTarget {coefficientOfVariation: -1.0,
            cumulative: false, exponent: 1.0, hasHeader: true, pathToCsvFile: /home/carrknight/code/oxfish/docs/indonesia_hub/runs/712/slice5/calibration/targets_oneyear/Medium_Others.csv,
            yearlyDataColumnName: Others Landings of population1}
        - !!uk.ac.ox.oxfish.maximization.generic.YearlyDataTarget {coefficientOfVariation: -1.0,
            cumulative: false, exponent: 1.0, hasHeader: true, pathToCsvFile: /home/carrknight/code/oxfish/docs/indonesia_hub/runs/712/slice5/calibration/targets_oneyear/Medium_total.csv,
            yearlyDataColumnName: Total Landings of population1}
        - !!uk.ac.ox.oxfish.maximization.generic.YearlyDataTarget {coefficientOfVariation: -1.0,
            cumulative: false, exponent: 1.0, hasHeader: true, pathToCsvFile: /home/carrknight/code/oxfish/docs/indonesia_hub/runs/712/slice5/calibration/targets_oneyear/Small (10-14)_LL021 Lutjanus malabaricus.csv,
            yearlyDataColumnName: Lutjanus malabaricus Landings of population3}
        - !!uk.ac.ox.oxfish.maximization.generic.YearlyDataTarget {coefficientOfVariation: -1.0,
            cumulative: false, exponent: 1.0, hasHeader: true, pathToCsvFile: /home/carrknight/code/oxfish/docs/indonesia_hub/runs/712/slice5/calibration/targets_oneyear/Small (10-14)_LP012 Pristipomoides multidens.csv,
            yearlyDataColumnName: Pristipomoides multidens Landings of population3}
        - !!uk.ac.ox.oxfish.maximization.generic.YearlyDataTarget {coefficientOfVariation: -1.0,
            cumulative: false, exponent: 1.0, hasHeader: true, pathToCsvFile: /home/carrknight/code/oxfish/docs/indonesia_hub/runs/712/slice5/calibration/targets_oneyear/Small (10-14)_SE002 Epinephelus areolatus.csv,
            yearlyDataColumnName: Epinephelus areolatus Landings of population3}
        - !!uk.ac.ox.oxfish.maximization.generic.YearlyDataTarget {coefficientOfVariation: -1.0,
            cumulative: false, exponent: 1.0, hasHeader: true, pathToCsvFile: /home/carrknight/code/oxfish/docs/indonesia_hub/runs/712/slice5/calibration/targets_oneyear/Small (10-14)_LL017 Lutjanus erythropterus.csv,
            yearlyDataColumnName: Lutjanus erythropterus Landings of population3}
        - !!uk.ac.ox.oxfish.maximization.generic.YearlyDataTarget {coefficientOfVariation: -1.0,
            cumulative: false, exponent: 1.0, hasHeader: true, pathToCsvFile: /home/carrknight/code/oxfish/docs/indonesia_hub/runs/712/slice5/calibration/targets_oneyear/Small (10-14)_Others.csv,
            yearlyDataColumnName: Others Landings of population3}
        - !!uk.ac.ox.oxfish.maximization.generic.YearlyDataTarget {coefficientOfVariation: -1.0,
            cumulative: false, exponent: 1.0, hasHeader: true, pathToCsvFile: /home/carrknight/code/oxfish/docs/indonesia_hub/runs/712/slice5/calibration/targets_oneyear/Small (10-14)_total.csv,
            yearlyDataColumnName: Total Landings of population3}
        - !!uk.ac.ox.oxfish.maximization.generic.YearlyDataTarget {coefficientOfVariation: -1.0,
            cumulative: false, exponent: 1.0, hasHeader: true, pathToCsvFile: /home/carrknight/code/oxfish/docs/indonesia_hub/runs/712/slice5/calibration/targets_oneyear/all_landings_LL021 Lutjanus malabaricus.csv,
            yearlyDataColumnName: Lutjanus malabaricus Landings}
        - !!uk.ac.ox.oxfish.maximization.generic.YearlyDataTarget {coefficientOfVariation: -1.0,
            cumulative: false, exponent: 1.0, hasHeader: true, pathToCsvFile: /home/carrknight/code/oxfish/docs/indonesia_hub/runs/712/slice5/calibration/targets_oneyear/all_landings_LP012 Pristipomoides multidens.csv,
            yearlyDataColumnName: Pristipomoides multidens Landings}
        - !!uk.ac.ox.oxfish.maximization.generic.YearlyDataTarget {coefficientOfVariation: -1.0,
            cumulative: false, exponent: 1.0, hasHeader: true, pathToCsvFile: /home/carrknight/code/oxfish/docs/indonesia_hub/runs/712/slice5/calibration/targets_oneyear/all_landings_SE002 Epinephelus areolatus.csv,
            yearlyDataColumnName: Epinephelus areolatus Landings}
        - !!uk.ac.ox.oxfish.maximization.generic.YearlyDataTarget {coefficientOfVariation: -1.0,
            cumulative: false, exponent: 1.0, hasHeader: true, pathToCsvFile: /home/carrknight/code/oxfish/docs/indonesia_hub/runs/712/slice5/calibration/targets_oneyear/all_landings_LL017 Lutjanus erythropterus.csv,
            yearlyDataColumnName: Lutjanus erythropterus Landings}
randomSeed: 0
terminator: !!eva2.optimization.operator.terminators.EvaluationTerminator {fitnessCalls: 50000}

```

## Multirun 1
| FunctionCalls | currentBest | meanFit | solution | 
| --- | --- | --- | --- | 
| 50 | 9779704.612822881 | 1.2124593774603987E7 | { 6.035, 6.208,-1.406, 7.611, 2.541,-3.090,-8.100,-8.519, 8.801,-8.403,-0.310, 4.781,-9.511, 8.930, 4.394, 9.993, 3.680,-5.312,-4.580,-5.989} | 
| 50 | 9779704.612822881 | 1.2124593774603987E7 | { 6.035, 6.208,-1.406, 7.611, 2.541,-3.090,-8.100,-8.519, 8.801,-8.403,-0.310, 4.781,-9.511, 8.930, 4.394, 9.993, 3.680,-5.312,-4.580,-5.989} | 
| 50 | 9779704.612822881 | 1.2124593774603987E7 | { 6.035, 6.208,-1.406, 7.611, 2.541,-3.090,-8.100,-8.519, 8.801,-8.403,-0.310, 4.781,-9.511, 8.930, 4.394, 9.993, 3.680,-5.312,-4.580,-5.989} | 
| 100 | 8847827.204567125 | 9967512.030968426 | { 7.324, 1.677,-4.498, 5.408, 3.062,-5.201,-6.187,-7.681, 9.087, 5.207,-2.665, 8.450, 5.664,-7.413,-2.156, 4.054, 7.099,-4.524, 3.183, 6.083} | 
| 100 | 8847827.204567125 | 9967512.030968426 | { 7.324, 1.677,-4.498, 5.408, 3.062,-5.201,-6.187,-7.681, 9.087, 5.207,-2.665, 8.450, 5.664,-7.413,-2.156, 4.054, 7.099,-4.524, 3.183, 6.083} | 
| 100 | 8847827.204567125 | 9967512.030968426 | { 7.324, 1.677,-4.498, 5.408, 3.062,-5.201,-6.187,-7.681, 9.087, 5.207,-2.665, 8.450, 5.664,-7.413,-2.156, 4.054, 7.099,-4.524, 3.183, 6.083} | 
| 150 | 8814419.565065848 | 9457794.031053552 | { 7.324, 1.677,-4.498, 5.408, 3.062,-5.201,-6.187,-7.681, 9.087, 5.207,-2.665, 8.450, 5.664,-7.413,-2.156, 4.054, 7.099,-4.524, 3.183, 6.083} | 
| 150 | 8814419.565065848 | 9457794.031053552 | { 7.324, 1.677,-4.498, 5.408, 3.062,-5.201,-6.187,-7.681, 9.087, 5.207,-2.665, 8.450, 5.664,-7.413,-2.156, 4.054, 7.099,-4.524, 3.183, 6.083} | 
| 150 | 8814419.565065848 | 9457794.031053552 | { 7.324, 1.677,-4.498, 5.408, 3.062,-5.201,-6.187,-7.681, 9.087, 5.207,-2.665, 8.450, 5.664,-7.413,-2.156, 4.054, 7.099,-4.524, 3.183, 6.083} | 
| 200 | 8542944.648231287 | 9105748.226880878 | { 3.996,-0.520,-0.905, 3.117, 3.689,-0.628,-6.349,-7.778, 9.835, 3.182,-0.251, 1.463, 7.560,-9.256,-0.859,-1.334, 6.625, 2.713,-0.634, 4.845} | 
| 200 | 8542944.648231287 | 9105748.226880878 | { 3.996,-0.520,-0.905, 3.117, 3.689,-0.628,-6.349,-7.778, 9.835, 3.182,-0.251, 1.463, 7.560,-9.256,-0.859,-1.334, 6.625, 2.713,-0.634, 4.845} | 
| 200 | 8542944.648231287 | 9105748.226880878 | { 3.996,-0.520,-0.905, 3.117, 3.689,-0.628,-6.349,-7.778, 9.835, 3.182,-0.251, 1.463, 7.560,-9.256,-0.859,-1.334, 6.625, 2.713,-0.634, 4.845} | 
| 250 | 8783559.126691725 | 9135888.76351789 | { 3.247, 2.423,-2.218, 3.348, 3.303, 0.753,-3.229,-8.184, 9.547, 4.435,-1.005, 4.141, 3.145,-7.450,-1.220, 1.317, 2.922, 0.556, 1.277, 5.962} | 
| 250 | 8783559.126691725 | 9135888.76351789 | { 3.247, 2.423,-2.218, 3.348, 3.303, 0.753,-3.229,-8.184, 9.547, 4.435,-1.005, 4.141, 3.145,-7.450,-1.220, 1.317, 2.922, 0.556, 1.277, 5.962} | 
| 250 | 8783559.126691725 | 9135888.76351789 | { 3.247, 2.423,-2.218, 3.348, 3.303, 0.753,-3.229,-8.184, 9.547, 4.435,-1.005, 4.141, 3.145,-7.450,-1.220, 1.317, 2.922, 0.556, 1.277, 5.962} | 
| 300 | 8698906.416330788 | 9009388.212143766 | { 3.943, 2.046,-0.607, 2.029, 3.158, 0.301,-4.082,-6.903, 9.446, 2.863,-1.385, 4.146, 5.061,-6.956,-0.689,-0.416, 6.402,-1.295, 1.429, 6.100} | 
| 300 | 8698906.416330788 | 9009388.212143766 | { 3.943, 2.046,-0.607, 2.029, 3.158, 0.301,-4.082,-6.903, 9.446, 2.863,-1.385, 4.146, 5.061,-6.956,-0.689,-0.416, 6.402,-1.295, 1.429, 6.100} | 
| 300 | 8698906.416330788 | 9009388.212143766 | { 3.943, 2.046,-0.607, 2.029, 3.158, 0.301,-4.082,-6.903, 9.446, 2.863,-1.385, 4.146, 5.061,-6.956,-0.689,-0.416, 6.402,-1.295, 1.429, 6.100} | 
| 350 | 8639872.33258342 | 8982911.90202042 | { 4.521, 1.015,-1.044, 2.904, 3.638,-0.507,-5.160,-7.169, 8.835, 2.725,-1.224, 3.829, 4.771,-6.363,-1.579,-0.510, 6.071,-0.850, 1.301, 5.671} | 
| 350 | 8639872.33258342 | 8982911.90202042 | { 4.521, 1.015,-1.044, 2.904, 3.638,-0.507,-5.160,-7.169, 8.835, 2.725,-1.224, 3.829, 4.771,-6.363,-1.579,-0.510, 6.071,-0.850, 1.301, 5.671} | 
| 350 | 8639872.33258342 | 8982911.90202042 | { 4.521, 1.015,-1.044, 2.904, 3.638,-0.507,-5.160,-7.169, 8.835, 2.725,-1.224, 3.829, 4.771,-6.363,-1.579,-0.510, 6.071,-0.850, 1.301, 5.671} | 
| 400 | 8548405.175080793 | 9038560.890128057 | { 4.279, 1.347,-1.251, 2.882, 3.563,-0.079,-5.398,-7.311, 8.446, 3.207,-0.913, 3.940, 5.276,-6.565,-1.601,-0.186, 6.186,-0.726, 1.009, 5.680} | 
| 400 | 8548405.175080793 | 9038560.890128057 | { 4.279, 1.347,-1.251, 2.882, 3.563,-0.079,-5.398,-7.311, 8.446, 3.207,-0.913, 3.940, 5.276,-6.565,-1.601,-0.186, 6.186,-0.726, 1.009, 5.680} | 
| 400 | 8548405.175080793 | 9038560.890128057 | { 4.279, 1.347,-1.251, 2.882, 3.563,-0.079,-5.398,-7.311, 8.446, 3.207,-0.913, 3.940, 5.276,-6.565,-1.601,-0.186, 6.186,-0.726, 1.009, 5.680} | 
| 450 | 8631781.21144032 | 9050235.081881426 | { 4.370, 1.134,-0.986, 2.832, 3.627,-0.147,-5.095,-7.229, 8.301, 3.487,-0.849, 4.135, 4.987,-6.636,-1.669,-0.250, 6.245,-0.505, 1.224, 5.385} | 
| 450 | 8631781.21144032 | 9050235.081881426 | { 4.370, 1.134,-0.986, 2.832, 3.627,-0.147,-5.095,-7.229, 8.301, 3.487,-0.849, 4.135, 4.987,-6.636,-1.669,-0.250, 6.245,-0.505, 1.224, 5.385} | 
| 450 | 8631781.21144032 | 9050235.081881426 | { 4.370, 1.134,-0.986, 2.832, 3.627,-0.147,-5.095,-7.229, 8.301, 3.487,-0.849, 4.135, 4.987,-6.636,-1.669,-0.250, 6.245,-0.505, 1.224, 5.385} | 
| 500 | 8581949.080750737 | 9036238.521921944 | { 4.328, 1.215,-1.093, 2.886, 3.549,-0.218,-4.990,-7.224, 8.677, 3.133,-1.037, 3.773, 4.953,-6.716,-1.392,-0.347, 5.898,-0.652, 1.222, 5.385} | 
| 500 | 8581949.080750737 | 9036238.521921944 | { 4.328, 1.215,-1.093, 2.886, 3.549,-0.218,-4.990,-7.224, 8.677, 3.133,-1.037, 3.773, 4.953,-6.716,-1.392,-0.347, 5.898,-0.652, 1.222, 5.385} | 
| 500 | 8581949.080750737 | 9036238.521921944 | { 4.328, 1.215,-1.093, 2.886, 3.549,-0.218,-4.990,-7.224, 8.677, 3.133,-1.037, 3.773, 4.953,-6.716,-1.392,-0.347, 5.898,-0.652, 1.222, 5.385} | 
