
### Optimization parameters 
```
!!eva2.optimization.OptimizationParameters
optimizer: !!eva2.optimization.strategies.GeneticAlgorithm
    elitism: false
    numberOfPartners: 1
    parentSelection: !!eva2.optimization.operator.selection.SelectXProbRouletteWheel
        obeyDebsConstViolationPrinciple: true
        selProbCalculator: !!eva2.optimization.operator.selection.probability.SelProbStandard {}
    partnerSelection: !!eva2.optimization.operator.selection.SelectEPTournaments {
        obeyDebsConstViolationPrinciple: true, tournamentSize: 4, tournaments: 10}
    population: !population
        initAround: 0.1
        initMethod: individualDefault
        initPos: [0.0, 0.0, 0.0, 0.0, 0.0, 0.0, 0.0, 0.0, 0.0, 0.0]
        popMetric: !!eva2.optimization.operator.distancemetric.PhenotypeMetric {}
        seedCardinality: {head: 5, tail: 1}
        targetSize: 100
postProcessParams: !!eva2.optimization.operator.postprocess.PostProcessParams
    PPMethod: nelderMead
    accAssumeConv: 1.0E-8
    accMaxEval: -1
    accuracies: [0.01]
    doPostProcessing: false
    postProcessClusterSigma: 0.05
    postProcessSteps: 5000
    printNBest: 10
    withPlot: false
problem: !!eva2.problems.SimpleProblemWrapper
    defaultAccuracy: 0.001
    defaultRange: 10.0
    individualTemplate: !!eva2.optimization.individuals.ESIndividualDoubleData
        areaConst4ParallelViolated: false
        crossoverOperator: !!eva2.optimization.operator.crossover.CrossoverESDefault {}
        crossoverProbability: 0.5
        initOperator: !!eva2.optimization.operator.initialization.DefaultInitialization {}
        isMarked: false
        isPenalized: false
        mutationOperator: !!eva2.optimization.operator.mutation.MutateESGlobal {crossoverType: intermediate,
            lowerLimitStepSize: 5.0E-7, mutationStepSize: 0.2, tau1: 0.15}
        mutationProbability: 1.0
    noise: 0.0
    parallelThreads: 6
    problemDimension: 15
    simpleProblem: !!uk.ac.ox.oxfish.maximization.GenericOptimization
        parameters:
        - !!uk.ac.ox.oxfish.maximization.generic.CommaMapOptimizationParameter {addressToModify: fisherDefinitions$0.gear.delegate.delegate.catchabilityMap,
            maximum: 5.0E-4, minimum: 1.0E-6, size: 4}
        - !!uk.ac.ox.oxfish.maximization.generic.SimpleOptimizationParameter {addressToModify: fisherDefinitions$0.gear.delegate.proportionSimulatedToGarbage,
            maximum: 0.8, minimum: 0.1}
        - !!uk.ac.ox.oxfish.maximization.generic.CommaMapOptimizationParameter {addressToModify: fisherDefinitions$1.gear.delegate.delegate.catchabilityMap,
            maximum: 5.0E-4, minimum: 1.0E-6, size: 4}
        - !!uk.ac.ox.oxfish.maximization.generic.SimpleOptimizationParameter {addressToModify: fisherDefinitions$1.gear.delegate.proportionSimulatedToGarbage,
            maximum: 0.8, minimum: 0.1}
        - !!uk.ac.ox.oxfish.maximization.generic.CommaMapOptimizationParameter {addressToModify: fisherDefinitions$2.gear.delegate.delegate.catchabilityMap,
            maximum: 5.0E-4, minimum: 1.0E-6, size: 4}
        - !!uk.ac.ox.oxfish.maximization.generic.SimpleOptimizationParameter {addressToModify: fisherDefinitions$2.gear.delegate.proportionSimulatedToGarbage,
            maximum: 0.8, minimum: 0.1}
        runsPerSetting: 1
        scenarioFile: docs/indonesia_hub/runs/712/slice1/calibration/optimistic.yaml
        targets:
        - {coefficientOfVariation: 0.1, hasHeader: true, pathToCsvFile: docs/indonesia_hub/runs/712/slice1/calibration/targets/Big_LL021 Lutjanus malabaricus.csv,
            yearlyDataColumnName: Lutjanus malabaricus Landings of population2}
        - {coefficientOfVariation: 0.1, hasHeader: true, pathToCsvFile: docs/indonesia_hub/runs/712/slice1/calibration/targets/Big_LP012 Pristipomoides multidens.csv,
            yearlyDataColumnName: Pristipomoides multidens Landings of population2}
        - {coefficientOfVariation: 2.0, hasHeader: true, pathToCsvFile: docs/indonesia_hub/runs/712/slice1/calibration/targets/Big_SE002 Epinephelus areolatus.csv,
            yearlyDataColumnName: Epinephelus areolatus Landings of population2}
        - {coefficientOfVariation: 2.0, hasHeader: true, pathToCsvFile: docs/indonesia_hub/runs/712/slice1/calibration/targets/Big_LL017 Lutjanus erythropterus.csv,
            yearlyDataColumnName: Lutjanus erythropterus Landings of population2}
        - {coefficientOfVariation: 0.1, hasHeader: true, pathToCsvFile: docs/indonesia_hub/runs/712/slice1/calibration/targets/Big_other.csv,
            yearlyDataColumnName: Others Landings of population2}
        - {coefficientOfVariation: 0.1, hasHeader: true, pathToCsvFile: docs/indonesia_hub/runs/712/slice1/calibration/targets/Big_total.csv,
            yearlyDataColumnName: Total Landings of population2}
        - {coefficientOfVariation: 0.1, hasHeader: true, pathToCsvFile: docs/indonesia_hub/runs/712/slice1/calibration/targets/Small_LL021 Lutjanus malabaricus.csv,
            yearlyDataColumnName: Lutjanus malabaricus Landings of population0}
        - {coefficientOfVariation: 0.1, hasHeader: true, pathToCsvFile: docs/indonesia_hub/runs/712/slice1/calibration/targets/Small_LP012 Pristipomoides multidens.csv,
            yearlyDataColumnName: Pristipomoides multidens Landings of population0}
        - {coefficientOfVariation: 2.0, hasHeader: true, pathToCsvFile: docs/indonesia_hub/runs/712/slice1/calibration/targets/Small_SE002 Epinephelus areolatus.csv,
            yearlyDataColumnName: Epinephelus areolatus Landings of population0}
        - {coefficientOfVariation: 2.0, hasHeader: true, pathToCsvFile: docs/indonesia_hub/runs/712/slice1/calibration/targets/Small_LL017 Lutjanus erythropterus.csv,
            yearlyDataColumnName: Lutjanus erythropterus Landings of population0}
        - {coefficientOfVariation: 0.1, hasHeader: true, pathToCsvFile: docs/indonesia_hub/runs/712/slice1/calibration/targets/Small_other.csv,
            yearlyDataColumnName: Others Landings of population0}
        - {coefficientOfVariation: 0.1, hasHeader: true, pathToCsvFile: docs/indonesia_hub/runs/712/slice1/calibration/targets/Small_total.csv,
            yearlyDataColumnName: Total Landings of population0}
        - {coefficientOfVariation: 0.1, hasHeader: true, pathToCsvFile: docs/indonesia_hub/runs/712/slice1/calibration/targets/Medium_LL021 Lutjanus malabaricus.csv,
            yearlyDataColumnName: Lutjanus malabaricus Landings of population1}
        - {coefficientOfVariation: 0.1, hasHeader: true, pathToCsvFile: docs/indonesia_hub/runs/712/slice1/calibration/targets/Medium_LP012 Pristipomoides multidens.csv,
            yearlyDataColumnName: Pristipomoides multidens Landings of population1}
        - {coefficientOfVariation: 2.0, hasHeader: true, pathToCsvFile: docs/indonesia_hub/runs/712/slice1/calibration/targets/Medium_SE002 Epinephelus areolatus.csv,
            yearlyDataColumnName: Epinephelus areolatus Landings of population1}
        - {coefficientOfVariation: 2.0, hasHeader: true, pathToCsvFile: docs/indonesia_hub/runs/712/slice1/calibration/targets/Medium_LL017 Lutjanus erythropterus.csv,
            yearlyDataColumnName: Lutjanus erythropterus Landings of population1}
        - {coefficientOfVariation: 0.1, hasHeader: true, pathToCsvFile: docs/indonesia_hub/runs/712/slice1/calibration/targets/Medium_other.csv,
            yearlyDataColumnName: Others Landings of population1}
        - {coefficientOfVariation: 0.1, hasHeader: true, pathToCsvFile: docs/indonesia_hub/runs/712/slice1/calibration/targets/Medium_total.csv,
            yearlyDataColumnName: Total Landings of population1}
randomSeed: 9999999
terminator: !!eva2.optimization.operator.terminators.EvaluationTerminator {fitnessCalls: 5000}

```

## Multirun 1
| FunctionCalls | currentBest | meanFit | solution | 
| --- | --- | --- | --- | 
| 100 | 57.611528375432556 | 116.39982579371672 | {-6.327,-9.491, 6.733, 4.404,-1.857,-9.908,-6.987,-2.494,-0.783,-4.557,-1.249, 5.432,-5.236, 9.371,-5.830} | 
| 200 | 47.19382568093337 | 80.70648449942594 | {-5.382,-9.156, 8.665, 5.422,-2.547,-8.582,-4.566,-3.049, 1.135,-4.062,-3.298, 8.476,-5.121, 10.000,-4.166} | 
| 300 | 43.18150273354887 | 66.86108767311555 | {-5.203,-9.062, 8.180, 9.049,-3.338,-7.511,-4.105,-6.201, 0.128,-1.658,-2.110, 6.677,-1.655, 8.999,-3.852} | 
| 400 | 33.32733120359445 | 56.470405744813924 | {-5.194,-9.137, 8.133, 9.261,-4.012,-6.785,-2.939,-7.237,-0.037,-0.661,-3.323, 5.812,-0.924, 8.758,-4.835} | 
| 500 | 27.584222167094 | 47.498120878555156 | {-5.524,-9.165, 7.374, 8.891,-4.443,-5.298,-3.035,-7.189, 0.602, 0.035,-3.884, 5.389,-0.192, 8.376,-4.833} | 
| 600 | 27.46034686702329 | 40.466930212764446 | {-5.891,-9.528, 7.831, 8.158,-3.672,-4.996,-2.512,-6.398,-0.083, 0.664,-4.328, 5.990, 0.043, 8.236,-4.703} | 
| 700 | 26.25405610163659 | 35.54137768035991 | {-6.789,-9.416, 6.980, 8.622,-3.991,-5.687,-2.967,-6.301, 0.115, 1.479,-5.051, 5.366,-0.528, 7.281,-4.880} | 
| 800 | 24.21668935267241 | 35.3115054428777 | {-6.491,-9.373, 5.886, 9.167,-4.051,-4.801,-2.493,-5.018, 0.007, 1.881,-4.584, 4.818,-0.540, 6.615,-4.429} | 
| 900 | 22.491885109234016 | 34.27012024234253 | {-6.255,-9.187, 6.019, 9.583,-3.597,-5.121,-2.291,-5.150,-0.235, 2.727,-4.860, 5.732, 0.624, 6.389,-4.773} | 
| 1000 | 23.68731683167594 | 33.0537058444349 | {-6.516,-9.347, 6.928, 9.584,-3.209,-4.993,-1.942,-5.375,-0.434, 1.611,-5.578, 5.898, 0.400, 5.631,-4.188} | 
| 1100 | 23.202669962689196 | 35.13560807455217 | {-6.734,-9.259, 6.927, 9.247,-2.739,-4.707,-1.120,-4.575,-0.927, 2.084,-5.266, 6.027, 0.861, 6.260,-3.583} | 
| 1200 | 21.25121321616388 | 32.30088280911515 | {-6.674,-9.234, 7.350, 8.887,-2.651,-4.989,-1.304,-4.538, 0.086, 1.952,-5.239, 5.750, 0.265, 5.942,-4.040} | 
| 1300 | 21.09364757964877 | 31.31881558147721 | {-6.306,-9.098, 7.419, 9.325,-2.777,-5.440,-0.652,-4.224, 0.302, 2.464,-5.456, 6.861, 0.497, 6.464,-4.142} | 
| 1400 | 19.694198045754725 | 27.60208491180614 | {-6.133,-9.234, 8.445, 9.621,-3.263,-5.474,-0.585,-3.872,-0.282, 2.510,-5.099, 7.296, 0.408, 5.583,-4.248} | 
| 1500 | 20.27014464084929 | 26.838775909232933 | {-6.473,-9.097, 7.048, 9.429,-2.452,-5.810,-0.672,-3.939, 0.960, 2.290,-5.724, 7.435, 0.109, 6.814,-4.468} | 
| 1600 | 20.735091878165257 | 26.781150300475296 | {-6.111,-9.198, 7.234, 9.666,-2.537,-5.166,-1.459,-4.212, 0.949, 1.881,-5.428, 7.144, 0.926, 6.282,-4.258} | 
| 1700 | 19.721669942897698 | 26.340590175178022 | {-6.597,-9.205, 7.293, 9.247,-2.201,-5.807,-0.663,-4.218, 0.988, 2.063,-5.862, 6.942,-0.035, 6.538,-3.956} | 
| 1800 | 20.68846593557481 | 26.053113528751968 | {-6.462,-9.127, 7.938, 9.173,-2.422,-5.584,-0.730,-4.192, 1.147, 1.938,-5.705, 7.060, 0.092, 6.479,-4.489} | 
| 1900 | 20.6171996059084 | 25.861776187850584 | {-6.910,-9.216, 7.562, 9.439,-2.529,-5.430,-0.570,-4.455, 1.734, 1.501,-5.758, 6.955,-0.162, 6.519,-3.802} | 
| 2000 | 19.702073345152545 | 25.03140557209662 | {-6.708,-9.159, 8.615, 9.195,-2.592,-5.573,-0.644,-4.362, 0.733, 1.786,-6.613, 7.530, 0.495, 5.789,-4.310} | 
| 2100 | 19.68993240153049 | 26.252711416007465 | {-6.145,-9.179, 7.566, 8.736,-1.640,-5.372,-0.266,-4.152, 0.551, 2.089,-6.189, 8.003,-1.149, 6.838,-4.554} | 
| 2200 | 19.987053642241897 | 25.72121481148969 | {-6.585,-9.187, 7.902, 9.544,-2.079,-5.567, 0.226,-4.672, 0.855, 1.602,-5.305, 7.820, 0.703, 6.322,-4.127} | 
| 2300 | 20.24495178383139 | 25.017427517706594 | {-6.711,-9.224, 8.686, 8.181,-2.527,-5.234,-0.334,-4.423, 0.451, 1.297,-5.371, 6.800,-0.632, 5.237,-4.680} | 
| 2400 | 18.96690073003501 | 24.45871379496043 | {-6.495,-9.092, 8.932, 7.988,-2.489,-4.918,-0.555,-4.557,-0.021, 1.493,-5.530, 7.044,-0.392, 5.497,-4.598} | 
| 2500 | 20.274407707936458 | 24.180523843145608 | {-6.809,-9.251, 8.110, 9.297,-2.625,-5.269, 0.265,-3.871,-0.023, 0.576,-6.251, 7.300,-0.764, 5.228,-4.394} | 
| 2600 | 19.614348200558148 | 24.65807316690219 | {-6.392,-9.220, 7.951, 8.940,-2.022,-5.430,-0.026,-4.472, 0.627, 1.401,-5.538, 7.513, 0.724, 6.294,-4.261} | 
| 2700 | 18.97127637764124 | 23.698223071357294 | {-6.447,-9.193, 7.755, 9.034,-2.115,-5.204, 0.225,-4.935, 0.710, 1.562,-5.520, 8.065, 0.807, 6.034,-4.202} | 
| 2800 | 19.37201331755199 | 23.566319621298295 | {-6.661,-9.188, 8.432, 10.000,-2.116,-5.752, 0.131,-4.234, 0.437, 1.344,-5.654, 7.184, 0.008, 6.435,-4.271} | 
| 2900 | 18.833281700330733 | 23.187302650057003 | {-6.822,-9.080, 8.543, 10.000,-2.116,-5.671,-0.275,-4.013, 0.872, 1.152,-5.599, 7.353, 0.276, 6.106,-4.420} | 
| 3000 | 18.87547615132163 | 23.79323987804711 | {-6.687,-9.141, 8.568, 9.329,-2.299,-5.537,-0.079,-3.788, 0.724, 1.046,-5.712, 7.372, 0.744, 6.287,-4.081} | 
| 3100 | 19.377711112418744 | 24.04638050334173 | {-6.337,-9.158, 7.931, 9.197,-1.992,-5.478, 0.133,-3.884, 1.123, 1.693,-5.972, 7.334,-0.008, 6.631,-4.376} | 
| 3200 | 20.43466153346107 | 24.287156796977378 | {-7.012,-9.215, 8.273, 9.212,-2.207,-6.281,-0.073,-4.992, 1.070, 1.064,-6.500, 7.471,-1.582, 4.959,-4.252} | 
| 3300 | 20.13725768809556 | 25.442541314036884 | {-7.103,-9.088, 7.465, 9.137,-2.215,-5.920, 0.138,-4.981, 0.886, 1.348,-6.262, 7.608,-1.351, 5.514,-4.602} | 
| 3400 | 20.212204730511875 | 25.50025084057341 | {-7.169,-9.274, 7.446, 9.235,-2.291,-6.026, 0.165,-4.967, 0.987, 1.431,-6.127, 7.524,-1.307, 5.244,-4.522} | 
| 3500 | 19.446663319426893 | 24.927746134735038 | {-6.771,-9.213, 7.374, 9.312,-2.524,-6.240,-0.678,-4.466, 1.609, 1.525,-5.723, 7.766, 0.618, 4.298,-4.717} | 
| 3600 | 18.427284016909642 | 24.646071787077734 | {-6.560,-9.222, 7.177, 8.934,-2.346,-5.602, 0.425,-4.699, 1.650, 1.430,-5.927, 7.647,-1.441, 4.837,-4.235} | 
| 3700 | 18.292836388168627 | 23.68407322414812 | {-6.654,-9.204, 7.313, 8.888,-2.301,-5.485, 0.150,-4.767, 1.856, 1.497,-5.836, 7.871,-1.674, 4.800,-4.489} | 
| 3800 | 18.82324176011059 | 22.850041204466514 | {-6.994,-9.215, 7.439, 9.407,-2.613,-5.769, 0.457,-5.076, 0.863, 0.521,-6.098, 7.854,-1.472, 4.482,-4.358} | 
| 3900 | 18.284196630509776 | 22.392445246524748 | {-6.886,-9.057, 7.531, 9.466,-2.606,-5.749, 0.199,-4.915, 0.898, 1.066,-6.073, 7.857,-1.750, 4.394,-4.474} | 
| 4000 | 19.388861127330877 | 22.24750553983867 | {-6.868,-9.216, 7.692, 9.222,-2.306,-5.720,-0.228,-4.985, 1.351, 1.162,-6.025, 7.853,-1.849, 4.490,-4.349} | 
| 4100 | 19.255847285394974 | 22.09370746603702 | {-6.317,-9.264, 7.434, 9.777,-2.469,-5.315, 0.288,-4.663, 1.173, 1.056,-6.309, 7.987,-1.458, 4.569,-4.292} | 
