
### Optimization parameters 
```
!!eva2.optimization.OptimizationParameters
optimizer: !!eva2.optimization.strategies.NelderMeadSimplex
    checkRange: true
    critIndex: 0
    population: !population
        initAround: 0.1
        initMethod: individualDefault
        initPos: [0.0, 0.0, 0.0, 0.0, 0.0, 0.0, 0.0, 0.0, 0.0, 0.0]
        popMetric: !!eva2.optimization.operator.distancemetric.PhenotypeMetric {}
        seedCardinality: {head: 5, tail: 1}
        targetSize: 100
    populationSize: 100
postProcessParams: !!eva2.optimization.operator.postprocess.PostProcessParams
    PPMethod: nelderMead
    accAssumeConv: 1.0E-8
    accMaxEval: -1
    accuracies: [0.01]
    doPostProcessing: false
    postProcessClusterSigma: 0.05
    postProcessSteps: 5000
    printNBest: 10
    withPlot: false
problem: !!eva2.problems.SimpleProblemWrapper
    defaultAccuracy: 0.001
    defaultRange: 10.0
    individualTemplate: !!eva2.optimization.individuals.ESIndividualDoubleData
        areaConst4ParallelViolated: false
        crossoverOperator: !!eva2.optimization.operator.crossover.CrossoverESDefault {}
        crossoverProbability: 0.5
        initOperator: !!eva2.optimization.operator.initialization.DefaultInitialization {}
        isMarked: false
        isPenalized: false
        mutationOperator: !!eva2.optimization.operator.mutation.MutateESGlobal {crossoverType: intermediate,
            lowerLimitStepSize: 5.0E-7, mutationStepSize: 0.2, tau1: 0.15}
        mutationProbability: 1.0
    noise: 0.0
    parallelThreads: 5
    problemDimension: 24
    simpleProblem: !!uk.ac.ox.oxfish.maximization.GenericOptimization
        maximization: false
        parameters:
        - !!uk.ac.ox.oxfish.maximization.generic.CommaMapOptimizationParameter {addressToModify: fisherDefinitions$0.gear.delegate.delegate.delegate.catchabilityMap,
            maximum: 0.005, minimum: 1.0E-7, size: 4}
        - !!uk.ac.ox.oxfish.maximization.generic.SimpleOptimizationParameter {addressToModify: fisherDefinitions$0.gear.delegate.delegate.proportionSimulatedToGarbage,
            alwaysPositive: false, maximum: 0.8, minimum: 0.1}
        - !!uk.ac.ox.oxfish.maximization.generic.CommaMapOptimizationParameter {addressToModify: fisherDefinitions$1.gear.delegate.delegate.delegate.catchabilityMap,
            maximum: 5.0E-4, minimum: 1.0E-7, size: 4}
        - !!uk.ac.ox.oxfish.maximization.generic.SimpleOptimizationParameter {addressToModify: fisherDefinitions$1.gear.delegate.delegate.proportionSimulatedToGarbage,
            alwaysPositive: false, maximum: 0.8, minimum: 0.1}
        - !!uk.ac.ox.oxfish.maximization.generic.CommaMapOptimizationParameter {addressToModify: fisherDefinitions$2.gear.delegate.delegate.delegate.catchabilityMap,
            maximum: 5.0E-4, minimum: 1.0E-7, size: 4}
        - !!uk.ac.ox.oxfish.maximization.generic.SimpleOptimizationParameter {addressToModify: fisherDefinitions$2.gear.delegate.delegate.proportionSimulatedToGarbage,
            alwaysPositive: false, maximum: 0.8, minimum: 0.1}
        - !!uk.ac.ox.oxfish.maximization.generic.CommaMapOptimizationParameter {addressToModify: fisherDefinitions$3.gear.delegate.delegate.delegate.catchabilityMap,
            maximum: 5.0E-4, minimum: 1.0E-7, size: 4}
        - !!uk.ac.ox.oxfish.maximization.generic.SimpleOptimizationParameter {addressToModify: fisherDefinitions$3.gear.delegate.delegate.proportionSimulatedToGarbage,
            alwaysPositive: false, maximum: 0.8, minimum: 0.1}
        - !!uk.ac.ox.oxfish.maximization.generic.SimpleOptimizationParameter {addressToModify: biologyInitializer.factories$0.grower.distributionalWeight,
            alwaysPositive: false, maximum: 10.0, minimum: 0.5}
        - !!uk.ac.ox.oxfish.maximization.generic.SimpleOptimizationParameter {addressToModify: biologyInitializer.factories$1.grower.distributionalWeight,
            alwaysPositive: false, maximum: 10.0, minimum: 0.5}
        - !!uk.ac.ox.oxfish.maximization.generic.SimpleOptimizationParameter {addressToModify: biologyInitializer.factories$2.grower.distributionalWeight,
            alwaysPositive: false, maximum: 10.0, minimum: 0.5}
        - !!uk.ac.ox.oxfish.maximization.generic.SimpleOptimizationParameter {addressToModify: biologyInitializer.factories$3.grower.distributionalWeight,
            alwaysPositive: false, maximum: 10.0, minimum: 0.5}
        runsPerSetting: 1
        scenarioFile: /home/carrknight/code/oxfish/docs/indonesia_hub/runs/712/biomass_slice/calibration/start_lime_4yearsago.yaml
        simulatedYears: 4
        targets:
        - !!uk.ac.ox.oxfish.maximization.generic.YearlyDataTarget {coefficientOfVariation: 0.0,
            cumulative: false, exponent: 2.0, hasHeader: true, pathToCsvFile: /home/carrknight/code/oxfish/docs/indonesia_hub/runs/712/biomass_slice/calibration/targets_fouryear/Big_LL021 Lutjanus malabaricus.csv,
            yearlyDataColumnName: Lutjanus malabaricus Landings of population2}
        - !!uk.ac.ox.oxfish.maximization.generic.YearlyDataTarget {coefficientOfVariation: 0.0,
            cumulative: false, exponent: 2.0, hasHeader: true, pathToCsvFile: /home/carrknight/code/oxfish/docs/indonesia_hub/runs/712/biomass_slice/calibration/targets_fouryear/Big_LP012 Pristipomoides multidens.csv,
            yearlyDataColumnName: Pristipomoides multidens Landings of population2}
        - !!uk.ac.ox.oxfish.maximization.generic.YearlyDataTarget {coefficientOfVariation: 0.0,
            cumulative: false, exponent: 2.0, hasHeader: true, pathToCsvFile: /home/carrknight/code/oxfish/docs/indonesia_hub/runs/712/biomass_slice/calibration/targets_fouryear/Big_SE002 Epinephelus areolatus.csv,
            yearlyDataColumnName: Epinephelus areolatus Landings of population2}
        - !!uk.ac.ox.oxfish.maximization.generic.FixedDataLastStepTarget {columnName: Lutjanus erythropterus Landings of population2,
            exponent: 2.0, fixedTarget: 0.0}
        - !!uk.ac.ox.oxfish.maximization.generic.YearlyDataTarget {coefficientOfVariation: 0.0,
            cumulative: false, exponent: 2.0, hasHeader: true, pathToCsvFile: /home/carrknight/code/oxfish/docs/indonesia_hub/runs/712/biomass_slice/calibration/targets_fouryear/Big_Others.csv,
            yearlyDataColumnName: Others Landings of population2}
        - !!uk.ac.ox.oxfish.maximization.generic.YearlyDataTarget {coefficientOfVariation: 0.0,
            cumulative: false, exponent: 2.0, hasHeader: true, pathToCsvFile: /home/carrknight/code/oxfish/docs/indonesia_hub/runs/712/biomass_slice/calibration/targets_fouryear/Big_total.csv,
            yearlyDataColumnName: Total Landings of population2}
        - !!uk.ac.ox.oxfish.maximization.generic.YearlyDataTarget {coefficientOfVariation: 0.0,
            cumulative: false, exponent: 2.0, hasHeader: true, pathToCsvFile: /home/carrknight/code/oxfish/docs/indonesia_hub/runs/712/biomass_slice/calibration/targets_fouryear/Small (5-9)_LL021 Lutjanus malabaricus.csv,
            yearlyDataColumnName: Lutjanus malabaricus Landings of population0}
        - !!uk.ac.ox.oxfish.maximization.generic.YearlyDataTarget {coefficientOfVariation: 0.0,
            cumulative: false, exponent: 2.0, hasHeader: true, pathToCsvFile: /home/carrknight/code/oxfish/docs/indonesia_hub/runs/712/biomass_slice/calibration/targets_fouryear/Small (5-9)_LP012 Pristipomoides multidens.csv,
            yearlyDataColumnName: Pristipomoides multidens Landings of population0}
        - !!uk.ac.ox.oxfish.maximization.generic.YearlyDataTarget {coefficientOfVariation: 0.0,
            cumulative: false, exponent: 2.0, hasHeader: true, pathToCsvFile: /home/carrknight/code/oxfish/docs/indonesia_hub/runs/712/biomass_slice/calibration/targets_fouryear/Small (5-9)_SE002 Epinephelus areolatus.csv,
            yearlyDataColumnName: Epinephelus areolatus Landings of population0}
        - !!uk.ac.ox.oxfish.maximization.generic.YearlyDataTarget {coefficientOfVariation: 0.0,
            cumulative: false, exponent: 2.0, hasHeader: true, pathToCsvFile: /home/carrknight/code/oxfish/docs/indonesia_hub/runs/712/biomass_slice/calibration/targets_fouryear/Small (5-9)_LL017 Lutjanus erythropterus.csv,
            yearlyDataColumnName: Lutjanus erythropterus Landings of population0}
        - !!uk.ac.ox.oxfish.maximization.generic.YearlyDataTarget {coefficientOfVariation: 0.0,
            cumulative: false, exponent: 2.0, hasHeader: true, pathToCsvFile: /home/carrknight/code/oxfish/docs/indonesia_hub/runs/712/biomass_slice/calibration/targets_fouryear/Small (5-9)_Others.csv,
            yearlyDataColumnName: Others Landings of population0}
        - !!uk.ac.ox.oxfish.maximization.generic.YearlyDataTarget {coefficientOfVariation: 0.0,
            cumulative: false, exponent: 2.0, hasHeader: true, pathToCsvFile: /home/carrknight/code/oxfish/docs/indonesia_hub/runs/712/biomass_slice/calibration/targets_fouryear/Small (5-9)_total.csv,
            yearlyDataColumnName: Total Landings of population0}
        - !!uk.ac.ox.oxfish.maximization.generic.YearlyDataTarget {coefficientOfVariation: 0.0,
            cumulative: false, exponent: 2.0, hasHeader: true, pathToCsvFile: /home/carrknight/code/oxfish/docs/indonesia_hub/runs/712/biomass_slice/calibration/targets_fouryear/Medium_LL021 Lutjanus malabaricus.csv,
            yearlyDataColumnName: Lutjanus malabaricus Landings of population1}
        - !!uk.ac.ox.oxfish.maximization.generic.YearlyDataTarget {coefficientOfVariation: 0.0,
            cumulative: false, exponent: 2.0, hasHeader: true, pathToCsvFile: /home/carrknight/code/oxfish/docs/indonesia_hub/runs/712/biomass_slice/calibration/targets_fouryear/Medium_LP012 Pristipomoides multidens.csv,
            yearlyDataColumnName: Pristipomoides multidens Landings of population1}
        - !!uk.ac.ox.oxfish.maximization.generic.YearlyDataTarget {coefficientOfVariation: 0.0,
            cumulative: false, exponent: 2.0, hasHeader: true, pathToCsvFile: /home/carrknight/code/oxfish/docs/indonesia_hub/runs/712/biomass_slice/calibration/targets_fouryear/Medium_SE002 Epinephelus areolatus.csv,
            yearlyDataColumnName: Epinephelus areolatus Landings of population1}
        - !!uk.ac.ox.oxfish.maximization.generic.YearlyDataTarget {coefficientOfVariation: 0.0,
            cumulative: false, exponent: 2.0, hasHeader: true, pathToCsvFile: /home/carrknight/code/oxfish/docs/indonesia_hub/runs/712/biomass_slice/calibration/targets_fouryear/Medium_LL017 Lutjanus erythropterus.csv,
            yearlyDataColumnName: Lutjanus erythropterus Landings of population1}
        - !!uk.ac.ox.oxfish.maximization.generic.YearlyDataTarget {coefficientOfVariation: 0.0,
            cumulative: false, exponent: 2.0, hasHeader: true, pathToCsvFile: /home/carrknight/code/oxfish/docs/indonesia_hub/runs/712/biomass_slice/calibration/targets_fouryear/Medium_Others.csv,
            yearlyDataColumnName: Others Landings of population1}
        - !!uk.ac.ox.oxfish.maximization.generic.YearlyDataTarget {coefficientOfVariation: 0.0,
            cumulative: false, exponent: 2.0, hasHeader: true, pathToCsvFile: /home/carrknight/code/oxfish/docs/indonesia_hub/runs/712/biomass_slice/calibration/targets_fouryear/Medium_total.csv,
            yearlyDataColumnName: Total Landings of population1}
        - !!uk.ac.ox.oxfish.maximization.generic.YearlyDataTarget {coefficientOfVariation: 0.0,
            cumulative: false, exponent: 2.0, hasHeader: true, pathToCsvFile: /home/carrknight/code/oxfish/docs/indonesia_hub/runs/712/biomass_slice/calibration/targets_fouryear/Small (10-14)_LL021 Lutjanus malabaricus.csv,
            yearlyDataColumnName: Lutjanus malabaricus Landings of population3}
        - !!uk.ac.ox.oxfish.maximization.generic.YearlyDataTarget {coefficientOfVariation: 0.0,
            cumulative: false, exponent: 2.0, hasHeader: true, pathToCsvFile: /home/carrknight/code/oxfish/docs/indonesia_hub/runs/712/biomass_slice/calibration/targets_fouryear/Small (10-14)_LP012 Pristipomoides multidens.csv,
            yearlyDataColumnName: Pristipomoides multidens Landings of population3}
        - !!uk.ac.ox.oxfish.maximization.generic.YearlyDataTarget {coefficientOfVariation: 0.0,
            cumulative: false, exponent: 2.0, hasHeader: true, pathToCsvFile: /home/carrknight/code/oxfish/docs/indonesia_hub/runs/712/biomass_slice/calibration/targets_fouryear/Small (10-14)_SE002 Epinephelus areolatus.csv,
            yearlyDataColumnName: Epinephelus areolatus Landings of population3}
        - !!uk.ac.ox.oxfish.maximization.generic.YearlyDataTarget {coefficientOfVariation: 0.0,
            cumulative: false, exponent: 2.0, hasHeader: true, pathToCsvFile: /home/carrknight/code/oxfish/docs/indonesia_hub/runs/712/biomass_slice/calibration/targets_fouryear/Small (10-14)_LL017 Lutjanus erythropterus.csv,
            yearlyDataColumnName: Lutjanus erythropterus Landings of population3}
        - !!uk.ac.ox.oxfish.maximization.generic.YearlyDataTarget {coefficientOfVariation: 0.0,
            cumulative: false, exponent: 2.0, hasHeader: true, pathToCsvFile: /home/carrknight/code/oxfish/docs/indonesia_hub/runs/712/biomass_slice/calibration/targets_fouryear/Small (10-14)_Others.csv,
            yearlyDataColumnName: Others Landings of population3}
        - !!uk.ac.ox.oxfish.maximization.generic.YearlyDataTarget {coefficientOfVariation: 0.0,
            cumulative: false, exponent: 2.0, hasHeader: true, pathToCsvFile: /home/carrknight/code/oxfish/docs/indonesia_hub/runs/712/biomass_slice/calibration/targets_fouryear/Small (10-14)_total.csv,
            yearlyDataColumnName: Total Landings of population3}
        - !!uk.ac.ox.oxfish.maximization.generic.YearlyDataTarget {coefficientOfVariation: 0.0,
            cumulative: false, exponent: 2.0, hasHeader: true, pathToCsvFile: /home/carrknight/code/oxfish/docs/indonesia_hub/runs/712/biomass_slice/calibration/targets_fouryear/all_landings_LL021 Lutjanus malabaricus.csv,
            yearlyDataColumnName: Lutjanus malabaricus Landings}
        - !!uk.ac.ox.oxfish.maximization.generic.YearlyDataTarget {coefficientOfVariation: 0.0,
            cumulative: false, exponent: 2.0, hasHeader: true, pathToCsvFile: /home/carrknight/code/oxfish/docs/indonesia_hub/runs/712/biomass_slice/calibration/targets_fouryear/all_landings_LP012 Pristipomoides multidens.csv,
            yearlyDataColumnName: Pristipomoides multidens Landings}
        - !!uk.ac.ox.oxfish.maximization.generic.YearlyDataTarget {coefficientOfVariation: 0.0,
            cumulative: false, exponent: 2.0, hasHeader: true, pathToCsvFile: /home/carrknight/code/oxfish/docs/indonesia_hub/runs/712/biomass_slice/calibration/targets_fouryear/all_landings_SE002 Epinephelus areolatus.csv,
            yearlyDataColumnName: Epinephelus areolatus Landings}
        - !!uk.ac.ox.oxfish.maximization.generic.YearlyDataTarget {coefficientOfVariation: 0.0,
            cumulative: false, exponent: 2.0, hasHeader: true, pathToCsvFile: /home/carrknight/code/oxfish/docs/indonesia_hub/runs/712/biomass_slice/calibration/targets_fouryear/all_landings_LL017 Lutjanus erythropterus.csv,
            yearlyDataColumnName: Lutjanus erythropterus Landings}
randomSeed: 0
terminator: !!eva2.optimization.operator.terminators.EvaluationTerminator {fitnessCalls: 50000}

```

## Multirun 1
| FunctionCalls | currentBest | meanFit | currentWorst | runBest | currentBestFeasible | runBestFeasible | avgEucPopDistance | maxEucPopDistance | avgPopMetricDist | maxPopMetricDist | solution | sigma | 
| --- | --- | --- | --- | --- | --- | --- | --- | --- | --- | --- | --- | --- | 
| 100 | 4.46729433408874E12 | 1.7518721578501622E14 | 7.343756436127571E15 | 4.46729433408874E12 | 4.46729433408874E12 | 4.46729433408874E12 | 39.98606369531505 | 57.85036176180707 | 1.9993031847657579 | 2.892518088090353 | {-6.800,-6.509,-2.786, 6.876,-6.579,-8.746, 7.426,-9.491, 9.847,-4.123,-6.523,-6.681, 9.826, 4.660,-9.095, 2.518,-0.525,-5.770, 7.495,-5.965, 3.421, 5.643, 0.005, 1.622} | 0.2 | 
| 200 | 4.244709882890577E12 | 1.133391578959451E13 | 2.1506092628932125E13 | 4.244709882890577E12 | 4.244709882890577E12 | 4.244709882890577E12 | 35.723533885765434 | 52.7954792519729 | 1.7861766942882766 | 2.6397739625986447 | {-6.804,-5.664, 0.164, 0.721,-6.167,-0.746, 1.530,-0.867, 2.733, 3.143, 3.484, 0.078, 4.692,-0.745, 3.605,-3.071, 1.512,-2.537,-1.097, 1.560, 5.533, 4.676, 4.032,-3.222} | 0.2 | 
| 300 | 4.0683304827318193E12 | 7.121986432334482E12 | 1.1085347907146035E13 | 4.0683304827318193E12 | 4.0683304827318193E12 | 4.0683304827318193E12 | 30.478708345982977 | 51.371739434818984 | 1.523935417299147 | 2.568586971740949 | {-6.954,-5.993,-4.251, 2.075,-4.732, 4.398, 0.510, 0.789, 4.806,-1.203, 0.845,-4.855, 4.099, 6.051, 1.028,-0.232,-0.813, 1.422,-1.607,-4.460, 3.547,-4.098,-3.299,-3.767} | 0.2 | 
| 400 | 3.213608265875483E12 | 5.333537835778438E12 | 6.902205215168704E12 | 3.213608265875483E12 | 3.213608265875483E12 | 3.213608265875483E12 | 25.72514298938767 | 51.371739434818984 | 1.2862571494693862 | 2.568586971740949 | {-5.087,-7.377,-9.520,-7.314,-2.504, 6.317,-2.694,-8.948, 8.260, 5.673, 3.984, 0.261, 6.750, 1.963,-2.313,-5.857, 9.581,-7.394,-2.930,-9.695, 5.583, 4.094, 0.815,-8.045} | 0.2 | 
| 500 | 2.459967919549405E12 | 4.2946315227780127E12 | 5.14995894317547E12 | 2.459967919549405E12 | 2.459967919549405E12 | 2.459967919549405E12 | 22.052971781509576 | 50.507106610687366 | 1.10264858907548 | 2.525355330534368 | {-6.049,-9.015, 0.121, 2.541,-3.771, 7.663, 4.333, 2.404,-4.323, 2.333,-6.689,-9.096,-3.247,-3.483,-6.581,-4.191, 3.366, 0.848, 0.443,-9.754, 6.918,-3.007,-9.396,-1.855} | 0.2 | 
| 600 | 2.459967919549405E12 | 3.6392075433292686E12 | 4.238459287042406E12 | 2.459967919549405E12 | 2.459967919549405E12 | 2.459967919549405E12 | 18.524109182239627 | 47.5886685663803 | 0.9262054591119805 | 2.3794334283190146 | {-6.049,-9.015, 0.121, 2.541,-3.771, 7.663, 4.333, 2.404,-4.323, 2.333,-6.689,-9.096,-3.247,-3.483,-6.581,-4.191, 3.366, 0.848, 0.443,-9.754, 6.918,-3.007,-9.396,-1.855} | 0.2 | 
| 700 | 2.459967919549405E12 | 3.248136192524705E12 | 3.597487054305874E12 | 2.459967919549405E12 | 2.459967919549405E12 | 2.459967919549405E12 | 16.000642925432732 | 47.5886685663803 | 0.8000321462716375 | 2.3794334283190146 | {-6.049,-9.015, 0.121, 2.541,-3.771, 7.663, 4.333, 2.404,-4.323, 2.333,-6.689,-9.096,-3.247,-3.483,-6.581,-4.191, 3.366, 0.848, 0.443,-9.754, 6.918,-3.007,-9.396,-1.855} | 0.2 | 
| 800 | 2.4534085384301973E12 | 2.987859652921313E12 | 3.2968336689591333E12 | 2.4534085384301973E12 | 2.4534085384301973E12 | 2.4534085384301973E12 | 13.198754413779737 | 39.36367487200916 | 0.6599377206889887 | 1.968183743600458 | {-5.718,-8.760,-3.049, 0.500,-5.613, 2.686, 4.998,-0.823, 0.959,-3.940,-3.043,-1.521, 4.581, 2.619, 3.504,-4.390, 2.649,-3.064, 1.411,-1.430, 5.651, 0.471, 2.538,-1.930} | 0.2 | 
| 900 | 2.2063375357605244E12 | 2.673285654367463E12 | 3.1918985111549023E12 | 2.2063375357605244E12 | 2.2063375357605244E12 | 2.2063375357605244E12 | 6.368938331838235 | 19.248844156967994 | 0.3184469165919113 | 0.9624422078484 | {-5.529,-8.491,-2.574,-2.966,-4.403, 5.587, 4.574,-5.193, 4.804,-2.565, 0.464,-1.387, 6.199, 0.965,-1.972,-2.926, 4.697,-4.620, 4.820,-2.099, 4.297, 0.638, 6.199, 2.036} | 0.2 | 
| 1000 | 2.2063375357605244E12 | 2.4967861968033843E12 | 2.638035077635557E12 | 2.2063375357605244E12 | 2.2063375357605244E12 | 2.2063375357605244E12 | 5.580424360914969 | 16.675906873111696 | 0.2790212180457481 | 0.8337953436555848 | {-5.529,-8.491,-2.574,-2.966,-4.403, 5.587, 4.574,-5.193, 4.804,-2.565, 0.464,-1.387, 6.199, 0.965,-1.972,-2.926, 4.697,-4.620, 4.820,-2.099, 4.297, 0.638, 6.199, 2.036} | 0.2 | 
| 1100 | 2.1727460403857812E12 | 2.4342890894091455E12 | 2.751474002539356E12 | 2.1727460403857812E12 | 2.1727460403857812E12 | 2.1727460403857812E12 | 2.6925962118469844 | 8.33795343655585 | 0.13462981059234921 | 0.4168976718277926 | {-5.664,-8.490,-3.992,-2.095,-5.187, 4.942, 4.645,-2.904, 3.410,-2.568,-1.279,-1.409, 4.415, 1.391, 0.160,-3.620, 3.922,-4.056, 3.102,-2.144, 5.252, 0.305, 3.515, 0.396} | 0.2 | 
| 1200 | 2.1727460403857812E12 | 2.3305124667724263E12 | 2.4295472787054683E12 | 2.1727460403857812E12 | 2.1727460403857812E12 | 2.1727460403857812E12 | 1.259339701016489 | 4.168976718277925 | 0.06296698505082421 | 0.2084488359138963 | {-5.664,-8.490,-3.992,-2.095,-5.187, 4.942, 4.645,-2.904, 3.410,-2.568,-1.279,-1.409, 4.415, 1.391, 0.160,-3.620, 3.922,-4.056, 3.102,-2.144, 5.252, 0.305, 3.515, 0.396} | 0.2 | 
| 1300 | 2.1440748030598958E12 | 2.3954904023502163E12 | 2.628254886800376E12 | 2.1440748030598958E12 | 2.1440748030598958E12 | 2.1440748030598958E12 | 1.2591798324544627 | 4.168976718277925 | 0.06295899162272293 | 0.2084488359138963 | {-5.668,-8.463,-3.673,-1.486,-5.060, 4.352, 4.491,-3.085, 3.044,-2.732,-1.104,-1.378, 4.928, 1.554,-0.167,-3.843, 4.017,-3.778, 2.747,-1.717, 5.124,-0.170, 4.137, 0.553} | 0.2 | 
| 1400 | 2.1440748030598958E12 | 2.3857655196030757E12 | 2.699775822666352E12 | 2.1440748030598958E12 | 2.1440748030598958E12 | 2.1440748030598958E12 | 0.6168015769299322 | 2.0844883591389625 | 0.03084007884649656 | 0.10422441795694809 | {-5.668,-8.463,-3.673,-1.486,-5.060, 4.352, 4.491,-3.085, 3.044,-2.732,-1.104,-1.378, 4.928, 1.554,-0.167,-3.843, 4.017,-3.778, 2.747,-1.717, 5.124,-0.170, 4.137, 0.553} | 0.2 | 
| 1500 | 2.1219942372660422E12 | 2.356350068175824E12 | 2.5928679095655913E12 | 2.1219942372660422E12 | 2.1219942372660422E12 | 2.1219942372660422E12 | 0.3004703465014245 | 1.0422441795694815 | 0.015023517325071173 | 0.052112208978474094 | {-5.648,-8.507,-3.591,-1.597,-5.060, 4.457, 4.575,-3.085, 3.146,-2.810,-1.170,-1.313, 4.875, 1.567, 0.054,-3.766, 3.943,-3.902, 2.889,-1.861, 5.095, 0.063, 4.016, 0.442} | 0.2 | 
| 1600 | 2.167831629730131E12 | 2.3545152650547207E12 | 2.459802827721817E12 | 2.1219942372660422E12 | 2.167831629730131E12 | 2.1219942372660422E12 | 0.2972418612172273 | 1.0422441795694815 | 0.014862093060861373 | 0.052112208978474094 | {-5.638,-8.498,-3.609,-1.617,-5.041, 4.467, 4.589,-3.080, 3.146,-2.817,-1.200,-1.262, 4.864, 1.588,-0.018,-3.810, 3.974,-3.945, 2.870,-1.815, 5.118,-0.002, 3.992, 0.416} | 0.2 | 
| 1700 | 2.1865905932973945E12 | 2.385972108732102E12 | 2.644474458478139E12 | 2.1219942372660422E12 | 2.1865905932973945E12 | 2.1219942372660422E12 | 0.14529546490387138 | 0.5211220897847408 | 0.007264773245193565 | 0.026056104489237016 | {-5.632,-8.509,-3.637,-1.663,-5.041, 4.502, 4.577,-3.136, 3.162,-2.785,-1.139,-1.263, 4.867, 1.574,-0.014,-3.808, 4.015,-3.905, 2.862,-1.897, 5.070, 0.027, 4.004, 0.518} | 0.2 | 
| 1800 | 2.170035713546565E12 | 2.361952730642419E12 | 2.6761464787902393E12 | 2.1219942372660422E12 | 2.170035713546565E12 | 2.1219942372660422E12 | 0.07125930970954991 | 0.2605610448923706 | 0.003562965485477508 | 0.013028052244618454 | {-5.644,-8.495,-3.636,-1.616,-5.063, 4.493, 4.568,-3.104, 3.160,-2.806,-1.150,-1.257, 4.852, 1.562, 0.028,-3.774, 3.970,-3.928, 2.873,-1.879, 5.076, 0.061, 3.992, 0.490} | 0.2 | 
| 1900 | 2.1217676736405093E12 | 2.385189486798322E12 | 2.5431425944481836E12 | 2.1217676736405093E12 | 2.1217676736405093E12 | 2.1217676736405093E12 | 0.03531454399861432 | 0.1302805224461854 | 0.001765727199930722 | 0.006514026122309251 | {-5.636,-8.498,-3.656,-1.576,-5.067, 4.510, 4.549,-3.127, 3.153,-2.792,-1.182,-1.263, 4.861, 1.557, 0.045,-3.734, 3.932,-3.942, 2.909,-1.843, 5.076, 0.024, 3.954, 0.446} | 0.2 | 
| 2000 | 2.10982718996366E12 | 2.386110957132828E12 | 2.5218295820877334E12 | 2.10982718996366E12 | 2.10982718996366E12 | 2.10982718996366E12 | 0.0346934684116008 | 0.1302805224461854 | 0.00173467342058004 | 0.006514026122309251 | {-5.638,-8.500,-3.641,-1.603,-5.062, 4.506, 4.555,-3.120, 3.157,-2.805,-1.169,-1.266, 4.852, 1.561, 0.025,-3.755, 3.949,-3.934, 2.897,-1.865, 5.075, 0.032, 3.977, 0.473} | 0.2 | 
| 2100 | 2.1815763919414854E12 | 2.390392903587747E12 | 2.687301234711009E12 | 2.10982718996366E12 | 2.1815763919414854E12 | 2.10982718996366E12 | 0.01666042008402011 | 0.05724600283362847 | 8.330210042009965E-4 | 0.002862300141681472 | {-5.638,-8.501,-3.641,-1.596,-5.063, 4.502, 4.558,-3.116, 3.156,-2.801,-1.168,-1.264, 4.855, 1.560, 0.028,-3.755, 3.948,-3.934, 2.894,-1.864, 5.079, 0.035, 3.975, 0.470} | 0.2 | 
| 2200 | 2.1801411743805908E12 | 2.3973200403553667E12 | 2.746486515691227E12 | 2.10982718996366E12 | 2.1801411743805908E12 | 2.10982718996366E12 | 0.008301136784969547 | 0.03312421704917191 | 4.1505683924847667E-4 | 0.0016562108524586093 | {-5.639,-8.499,-3.642,-1.600,-5.063, 4.504, 4.558,-3.118, 3.156,-2.802,-1.168,-1.263, 4.854, 1.562, 0.028,-3.755, 3.950,-3.933, 2.894,-1.863, 5.078, 0.037, 3.977, 0.471} | 0.2 | 
| 2300 | 2.1801411743805908E12 | 2.3871061027360244E12 | 2.502178232053787E12 | 2.10982718996366E12 | 2.1801411743805908E12 | 2.10982718996366E12 | 0.004113612443331617 | 0.01422838699365679 | 2.0568062216657756E-4 | 7.114193496828088E-4 | {-5.639,-8.499,-3.642,-1.600,-5.063, 4.504, 4.558,-3.118, 3.156,-2.802,-1.168,-1.263, 4.854, 1.562, 0.028,-3.755, 3.950,-3.933, 2.894,-1.863, 5.078, 0.037, 3.977, 0.471} | 0.2 | 
| 2400 | 2.1861044570603142E12 | 2.3751329643475977E12 | 2.506946718587017E12 | 2.10982718996366E12 | 2.1861044570603142E12 | 2.10982718996366E12 | 0.004114122856430498 | 0.016445941708878527 | 2.057061428215188E-4 | 8.222970854438994E-4 | {-5.639,-8.499,-3.643,-1.600,-5.062, 4.504, 4.558,-3.119, 3.157,-2.802,-1.168,-1.263, 4.854, 1.562, 0.027,-3.755, 3.951,-3.934, 2.894,-1.862, 5.077, 0.036, 3.977, 0.471} | 0.2 | 
| 2500 | 2.0517240140677605E12 | 2.402203513421174E12 | 2.641046147052253E12 | 2.0517240140677605E12 | 2.0517240140677605E12 | 2.0517240140677605E12 | 0.0019878385855619774 | 0.008222970854439297 | 9.939192927809683E-5 | 4.1114854272188513E-4 | {-5.639,-8.499,-3.643,-1.600,-5.063, 4.505, 4.557,-3.119, 3.156,-2.802,-1.168,-1.264, 4.853, 1.561, 0.026,-3.755, 3.951,-3.935, 2.894,-1.863, 5.077, 0.036, 3.977, 0.470} | 0.2 | 
| 2600 | 2.098469808327909E12 | 2.3730340031136655E12 | 2.609255511851112E12 | 2.0517240140677605E12 | 2.098469808327909E12 | 2.0517240140677605E12 | 9.964625202449672E-4 | 0.004111485427219515 | 4.982312601224167E-5 | 2.0557427136095723E-4 | {-5.639,-8.499,-3.643,-1.600,-5.062, 4.504, 4.557,-3.118, 3.156,-2.802,-1.168,-1.264, 4.854, 1.562, 0.026,-3.755, 3.951,-3.934, 2.894,-1.863, 5.077, 0.036, 3.977, 0.470} | 0.2 | 
| 2700 | 2.0963156059644521E12 | 2.3535998347908677E12 | 2.481610647923198E12 | 2.0517240140677605E12 | 2.0963156059644521E12 | 2.0517240140677605E12 | 9.579414713584706E-4 | 0.004111485427219515 | 4.789707356791278E-5 | 2.0557427136095723E-4 | {-5.639,-8.499,-3.643,-1.600,-5.063, 4.504, 4.558,-3.118, 3.156,-2.802,-1.168,-1.264, 4.854, 1.562, 0.026,-3.755, 3.951,-3.935, 2.894,-1.863, 5.077, 0.036, 3.977, 0.470} | 0.2 | 
| 2800 | 2.1426481876113186E12 | 2.3926078433169814E12 | 2.7224979225755557E12 | 2.0517240140677605E12 | 2.1426481876113186E12 | 2.0517240140677605E12 | 4.7824526196421033E-4 | 0.0017907116900744032 | 2.3912263098202977E-5 | 8.95355845037755E-5 | {-5.639,-8.499,-3.643,-1.600,-5.063, 4.504, 4.557,-3.118, 3.156,-2.802,-1.168,-1.264, 4.854, 1.561, 0.026,-3.755, 3.951,-3.935, 2.894,-1.863, 5.077, 0.036, 3.977, 0.470} | 0.2 | 
| 2900 | 2.0746802867432002E12 | 2.374524821090295E12 | 2.602524716272233E12 | 2.0517240140677605E12 | 2.0746802867432002E12 | 2.0517240140677605E12 | 2.3647131566519947E-4 | 0.001032872517760274 | 1.1823565783264515E-5 | 5.164362588803281E-5 | {-5.639,-8.499,-3.643,-1.600,-5.063, 4.504, 4.557,-3.118, 3.156,-2.802,-1.168,-1.264, 4.854, 1.562, 0.026,-3.755, 3.951,-3.934, 2.894,-1.863, 5.077, 0.036, 3.977, 0.470} | 0.2 | 
| 3000 | 2.14187345099554E12 | 2.4067838076312085E12 | 2.7223747186297593E12 | 2.0517240140677605E12 | 2.14187345099554E12 | 2.0517240140677605E12 | 1.1778099654646281E-4 | 5.16436258879822E-4 | 5.8890498273161655E-6 | 2.5821812943957918E-5 | {-5.639,-8.499,-3.643,-1.600,-5.063, 4.504, 4.557,-3.118, 3.156,-2.802,-1.168,-1.264, 4.854, 1.562, 0.026,-3.755, 3.951,-3.935, 2.894,-1.863, 5.077, 0.036, 3.977, 0.470} | 0.2 | 
| 3100 | 2.1132192478652686E12 | 2.3561784099991206E12 | 2.6611090981343804E12 | 2.0517240140677605E12 | 2.1132192478652686E12 | 2.0517240140677605E12 | 5.889923014175436E-5 | 2.582181294397418E-4 | 2.9449615070866214E-6 | 1.2910906471982816E-5 | {-5.639,-8.499,-3.643,-1.600,-5.063, 4.504, 4.557,-3.118, 3.156,-2.802,-1.168,-1.264, 4.854, 1.562, 0.026,-3.755, 3.951,-3.934, 2.894,-1.863, 5.077, 0.036, 3.977, 0.470} | 0.2 | 
| 3200 | 2.1515829240045518E12 | 2.3684884970835083E12 | 2.5194725376670317E12 | 2.0517240140677605E12 | 2.1515829240045518E12 | 2.0517240140677605E12 | 5.769062272420223E-5 | 2.0828582421333008E-4 | 2.884531136213153E-6 | 1.0414291210714497E-5 | {-5.639,-8.499,-3.643,-1.600,-5.063, 4.504, 4.557,-3.118, 3.156,-2.802,-1.168,-1.264, 4.854, 1.562, 0.026,-3.755, 3.951,-3.934, 2.894,-1.863, 5.077, 0.036, 3.977, 0.470} | 0.2 | 
| 3300 | 2.0425386818222405E12 | 2.4026622038309136E12 | 2.7344761170134243E12 | 2.0425386818222405E12 | 2.0425386818222405E12 | 2.0425386818222405E12 | 2.8787131473811934E-5 | 1.041429121069921E-4 | 1.4393565736901974E-6 | 5.207145605338578E-6 | {-5.639,-8.499,-3.643,-1.600,-5.063, 4.504, 4.557,-3.118, 3.156,-2.802,-1.168,-1.264, 4.854, 1.562, 0.026,-3.755, 3.951,-3.934, 2.894,-1.863, 5.077, 0.036, 3.977, 0.470} | 0.2 | 
| 3400 | 2.1796763628077275E12 | 2.4014753226296904E12 | 2.714743445797131E12 | 2.0425386818222405E12 | 2.1796763628077275E12 | 2.0425386818222405E12 | 1.4295877958510737E-5 | 6.438011946856982E-5 | 7.147938979286572E-7 | 3.2190059734720963E-6 | {-5.639,-8.499,-3.643,-1.600,-5.063, 4.504, 4.557,-3.118, 3.156,-2.802,-1.168,-1.264, 4.854, 1.562, 0.026,-3.755, 3.951,-3.934, 2.894,-1.863, 5.077, 0.036, 3.977, 0.470} | 0.2 | 
| 3500 | 2.1736400154844663E12 | 2.3692843691507285E12 | 2.703131281765231E12 | 2.0425386818222405E12 | 2.1736400154844663E12 | 2.0425386818222405E12 | 7.085298941835996E-6 | 3.2190059734196764E-5 | 3.542649470951085E-7 | 1.6095029867693967E-6 | {-5.639,-8.499,-3.643,-1.600,-5.063, 4.504, 4.557,-3.118, 3.156,-2.802,-1.168,-1.264, 4.854, 1.562, 0.026,-3.755, 3.951,-3.934, 2.894,-1.863, 5.077, 0.036, 3.977, 0.470} | 0.2 | 
 Termination message: Not terminated.
 Function calls run: 3500, sum: 3500
* Last best ind.: eva2.optimization.individuals.ESIndividualDoubleData{DGenotype=[ -5.638750320141231 -8.499073266955417 -3.642762473989017 -1.5996765617964503 -5.062531146654441 4.504033604957904 4.557459477516643 -3.1184084256115363 3.156386813298371 -2.8020927488306935 -1.1683985872141722 -1.2635861879151538 4.853743004496934 1.561509279482261 0.02647556013514038 -3.7548437749527883 3.950709957968038 -3.9344925255518195 2.8939661023279006 -1.8628198505919098 5.077161003846157 0.03619144482776127 3.9768087696686933 0.4703914055582428 ]; age=35; crossoverOperator=eva2.optimization.operator.crossover.CrossoverESDefault{}; crossoverProbability=0.5; doubleRange=[ [ -10.0 10.0 ] [ -10.0 10.0 ] [ -10.0 10.0 ] [ -10.0 10.0 ] [ -10.0 10.0 ] [ -10.0 10.0 ] [ -10.0 10.0 ] [ -10.0 10.0 ] [ -10.0 10.0 ] [ -10.0 10.0 ] [ -10.0 10.0 ] [ -10.0 10.0 ] [ -10.0 10.0 ] [ -10.0 10.0 ] [ -10.0 10.0 ] [ -10.0 10.0 ] [ -10.0 10.0 ] [ -10.0 10.0 ] [ -10.0 10.0 ] [ -10.0 10.0 ] [ -10.0 10.0 ] [ -10.0 10.0 ] [ -10.0 10.0 ] [ -10.0 10.0 ] ]; fitness=[ 2.1736400154844663E12 ]; individualIndex=-1; initOperator=eva2.optimization.operator.initialization.DefaultInitialization{}; marked=false; mutationOperator=eva2.optimization.operator.mutation.MutateESGlobal{crossoverType=intermediate; lowerLimitStepSize=5.0E-7; mutationStepSize=0.2; tau1=0.15; }; mutationProbability=1.0; selectionProbability=[ 0.0 ]; }
         solution data	: {-5.639,-8.499,-3.643,-1.600,-5.063, 4.504, 4.557,-3.118, 3.156,-2.802,-1.168,-1.264, 4.854, 1.562, 0.026,-3.755, 3.951,-3.934, 2.894,-1.863, 5.077, 0.036, 3.977, 0.470}
         solution fit	: [ 2.1736400154844663E12 ]
* Run best ind.: eva2.optimization.individuals.ESIndividualDoubleData{DGenotype=[ -5.638749849392549 -8.499073913237812 -3.6427605938219876 -1.5996764433426311 -5.06253148342838 4.504034552870652 4.557459181909 -3.118411694697273 3.1563857376256568 -2.8020929684975306 -1.1683978990536938 -1.2635861526098928 4.853744551006616 1.5615067640959133 0.0264733273732954 -3.7548448345346985 3.95071168771286 -3.9344930429936302 2.8939673475523695 -1.8628199007773927 5.077161244175924 0.03619155516414663 3.9768113729121115 0.47039443854538165 ]; age=33; crossoverOperator=eva2.optimization.operator.crossover.CrossoverESDefault{}; crossoverProbability=0.5; doubleRange=[ [ -10.0 10.0 ] [ -10.0 10.0 ] [ -10.0 10.0 ] [ -10.0 10.0 ] [ -10.0 10.0 ] [ -10.0 10.0 ] [ -10.0 10.0 ] [ -10.0 10.0 ] [ -10.0 10.0 ] [ -10.0 10.0 ] [ -10.0 10.0 ] [ -10.0 10.0 ] [ -10.0 10.0 ] [ -10.0 10.0 ] [ -10.0 10.0 ] [ -10.0 10.0 ] [ -10.0 10.0 ] [ -10.0 10.0 ] [ -10.0 10.0 ] [ -10.0 10.0 ] [ -10.0 10.0 ] [ -10.0 10.0 ] [ -10.0 10.0 ] [ -10.0 10.0 ] ]; fitness=[ 2.0425386818222405E12 ]; individualIndex=-1; initOperator=eva2.optimization.operator.initialization.DefaultInitialization{}; marked=false; mutationOperator=eva2.optimization.operator.mutation.MutateESGlobal{crossoverType=intermediate; lowerLimitStepSize=5.0E-7; mutationStepSize=0.2; tau1=0.15; }; mutationProbability=1.0; selectionProbability=[ 0.0 ]; }
         solution data	: {-5.639,-8.499,-3.643,-1.600,-5.063, 4.504, 4.557,-3.118, 3.156,-2.802,-1.168,-1.264, 4.854, 1.562, 0.026,-3.755, 3.951,-3.934, 2.894,-1.863, 5.077, 0.036, 3.977, 0.470}
         solution fit	: [ 2.0425386818222405E12 ]
 Feasible ind. found after 100 evaluations.
 Solution correlations (min,max,avg,med,var): [ 0.9999999999986567 0.999999999999999 0.9999999999999535 0.9999999999999485 -3.233758939637078E-14 ]
* Run best feasible individual equals best individual.
### Resulting population 
Fit.:	[ 2.4845438440781978E12 ], ID: 3905,	{-5.639,-8.499,-3.643,-1.600,-5.063, 4.504, 4.557,-3.118, 3.156,-2.802,-1.168,-1.264, 4.854, 1.562, 0.026,-3.755, 3.951,-3.934, 2.894,-1.863, 5.077, 0.036, 3.977, 0.470}  
Fit.:	[ 2.4845437381802754E12 ], ID: 3887,	{-5.639,-8.499,-3.643,-1.600,-5.063, 4.504, 4.557,-3.118, 3.156,-2.802,-1.168,-1.264, 4.854, 1.562, 0.026,-3.755, 3.951,-3.934, 2.894,-1.863, 5.077, 0.036, 3.977, 0.470}  
Fit.:	[ 2.657180465954885E12 ], ID: 3888,	{-5.639,-8.499,-3.643,-1.600,-5.063, 4.504, 4.557,-3.118, 3.156,-2.802,-1.168,-1.264, 4.854, 1.562, 0.026,-3.755, 3.951,-3.934, 2.894,-1.863, 5.077, 0.036, 3.977, 0.470}  
Fit.:	[ 2.4845437469484297E12 ], ID: 3755,	{-5.639,-8.499,-3.643,-1.600,-5.063, 4.504, 4.557,-3.118, 3.156,-2.802,-1.168,-1.264, 4.854, 1.562, 0.026,-3.755, 3.951,-3.934, 2.894,-1.863, 5.077, 0.036, 3.977, 0.470}  
Fit.:	[ 2.6571803664527197E12 ], ID: 2483,	{-5.639,-8.499,-3.643,-1.600,-5.063, 4.504, 4.557,-3.118, 3.156,-2.802,-1.168,-1.264, 4.854, 1.562, 0.026,-3.755, 3.951,-3.934, 2.894,-1.863, 5.077, 0.036, 3.977, 0.470}  
Fit.:	[ 2.3003927810342847E12 ], ID: 4886,	{-5.639,-8.499,-3.643,-1.600,-5.063, 4.504, 4.557,-3.118, 3.156,-2.802,-1.168,-1.264, 4.854, 1.562, 0.026,-3.755, 3.951,-3.934, 2.894,-1.863, 5.077, 0.036, 3.977, 0.470}  
Fit.:	[ 2.311880319127351E12 ], ID: 4280,	{-5.639,-8.499,-3.643,-1.600,-5.063, 4.504, 4.557,-3.118, 3.156,-2.802,-1.168,-1.264, 4.854, 1.562, 0.026,-3.755, 3.951,-3.934, 2.894,-1.863, 5.077, 0.036, 3.977, 0.470}  
Fit.:	[ 2.5504014711473594E12 ], ID: 4513,	{-5.639,-8.499,-3.643,-1.600,-5.063, 4.504, 4.557,-3.118, 3.156,-2.802,-1.168,-1.264, 4.854, 1.562, 0.026,-3.755, 3.951,-3.934, 2.894,-1.863, 5.077, 0.036, 3.977, 0.470}  
Fit.:	[ 2.47454552281864E12 ], ID: 5020,	{-5.639,-8.499,-3.643,-1.600,-5.063, 4.504, 4.557,-3.118, 3.156,-2.802,-1.168,-1.264, 4.854, 1.562, 0.026,-3.755, 3.951,-3.934, 2.894,-1.863, 5.077, 0.036, 3.977, 0.470}  
Fit.:	[ 2.233378003458249E12 ], ID: 4519,	{-5.639,-8.499,-3.643,-1.600,-5.063, 4.504, 4.557,-3.118, 3.156,-2.802,-1.168,-1.264, 4.854, 1.562, 0.026,-3.755, 3.951,-3.934, 2.894,-1.863, 5.077, 0.036, 3.977, 0.470}  
Fit.:	[ 2.438821795380727E12 ], ID: 4639,	{-5.639,-8.499,-3.643,-1.600,-5.063, 4.504, 4.557,-3.118, 3.156,-2.802,-1.168,-1.264, 4.854, 1.562, 0.026,-3.755, 3.951,-3.934, 2.894,-1.863, 5.077, 0.036, 3.977, 0.470}  
Fit.:	[ 2.349223733042348E12 ], ID: 4871,	{-5.639,-8.499,-3.643,-1.600,-5.063, 4.504, 4.557,-3.118, 3.156,-2.802,-1.168,-1.264, 4.854, 1.562, 0.026,-3.755, 3.951,-3.934, 2.894,-1.863, 5.077, 0.036, 3.977, 0.470}  
Fit.:	[ 2.319429011369816E12 ], ID: 4530,	{-5.639,-8.499,-3.643,-1.600,-5.063, 4.504, 4.557,-3.118, 3.156,-2.802,-1.168,-1.264, 4.854, 1.562, 0.026,-3.755, 3.951,-3.934, 2.894,-1.863, 5.077, 0.036, 3.977, 0.470}  
Fit.:	[ 2.703131281765231E12 ], ID: 5025,	{-5.639,-8.499,-3.643,-1.600,-5.063, 4.504, 4.557,-3.118, 3.156,-2.802,-1.168,-1.264, 4.854, 1.562, 0.026,-3.755, 3.951,-3.934, 2.894,-1.863, 5.077, 0.036, 3.977, 0.470}  
Fit.:	[ 2.4484012155811997E12 ], ID: 5026,	{-5.639,-8.499,-3.643,-1.600,-5.063, 4.504, 4.557,-3.118, 3.156,-2.802,-1.168,-1.264, 4.854, 1.562, 0.026,-3.755, 3.951,-3.934, 2.894,-1.863, 5.077, 0.036, 3.977, 0.470}  
Fit.:	[ 2.5201561522237593E12 ], ID: 4880,	{-5.639,-8.499,-3.643,-1.600,-5.063, 4.504, 4.557,-3.118, 3.156,-2.802,-1.168,-1.264, 4.854, 1.562, 0.026,-3.755, 3.951,-3.934, 2.894,-1.863, 5.077, 0.036, 3.977, 0.470}  
Fit.:	[ 2.2912329378251416E12 ], ID: 2633,	{-5.639,-8.499,-3.643,-1.600,-5.063, 4.504, 4.557,-3.118, 3.156,-2.802,-1.168,-1.264, 4.854, 1.562, 0.026,-3.755, 3.951,-3.934, 2.894,-1.863, 5.077, 0.036, 3.977, 0.470}  
Fit.:	[ 2.43293607153229E12 ], ID: 4763,	{-5.639,-8.499,-3.643,-1.600,-5.063, 4.504, 4.557,-3.118, 3.156,-2.802,-1.168,-1.264, 4.854, 1.562, 0.026,-3.755, 3.951,-3.934, 2.894,-1.863, 5.077, 0.036, 3.977, 0.470}  
Fit.:	[ 2.3640167359429805E12 ], ID: 4279,	{-5.639,-8.499,-3.643,-1.600,-5.063, 4.504, 4.557,-3.118, 3.156,-2.802,-1.168,-1.264, 4.854, 1.562, 0.026,-3.755, 3.951,-3.934, 2.894,-1.863, 5.077, 0.036, 3.977, 0.470}  
Fit.:	[ 2.46153769061677E12 ], ID: 5027,	{-5.639,-8.499,-3.643,-1.600,-5.063, 4.504, 4.557,-3.118, 3.156,-2.802,-1.168,-1.264, 4.854, 1.562, 0.026,-3.755, 3.951,-3.934, 2.894,-1.863, 5.077, 0.036, 3.977, 0.470}  
Fit.:	[ 2.3022214616857783E12 ], ID: 4889,	{-5.639,-8.499,-3.643,-1.600,-5.063, 4.504, 4.557,-3.118, 3.156,-2.802,-1.168,-1.264, 4.854, 1.562, 0.026,-3.755, 3.951,-3.934, 2.894,-1.863, 5.077, 0.036, 3.977, 0.470}  
Fit.:	[ 2.6295588232093115E12 ], ID: 5022,	{-5.639,-8.499,-3.643,-1.600,-5.063, 4.504, 4.557,-3.118, 3.156,-2.802,-1.168,-1.264, 4.854, 1.562, 0.026,-3.755, 3.951,-3.934, 2.894,-1.863, 5.077, 0.036, 3.977, 0.470}  
Fit.:	[ 2.3526717927864053E12 ], ID: 5021,	{-5.639,-8.499,-3.643,-1.600,-5.063, 4.504, 4.557,-3.118, 3.156,-2.802,-1.168,-1.264, 4.854, 1.562, 0.026,-3.755, 3.951,-3.934, 2.894,-1.863, 5.077, 0.036, 3.977, 0.470}  
Fit.:	[ 2.246903158189821E12 ], ID: 4892,	{-5.639,-8.499,-3.643,-1.600,-5.063, 4.504, 4.557,-3.118, 3.156,-2.802,-1.168,-1.264, 4.854, 1.562, 0.026,-3.755, 3.951,-3.934, 2.894,-1.863, 5.077, 0.036, 3.977, 0.470}  
Fit.:	[ 2.4767951991520513E12 ], ID: 4762,	{-5.639,-8.499,-3.643,-1.600,-5.063, 4.504, 4.557,-3.118, 3.156,-2.802,-1.168,-1.264, 4.854, 1.562, 0.026,-3.755, 3.951,-3.934, 2.894,-1.863, 5.077, 0.036, 3.977, 0.470}  
Fit.:	[ 2.5148205942887E12 ], ID: 5032,	{-5.639,-8.499,-3.643,-1.600,-5.063, 4.504, 4.557,-3.118, 3.156,-2.802,-1.168,-1.264, 4.854, 1.562, 0.026,-3.755, 3.951,-3.934, 2.894,-1.863, 5.077, 0.036, 3.977, 0.470}  
Fit.:	[ 2.1826324327405513E12 ], ID: 4152,	{-5.639,-8.499,-3.643,-1.600,-5.063, 4.504, 4.557,-3.118, 3.156,-2.802,-1.168,-1.264, 4.854, 1.562, 0.026,-3.755, 3.951,-3.934, 2.894,-1.863, 5.077, 0.036, 3.977, 0.470}  
Fit.:	[ 2.3507458752765186E12 ], ID: 4885,	{-5.639,-8.499,-3.643,-1.600,-5.063, 4.504, 4.557,-3.118, 3.156,-2.802,-1.168,-1.264, 4.854, 1.562, 0.026,-3.755, 3.951,-3.934, 2.894,-1.863, 5.077, 0.036, 3.977, 0.470}  
Fit.:	[ 2.394254350718656E12 ], ID: 4874,	{-5.639,-8.499,-3.643,-1.600,-5.063, 4.504, 4.557,-3.118, 3.156,-2.802,-1.168,-1.264, 4.854, 1.562, 0.026,-3.755, 3.951,-3.934, 2.894,-1.863, 5.077, 0.036, 3.977, 0.470}  
Fit.:	[ 2.558927503310591E12 ], ID: 4523,	{-5.639,-8.499,-3.643,-1.600,-5.063, 4.504, 4.557,-3.118, 3.156,-2.802,-1.168,-1.264, 4.854, 1.562, 0.026,-3.755, 3.951,-3.934, 2.894,-1.863, 5.077, 0.036, 3.977, 0.470}  
Fit.:	[ 2.5408428291202363E12 ], ID: 4014,	{-5.639,-8.499,-3.643,-1.600,-5.063, 4.504, 4.557,-3.118, 3.156,-2.802,-1.168,-1.264, 4.854, 1.562, 0.026,-3.755, 3.951,-3.934, 2.894,-1.863, 5.077, 0.036, 3.977, 0.470}  
Fit.:	[ 2.3697651456675376E12 ], ID: 4881,	{-5.639,-8.499,-3.643,-1.600,-5.063, 4.504, 4.557,-3.118, 3.156,-2.802,-1.168,-1.264, 4.854, 1.562, 0.026,-3.755, 3.951,-3.934, 2.894,-1.863, 5.077, 0.036, 3.977, 0.470}  
Fit.:	[ 2.3886197479681274E12 ], ID: 4645,	{-5.639,-8.499,-3.643,-1.600,-5.063, 4.504, 4.557,-3.118, 3.156,-2.802,-1.168,-1.264, 4.854, 1.562, 0.026,-3.755, 3.951,-3.934, 2.894,-1.863, 5.077, 0.036, 3.977, 0.470}  
Fit.:	[ 2.4659318317929697E12 ], ID: 5033,	{-5.639,-8.499,-3.643,-1.600,-5.063, 4.504, 4.557,-3.118, 3.156,-2.802,-1.168,-1.264, 4.854, 1.562, 0.026,-3.755, 3.951,-3.934, 2.894,-1.863, 5.077, 0.036, 3.977, 0.470}  
Fit.:	[ 2.4367879106827046E12 ], ID: 4891,	{-5.639,-8.499,-3.643,-1.600,-5.063, 4.504, 4.557,-3.118, 3.156,-2.802,-1.168,-1.264, 4.854, 1.562, 0.026,-3.755, 3.951,-3.934, 2.894,-1.863, 5.077, 0.036, 3.977, 0.470}  
Fit.:	[ 2.478014886106119E12 ], ID: 4504,	{-5.639,-8.499,-3.643,-1.600,-5.063, 4.504, 4.557,-3.118, 3.156,-2.802,-1.168,-1.264, 4.854, 1.562, 0.026,-3.755, 3.951,-3.934, 2.894,-1.863, 5.077, 0.036, 3.977, 0.470}  
Fit.:	[ 2.435982147883696E12 ], ID: 4510,	{-5.639,-8.499,-3.643,-1.600,-5.063, 4.504, 4.557,-3.118, 3.156,-2.802,-1.168,-1.264, 4.854, 1.562, 0.026,-3.755, 3.951,-3.934, 2.894,-1.863, 5.077, 0.036, 3.977, 0.470}  
Fit.:	[ 2.4825800527024204E12 ], ID: 4531,	{-5.639,-8.499,-3.643,-1.600,-5.063, 4.504, 4.557,-3.118, 3.156,-2.802,-1.168,-1.264, 4.854, 1.562, 0.026,-3.755, 3.951,-3.934, 2.894,-1.863, 5.077, 0.036, 3.977, 0.470}  
Fit.:	[ 2.2264513296626396E12 ], ID: 5006,	{-5.639,-8.499,-3.643,-1.600,-5.063, 4.504, 4.557,-3.118, 3.156,-2.802,-1.168,-1.264, 4.854, 1.562, 0.026,-3.755, 3.951,-3.934, 2.894,-1.863, 5.077, 0.036, 3.977, 0.470}  
Fit.:	[ 2.2557319852421724E12 ], ID: 3769,	{-5.639,-8.499,-3.643,-1.600,-5.063, 4.504, 4.557,-3.118, 3.156,-2.802,-1.168,-1.264, 4.854, 1.562, 0.026,-3.755, 3.951,-3.934, 2.894,-1.863, 5.077, 0.036, 3.977, 0.470}  
Fit.:	[ 2.5322500605546074E12 ], ID: 5000,	{-5.639,-8.499,-3.643,-1.600,-5.063, 4.504, 4.557,-3.118, 3.156,-2.802,-1.168,-1.264, 4.854, 1.562, 0.026,-3.755, 3.951,-3.934, 2.894,-1.863, 5.077, 0.036, 3.977, 0.470}  
Fit.:	[ 2.527471803254723E12 ], ID: 4517,	{-5.639,-8.499,-3.643,-1.600,-5.063, 4.504, 4.557,-3.118, 3.156,-2.802,-1.168,-1.264, 4.854, 1.562, 0.026,-3.755, 3.951,-3.934, 2.894,-1.863, 5.077, 0.036, 3.977, 0.470}  
Fit.:	[ 2.2369425679546055E12 ], ID: 4887,	{-5.639,-8.499,-3.643,-1.600,-5.063, 4.504, 4.557,-3.118, 3.156,-2.802,-1.168,-1.264, 4.854, 1.562, 0.026,-3.755, 3.951,-3.934, 2.894,-1.863, 5.077, 0.036, 3.977, 0.470}  
Fit.:	[ 2.1323904851271272E12 ], ID: 4284,	{-5.639,-8.499,-3.643,-1.600,-5.063, 4.504, 4.557,-3.118, 3.156,-2.802,-1.168,-1.264, 4.854, 1.562, 0.026,-3.755, 3.951,-3.934, 2.894,-1.863, 5.077, 0.036, 3.977, 0.470}  
Fit.:	[ 2.5624286394730327E12 ], ID: 2054,	{-5.639,-8.499,-3.643,-1.600,-5.063, 4.504, 4.557,-3.118, 3.156,-2.802,-1.168,-1.264, 4.854, 1.562, 0.026,-3.755, 3.951,-3.934, 2.894,-1.863, 5.077, 0.036, 3.977, 0.470}  
Fit.:	[ 2.3950597771036562E12 ], ID: 2058,	{-5.639,-8.499,-3.643,-1.600,-5.063, 4.504, 4.557,-3.118, 3.156,-2.802,-1.168,-1.264, 4.854, 1.562, 0.026,-3.755, 3.951,-3.934, 2.894,-1.863, 5.077, 0.036, 3.977, 0.470}  
Fit.:	[ 2.119326470667721E12 ], ID: 5008,	{-5.639,-8.499,-3.643,-1.600,-5.063, 4.504, 4.557,-3.118, 3.156,-2.802,-1.168,-1.264, 4.854, 1.562, 0.026,-3.755, 3.951,-3.934, 2.894,-1.863, 5.077, 0.036, 3.977, 0.470}  
Fit.:	[ 2.160317233787874E12 ], ID: 4506,	{-5.639,-8.499,-3.643,-1.600,-5.063, 4.504, 4.557,-3.118, 3.156,-2.802,-1.168,-1.264, 4.854, 1.562, 0.026,-3.755, 3.951,-3.934, 2.894,-1.863, 5.077, 0.036, 3.977, 0.470}  
Fit.:	[ 2.6419041993082505E12 ], ID: 3876,	{-5.639,-8.499,-3.643,-1.600,-5.063, 4.504, 4.557,-3.118, 3.156,-2.802,-1.168,-1.264, 4.854, 1.562, 0.026,-3.755, 3.951,-3.934, 2.894,-1.863, 5.077, 0.036, 3.977, 0.470}  
Fit.:	[ 2.34704228416596E12 ], ID: 5029,	{-5.639,-8.499,-3.643,-1.600,-5.063, 4.504, 4.557,-3.118, 3.156,-2.802,-1.168,-1.264, 4.854, 1.562, 0.026,-3.755, 3.951,-3.934, 2.894,-1.863, 5.077, 0.036, 3.977, 0.470}  
Fit.:	[ 2.385658070050011E12 ], ID: 4509,	{-5.639,-8.499,-3.643,-1.600,-5.063, 4.504, 4.557,-3.118, 3.156,-2.802,-1.168,-1.264, 4.854, 1.562, 0.026,-3.755, 3.951,-3.934, 2.894,-1.863, 5.077, 0.036, 3.977, 0.470}  
Fit.:	[ 2.324624376490034E12 ], ID: 4033,	{-5.639,-8.499,-3.643,-1.600,-5.063, 4.504, 4.557,-3.118, 3.156,-2.802,-1.168,-1.264, 4.854, 1.562, 0.026,-3.755, 3.951,-3.934, 2.894,-1.863, 5.077, 0.036, 3.977, 0.470}  
Fit.:	[ 2.707906409572603E12 ], ID: 5003,	{-5.639,-8.499,-3.643,-1.600,-5.063, 4.504, 4.557,-3.118, 3.156,-2.802,-1.168,-1.264, 4.854, 1.562, 0.026,-3.755, 3.951,-3.934, 2.894,-1.863, 5.077, 0.036, 3.977, 0.470}  
Fit.:	[ 2.316962466576733E12 ], ID: 5012,	{-5.639,-8.499,-3.643,-1.600,-5.063, 4.504, 4.557,-3.118, 3.156,-2.802,-1.168,-1.264, 4.854, 1.562, 0.026,-3.755, 3.951,-3.934, 2.894,-1.863, 5.077, 0.036, 3.977, 0.470}  
Fit.:	[ 2.392456129219027E12 ], ID: 3748,	{-5.639,-8.499,-3.643,-1.600,-5.063, 4.504, 4.557,-3.118, 3.156,-2.802,-1.168,-1.264, 4.854, 1.562, 0.026,-3.755, 3.951,-3.934, 2.894,-1.863, 5.077, 0.036, 3.977, 0.470}  
Fit.:	[ 2.3041154345112734E12 ], ID: 5010,	{-5.639,-8.499,-3.643,-1.600,-5.063, 4.504, 4.557,-3.118, 3.156,-2.802,-1.168,-1.264, 4.854, 1.562, 0.026,-3.755, 3.951,-3.934, 2.894,-1.863, 5.077, 0.036, 3.977, 0.470}  
Fit.:	[ 2.379405899619371E12 ], ID: 5013,	{-5.639,-8.499,-3.643,-1.600,-5.063, 4.504, 4.557,-3.118, 3.156,-2.802,-1.168,-1.264, 4.854, 1.562, 0.026,-3.755, 3.951,-3.934, 2.894,-1.863, 5.077, 0.036, 3.977, 0.470}  
Fit.:	[ 2.419055107254093E12 ], ID: 3771,	{-5.639,-8.499,-3.643,-1.600,-5.063, 4.504, 4.557,-3.118, 3.156,-2.802,-1.168,-1.264, 4.854, 1.562, 0.026,-3.755, 3.951,-3.934, 2.894,-1.863, 5.077, 0.036, 3.977, 0.470}  
Fit.:	[ 2.358286502991725E12 ], ID: 4877,	{-5.639,-8.499,-3.643,-1.600,-5.063, 4.504, 4.557,-3.118, 3.156,-2.802,-1.168,-1.264, 4.854, 1.562, 0.026,-3.755, 3.951,-3.934, 2.894,-1.863, 5.077, 0.036, 3.977, 0.470}  
Fit.:	[ 2.314548422850188E12 ], ID: 4643,	{-5.639,-8.499,-3.643,-1.600,-5.063, 4.504, 4.557,-3.118, 3.156,-2.802,-1.168,-1.264, 4.854, 1.562, 0.026,-3.755, 3.951,-3.934, 2.894,-1.863, 5.077, 0.036, 3.977, 0.470}  
Fit.:	[ 2.401719203741391E12 ], ID: 5037,	{-5.639,-8.499,-3.643,-1.600,-5.063, 4.504, 4.557,-3.118, 3.156,-2.802,-1.168,-1.264, 4.854, 1.562, 0.026,-3.755, 3.951,-3.934, 2.894,-1.863, 5.077, 0.036, 3.977, 0.470}  
Fit.:	[ 2.44216368952858E12 ], ID: 4274,	{-5.639,-8.499,-3.643,-1.600,-5.063, 4.504, 4.557,-3.118, 3.156,-2.802,-1.168,-1.264, 4.854, 1.562, 0.026,-3.755, 3.951,-3.934, 2.894,-1.863, 5.077, 0.036, 3.977, 0.470}  
Fit.:	[ 2.342700647003128E12 ], ID: 2857,	{-5.639,-8.499,-3.643,-1.600,-5.063, 4.504, 4.557,-3.118, 3.156,-2.802,-1.168,-1.264, 4.854, 1.562, 0.026,-3.755, 3.951,-3.934, 2.894,-1.863, 5.077, 0.036, 3.977, 0.470}  
Fit.:	[ 2.4593295215841465E12 ], ID: 3506,	{-5.639,-8.499,-3.643,-1.600,-5.063, 4.504, 4.557,-3.118, 3.156,-2.802,-1.168,-1.264, 4.854, 1.562, 0.026,-3.755, 3.951,-3.934, 2.894,-1.863, 5.077, 0.036, 3.977, 0.470}  
Fit.:	[ 2.3438354433261636E12 ], ID: 5014,	{-5.639,-8.499,-3.643,-1.600,-5.063, 4.504, 4.557,-3.118, 3.156,-2.802,-1.168,-1.264, 4.854, 1.562, 0.026,-3.755, 3.951,-3.934, 2.894,-1.863, 5.077, 0.036, 3.977, 0.470}  
Fit.:	[ 2.4592350274050913E12 ], ID: 4876,	{-5.639,-8.499,-3.643,-1.600,-5.063, 4.504, 4.557,-3.118, 3.156,-2.802,-1.168,-1.264, 4.854, 1.562, 0.026,-3.755, 3.951,-3.934, 2.894,-1.863, 5.077, 0.036, 3.977, 0.470}  
Fit.:	[ 2.296030780805176E12 ], ID: 5034,	{-5.639,-8.499,-3.643,-1.600,-5.063, 4.504, 4.557,-3.118, 3.156,-2.802,-1.168,-1.264, 4.854, 1.562, 0.026,-3.755, 3.951,-3.934, 2.894,-1.863, 5.077, 0.036, 3.977, 0.470}  
Fit.:	[ 2.460646235524844E12 ], ID: 4019,	{-5.639,-8.499,-3.643,-1.600,-5.063, 4.504, 4.557,-3.118, 3.156,-2.802,-1.168,-1.264, 4.854, 1.562, 0.026,-3.755, 3.951,-3.934, 2.894,-1.863, 5.077, 0.036, 3.977, 0.470}  
Fit.:	[ 2.394925885331162E12 ], ID: 4532,	{-5.639,-8.499,-3.643,-1.600,-5.063, 4.504, 4.557,-3.118, 3.156,-2.802,-1.168,-1.264, 4.854, 1.562, 0.026,-3.755, 3.951,-3.934, 2.894,-1.863, 5.077, 0.036, 3.977, 0.470}  
Fit.:	[ 2.3793835671506963E12 ], ID: 4878,	{-5.639,-8.499,-3.643,-1.600,-5.063, 4.504, 4.557,-3.118, 3.156,-2.802,-1.168,-1.264, 4.854, 1.562, 0.026,-3.755, 3.951,-3.934, 2.894,-1.863, 5.077, 0.036, 3.977, 0.470}  
Fit.:	[ 2.4896312622457275E12 ], ID: 4396,	{-5.639,-8.499,-3.643,-1.600,-5.063, 4.504, 4.557,-3.118, 3.156,-2.802,-1.168,-1.264, 4.854, 1.562, 0.026,-3.755, 3.951,-3.934, 2.894,-1.863, 5.077, 0.036, 3.977, 0.470}  
Fit.:	[ 2.3716585231463115E12 ], ID: 3898,	{-5.639,-8.499,-3.643,-1.600,-5.063, 4.504, 4.557,-3.118, 3.156,-2.802,-1.168,-1.264, 4.854, 1.562, 0.026,-3.755, 3.951,-3.934, 2.894,-1.863, 5.077, 0.036, 3.977, 0.470}  
Fit.:	[ 2.620040411612456E12 ], ID: 3257,	{-5.639,-8.499,-3.643,-1.600,-5.063, 4.504, 4.557,-3.118, 3.156,-2.802,-1.168,-1.264, 4.854, 1.562, 0.026,-3.755, 3.951,-3.934, 2.894,-1.863, 5.077, 0.036, 3.977, 0.470}  
Fit.:	[ 2.302028356365817E12 ], ID: 5024,	{-5.639,-8.499,-3.643,-1.600,-5.063, 4.504, 4.557,-3.118, 3.156,-2.802,-1.168,-1.264, 4.854, 1.562, 0.026,-3.755, 3.951,-3.934, 2.894,-1.863, 5.077, 0.036, 3.977, 0.470}  
Fit.:	[ 2.388309620655033E12 ], ID: 4515,	{-5.639,-8.499,-3.643,-1.600,-5.063, 4.504, 4.557,-3.118, 3.156,-2.802,-1.168,-1.264, 4.854, 1.562, 0.026,-3.755, 3.951,-3.934, 2.894,-1.863, 5.077, 0.036, 3.977, 0.470}  
Fit.:	[ 2.363239488157935E12 ], ID: 4896,	{-5.639,-8.499,-3.643,-1.600,-5.063, 4.504, 4.557,-3.118, 3.156,-2.802,-1.168,-1.264, 4.854, 1.562, 0.026,-3.755, 3.951,-3.934, 2.894,-1.863, 5.077, 0.036, 3.977, 0.470}  
Fit.:	[ 2.4384841394893423E12 ], ID: 5031,	{-5.639,-8.499,-3.643,-1.600,-5.063, 4.504, 4.557,-3.118, 3.156,-2.802,-1.168,-1.264, 4.854, 1.562, 0.026,-3.755, 3.951,-3.934, 2.894,-1.863, 5.077, 0.036, 3.977, 0.470}  
Fit.:	[ 2.546102580795418E12 ], ID: 4654,	{-5.639,-8.499,-3.643,-1.600,-5.063, 4.504, 4.557,-3.118, 3.156,-2.802,-1.168,-1.264, 4.854, 1.562, 0.026,-3.755, 3.951,-3.934, 2.894,-1.863, 5.077, 0.036, 3.977, 0.470}  
Fit.:	[ 2.3522846552408228E12 ], ID: 5009,	{-5.639,-8.499,-3.643,-1.600,-5.063, 4.504, 4.557,-3.118, 3.156,-2.802,-1.168,-1.264, 4.854, 1.562, 0.026,-3.755, 3.951,-3.934, 2.894,-1.863, 5.077, 0.036, 3.977, 0.470}  
Fit.:	[ 2.2727082946074717E12 ], ID: 4521,	{-5.639,-8.499,-3.643,-1.600,-5.063, 4.504, 4.557,-3.118, 3.156,-2.802,-1.168,-1.264, 4.854, 1.562, 0.026,-3.755, 3.951,-3.934, 2.894,-1.863, 5.077, 0.036, 3.977, 0.470}  
Fit.:	[ 2.488952070684319E12 ], ID: 4757,	{-5.639,-8.499,-3.643,-1.600,-5.063, 4.504, 4.557,-3.118, 3.156,-2.802,-1.168,-1.264, 4.854, 1.562, 0.026,-3.755, 3.951,-3.934, 2.894,-1.863, 5.077, 0.036, 3.977, 0.470}  
Fit.:	[ 2.497752102597753E12 ], ID: 4526,	{-5.639,-8.499,-3.643,-1.600,-5.063, 4.504, 4.557,-3.118, 3.156,-2.802,-1.168,-1.264, 4.854, 1.562, 0.026,-3.755, 3.951,-3.934, 2.894,-1.863, 5.077, 0.036, 3.977, 0.470}  
Fit.:	[ 2.3106732251058965E12 ], ID: 4270,	{-5.639,-8.499,-3.643,-1.600,-5.063, 4.504, 4.557,-3.118, 3.156,-2.802,-1.168,-1.264, 4.854, 1.562, 0.026,-3.755, 3.951,-3.934, 2.894,-1.863, 5.077, 0.036, 3.977, 0.470}  
Fit.:	[ 2.4645918847012715E12 ], ID: 4021,	{-5.639,-8.499,-3.643,-1.600,-5.063, 4.504, 4.557,-3.118, 3.156,-2.802,-1.168,-1.264, 4.854, 1.562, 0.026,-3.755, 3.951,-3.934, 2.894,-1.863, 5.077, 0.036, 3.977, 0.470}  
Fit.:	[ 2.3496281886469717E12 ], ID: 4501,	{-5.639,-8.499,-3.643,-1.600,-5.063, 4.504, 4.557,-3.118, 3.156,-2.802,-1.168,-1.264, 4.854, 1.562, 0.026,-3.755, 3.951,-3.934, 2.894,-1.863, 5.077, 0.036, 3.977, 0.470}  
Fit.:	[ 2.3118544720083354E12 ], ID: 4275,	{-5.639,-8.499,-3.643,-1.600,-5.063, 4.504, 4.557,-3.118, 3.156,-2.802,-1.168,-1.264, 4.854, 1.562, 0.026,-3.755, 3.951,-3.934, 2.894,-1.863, 5.077, 0.036, 3.977, 0.470}  
Fit.:	[ 2.34342746645444E12 ], ID: 4879,	{-5.639,-8.499,-3.643,-1.600,-5.063, 4.504, 4.557,-3.118, 3.156,-2.802,-1.168,-1.264, 4.854, 1.562, 0.026,-3.755, 3.951,-3.934, 2.894,-1.863, 5.077, 0.036, 3.977, 0.470}  
Fit.:	[ 2.384890899166049E12 ], ID: 4516,	{-5.639,-8.499,-3.643,-1.600,-5.063, 4.504, 4.557,-3.118, 3.156,-2.802,-1.168,-1.264, 4.854, 1.562, 0.026,-3.755, 3.951,-3.934, 2.894,-1.863, 5.077, 0.036, 3.977, 0.470}  
Fit.:	[ 2.2887607036335815E12 ], ID: 4011,	{-5.639,-8.499,-3.643,-1.600,-5.063, 4.504, 4.557,-3.118, 3.156,-2.802,-1.168,-1.264, 4.854, 1.562, 0.026,-3.755, 3.951,-3.934, 2.894,-1.863, 5.077, 0.036, 3.977, 0.470}  
Fit.:	[ 2.558931943209084E12 ], ID: 4045,	{-5.639,-8.499,-3.643,-1.600,-5.063, 4.504, 4.557,-3.118, 3.156,-2.802,-1.168,-1.264, 4.854, 1.562, 0.026,-3.755, 3.951,-3.934, 2.894,-1.863, 5.077, 0.036, 3.977, 0.470}  
Fit.:	[ 2.4298590576842646E12 ], ID: 5036,	{-5.639,-8.499,-3.643,-1.600,-5.063, 4.504, 4.557,-3.118, 3.156,-2.802,-1.168,-1.264, 4.854, 1.562, 0.026,-3.755, 3.951,-3.934, 2.894,-1.863, 5.077, 0.036, 3.977, 0.470}  
Fit.:	[ 2.267409789727738E12 ], ID: 4265,	{-5.639,-8.499,-3.643,-1.600,-5.063, 4.504, 4.557,-3.118, 3.156,-2.802,-1.168,-1.264, 4.854, 1.562, 0.026,-3.755, 3.951,-3.934, 2.894,-1.863, 5.077, 0.036, 3.977, 0.470}  
Fit.:	[ 2.4079219648280923E12 ], ID: 4390,	{-5.639,-8.499,-3.643,-1.600,-5.063, 4.504, 4.557,-3.118, 3.156,-2.802,-1.168,-1.264, 4.854, 1.562, 0.026,-3.755, 3.951,-3.934, 2.894,-1.863, 5.077, 0.036, 3.977, 0.470}  
Fit.:	[ 2.3717608804531094E12 ], ID: 4273,	{-5.639,-8.499,-3.643,-1.600,-5.063, 4.504, 4.557,-3.118, 3.156,-2.802,-1.168,-1.264, 4.854, 1.562, 0.026,-3.755, 3.951,-3.934, 2.894,-1.863, 5.077, 0.036, 3.977, 0.470}  
Fit.:	[ 2.465856329052327E12 ], ID: 5007,	{-5.639,-8.499,-3.643,-1.600,-5.063, 4.504, 4.557,-3.118, 3.156,-2.802,-1.168,-1.264, 4.854, 1.562, 0.026,-3.755, 3.951,-3.934, 2.894,-1.863, 5.077, 0.036, 3.977, 0.470}  
Fit.:	[ 2.4514365480086177E12 ], ID: 5017,	{-5.639,-8.499,-3.643,-1.600,-5.063, 4.504, 4.557,-3.118, 3.156,-2.802,-1.168,-1.264, 4.854, 1.562, 0.026,-3.755, 3.951,-3.934, 2.894,-1.863, 5.077, 0.036, 3.977, 0.470}  
Fit.:	[ 2.4159370016504487E12 ], ID: 5030,	{-5.639,-8.499,-3.643,-1.600,-5.063, 4.504, 4.557,-3.118, 3.156,-2.802,-1.168,-1.264, 4.854, 1.562, 0.026,-3.755, 3.951,-3.934, 2.894,-1.863, 5.077, 0.036, 3.977, 0.470}  
Fit.:	[ 2.358045052854749E12 ], ID: 4758,	{-5.639,-8.499,-3.643,-1.600,-5.063, 4.504, 4.557,-3.118, 3.156,-2.802,-1.168,-1.264, 4.854, 1.562, 0.026,-3.755, 3.951,-3.934, 2.894,-1.863, 5.077, 0.036, 3.977, 0.470}  
Fit.:	[ 2.3648697620735967E12 ], ID: 5028,	{-5.639,-8.499,-3.643,-1.600,-5.063, 4.504, 4.557,-3.118, 3.156,-2.802,-1.168,-1.264, 4.854, 1.562, 0.026,-3.755, 3.951,-3.934, 2.894,-1.863, 5.077, 0.036, 3.977, 0.470}  
Fit.:	[ 2.364137148662646E12 ], ID: 5004,	{-5.639,-8.499,-3.643,-1.600,-5.063, 4.504, 4.557,-3.118, 3.156,-2.802,-1.168,-1.264, 4.854, 1.562, 0.026,-3.755, 3.951,-3.934, 2.894,-1.863, 5.077, 0.036, 3.977, 0.470}  
*******
 Runs performed: 1, reached target 0 times with threshold 0.001, rate 0.0
 Average function calls: 3500
     Feasible solution found in 1 of 1 runs 
     Average evaluations until feasible ind. was found in 1 runs: 100.0 evaluations
     Averaged sum of run statistical data: (1 runs): | 63000.0 | 8.374595084197914E13 | 2.778435053372037E14 | 7.470865225108616E15 | 8.257386075160917E13 | 8.374595084197914E13 | 8.257386075160917E13 | 220.3896130196375 | 456.3908150277197 | 11.01948065098189 | 22.819540751385993 | 7.0000000000000036
     Averaged last statistical data (1 runs): | 3500.0 | 2.1736400154844663E12 | 2.3692843691507285E12 | 2.703131281765231E12 | 2.0425386818222405E12 | 2.1736400154844663E12 | 2.0425386818222405E12 | 7.085298941835996E-6 | 3.2190059734196764E-5 | 3.542649470951085E-7 | 1.6095029867693967E-6 | 0.2
* Overall best ind.: eva2.optimization.individuals.ESIndividualDoubleData{DGenotype=[ -5.638749849392549 -8.499073913237812 -3.6427605938219876 -1.5996764433426311 -5.06253148342838 4.504034552870652 4.557459181909 -3.118411694697273 3.1563857376256568 -2.8020929684975306 -1.1683978990536938 -1.2635861526098928 4.853744551006616 1.5615067640959133 0.0264733273732954 -3.7548448345346985 3.95071168771286 -3.9344930429936302 2.8939673475523695 -1.8628199007773927 5.077161244175924 0.03619155516414663 3.9768113729121115 0.47039443854538165 ]; age=33; crossoverOperator=eva2.optimization.operator.crossover.CrossoverESDefault{}; crossoverProbability=0.5; doubleRange=[ [ -10.0 10.0 ] [ -10.0 10.0 ] [ -10.0 10.0 ] [ -10.0 10.0 ] [ -10.0 10.0 ] [ -10.0 10.0 ] [ -10.0 10.0 ] [ -10.0 10.0 ] [ -10.0 10.0 ] [ -10.0 10.0 ] [ -10.0 10.0 ] [ -10.0 10.0 ] [ -10.0 10.0 ] [ -10.0 10.0 ] [ -10.0 10.0 ] [ -10.0 10.0 ] [ -10.0 10.0 ] [ -10.0 10.0 ] [ -10.0 10.0 ] [ -10.0 10.0 ] [ -10.0 10.0 ] [ -10.0 10.0 ] [ -10.0 10.0 ] [ -10.0 10.0 ] ]; fitness=[ 2.0425386818222405E12 ]; individualIndex=-1; initOperator=eva2.optimization.operator.initialization.DefaultInitialization{}; marked=false; mutationOperator=eva2.optimization.operator.mutation.MutateESGlobal{crossoverType=intermediate; lowerLimitStepSize=5.0E-7; mutationStepSize=0.2; tau1=0.15; }; mutationProbability=1.0; selectionProbability=[ 0.0 ]; }
         solution data	: {-5.639,-8.499,-3.643,-1.600,-5.063, 4.504, 4.557,-3.118, 3.156,-2.802,-1.168,-1.264, 4.854, 1.562, 0.026,-3.755, 3.951,-3.934, 2.894,-1.863, 5.077, 0.036, 3.977, 0.470}
         solution fit	: [ 2.0425386818222405E12 ]
Overall best statistical data: 
FunctionCalls | currentBest | meanFit | currentWorst | runBest | currentBestFeasible | runBestFeasible | avgEucPopDistance | maxEucPopDistance | avgPopMetricDist | maxPopMetricDist | solution | sigma
3500 | 2.1736400154844663E12 | 2.3692843691507285E12 | 2.703131281765231E12 | 2.0425386818222405E12 | 2.1736400154844663E12 | 2.0425386818222405E12 | 7.085298941835996E-6 | 3.2190059734196764E-5 | 3.542649470951085E-7 | 1.6095029867693967E-6 | {-5.639,-8.499,-3.643,-1.600,-5.063, 4.504, 4.557,-3.118, 3.156,-2.802,-1.168,-1.264, 4.854, 1.562, 0.026,-3.755, 3.951,-3.934, 2.894,-1.863, 5.077, 0.036, 3.977, 0.470} | 0.2
StopDate:2019-06-15_08.36.18
