
### Optimization parameters 
```
!!eva2.optimization.OptimizationParameters
optimizer: !!eva2.optimization.strategies.NelderMeadSimplex
    checkRange: true
    critIndex: 0
    population: !population
        initAround: 0.1
        initMethod: individualDefault
        initPos: [0.0, 0.0, 0.0, 0.0, 0.0, 0.0, 0.0, 0.0, 0.0, 0.0]
        popMetric: !!eva2.optimization.operator.distancemetric.EuclideanMetric {normedByDblRange: false}
        seedCardinality: {head: 5, tail: 1}
        targetSize: 200
    populationSize: 200
postProcessParams: !!eva2.optimization.operator.postprocess.PostProcessParams
    PPMethod: nelderMead
    accAssumeConv: 1.0E-8
    accMaxEval: -1
    accuracies: [0.01]
    doPostProcessing: false
    postProcessClusterSigma: 0.05
    postProcessSteps: 5000
    printNBest: 10
    withPlot: false
problem: !!eva2.problems.SimpleProblemWrapper
    defaultAccuracy: 0.001
    defaultRange: 10.0
    individualTemplate: !!eva2.optimization.individuals.ESIndividualDoubleData
        areaConst4ParallelViolated: false
        crossoverOperator: !!eva2.optimization.operator.crossover.CrossoverESDefault {}
        crossoverProbability: 0.5
        initOperator: !!eva2.optimization.operator.initialization.DefaultInitialization {}
        isMarked: false
        isPenalized: false
        mutationOperator: !!eva2.optimization.operator.mutation.MutateESGlobal {crossoverType: intermediate,
            lowerLimitStepSize: 5.0E-7, mutationStepSize: 0.2, tau1: 0.15}
        mutationProbability: 1.0
    noise: 0.0
    parallelThreads: 5
    problemDimension: 24
    simpleProblem: !!uk.ac.ox.oxfish.maximization.GenericOptimization
        maximization: false
        parameters:
        - !!uk.ac.ox.oxfish.maximization.generic.CommaMapOptimizationParameter {addressToModify: fisherDefinitions$0.gear.delegate.delegate.delegate.catchabilityMap,
            maximum: 0.005, minimum: 1.0E-7, size: 4}
        - !!uk.ac.ox.oxfish.maximization.generic.SimpleOptimizationParameter {addressToModify: fisherDefinitions$0.gear.delegate.delegate.proportionSimulatedToGarbage,
            alwaysPositive: false, maximum: 0.8, minimum: 0.1}
        - !!uk.ac.ox.oxfish.maximization.generic.CommaMapOptimizationParameter {addressToModify: fisherDefinitions$1.gear.delegate.delegate.delegate.catchabilityMap,
            maximum: 5.0E-4, minimum: 1.0E-7, size: 4}
        - !!uk.ac.ox.oxfish.maximization.generic.SimpleOptimizationParameter {addressToModify: fisherDefinitions$1.gear.delegate.delegate.proportionSimulatedToGarbage,
            alwaysPositive: false, maximum: 0.8, minimum: 0.1}
        - !!uk.ac.ox.oxfish.maximization.generic.CommaMapOptimizationParameter {addressToModify: fisherDefinitions$2.gear.delegate.delegate.delegate.catchabilityMap,
            maximum: 5.0E-4, minimum: 1.0E-7, size: 4}
        - !!uk.ac.ox.oxfish.maximization.generic.SimpleOptimizationParameter {addressToModify: fisherDefinitions$2.gear.delegate.delegate.proportionSimulatedToGarbage,
            alwaysPositive: false, maximum: 0.8, minimum: 0.1}
        - !!uk.ac.ox.oxfish.maximization.generic.CommaMapOptimizationParameter {addressToModify: fisherDefinitions$3.gear.delegate.delegate.delegate.catchabilityMap,
            maximum: 5.0E-4, minimum: 1.0E-7, size: 4}
        - !!uk.ac.ox.oxfish.maximization.generic.SimpleOptimizationParameter {addressToModify: fisherDefinitions$3.gear.delegate.delegate.proportionSimulatedToGarbage,
            alwaysPositive: false, maximum: 0.8, minimum: 0.1}
        - !!uk.ac.ox.oxfish.maximization.generic.SimpleOptimizationParameter {addressToModify: biologyInitializer.factories$0.grower.distributionalWeight,
            alwaysPositive: false, maximum: 10.0, minimum: 0.5}
        - !!uk.ac.ox.oxfish.maximization.generic.SimpleOptimizationParameter {addressToModify: biologyInitializer.factories$1.grower.distributionalWeight,
            alwaysPositive: false, maximum: 10.0, minimum: 0.5}
        - !!uk.ac.ox.oxfish.maximization.generic.SimpleOptimizationParameter {addressToModify: biologyInitializer.factories$2.grower.distributionalWeight,
            alwaysPositive: false, maximum: 10.0, minimum: 0.5}
        - !!uk.ac.ox.oxfish.maximization.generic.SimpleOptimizationParameter {addressToModify: biologyInitializer.factories$3.grower.distributionalWeight,
            alwaysPositive: false, maximum: 10.0, minimum: 0.5}
        runsPerSetting: 1
        scenarioFile: /home/carrknight/code/oxfish/docs/indonesia_hub/runs/712/biomass_slice/calibration/start_lime2.yaml
        simulatedYears: 2
        targets:
        - !!uk.ac.ox.oxfish.maximization.generic.FixedDataLastStepTargetFromFile {
            exponent: 2.0, pathToCsvFile: /home/carrknight/code/oxfish/docs/indonesia_hub/runs/712/biomass_slice/calibration/targets_oneyear/Big_LL021 Lutjanus malabaricus.csv,
            yearlyDataColumnName: Lutjanus malabaricus Landings of population2}
        - !!uk.ac.ox.oxfish.maximization.generic.FixedDataLastStepTargetFromFile {
            exponent: 2.0, pathToCsvFile: /home/carrknight/code/oxfish/docs/indonesia_hub/runs/712/biomass_slice/calibration/targets_oneyear/Big_LP012 Pristipomoides multidens.csv,
            yearlyDataColumnName: Pristipomoides multidens Landings of population2}
        - !!uk.ac.ox.oxfish.maximization.generic.FixedDataLastStepTargetFromFile {
            exponent: 2.0, pathToCsvFile: /home/carrknight/code/oxfish/docs/indonesia_hub/runs/712/biomass_slice/calibration/targets_oneyear/Big_SE002 Epinephelus areolatus.csv,
            yearlyDataColumnName: Epinephelus areolatus Landings of population2}
        - !!uk.ac.ox.oxfish.maximization.generic.FixedDataLastStepTarget {columnName: Lutjanus erythropterus Landings of population2,
            exponent: 2.0, fixedTarget: 0.0}
        - !!uk.ac.ox.oxfish.maximization.generic.FixedDataLastStepTargetFromFile {
            exponent: 2.0, pathToCsvFile: /home/carrknight/code/oxfish/docs/indonesia_hub/runs/712/biomass_slice/calibration/targets_oneyear/Big_Others.csv,
            yearlyDataColumnName: Others Landings of population2}
        - !!uk.ac.ox.oxfish.maximization.generic.FixedDataLastStepTargetFromFile {
            exponent: 2.0, pathToCsvFile: /home/carrknight/code/oxfish/docs/indonesia_hub/runs/712/biomass_slice/calibration/targets_oneyear/Big_total.csv,
            yearlyDataColumnName: Total Landings of population2}
        - !!uk.ac.ox.oxfish.maximization.generic.FixedDataLastStepTargetFromFile {
            exponent: 2.0, pathToCsvFile: /home/carrknight/code/oxfish/docs/indonesia_hub/runs/712/biomass_slice/calibration/targets_oneyear/Small (5-9)_LL021 Lutjanus malabaricus.csv,
            yearlyDataColumnName: Lutjanus malabaricus Landings of population0}
        - !!uk.ac.ox.oxfish.maximization.generic.FixedDataLastStepTargetFromFile {
            exponent: 2.0, pathToCsvFile: /home/carrknight/code/oxfish/docs/indonesia_hub/runs/712/biomass_slice/calibration/targets_oneyear/Small (5-9)_LP012 Pristipomoides multidens.csv,
            yearlyDataColumnName: Pristipomoides multidens Landings of population0}
        - !!uk.ac.ox.oxfish.maximization.generic.FixedDataLastStepTargetFromFile {
            exponent: 2.0, pathToCsvFile: /home/carrknight/code/oxfish/docs/indonesia_hub/runs/712/biomass_slice/calibration/targets_oneyear/Small (5-9)_SE002 Epinephelus areolatus.csv,
            yearlyDataColumnName: Epinephelus areolatus Landings of population0}
        - !!uk.ac.ox.oxfish.maximization.generic.FixedDataLastStepTargetFromFile {
            exponent: 2.0, pathToCsvFile: /home/carrknight/code/oxfish/docs/indonesia_hub/runs/712/biomass_slice/calibration/targets_oneyear/Small (5-9)_LL017 Lutjanus erythropterus.csv,
            yearlyDataColumnName: Lutjanus erythropterus Landings of population0}
        - !!uk.ac.ox.oxfish.maximization.generic.FixedDataLastStepTargetFromFile {
            exponent: 2.0, pathToCsvFile: /home/carrknight/code/oxfish/docs/indonesia_hub/runs/712/biomass_slice/calibration/targets_oneyear/Small (5-9)_Others.csv,
            yearlyDataColumnName: Others Landings of population0}
        - !!uk.ac.ox.oxfish.maximization.generic.FixedDataLastStepTargetFromFile {
            exponent: 2.0, pathToCsvFile: /home/carrknight/code/oxfish/docs/indonesia_hub/runs/712/biomass_slice/calibration/targets_oneyear/Small (5-9)_total.csv,
            yearlyDataColumnName: Total Landings of population0}
        - !!uk.ac.ox.oxfish.maximization.generic.FixedDataLastStepTargetFromFile {
            exponent: 2.0, pathToCsvFile: /home/carrknight/code/oxfish/docs/indonesia_hub/runs/712/biomass_slice/calibration/targets_oneyear/Medium_LL021 Lutjanus malabaricus.csv,
            yearlyDataColumnName: Lutjanus malabaricus Landings of population1}
        - !!uk.ac.ox.oxfish.maximization.generic.FixedDataLastStepTargetFromFile {
            exponent: 2.0, pathToCsvFile: /home/carrknight/code/oxfish/docs/indonesia_hub/runs/712/biomass_slice/calibration/targets_oneyear/Medium_LP012 Pristipomoides multidens.csv,
            yearlyDataColumnName: Pristipomoides multidens Landings of population1}
        - !!uk.ac.ox.oxfish.maximization.generic.FixedDataLastStepTargetFromFile {
            exponent: 2.0, pathToCsvFile: /home/carrknight/code/oxfish/docs/indonesia_hub/runs/712/biomass_slice/calibration/targets_oneyear/Medium_SE002 Epinephelus areolatus.csv,
            yearlyDataColumnName: Epinephelus areolatus Landings of population1}
        - !!uk.ac.ox.oxfish.maximization.generic.FixedDataLastStepTargetFromFile {
            exponent: 2.0, pathToCsvFile: /home/carrknight/code/oxfish/docs/indonesia_hub/runs/712/biomass_slice/calibration/targets_oneyear/Medium_LL017 Lutjanus erythropterus.csv,
            yearlyDataColumnName: Lutjanus erythropterus Landings of population1}
        - !!uk.ac.ox.oxfish.maximization.generic.FixedDataLastStepTargetFromFile {
            exponent: 2.0, pathToCsvFile: /home/carrknight/code/oxfish/docs/indonesia_hub/runs/712/biomass_slice/calibration/targets_oneyear/Medium_Others.csv,
            yearlyDataColumnName: Others Landings of population1}
        - !!uk.ac.ox.oxfish.maximization.generic.FixedDataLastStepTargetFromFile {
            exponent: 2.0, pathToCsvFile: /home/carrknight/code/oxfish/docs/indonesia_hub/runs/712/biomass_slice/calibration/targets_oneyear/Medium_total.csv,
            yearlyDataColumnName: Total Landings of population1}
        - !!uk.ac.ox.oxfish.maximization.generic.FixedDataLastStepTargetFromFile {
            exponent: 2.0, pathToCsvFile: /home/carrknight/code/oxfish/docs/indonesia_hub/runs/712/biomass_slice/calibration/targets_oneyear/Small (10-14)_LL021 Lutjanus malabaricus.csv,
            yearlyDataColumnName: Lutjanus malabaricus Landings of population3}
        - !!uk.ac.ox.oxfish.maximization.generic.FixedDataLastStepTargetFromFile {
            exponent: 2.0, pathToCsvFile: /home/carrknight/code/oxfish/docs/indonesia_hub/runs/712/biomass_slice/calibration/targets_oneyear/Small (10-14)_LP012 Pristipomoides multidens.csv,
            yearlyDataColumnName: Pristipomoides multidens Landings of population3}
        - !!uk.ac.ox.oxfish.maximization.generic.FixedDataLastStepTargetFromFile {
            exponent: 2.0, pathToCsvFile: /home/carrknight/code/oxfish/docs/indonesia_hub/runs/712/biomass_slice/calibration/targets_oneyear/Small (10-14)_SE002 Epinephelus areolatus.csv,
            yearlyDataColumnName: Epinephelus areolatus Landings of population3}
        - !!uk.ac.ox.oxfish.maximization.generic.FixedDataLastStepTargetFromFile {
            exponent: 2.0, pathToCsvFile: /home/carrknight/code/oxfish/docs/indonesia_hub/runs/712/biomass_slice/calibration/targets_oneyear/Small (10-14)_LL017 Lutjanus erythropterus.csv,
            yearlyDataColumnName: Lutjanus erythropterus Landings of population3}
        - !!uk.ac.ox.oxfish.maximization.generic.FixedDataLastStepTargetFromFile {
            exponent: 2.0, pathToCsvFile: /home/carrknight/code/oxfish/docs/indonesia_hub/runs/712/biomass_slice/calibration/targets_oneyear/Small (10-14)_Others.csv,
            yearlyDataColumnName: Others Landings of population3}
        - !!uk.ac.ox.oxfish.maximization.generic.FixedDataLastStepTargetFromFile {
            exponent: 2.0, pathToCsvFile: /home/carrknight/code/oxfish/docs/indonesia_hub/runs/712/biomass_slice/calibration/targets_oneyear/Small (10-14)_total.csv,
            yearlyDataColumnName: Total Landings of population3}
        - !!uk.ac.ox.oxfish.maximization.generic.FixedDataLastStepTargetFromFile {
            exponent: 2.0, pathToCsvFile: /home/carrknight/code/oxfish/docs/indonesia_hub/runs/712/biomass_slice/calibration/targets_oneyear/all_landings_LL021 Lutjanus malabaricus.csv,
            yearlyDataColumnName: Lutjanus malabaricus Landings}
        - !!uk.ac.ox.oxfish.maximization.generic.FixedDataLastStepTargetFromFile {
            exponent: 2.0, pathToCsvFile: /home/carrknight/code/oxfish/docs/indonesia_hub/runs/712/biomass_slice/calibration/targets_oneyear/all_landings_LP012 Pristipomoides multidens.csv,
            yearlyDataColumnName: Pristipomoides multidens Landings}
        - !!uk.ac.ox.oxfish.maximization.generic.FixedDataLastStepTargetFromFile {
            exponent: 2.0, pathToCsvFile: /home/carrknight/code/oxfish/docs/indonesia_hub/runs/712/biomass_slice/calibration/targets_oneyear/all_landings_SE002 Epinephelus areolatus.csv,
            yearlyDataColumnName: Epinephelus areolatus Landings}
        - !!uk.ac.ox.oxfish.maximization.generic.FixedDataLastStepTargetFromFile {
            exponent: 2.0, pathToCsvFile: /home/carrknight/code/oxfish/docs/indonesia_hub/runs/712/biomass_slice/calibration/targets_oneyear/all_landings_LL017 Lutjanus erythropterus.csv,
            yearlyDataColumnName: Lutjanus erythropterus Landings}
randomSeed: 0
terminator: !!eva2.optimization.operator.terminators.EvaluationTerminator {fitnessCalls: 50000}

```

## Multirun 1
| FunctionCalls | currentBest | meanFit | solution | 
| --- | --- | --- | --- | 
| 200 | 2.6895521296510435E12 | 3.1685236913602914E13 | {-1.267,-8.199, 2.548,-6.456,-7.201,-1.937, 0.073,-5.700, 5.619,-5.432, 1.419, 2.428,-3.056, 2.198,-6.786, 7.132, 8.754, 7.208,-2.047, 1.687,-1.854,-5.245, 8.253,-1.079} | 
| 400 | 2.5943511379726035E12 | 1.174214361167243E13 | {-1.879,-8.138, 2.294, 6.381,-5.035, 7.166, 2.476,-0.658,-8.898,-0.652,-0.409, 3.662, 5.305,-6.934,-3.975, 7.131, 7.734,-9.170,-4.572, 1.874, 3.037, 8.441, 9.399,-3.829} | 
| 600 | 2.1684903111133447E12 | 7.612615603775089E12 | {-1.209,-8.851,-3.377,-0.394,-6.761, 8.220, 4.331, 0.598,-8.948,-0.251,-4.432, 6.177,-1.760,-7.530,-1.973,-0.562, 4.693,-8.566,-0.482, 5.669, 2.774, 3.238, 3.194,-5.114} | 
| 800 | 1.865273577053284E12 | 4.881038620288371E12 | {-1.879,-8.138, 2.294, 6.381,-5.035, 7.166, 2.476,-0.658,-8.898,-0.652,-0.409, 3.662, 5.305,-6.934,-3.975, 7.131, 7.734,-9.170,-4.572, 1.874, 3.037, 8.441, 9.399,-3.829} | 
| 1000 | 2.0745288780731365E12 | 3.744776452427832E12 | {-1.608,-8.369, 0.481, 6.781,-6.195, 5.955,-0.374, 1.526,-6.874, 1.509,-2.365, 4.872, 5.483,-3.589,-5.036, 7.080, 5.963,-5.379,-3.366, 1.730, 1.560, 4.940, 9.512,-0.406} | 
| 1200 | 2.0745288780731365E12 | 2.840831287412333E12 | {-1.608,-8.369, 0.481, 6.781,-6.195, 5.955,-0.374, 1.526,-6.874, 1.509,-2.365, 4.872, 5.483,-3.589,-5.036, 7.080, 5.963,-5.379,-3.366, 1.730, 1.560, 4.940, 9.512,-0.406} | 
| 1400 | 1.9439546074858794E12 | 2.556837512556358E12 | {-1.889,-7.897, 0.793, 4.590,-5.810, 6.520, 1.254,-0.970,-6.898,-0.256,-1.258, 3.534, 4.418,-5.750,-3.417, 5.256, 6.567,-6.944,-3.195, 1.883, 1.756, 6.520, 7.269,-2.170} | 
| 1600 | 2.008675953903589E12 | 2.6154424748808086E12 | {-2.024,-8.091, 1.975, 3.551,-5.984, 6.611, 1.428,-0.800,-7.203, 0.379,-0.261, 3.415, 3.801,-4.842,-3.400, 5.475, 5.632,-7.905,-2.738, 2.181, 2.599, 4.942, 7.476,-3.197} | 
| 1800 | 1.9072738786207437E12 | 2.4258418587034146E12 | {-1.211,-8.557, 1.043, 4.441,-5.967, 6.323, 1.767,-0.626,-7.165,-0.005,-1.014, 3.845, 4.185,-5.279,-3.137, 5.576, 6.362,-6.992,-3.425, 1.518, 2.001, 5.957, 7.516,-2.493} | 
| 2000 | 1.9742643608354543E12 | 2.3668042620975566E12 | {-1.192,-8.553, 1.039, 4.131,-6.180, 6.382, 1.680,-0.522,-7.129, 0.060,-1.215, 3.903, 4.067,-5.235,-3.246, 5.756, 6.499,-7.010,-3.228, 1.494, 1.792, 6.104, 7.538,-2.389} | 
| 2200 | 1.8962283913045632E12 | 2.3864258686321543E12 | {-1.117,-8.627, 1.068, 4.125,-6.089, 6.311, 1.658,-0.555,-7.159, 0.053,-1.185, 3.817, 4.075,-5.286,-3.265, 5.696, 6.452,-7.012,-3.316, 1.440, 1.798, 6.016, 7.454,-2.428} | 
| 2400 | 1.9490855427744404E12 | 2.4003754972650063E12 | {-1.159,-8.591, 1.055, 4.206,-6.081, 6.332, 1.691,-0.564,-7.153, 0.040,-1.150, 3.846, 4.101,-5.272,-3.229, 5.681, 6.441,-7.007,-3.322, 1.473, 1.847, 6.023, 7.491,-2.434} | 
| 2600 | 1.931463087546693E12 | 2.3898547703667363E12 | {-1.178,-8.590, 1.114, 4.177,-6.098, 6.370, 1.657,-0.573,-7.186, 0.028,-1.184, 3.892, 4.080,-5.290,-3.315, 5.657, 6.453,-7.004,-3.304, 1.444, 1.825, 5.997, 7.523,-2.434} | 
| 2800 | 1.931463087546693E12 | 2.358528424328609E12 | {-1.178,-8.590, 1.114, 4.177,-6.098, 6.370, 1.657,-0.573,-7.186, 0.028,-1.184, 3.892, 4.080,-5.290,-3.315, 5.657, 6.453,-7.004,-3.304, 1.444, 1.825, 5.997, 7.523,-2.434} | 
| 3000 | 1.9953386143239856E12 | 2.3469625493377544E12 | {-1.164,-8.599, 1.089, 4.176,-6.101, 6.358, 1.698,-0.548,-7.179, 0.024,-1.158, 3.866, 4.115,-5.254,-3.280, 5.657, 6.474,-7.037,-3.311, 1.471, 1.827, 6.024, 7.495,-2.419} | 
| 3200 | 2.027343815504965E12 | 2.373250381794169E12 | {-1.171,-8.596, 1.098, 4.183,-6.098, 6.365, 1.689,-0.551,-7.184, 0.015,-1.161, 3.865, 4.107,-5.265,-3.293, 5.655, 6.464,-7.028,-3.308, 1.469, 1.829, 6.018, 7.500,-2.424} | 
| 3400 | 1.9834534134737705E12 | 2.40687439044176E12 | {-1.170,-8.594, 1.097, 4.181,-6.098, 6.362, 1.690,-0.552,-7.182, 0.020,-1.164, 3.871, 4.105,-5.263,-3.293, 5.657, 6.467,-7.028,-3.307, 1.467, 1.829, 6.018, 7.499,-2.422} | 
| 3600 | 1.9381864588984126E12 | 2.3844338611877705E12 | {-1.170,-8.595, 1.096, 4.180,-6.098, 6.361, 1.691,-0.551,-7.179, 0.019,-1.163, 3.867, 4.105,-5.263,-3.290, 5.655, 6.468,-7.027,-3.305, 1.469, 1.829, 6.016, 7.502,-2.424} | 
| 3800 | 2.0178760290095408E12 | 2.3897108062674775E12 | {-1.170,-8.594, 1.096, 4.180,-6.098, 6.361, 1.691,-0.551,-7.181, 0.020,-1.163, 3.869, 4.106,-5.263,-3.291, 5.656, 6.467,-7.027,-3.307, 1.468, 1.829, 6.017, 7.501,-2.423} | 
| 4000 | 1.9479663628017766E12 | 2.3518210843696367E12 | {-1.170,-8.595, 1.097, 4.181,-6.098, 6.361, 1.689,-0.552,-7.180, 0.020,-1.164, 3.868, 4.106,-5.263,-3.290, 5.656, 6.467,-7.027,-3.307, 1.467, 1.830, 6.017, 7.501,-2.424} | 
| 4200 | 1.9334236796520864E12 | 2.3687094863930522E12 | {-1.170,-8.595, 1.097, 4.181,-6.098, 6.362, 1.691,-0.551,-7.179, 0.020,-1.165, 3.868, 4.106,-5.264,-3.291, 5.656, 6.468,-7.028,-3.306, 1.467, 1.830, 6.018, 7.501,-2.423} | 
 Termination message: Not terminated.
 Function calls run: 4200, sum: 4200
* Last best ind.: eva2.optimization.individuals.ESIndividualDoubleData{DGenotype=[ -1.1696281517566003 -8.595217081047352 1.0970731333913608 4.180541115671195 -6.098159427429792 6.361811481050646 1.6906619774528597 -0.5512958916670457 -7.178811398559016 0.020144743701657596 -1.1654253984021261 3.8679581852572893 4.1057939849009255 -5.263785196584545 -3.2913387648387338 5.65608890528152 6.468341622450238 -7.027642611925064 -3.3056554994180627 1.4668653509377523 1.8295181077345168 6.018055051791424 7.500557450815787 -2.422658424973368 ]; age=34; crossoverOperator=eva2.optimization.operator.crossover.CrossoverESDefault{}; crossoverProbability=0.5; doubleRange=[ [ -10.0 10.0 ] [ -10.0 10.0 ] [ -10.0 10.0 ] [ -10.0 10.0 ] [ -10.0 10.0 ] [ -10.0 10.0 ] [ -10.0 10.0 ] [ -10.0 10.0 ] [ -10.0 10.0 ] [ -10.0 10.0 ] [ -10.0 10.0 ] [ -10.0 10.0 ] [ -10.0 10.0 ] [ -10.0 10.0 ] [ -10.0 10.0 ] [ -10.0 10.0 ] [ -10.0 10.0 ] [ -10.0 10.0 ] [ -10.0 10.0 ] [ -10.0 10.0 ] [ -10.0 10.0 ] [ -10.0 10.0 ] [ -10.0 10.0 ] [ -10.0 10.0 ] ]; fitness=[ 1.9334236796520864E12 ]; individualIndex=-1; initOperator=eva2.optimization.operator.initialization.DefaultInitialization{}; marked=false; mutationOperator=eva2.optimization.operator.mutation.MutateESGlobal{crossoverType=intermediate; lowerLimitStepSize=5.0E-7; mutationStepSize=0.2; tau1=0.15; }; mutationProbability=1.0; selectionProbability=[ 0.0 ]; }
         solution data	: {-1.170,-8.595, 1.097, 4.181,-6.098, 6.362, 1.691,-0.551,-7.179, 0.020,-1.165, 3.868, 4.106,-5.264,-3.291, 5.656, 6.468,-7.028,-3.306, 1.467, 1.830, 6.018, 7.501,-2.423}
         solution fit	: [ 1.9334236796520864E12 ]
* Run best ind.: eva2.optimization.individuals.ESIndividualDoubleData{DGenotype=[ -1.8790311895428369 -8.137743583906826 2.294252742319473 6.3811657621866535 -5.0353139219201 7.165516475295568 2.475694136581831 -0.6581683401659051 -8.897955273325493 -0.6516182730609916 -0.4091059018045069 3.6624066578432313 5.3052953290464995 -6.934217651019219 -3.9746320544605114 7.130878078194319 7.734146437244236 -9.169794625201332 -4.572109247300265 1.874186191782438 3.037364792234961 8.441281917047492 9.399221123765415 -3.829106352800518 ]; age=8; crossoverOperator=eva2.optimization.operator.crossover.CrossoverESDefault{}; crossoverProbability=0.5; doubleRange=[ [ -10.0 10.0 ] [ -10.0 10.0 ] [ -10.0 10.0 ] [ -10.0 10.0 ] [ -10.0 10.0 ] [ -10.0 10.0 ] [ -10.0 10.0 ] [ -10.0 10.0 ] [ -10.0 10.0 ] [ -10.0 10.0 ] [ -10.0 10.0 ] [ -10.0 10.0 ] [ -10.0 10.0 ] [ -10.0 10.0 ] [ -10.0 10.0 ] [ -10.0 10.0 ] [ -10.0 10.0 ] [ -10.0 10.0 ] [ -10.0 10.0 ] [ -10.0 10.0 ] [ -10.0 10.0 ] [ -10.0 10.0 ] [ -10.0 10.0 ] [ -10.0 10.0 ] ]; fitness=[ 1.865273577053284E12 ]; individualIndex=-1; initOperator=eva2.optimization.operator.initialization.DefaultInitialization{}; marked=false; mutationOperator=eva2.optimization.operator.mutation.MutateESGlobal{crossoverType=intermediate; lowerLimitStepSize=5.0E-7; mutationStepSize=0.2; tau1=0.15; }; mutationProbability=1.0; selectionProbability=[ 0.0 ]; }
         solution data	: {-1.879,-8.138, 2.294, 6.381,-5.035, 7.166, 2.476,-0.658,-8.898,-0.652,-0.409, 3.662, 5.305,-6.934,-3.975, 7.131, 7.734,-9.170,-4.572, 1.874, 3.037, 8.441, 9.399,-3.829}
         solution fit	: [ 1.865273577053284E12 ]
 Feasible ind. found after 200 evaluations.
 Solution correlations (min,max,avg,med,var): [ 0.9999999620208829 0.9999999998416796 0.9999999930173196 0.9999999944207423 2.1389121629634694E-14 ]
* Run best feasible individual equals best individual.
### Resulting population 
Fit.:	[ 2.4994519056250938E12 ], ID: 10099,	{-1.170,-8.596, 1.097, 4.181,-6.097, 6.361, 1.690,-0.551,-7.179, 0.019,-1.164, 3.867, 4.106,-5.263,-3.290, 5.655, 6.467,-7.026,-3.306, 1.466, 1.830, 6.018, 7.501,-2.422}  
Fit.:	[ 2.4693305499419385E12 ], ID: 10378,	{-1.170,-8.595, 1.096, 4.181,-6.097, 6.362, 1.690,-0.552,-7.179, 0.020,-1.164, 3.867, 4.106,-5.263,-3.290, 5.656, 6.468,-7.027,-3.306, 1.467, 1.829, 6.017, 7.501,-2.423}  
Fit.:	[ 2.3716202122602627E12 ], ID: 10834,	{-1.170,-8.596, 1.095, 4.180,-6.098, 6.362, 1.692,-0.552,-7.179, 0.021,-1.164, 3.867, 4.107,-5.263,-3.290, 5.655, 6.468,-7.027,-3.306, 1.466, 1.830, 6.018, 7.501,-2.424}  
Fit.:	[ 2.3458033958460405E12 ], ID: 10113,	{-1.170,-8.595, 1.095, 4.182,-6.097, 6.362, 1.691,-0.552,-7.179, 0.019,-1.165, 3.867, 4.106,-5.263,-3.290, 5.657, 6.468,-7.027,-3.306, 1.467, 1.829, 6.016, 7.500,-2.423}  
Fit.:	[ 2.4558997927895938E12 ], ID: 8861,	{-1.170,-8.595, 1.096, 4.181,-6.098, 6.362, 1.691,-0.552,-7.180, 0.020,-1.164, 3.867, 4.106,-5.263,-3.290, 5.656, 6.468,-7.027,-3.306, 1.467, 1.830, 6.017, 7.500,-2.423}  
Fit.:	[ 2.342870370188103E12 ], ID: 10616,	{-1.170,-8.595, 1.096, 4.181,-6.098, 6.362, 1.690,-0.552,-7.180, 0.020,-1.165, 3.868, 4.106,-5.263,-3.290, 5.656, 6.468,-7.027,-3.306, 1.467, 1.829, 6.017, 7.501,-2.423}  
Fit.:	[ 2.4721780748041606E12 ], ID: 12017,	{-1.170,-8.595, 1.096, 4.181,-6.098, 6.362, 1.690,-0.552,-7.180, 0.020,-1.164, 3.867, 4.107,-5.262,-3.290, 5.655, 6.467,-7.027,-3.306, 1.467, 1.829, 6.017, 7.500,-2.422}  
Fit.:	[ 2.433446512017236E12 ], ID: 12062,	{-1.170,-8.595, 1.096, 4.181,-6.098, 6.362, 1.690,-0.551,-7.179, 0.020,-1.164, 3.867, 4.106,-5.263,-3.290, 5.657, 6.468,-7.027,-3.306, 1.467, 1.829, 6.017, 7.501,-2.423}  
Fit.:	[ 2.0843928937626895E12 ], ID: 10599,	{-1.170,-8.595, 1.096, 4.181,-6.098, 6.362, 1.690,-0.552,-7.179, 0.020,-1.165, 3.868, 4.106,-5.263,-3.290, 5.656, 6.467,-7.027,-3.307, 1.467, 1.830, 6.017, 7.501,-2.423}  
Fit.:	[ 2.1843296120216052E12 ], ID: 10595,	{-1.170,-8.595, 1.096, 4.181,-6.098, 6.362, 1.690,-0.551,-7.180, 0.020,-1.164, 3.868, 4.106,-5.263,-3.290, 5.657, 6.467,-7.027,-3.307, 1.467, 1.830, 6.017, 7.500,-2.423}  
Fit.:	[ 2.2307428523941445E12 ], ID: 8383,	{-1.170,-8.595, 1.096, 4.181,-6.097, 6.361, 1.690,-0.552,-7.180, 0.018,-1.164, 3.867, 4.106,-5.263,-3.291, 5.657, 6.468,-7.028,-3.307, 1.467, 1.829, 6.016, 7.501,-2.422}  
Fit.:	[ 2.4965300009877E12 ], ID: 12301,	{-1.170,-8.595, 1.096, 4.181,-6.098, 6.362, 1.690,-0.551,-7.180, 0.020,-1.164, 3.868, 4.107,-5.263,-3.290, 5.656, 6.467,-7.027,-3.307, 1.467, 1.829, 6.017, 7.500,-2.423}  
Fit.:	[ 2.418387009194036E12 ], ID: 12032,	{-1.170,-8.596, 1.096, 4.182,-6.097, 6.363, 1.691,-0.552,-7.179, 0.019,-1.165, 3.867, 4.107,-5.262,-3.289, 5.657, 6.468,-7.026,-3.306, 1.466, 1.831, 6.017, 7.500,-2.422}  
Fit.:	[ 2.251110959705218E12 ], ID: 12513,	{-1.170,-8.595, 1.096, 4.181,-6.098, 6.362, 1.691,-0.551,-7.180, 0.019,-1.164, 3.868, 4.106,-5.263,-3.290, 5.656, 6.468,-7.027,-3.306, 1.467, 1.830, 6.017, 7.500,-2.423}  
Fit.:	[ 2.370367196103022E12 ], ID: 8867,	{-1.170,-8.595, 1.096, 4.181,-6.098, 6.362, 1.690,-0.552,-7.180, 0.019,-1.164, 3.868, 4.106,-5.263,-3.290, 5.656, 6.468,-7.027,-3.306, 1.467, 1.830, 6.017, 7.500,-2.423}  
Fit.:	[ 2.524802740605806E12 ], ID: 12299,	{-1.170,-8.595, 1.096, 4.181,-6.098, 6.362, 1.690,-0.551,-7.179, 0.019,-1.164, 3.868, 4.106,-5.263,-3.290, 5.656, 6.467,-7.027,-3.306, 1.467, 1.830, 6.017, 7.500,-2.423}  
Fit.:	[ 2.302780475738151E12 ], ID: 12283,	{-1.170,-8.595, 1.097, 4.181,-6.098, 6.362, 1.690,-0.551,-7.180, 0.020,-1.165, 3.867, 4.106,-5.263,-3.291, 5.656, 6.468,-7.028,-3.306, 1.467, 1.830, 6.018, 7.501,-2.423}  
Fit.:	[ 2.2672399045188286E12 ], ID: 12044,	{-1.170,-8.596, 1.095, 4.182,-6.098, 6.362, 1.690,-0.552,-7.179, 0.019,-1.164, 3.868, 4.106,-5.262,-3.291, 5.656, 6.468,-7.028,-3.306, 1.466, 1.829, 6.018, 7.501,-2.422}  
Fit.:	[ 2.487743991034284E12 ], ID: 10872,	{-1.170,-8.595, 1.096, 4.181,-6.098, 6.362, 1.691,-0.551,-7.179, 0.020,-1.164, 3.868, 4.106,-5.263,-3.290, 5.656, 6.468,-7.027,-3.306, 1.467, 1.829, 6.017, 7.500,-2.423}  
Fit.:	[ 2.3672453544850996E12 ], ID: 9624,	{-1.170,-8.595, 1.096, 4.181,-6.098, 6.362, 1.691,-0.552,-7.180, 0.019,-1.164, 3.868, 4.106,-5.263,-3.290, 5.656, 6.467,-7.027,-3.307, 1.467, 1.830, 6.017, 7.501,-2.423}  
Fit.:	[ 2.305614741100269E12 ], ID: 12506,	{-1.170,-8.595, 1.096, 4.181,-6.097, 6.362, 1.691,-0.551,-7.179, 0.019,-1.164, 3.868, 4.107,-5.262,-3.290, 5.656, 6.468,-7.027,-3.306, 1.467, 1.830, 6.018, 7.501,-2.422}  
Fit.:	[ 2.4887326509299326E12 ], ID: 9302,	{-1.170,-8.595, 1.096, 4.181,-6.099, 6.364, 1.689,-0.552,-7.179, 0.019,-1.164, 3.867, 4.107,-5.262,-3.291, 5.657, 6.467,-7.028,-3.306, 1.467, 1.830, 6.017, 7.502,-2.422}  
Fit.:	[ 2.5141409654473823E12 ], ID: 10146,	{-1.170,-8.595, 1.095, 4.180,-6.098, 6.361, 1.690,-0.551,-7.180, 0.020,-1.165, 3.868, 4.106,-5.262,-3.290, 5.657, 6.467,-7.026,-3.306, 1.466, 1.830, 6.017, 7.501,-2.423}  
Fit.:	[ 2.4041487805522095E12 ], ID: 10138,	{-1.170,-8.595, 1.096, 4.181,-6.098, 6.362, 1.690,-0.552,-7.179, 0.019,-1.164, 3.867, 4.106,-5.263,-3.290, 5.656, 6.468,-7.027,-3.306, 1.467, 1.830, 6.017, 7.501,-2.423}  
Fit.:	[ 2.381460650063069E12 ], ID: 11308,	{-1.170,-8.596, 1.096, 4.181,-6.098, 6.362, 1.690,-0.551,-7.180, 0.020,-1.165, 3.868, 4.106,-5.262,-3.290, 5.656, 6.468,-7.027,-3.307, 1.466, 1.830, 6.018, 7.500,-2.422}  
Fit.:	[ 2.369439201723588E12 ], ID: 11557,	{-1.170,-8.596, 1.096, 4.181,-6.097, 6.362, 1.690,-0.551,-7.180, 0.020,-1.164, 3.868, 4.106,-5.263,-3.290, 5.656, 6.467,-7.027,-3.306, 1.467, 1.829, 6.017, 7.500,-2.423}  
Fit.:	[ 2.409533014421253E12 ], ID: 10609,	{-1.170,-8.595, 1.096, 4.181,-6.098, 6.362, 1.691,-0.551,-7.180, 0.019,-1.164, 3.868, 4.106,-5.262,-3.290, 5.656, 6.468,-7.027,-3.306, 1.467, 1.830, 6.017, 7.500,-2.423}  
Fit.:	[ 2.3220472123786006E12 ], ID: 11548,	{-1.170,-8.595, 1.096, 4.181,-6.097, 6.362, 1.691,-0.552,-7.180, 0.019,-1.164, 3.868, 4.106,-5.263,-3.290, 5.656, 6.468,-7.027,-3.307, 1.467, 1.830, 6.017, 7.500,-2.423}  
Fit.:	[ 2.1317892671717507E12 ], ID: 12272,	{-1.170,-8.595, 1.096, 4.181,-6.097, 6.362, 1.691,-0.551,-7.180, 0.020,-1.164, 3.868, 4.106,-5.263,-3.291, 5.656, 6.467,-7.028,-3.306, 1.467, 1.829, 6.017, 7.500,-2.423}  
Fit.:	[ 2.449169169811727E12 ], ID: 10867,	{-1.170,-8.596, 1.097, 4.180,-6.097, 6.362, 1.690,-0.551,-7.179, 0.019,-1.164, 3.868, 4.106,-5.262,-3.291, 5.656, 6.467,-7.028,-3.307, 1.466, 1.831, 6.017, 7.502,-2.424}  
Fit.:	[ 2.3756566569498174E12 ], ID: 11553,	{-1.170,-8.595, 1.097, 4.181,-6.098, 6.362, 1.690,-0.551,-7.180, 0.020,-1.165, 3.868, 4.107,-5.263,-3.291, 5.656, 6.468,-7.027,-3.306, 1.467, 1.829, 6.017, 7.500,-2.423}  
Fit.:	[ 2.048318513435769E12 ], ID: 12278,	{-1.170,-8.595, 1.096, 4.181,-6.097, 6.362, 1.691,-0.551,-7.179, 0.020,-1.164, 3.868, 4.106,-5.262,-3.290, 5.657, 6.467,-7.027,-3.307, 1.467, 1.830, 6.017, 7.501,-2.423}  
Fit.:	[ 2.320458402117868E12 ], ID: 11549,	{-1.170,-8.595, 1.097, 4.181,-6.097, 6.362, 1.690,-0.552,-7.179, 0.019,-1.164, 3.868, 4.106,-5.263,-3.290, 5.656, 6.467,-7.026,-3.306, 1.466, 1.830, 6.017, 7.501,-2.422}  
Fit.:	[ 2.5121395986700215E12 ], ID: 12039,	{-1.170,-8.596, 1.097, 4.182,-6.098, 6.363, 1.690,-0.552,-7.180, 0.019,-1.165, 3.867, 4.107,-5.262,-3.290, 5.655, 6.467,-7.026,-3.306, 1.466, 1.830, 6.016, 7.501,-2.423}  
Fit.:	[ 2.212750421154321E12 ], ID: 12012,	{-1.169,-8.596, 1.096, 4.181,-6.098, 6.363, 1.691,-0.553,-7.179, 0.020,-1.164, 3.867, 4.107,-5.262,-3.291, 5.657, 6.468,-7.027,-3.306, 1.468, 1.829, 6.017, 7.501,-2.422}  
Fit.:	[ 2.4677848187846235E12 ], ID: 11779,	{-1.170,-8.595, 1.096, 4.181,-6.098, 6.362, 1.691,-0.551,-7.179, 0.020,-1.164, 3.868, 4.106,-5.262,-3.290, 5.656, 6.468,-7.027,-3.307, 1.467, 1.830, 6.017, 7.500,-2.423}  
Fit.:	[ 2.3634385673779897E12 ], ID: 12505,	{-1.170,-8.595, 1.097, 4.181,-6.098, 6.363, 1.689,-0.551,-7.179, 0.019,-1.165, 3.866, 4.105,-5.262,-3.291, 5.657, 6.466,-7.028,-3.305, 1.467, 1.828, 6.018, 7.501,-2.422}  
Fit.:	[ 2.412850136040574E12 ], ID: 12021,	{-1.170,-8.595, 1.097, 4.181,-6.098, 6.362, 1.691,-0.552,-7.180, 0.019,-1.164, 3.868, 4.106,-5.263,-3.290, 5.656, 6.467,-7.027,-3.306, 1.467, 1.830, 6.017, 7.500,-2.423}  
Fit.:	[ 2.3567531602923535E12 ], ID: 12016,	{-1.170,-8.595, 1.096, 4.181,-6.098, 6.363, 1.691,-0.552,-7.180, 0.021,-1.164, 3.868, 4.106,-5.262,-3.291, 5.657, 6.467,-7.028,-3.307, 1.467, 1.829, 6.018, 7.500,-2.422}  
Fit.:	[ 2.479705206509513E12 ], ID: 9889,	{-1.170,-8.596, 1.096, 4.181,-6.098, 6.363, 1.690,-0.552,-7.180, 0.019,-1.165, 3.868, 4.106,-5.263,-3.291, 5.657, 6.468,-7.027,-3.307, 1.467, 1.830, 6.017, 7.501,-2.423}  
Fit.:	[ 2.241663228082411E12 ], ID: 12515,	{-1.170,-8.595, 1.096, 4.181,-6.098, 6.362, 1.691,-0.551,-7.180, 0.020,-1.164, 3.868, 4.106,-5.263,-3.290, 5.656, 6.468,-7.027,-3.306, 1.467, 1.830, 6.017, 7.501,-2.423}  
Fit.:	[ 1.9334236796520864E12 ], ID: 8710,	{-1.170,-8.595, 1.097, 4.181,-6.098, 6.362, 1.691,-0.551,-7.179, 0.020,-1.165, 3.868, 4.106,-5.264,-3.291, 5.656, 6.468,-7.028,-3.306, 1.467, 1.830, 6.018, 7.501,-2.423}  
Fit.:	[ 2.435143779863949E12 ], ID: 11552,	{-1.170,-8.595, 1.096, 4.181,-6.097, 6.363, 1.691,-0.552,-7.180, 0.019,-1.164, 3.868, 4.107,-5.262,-3.291, 5.656, 6.468,-7.028,-3.306, 1.468, 1.829, 6.018, 7.500,-2.423}  
Fit.:	[ 2.3843357005888916E12 ], ID: 12287,	{-1.170,-8.595, 1.096, 4.181,-6.098, 6.362, 1.690,-0.551,-7.180, 0.020,-1.164, 3.868, 4.106,-5.263,-3.290, 5.656, 6.467,-7.027,-3.306, 1.467, 1.830, 6.017, 7.501,-2.423}  
Fit.:	[ 2.1891168505039795E12 ], ID: 9340,	{-1.170,-8.595, 1.096, 4.181,-6.098, 6.362, 1.690,-0.551,-7.180, 0.020,-1.164, 3.868, 4.106,-5.263,-3.290, 5.656, 6.468,-7.027,-3.306, 1.467, 1.830, 6.017, 7.500,-2.423}  
Fit.:	[ 2.433273065117634E12 ], ID: 10130,	{-1.170,-8.595, 1.096, 4.181,-6.097, 6.362, 1.691,-0.552,-7.179, 0.020,-1.165, 3.868, 4.107,-5.263,-3.290, 5.656, 6.468,-7.026,-3.306, 1.468, 1.830, 6.017, 7.500,-2.423}  
Fit.:	[ 2.1366622006865474E12 ], ID: 12271,	{-1.170,-8.595, 1.096, 4.181,-6.098, 6.362, 1.690,-0.551,-7.179, 0.019,-1.164, 3.867, 4.106,-5.262,-3.290, 5.656, 6.468,-7.027,-3.306, 1.467, 1.830, 6.017, 7.501,-2.423}  
Fit.:	[ 2.418303899774039E12 ], ID: 11305,	{-1.170,-8.595, 1.096, 4.181,-6.098, 6.362, 1.690,-0.552,-7.180, 0.020,-1.164, 3.868, 4.106,-5.263,-3.290, 5.656, 6.467,-7.027,-3.306, 1.467, 1.830, 6.017, 7.501,-2.423}  
Fit.:	[ 2.3819566203052637E12 ], ID: 8752,	{-1.170,-8.595, 1.096, 4.181,-6.098, 6.362, 1.690,-0.551,-7.180, 0.019,-1.164, 3.868, 4.106,-5.263,-3.290, 5.656, 6.467,-7.027,-3.307, 1.467, 1.830, 6.017, 7.500,-2.423}  
Fit.:	[ 2.4832855189134136E12 ], ID: 12057,	{-1.170,-8.596, 1.096, 4.181,-6.098, 6.362, 1.690,-0.552,-7.180, 0.019,-1.164, 3.868, 4.106,-5.263,-3.290, 5.656, 6.467,-7.027,-3.307, 1.468, 1.830, 6.017, 7.500,-2.423}  
Fit.:	[ 2.534440974432001E12 ], ID: 10094,	{-1.170,-8.595, 1.096, 4.181,-6.098, 6.362, 1.690,-0.552,-7.180, 0.020,-1.164, 3.868, 4.106,-5.262,-3.290, 5.656, 6.468,-7.027,-3.306, 1.467, 1.830, 6.017, 7.501,-2.423}  
Fit.:	[ 2.4932741624083857E12 ], ID: 10140,	{-1.170,-8.595, 1.096, 4.181,-6.097, 6.362, 1.691,-0.551,-7.180, 0.020,-1.164, 3.868, 4.107,-5.262,-3.291, 5.656, 6.467,-7.027,-3.307, 1.466, 1.829, 6.016, 7.501,-2.423}  
Fit.:	[ 2.421699825526214E12 ], ID: 12516,	{-1.170,-8.595, 1.096, 4.181,-6.098, 6.362, 1.690,-0.551,-7.179, 0.020,-1.165, 3.868, 4.105,-5.263,-3.289, 5.657, 6.467,-7.026,-3.307, 1.468, 1.829, 6.016, 7.500,-2.424}  
Fit.:	[ 2.0491635553712834E12 ], ID: 12267,	{-1.170,-8.595, 1.095, 4.180,-6.098, 6.362, 1.691,-0.550,-7.180, 0.020,-1.165, 3.867, 4.106,-5.262,-3.290, 5.655, 6.467,-7.026,-3.307, 1.466, 1.829, 6.018, 7.501,-2.423}  
Fit.:	[ 2.499537916887622E12 ], ID: 12028,	{-1.170,-8.596, 1.096, 4.181,-6.098, 6.362, 1.690,-0.552,-7.180, 0.020,-1.164, 3.867, 4.106,-5.263,-3.290, 5.656, 6.467,-7.027,-3.307, 1.467, 1.830, 6.017, 7.501,-2.423}  
Fit.:	[ 2.43625300371624E12 ], ID: 9888,	{-1.171,-8.595, 1.096, 4.181,-6.098, 6.362, 1.691,-0.551,-7.179, 0.019,-1.165, 3.867, 4.106,-5.262,-3.290, 5.656, 6.467,-7.027,-3.307, 1.467, 1.830, 6.018, 7.500,-2.422}  
Fit.:	[ 2.419205318113243E12 ], ID: 12056,	{-1.170,-8.595, 1.096, 4.181,-6.098, 6.363, 1.690,-0.551,-7.180, 0.020,-1.164, 3.868, 4.107,-5.263,-3.290, 5.656, 6.468,-7.027,-3.307, 1.467, 1.830, 6.017, 7.501,-2.423}  
Fit.:	[ 2.34473503537793E12 ], ID: 12296,	{-1.169,-8.596, 1.096, 4.181,-6.097, 6.361, 1.691,-0.552,-7.179, 0.020,-1.164, 3.867, 4.107,-5.262,-3.291, 5.656, 6.467,-7.027,-3.306, 1.467, 1.830, 6.017, 7.501,-2.423}  
Fit.:	[ 2.43327811893604E12 ], ID: 10591,	{-1.170,-8.596, 1.096, 4.181,-6.098, 6.362, 1.690,-0.551,-7.180, 0.020,-1.164, 3.868, 4.107,-5.262,-3.290, 5.656, 6.467,-7.027,-3.306, 1.467, 1.830, 6.017, 7.501,-2.423}  
Fit.:	[ 2.221281819337944E12 ], ID: 9642,	{-1.170,-8.596, 1.095, 4.181,-6.097, 6.361, 1.690,-0.550,-7.179, 0.021,-1.164, 3.868, 4.107,-5.262,-3.290, 5.657, 6.467,-7.026,-3.306, 1.468, 1.830, 6.016, 7.501,-2.422}  
Fit.:	[ 2.433559701137888E12 ], ID: 9306,	{-1.170,-8.595, 1.096, 4.180,-6.098, 6.362, 1.691,-0.552,-7.179, 0.020,-1.164, 3.868, 4.106,-5.263,-3.290, 5.656, 6.467,-7.027,-3.306, 1.467, 1.830, 6.016, 7.501,-2.423}  
Fit.:	[ 2.249143180801454E12 ], ID: 11313,	{-1.170,-8.595, 1.095, 4.180,-6.098, 6.362, 1.691,-0.553,-7.179, 0.020,-1.164, 3.868, 4.106,-5.263,-3.289, 5.657, 6.467,-7.027,-3.307, 1.467, 1.831, 6.017, 7.500,-2.423}  
Fit.:	[ 2.5231795967326724E12 ], ID: 8880,	{-1.170,-8.595, 1.096, 4.181,-6.098, 6.362, 1.690,-0.552,-7.179, 0.020,-1.164, 3.867, 4.107,-5.262,-3.291, 5.656, 6.467,-7.027,-3.306, 1.467, 1.830, 6.016, 7.500,-2.423}  
Fit.:	[ 2.1387355198940134E12 ], ID: 8784,	{-1.170,-8.595, 1.096, 4.181,-6.097, 6.362, 1.691,-0.551,-7.179, 0.019,-1.164, 3.867, 4.106,-5.263,-3.290, 5.656, 6.468,-7.027,-3.306, 1.468, 1.830, 6.017, 7.501,-2.423}  
Fit.:	[ 2.4379367257752407E12 ], ID: 9640,	{-1.169,-8.595, 1.096, 4.181,-6.098, 6.363, 1.690,-0.551,-7.179, 0.019,-1.164, 3.868, 4.106,-5.263,-3.291, 5.656, 6.468,-7.028,-3.307, 1.467, 1.830, 6.017, 7.501,-2.423}  
Fit.:	[ 2.292323796328885E12 ], ID: 6743,	{-1.170,-8.595, 1.096, 4.182,-6.098, 6.362, 1.689,-0.551,-7.179, 0.020,-1.165, 3.868, 4.107,-5.262,-3.291, 5.657, 6.467,-7.026,-3.306, 1.467, 1.829, 6.017, 7.501,-2.422}  
Fit.:	[ 2.4991553336721836E12 ], ID: 12297,	{-1.170,-8.596, 1.096, 4.181,-6.098, 6.362, 1.691,-0.551,-7.180, 0.020,-1.164, 3.868, 4.106,-5.263,-3.290, 5.656, 6.467,-7.027,-3.307, 1.467, 1.829, 6.017, 7.501,-2.423}  
Fit.:	[ 2.123910458812532E12 ], ID: 9328,	{-1.170,-8.595, 1.096, 4.181,-6.098, 6.362, 1.691,-0.552,-7.180, 0.020,-1.164, 3.868, 4.106,-5.263,-3.290, 5.656, 6.468,-7.027,-3.307, 1.467, 1.830, 6.017, 7.500,-2.423}  
Fit.:	[ 2.314511243966933E12 ], ID: 8825,	{-1.170,-8.595, 1.096, 4.181,-6.097, 6.362, 1.690,-0.551,-7.179, 0.020,-1.164, 3.867, 4.106,-5.263,-3.290, 5.656, 6.467,-7.027,-3.307, 1.467, 1.829, 6.017, 7.501,-2.423}  
Fit.:	[ 2.411897022384309E12 ], ID: 11534,	{-1.169,-8.595, 1.096, 4.181,-6.098, 6.362, 1.691,-0.551,-7.179, 0.020,-1.164, 3.868, 4.106,-5.263,-3.290, 5.656, 6.468,-7.027,-3.307, 1.467, 1.830, 6.017, 7.501,-2.423}  
Fit.:	[ 2.3173825819012217E12 ], ID: 7636,	{-1.170,-8.595, 1.096, 4.180,-6.098, 6.362, 1.690,-0.552,-7.180, 0.020,-1.164, 3.868, 4.105,-5.264,-3.291, 5.657, 6.468,-7.028,-3.306, 1.466, 1.829, 6.018, 7.500,-2.423}  
Fit.:	[ 2.440604945778446E12 ], ID: 12288,	{-1.170,-8.595, 1.096, 4.181,-6.098, 6.362, 1.690,-0.551,-7.179, 0.020,-1.164, 3.868, 4.106,-5.263,-3.290, 5.656, 6.468,-7.027,-3.306, 1.467, 1.830, 6.017, 7.501,-2.423}  
Fit.:	[ 2.524216740446054E12 ], ID: 11575,	{-1.170,-8.595, 1.096, 4.181,-6.097, 6.362, 1.690,-0.552,-7.179, 0.019,-1.164, 3.867, 4.106,-5.262,-3.290, 5.656, 6.467,-7.027,-3.307, 1.467, 1.830, 6.017, 7.500,-2.423}  
Fit.:	[ 2.4639374554929375E12 ], ID: 9637,	{-1.170,-8.595, 1.096, 4.182,-6.097, 6.362, 1.691,-0.551,-7.181, 0.020,-1.164, 3.867, 4.107,-5.263,-3.291, 5.657, 6.467,-7.027,-3.307, 1.468, 1.830, 6.016, 7.500,-2.423}  
Fit.:	[ 2.309268418098924E12 ], ID: 12050,	{-1.170,-8.595, 1.095, 4.181,-6.098, 6.362, 1.691,-0.551,-7.179, 0.019,-1.164, 3.868, 4.105,-5.262,-3.290, 5.657, 6.467,-7.027,-3.306, 1.466, 1.830, 6.018, 7.501,-2.422}  
Fit.:	[ 2.353478691728493E12 ], ID: 12280,	{-1.170,-8.595, 1.096, 4.181,-6.098, 6.362, 1.690,-0.552,-7.180, 0.020,-1.164, 3.868, 4.106,-5.263,-3.290, 5.656, 6.468,-7.027,-3.306, 1.467, 1.830, 6.017, 7.501,-2.423}  
Fit.:	[ 2.4626436699085786E12 ], ID: 12061,	{-1.170,-8.596, 1.096, 4.180,-6.098, 6.363, 1.690,-0.551,-7.180, 0.020,-1.164, 3.867, 4.106,-5.262,-3.290, 5.656, 6.468,-7.027,-3.306, 1.467, 1.830, 6.017, 7.501,-2.423}  
Fit.:	[ 2.3607517430048496E12 ], ID: 10145,	{-1.170,-8.595, 1.096, 4.181,-6.098, 6.362, 1.690,-0.551,-7.180, 0.020,-1.165, 3.868, 4.106,-5.262,-3.290, 5.656, 6.468,-7.027,-3.307, 1.467, 1.830, 6.017, 7.501,-2.423}  
Fit.:	[ 2.5350743774889634E12 ], ID: 8852,	{-1.170,-8.595, 1.096, 4.180,-6.098, 6.363, 1.690,-0.552,-7.179, 0.021,-1.164, 3.867, 4.107,-5.262,-3.290, 5.657, 6.468,-7.027,-3.306, 1.467, 1.831, 6.016, 7.501,-2.422}  
Fit.:	[ 2.417254160417829E12 ], ID: 9339,	{-1.170,-8.595, 1.095, 4.181,-6.098, 6.362, 1.691,-0.552,-7.180, 0.020,-1.164, 3.867, 4.107,-5.263,-3.290, 5.655, 6.468,-7.027,-3.306, 1.466, 1.830, 6.018, 7.501,-2.424}  
Fit.:	[ 2.4647051700892324E12 ], ID: 10353,	{-1.170,-8.595, 1.096, 4.181,-6.098, 6.362, 1.690,-0.551,-7.180, 0.020,-1.164, 3.868, 4.106,-5.262,-3.291, 5.657, 6.468,-7.027,-3.306, 1.467, 1.830, 6.017, 7.500,-2.423}  
Fit.:	[ 2.2650599864708467E12 ], ID: 10593,	{-1.170,-8.595, 1.096, 4.181,-6.097, 6.362, 1.690,-0.552,-7.179, 0.019,-1.164, 3.868, 4.107,-5.263,-3.290, 5.656, 6.468,-7.027,-3.307, 1.467, 1.830, 6.017, 7.500,-2.423}  
Fit.:	[ 2.284235179829684E12 ], ID: 10850,	{-1.170,-8.595, 1.097, 4.180,-6.098, 6.362, 1.691,-0.552,-7.179, 0.019,-1.164, 3.868, 4.106,-5.262,-3.291, 5.657, 6.468,-7.026,-3.307, 1.467, 1.829, 6.017, 7.501,-2.423}  
Fit.:	[ 2.2173387309128076E12 ], ID: 9650,	{-1.170,-8.595, 1.096, 4.180,-6.098, 6.361, 1.690,-0.552,-7.180, 0.020,-1.164, 3.867, 4.107,-5.263,-3.290, 5.656, 6.468,-7.028,-3.306, 1.468, 1.829, 6.017, 7.500,-2.424}  
Fit.:	[ 2.2419526015514985E12 ], ID: 12046,	{-1.170,-8.595, 1.096, 4.181,-6.098, 6.362, 1.690,-0.552,-7.180, 0.020,-1.164, 3.868, 4.106,-5.263,-3.291, 5.656, 6.468,-7.027,-3.306, 1.467, 1.830, 6.017, 7.501,-2.423}  
Fit.:	[ 2.4132076089257593E12 ], ID: 12266,	{-1.170,-8.596, 1.097, 4.180,-6.097, 6.362, 1.690,-0.551,-7.180, 0.019,-1.164, 3.868, 4.106,-5.263,-3.290, 5.656, 6.467,-7.027,-3.307, 1.467, 1.830, 6.017, 7.501,-2.423}  
Fit.:	[ 2.4576014244479033E12 ], ID: 10605,	{-1.170,-8.595, 1.096, 4.182,-6.098, 6.363, 1.691,-0.551,-7.179, 0.020,-1.164, 3.867, 4.107,-5.262,-3.289, 5.655, 6.466,-7.028,-3.306, 1.467, 1.829, 6.018, 7.500,-2.423}  
Fit.:	[ 2.311670610608049E12 ], ID: 11306,	{-1.170,-8.595, 1.096, 4.181,-6.097, 6.362, 1.690,-0.551,-7.179, 0.020,-1.164, 3.868, 4.106,-5.262,-3.290, 5.655, 6.468,-7.027,-3.306, 1.467, 1.829, 6.018, 7.500,-2.422}  
Fit.:	[ 2.5324626015791157E12 ], ID: 12281,	{-1.170,-8.595, 1.096, 4.181,-6.098, 6.362, 1.690,-0.552,-7.180, 0.020,-1.164, 3.868, 4.107,-5.263,-3.290, 5.656, 6.467,-7.027,-3.306, 1.467, 1.830, 6.017, 7.501,-2.423}  
Fit.:	[ 2.416345335530713E12 ], ID: 11088,	{-1.170,-8.595, 1.096, 4.181,-6.098, 6.362, 1.690,-0.552,-7.180, 0.020,-1.165, 3.868, 4.106,-5.263,-3.290, 5.656, 6.467,-7.027,-3.307, 1.467, 1.830, 6.017, 7.500,-2.423}  
Fit.:	[ 2.4936979598843345E12 ], ID: 12293,	{-1.170,-8.595, 1.096, 4.181,-6.098, 6.362, 1.691,-0.552,-7.179, 0.019,-1.164, 3.867, 4.106,-5.262,-3.290, 5.656, 6.467,-7.027,-3.306, 1.467, 1.830, 6.017, 7.501,-2.423}  
Fit.:	[ 2.4649686230322017E12 ], ID: 12010,	{-1.170,-8.595, 1.096, 4.181,-6.098, 6.362, 1.690,-0.552,-7.180, 0.020,-1.164, 3.868, 4.106,-5.263,-3.291, 5.656, 6.468,-7.027,-3.306, 1.467, 1.829, 6.018, 7.500,-2.423}  
Fit.:	[ 2.419292333040728E12 ], ID: 10862,	{-1.170,-8.595, 1.096, 4.181,-6.098, 6.363, 1.691,-0.552,-7.179, 0.019,-1.164, 3.868, 4.105,-5.262,-3.291, 5.655, 6.468,-7.026,-3.306, 1.466, 1.830, 6.018, 7.500,-2.422}  
Fit.:	[ 2.456501203360388E12 ], ID: 8822,	{-1.170,-8.595, 1.096, 4.181,-6.098, 6.362, 1.691,-0.551,-7.180, 0.020,-1.164, 3.868, 4.106,-5.263,-3.290, 5.656, 6.468,-7.028,-3.306, 1.467, 1.830, 6.017, 7.501,-2.423}  
Fit.:	[ 2.4685555657901694E12 ], ID: 12507,	{-1.170,-8.596, 1.096, 4.182,-6.097, 6.362, 1.690,-0.552,-7.179, 0.020,-1.165, 3.867, 4.106,-5.263,-3.290, 5.656, 6.468,-7.027,-3.306, 1.467, 1.829, 6.017, 7.500,-2.423}  
Fit.:	[ 2.476310649920106E12 ], ID: 10601,	{-1.169,-8.596, 1.096, 4.181,-6.098, 6.362, 1.690,-0.551,-7.180, 0.020,-1.164, 3.868, 4.106,-5.263,-3.290, 5.656, 6.468,-7.027,-3.306, 1.467, 1.830, 6.017, 7.500,-2.423}  
Fit.:	[ 2.231668035121914E12 ], ID: 11562,	{-1.170,-8.595, 1.097, 4.180,-6.098, 6.361, 1.690,-0.550,-7.179, 0.020,-1.164, 3.866, 4.107,-5.262,-3.291, 5.655, 6.468,-7.028,-3.307, 1.467, 1.829, 6.017, 7.500,-2.423}  
Fit.:	[ 2.3681587750240845E12 ], ID: 12274,	{-1.170,-8.595, 1.096, 4.181,-6.097, 6.362, 1.690,-0.551,-7.180, 0.019,-1.164, 3.868, 4.107,-5.263,-3.290, 5.656, 6.467,-7.027,-3.306, 1.467, 1.829, 6.017, 7.501,-2.423}  
Fit.:	[ 2.3992758654946675E12 ], ID: 12510,	{-1.170,-8.595, 1.096, 4.181,-6.098, 6.362, 1.690,-0.552,-7.179, 0.020,-1.164, 3.867, 4.106,-5.263,-3.290, 5.656, 6.467,-7.027,-3.306, 1.467, 1.830, 6.017, 7.500,-2.423}  
Fit.:	[ 2.1532187953483315E12 ], ID: 12273,	{-1.170,-8.595, 1.096, 4.181,-6.098, 6.362, 1.691,-0.551,-7.179, 0.020,-1.165, 3.868, 4.106,-5.262,-3.290, 5.656, 6.468,-7.027,-3.306, 1.467, 1.830, 6.017, 7.500,-2.423}  
Fit.:	[ 2.347919461455724E12 ], ID: 10365,	{-1.170,-8.595, 1.096, 4.181,-6.098, 6.362, 1.690,-0.552,-7.179, 0.020,-1.164, 3.868, 4.106,-5.262,-3.290, 5.656, 6.467,-7.028,-3.306, 1.467, 1.829, 6.017, 7.500,-2.424}  
Fit.:	[ 2.3829410985192036E12 ], ID: 11084,	{-1.170,-8.595, 1.096, 4.180,-6.098, 6.362, 1.690,-0.551,-7.180, 0.020,-1.164, 3.868, 4.106,-5.263,-3.290, 5.656, 6.467,-7.027,-3.307, 1.467, 1.829, 6.017, 7.500,-2.423}  
Fit.:	[ 2.1373487254962515E12 ], ID: 9387,	{-1.170,-8.596, 1.095, 4.182,-6.097, 6.361, 1.691,-0.551,-7.180, 0.021,-1.165, 3.868, 4.105,-5.263,-3.290, 5.656, 6.467,-7.028,-3.307, 1.466, 1.828, 6.018, 7.501,-2.423}  
Fit.:	[ 2.49537168297612E12 ], ID: 12270,	{-1.170,-8.595, 1.096, 4.181,-6.098, 6.362, 1.691,-0.551,-7.180, 0.020,-1.164, 3.867, 4.106,-5.263,-3.290, 5.656, 6.468,-7.027,-3.306, 1.467, 1.829, 6.017, 7.501,-2.423}  
Fit.:	[ 2.3292329945417866E12 ], ID: 11311,	{-1.170,-8.595, 1.097, 4.182,-6.098, 6.362, 1.690,-0.552,-7.179, 0.019,-1.164, 3.867, 4.106,-5.263,-3.290, 5.655, 6.467,-7.027,-3.306, 1.467, 1.830, 6.018, 7.500,-2.423}  
Fit.:	[ 2.478843683435196E12 ], ID: 10131,	{-1.170,-8.595, 1.096, 4.182,-6.098, 6.362, 1.690,-0.551,-7.179, 0.019,-1.164, 3.867, 4.106,-5.263,-3.290, 5.657, 6.468,-7.027,-3.306, 1.467, 1.829, 6.017, 7.501,-2.423}  
Fit.:	[ 2.36628715241146E12 ], ID: 11547,	{-1.170,-8.595, 1.097, 4.181,-6.097, 6.362, 1.690,-0.552,-7.180, 0.019,-1.164, 3.868, 4.107,-5.263,-3.291, 5.656, 6.467,-7.027,-3.306, 1.467, 1.829, 6.017, 7.500,-2.423}  
Fit.:	[ 2.373157972332648E12 ], ID: 12025,	{-1.170,-8.595, 1.096, 4.181,-6.097, 6.362, 1.690,-0.552,-7.179, 0.020,-1.164, 3.867, 4.106,-5.263,-3.290, 5.656, 6.467,-7.027,-3.306, 1.467, 1.830, 6.017, 7.500,-2.423}  
Fit.:	[ 2.3781459626648687E12 ], ID: 12511,	{-1.170,-8.596, 1.096, 4.181,-6.098, 6.362, 1.690,-0.551,-7.180, 0.020,-1.164, 3.868, 4.106,-5.263,-3.290, 5.656, 6.467,-7.027,-3.306, 1.467, 1.829, 6.017, 7.501,-2.423}  
Fit.:	[ 2.3667745728857876E12 ], ID: 9654,	{-1.170,-8.595, 1.096, 4.180,-6.098, 6.363, 1.690,-0.551,-7.179, 0.020,-1.164, 3.867, 4.106,-5.264,-3.290, 5.655, 6.467,-7.028,-3.307, 1.467, 1.830, 6.017, 7.501,-2.422}  
Fit.:	[ 2.5288396711107217E12 ], ID: 12034,	{-1.170,-8.595, 1.096, 4.181,-6.098, 6.362, 1.691,-0.551,-7.179, 0.020,-1.164, 3.868, 4.107,-5.263,-3.290, 5.656, 6.467,-7.027,-3.306, 1.467, 1.830, 6.017, 7.500,-2.423}  
Fit.:	[ 2.2433822815532085E12 ], ID: 11780,	{-1.169,-8.595, 1.096, 4.181,-6.098, 6.363, 1.689,-0.550,-7.180, 0.019,-1.163, 3.867, 4.107,-5.263,-3.291, 5.656, 6.468,-7.028,-3.307, 1.468, 1.829, 6.017, 7.501,-2.422}  
Fit.:	[ 2.526023704729196E12 ], ID: 10368,	{-1.171,-8.595, 1.096, 4.181,-6.098, 6.362, 1.691,-0.551,-7.180, 0.020,-1.164, 3.867, 4.106,-5.263,-3.290, 5.656, 6.468,-7.027,-3.307, 1.467, 1.829, 6.017, 7.500,-2.423}  
Fit.:	[ 2.3689780258419175E12 ], ID: 12036,	{-1.170,-8.595, 1.096, 4.181,-6.097, 6.362, 1.690,-0.551,-7.179, 0.019,-1.164, 3.867, 4.106,-5.263,-3.290, 5.656, 6.467,-7.027,-3.306, 1.467, 1.830, 6.017, 7.500,-2.423}  
Fit.:	[ 2.40563141586086E12 ], ID: 10597,	{-1.170,-8.595, 1.097, 4.181,-6.098, 6.363, 1.690,-0.551,-7.180, 0.019,-1.164, 3.868, 4.107,-5.262,-3.290, 5.657, 6.468,-7.028,-3.306, 1.467, 1.829, 6.017, 7.500,-2.423}  
Fit.:	[ 2.5299813047805864E12 ], ID: 11785,	{-1.171,-8.595, 1.096, 4.181,-6.098, 6.362, 1.690,-0.552,-7.180, 0.019,-1.164, 3.868, 4.107,-5.262,-3.290, 5.656, 6.467,-7.027,-3.306, 1.467, 1.829, 6.017, 7.501,-2.423}  
Fit.:	[ 2.068166385402664E12 ], ID: 12009,	{-1.170,-8.595, 1.096, 4.181,-6.098, 6.362, 1.691,-0.552,-7.179, 0.020,-1.165, 3.868, 4.106,-5.263,-3.291, 5.656, 6.467,-7.027,-3.306, 1.468, 1.830, 6.017, 7.501,-2.423}  
Fit.:	[ 2.4328658358085527E12 ], ID: 9301,	{-1.169,-8.596, 1.096, 4.181,-6.098, 6.361, 1.692,-0.553,-7.179, 0.020,-1.165, 3.867, 4.106,-5.264,-3.290, 5.656, 6.467,-7.027,-3.306, 1.467, 1.830, 6.017, 7.500,-2.423}  
Fit.:	[ 2.256731964650467E12 ], ID: 9316,	{-1.170,-8.595, 1.096, 4.181,-6.098, 6.362, 1.690,-0.552,-7.180, 0.020,-1.164, 3.867, 4.106,-5.263,-3.290, 5.656, 6.467,-7.027,-3.307, 1.467, 1.830, 6.017, 7.500,-2.423}  
Fit.:	[ 2.420260506197989E12 ], ID: 10132,	{-1.170,-8.596, 1.097, 4.181,-6.098, 6.363, 1.691,-0.551,-7.180, 0.019,-1.164, 3.868, 4.107,-5.263,-3.290, 5.655, 6.467,-7.027,-3.307, 1.467, 1.830, 6.018, 7.501,-2.422}  
Fit.:	[ 2.4100816712668423E12 ], ID: 12277,	{-1.170,-8.596, 1.096, 4.181,-6.098, 6.362, 1.690,-0.551,-7.180, 0.020,-1.164, 3.868, 4.107,-5.262,-3.290, 5.656, 6.468,-7.027,-3.306, 1.467, 1.829, 6.016, 7.500,-2.422}  
Fit.:	[ 2.3564483931062095E12 ], ID: 11786,	{-1.170,-8.595, 1.096, 4.181,-6.098, 6.362, 1.691,-0.551,-7.179, 0.020,-1.164, 3.868, 4.106,-5.263,-3.290, 5.656, 6.468,-7.027,-3.306, 1.467, 1.830, 6.017, 7.500,-2.423}  
Fit.:	[ 2.404283142851299E12 ], ID: 11523,	{-1.170,-8.595, 1.096, 4.181,-6.098, 6.362, 1.691,-0.551,-7.179, 0.019,-1.164, 3.868, 4.107,-5.263,-3.290, 5.656, 6.468,-7.028,-3.307, 1.468, 1.830, 6.018, 7.501,-2.423}  
Fit.:	[ 2.2525263190735127E12 ], ID: 12042,	{-1.170,-8.596, 1.096, 4.181,-6.098, 6.362, 1.690,-0.551,-7.179, 0.020,-1.164, 3.868, 4.106,-5.263,-3.290, 5.656, 6.468,-7.027,-3.306, 1.467, 1.830, 6.017, 7.501,-2.423}  
Fit.:	[ 2.1350324438086062E12 ], ID: 12282,	{-1.170,-8.595, 1.096, 4.181,-6.098, 6.362, 1.690,-0.551,-7.179, 0.020,-1.164, 3.868, 4.106,-5.263,-3.290, 5.656, 6.468,-7.028,-3.306, 1.467, 1.829, 6.017, 7.501,-2.423}  
Fit.:	[ 2.4237715273584194E12 ], ID: 12059,	{-1.170,-8.595, 1.096, 4.181,-6.098, 6.362, 1.690,-0.552,-7.179, 0.020,-1.164, 3.868, 4.106,-5.263,-3.290, 5.656, 6.468,-7.027,-3.306, 1.467, 1.830, 6.017, 7.501,-2.423}  
Fit.:	[ 2.367075079999179E12 ], ID: 12291,	{-1.170,-8.595, 1.096, 4.181,-6.098, 6.362, 1.690,-0.551,-7.180, 0.020,-1.164, 3.868, 4.106,-5.263,-3.290, 5.656, 6.468,-7.027,-3.307, 1.467, 1.830, 6.017, 7.501,-2.423}  
Fit.:	[ 2.1126234883371946E12 ], ID: 10619,	{-1.170,-8.595, 1.096, 4.181,-6.098, 6.362, 1.690,-0.552,-7.180, 0.019,-1.164, 3.868, 4.106,-5.263,-3.290, 5.656, 6.468,-7.027,-3.307, 1.467, 1.830, 6.017, 7.500,-2.423}  
Fit.:	[ 2.5335630849620347E12 ], ID: 10874,	{-1.171,-8.595, 1.097, 4.182,-6.098, 6.362, 1.690,-0.552,-7.179, 0.019,-1.165, 3.868, 4.106,-5.262,-3.291, 5.655, 6.468,-7.027,-3.306, 1.467, 1.830, 6.018, 7.501,-2.422}  
Fit.:	[ 2.34745202322624E12 ], ID: 10625,	{-1.170,-8.595, 1.096, 4.181,-6.098, 6.362, 1.691,-0.551,-7.180, 0.020,-1.164, 3.867, 4.106,-5.263,-3.290, 5.656, 6.467,-7.027,-3.307, 1.467, 1.829, 6.018, 7.501,-2.423}  
Fit.:	[ 2.345754740293817E12 ], ID: 11541,	{-1.169,-8.595, 1.096, 4.180,-6.098, 6.363, 1.690,-0.551,-7.180, 0.020,-1.164, 3.868, 4.106,-5.263,-3.291, 5.656, 6.467,-7.027,-3.306, 1.467, 1.830, 6.018, 7.500,-2.423}  
Fit.:	[ 2.2811968332893315E12 ], ID: 12049,	{-1.170,-8.595, 1.096, 4.181,-6.098, 6.362, 1.690,-0.552,-7.180, 0.019,-1.164, 3.867, 4.106,-5.262,-3.290, 5.656, 6.468,-7.027,-3.306, 1.467, 1.829, 6.017, 7.501,-2.423}  
Fit.:	[ 2.315747391258514E12 ], ID: 11801,	{-1.170,-8.595, 1.096, 4.181,-6.098, 6.362, 1.690,-0.551,-7.180, 0.020,-1.164, 3.867, 4.106,-5.263,-3.290, 5.656, 6.468,-7.027,-3.306, 1.467, 1.830, 6.017, 7.500,-2.423}  
Fit.:	[ 2.345030798474524E12 ], ID: 12294,	{-1.170,-8.595, 1.096, 4.181,-6.098, 6.362, 1.690,-0.552,-7.180, 0.020,-1.164, 3.868, 4.106,-5.263,-3.290, 5.656, 6.467,-7.027,-3.307, 1.467, 1.830, 6.017, 7.501,-2.423}  
Fit.:	[ 2.128636504681113E12 ], ID: 12055,	{-1.170,-8.595, 1.096, 4.181,-6.098, 6.363, 1.690,-0.551,-7.180, 0.019,-1.165, 3.867, 4.107,-5.262,-3.290, 5.657, 6.468,-7.027,-3.306, 1.466, 1.830, 6.017, 7.500,-2.423}  
Fit.:	[ 2.2991808640859717E12 ], ID: 11559,	{-1.170,-8.595, 1.096, 4.181,-6.098, 6.362, 1.691,-0.551,-7.180, 0.020,-1.164, 3.867, 4.106,-5.263,-3.290, 5.656, 6.467,-7.027,-3.306, 1.467, 1.830, 6.017, 7.501,-2.423}  
Fit.:	[ 2.486717908052277E12 ], ID: 11799,	{-1.170,-8.595, 1.096, 4.182,-6.097, 6.363, 1.691,-0.552,-7.181, 0.019,-1.164, 3.868, 4.107,-5.264,-3.291, 5.657, 6.468,-7.028,-3.307, 1.467, 1.830, 6.019, 7.501,-2.423}  
Fit.:	[ 2.325885072144813E12 ], ID: 11303,	{-1.169,-8.595, 1.096, 4.181,-6.098, 6.362, 1.690,-0.552,-7.179, 0.019,-1.164, 3.868, 4.106,-5.262,-3.290, 5.656, 6.468,-7.027,-3.306, 1.467, 1.830, 6.018, 7.501,-2.423}  
Fit.:	[ 2.49622592531775E12 ], ID: 10859,	{-1.170,-8.596, 1.097, 4.181,-6.098, 6.362, 1.690,-0.552,-7.180, 0.019,-1.165, 3.868, 4.107,-5.263,-3.291, 5.656, 6.468,-7.027,-3.306, 1.466, 1.829, 6.018, 7.500,-2.423}  
Fit.:	[ 2.3667742078591196E12 ], ID: 10870,	{-1.170,-8.596, 1.096, 4.180,-6.098, 6.362, 1.691,-0.551,-7.180, 0.020,-1.164, 3.868, 4.106,-5.263,-3.290, 5.656, 6.468,-7.027,-3.306, 1.467, 1.829, 6.017, 7.501,-2.423}  
Fit.:	[ 2.3297306656494487E12 ], ID: 11086,	{-1.170,-8.595, 1.096, 4.181,-6.098, 6.362, 1.691,-0.551,-7.179, 0.020,-1.165, 3.868, 4.107,-5.262,-3.290, 5.657, 6.467,-7.027,-3.306, 1.467, 1.830, 6.017, 7.500,-2.423}  
Fit.:	[ 2.455198562131008E12 ], ID: 12052,	{-1.170,-8.596, 1.096, 4.181,-6.098, 6.362, 1.691,-0.551,-7.179, 0.019,-1.164, 3.867, 4.106,-5.263,-3.290, 5.656, 6.468,-7.028,-3.307, 1.467, 1.829, 6.017, 7.501,-2.422}  
Fit.:	[ 2.408028712356447E12 ], ID: 12037,	{-1.170,-8.595, 1.096, 4.181,-6.097, 6.362, 1.690,-0.551,-7.180, 0.020,-1.164, 3.867, 4.106,-5.263,-3.290, 5.657, 6.467,-7.028,-3.307, 1.467, 1.830, 6.017, 7.500,-2.423}  
Fit.:	[ 2.3592104279053564E12 ], ID: 10855,	{-1.170,-8.595, 1.097, 4.181,-6.098, 6.362, 1.690,-0.552,-7.179, 0.020,-1.165, 3.868, 4.106,-5.263,-3.290, 5.656, 6.468,-7.027,-3.307, 1.467, 1.829, 6.018, 7.501,-2.423}  
Fit.:	[ 2.3791636710336343E12 ], ID: 12038,	{-1.170,-8.595, 1.097, 4.181,-6.098, 6.363, 1.690,-0.551,-7.179, 0.019,-1.164, 3.868, 4.105,-5.262,-3.289, 5.657, 6.469,-7.027,-3.307, 1.467, 1.830, 6.018, 7.500,-2.423}  
Fit.:	[ 2.475966122633154E12 ], ID: 10841,	{-1.170,-8.596, 1.096, 4.181,-6.097, 6.362, 1.690,-0.551,-7.180, 0.019,-1.164, 3.868, 4.106,-5.263,-3.290, 5.656, 6.467,-7.027,-3.306, 1.467, 1.830, 6.017, 7.501,-2.423}  
Fit.:	[ 2.2599435266949077E12 ], ID: 10606,	{-1.169,-8.595, 1.096, 4.181,-6.098, 6.362, 1.690,-0.551,-7.180, 0.020,-1.164, 3.868, 4.106,-5.263,-3.290, 5.656, 6.467,-7.026,-3.306, 1.467, 1.829, 6.017, 7.500,-2.423}  
Fit.:	[ 2.4217877880876787E12 ], ID: 12275,	{-1.170,-8.595, 1.096, 4.181,-6.098, 6.362, 1.690,-0.551,-7.180, 0.019,-1.164, 3.868, 4.106,-5.262,-3.290, 5.656, 6.467,-7.027,-3.306, 1.467, 1.830, 6.017, 7.500,-2.423}  
Fit.:	[ 2.477301390906966E12 ], ID: 11312,	{-1.170,-8.595, 1.096, 4.181,-6.098, 6.362, 1.690,-0.551,-7.180, 0.020,-1.165, 3.868, 4.106,-5.263,-3.290, 5.656, 6.468,-7.027,-3.306, 1.467, 1.829, 6.017, 7.501,-2.423}  
Fit.:	[ 2.2491733991327183E12 ], ID: 11089,	{-1.170,-8.595, 1.096, 4.181,-6.098, 6.362, 1.691,-0.551,-7.179, 0.019,-1.164, 3.867, 4.107,-5.263,-3.290, 5.656, 6.467,-7.027,-3.307, 1.467, 1.830, 6.017, 7.500,-2.423}  
Fit.:	[ 2.4162731371002676E12 ], ID: 11528,	{-1.170,-8.596, 1.096, 4.181,-6.098, 6.362, 1.690,-0.552,-7.180, 0.020,-1.164, 3.868, 4.107,-5.263,-3.290, 5.656, 6.468,-7.027,-3.306, 1.467, 1.830, 6.017, 7.501,-2.423}  
Fit.:	[ 2.3934456639934165E12 ], ID: 10876,	{-1.170,-8.595, 1.097, 4.181,-6.098, 6.361, 1.689,-0.552,-7.180, 0.020,-1.164, 3.868, 4.106,-5.263,-3.290, 5.656, 6.467,-7.027,-3.307, 1.467, 1.830, 6.017, 7.501,-2.424}  
Fit.:	[ 2.2555668834428755E12 ], ID: 10376,	{-1.170,-8.596, 1.096, 4.181,-6.098, 6.362, 1.691,-0.551,-7.180, 0.019,-1.164, 3.867, 4.106,-5.263,-3.290, 5.656, 6.467,-7.027,-3.306, 1.468, 1.829, 6.017, 7.500,-2.422}  
Fit.:	[ 2.4747043072166157E12 ], ID: 12295,	{-1.170,-8.595, 1.096, 4.181,-6.098, 6.362, 1.690,-0.552,-7.180, 0.019,-1.164, 3.867, 4.106,-5.263,-3.290, 5.656, 6.468,-7.027,-3.307, 1.467, 1.830, 6.017, 7.500,-2.423}  
Fit.:	[ 2.1201152364348665E12 ], ID: 9661,	{-1.170,-8.595, 1.097, 4.181,-6.098, 6.362, 1.691,-0.551,-7.180, 0.020,-1.164, 3.867, 4.106,-5.263,-3.290, 5.656, 6.467,-7.027,-3.306, 1.467, 1.829, 6.017, 7.501,-2.423}  
Fit.:	[ 2.0125593819077747E12 ], ID: 9338,	{-1.170,-8.596, 1.096, 4.181,-6.097, 6.362, 1.690,-0.552,-7.179, 0.019,-1.164, 3.868, 4.106,-5.263,-3.290, 5.656, 6.468,-7.027,-3.307, 1.467, 1.830, 6.017, 7.500,-2.423}  
Fit.:	[ 2.4933633320200474E12 ], ID: 10144,	{-1.170,-8.595, 1.095, 4.181,-6.098, 6.363, 1.691,-0.551,-7.181, 0.020,-1.163, 3.869, 4.105,-5.263,-3.289, 5.657, 6.468,-7.027,-3.307, 1.468, 1.829, 6.016, 7.500,-2.424}  
Fit.:	[ 2.1511519234289946E12 ], ID: 11802,	{-1.169,-8.595, 1.096, 4.181,-6.098, 6.362, 1.691,-0.552,-7.180, 0.020,-1.164, 3.868, 4.107,-5.263,-3.290, 5.656, 6.468,-7.027,-3.306, 1.467, 1.829, 6.017, 7.501,-2.423}  
Fit.:	[ 2.3801503678113164E12 ], ID: 12300,	{-1.170,-8.595, 1.096, 4.181,-6.097, 6.362, 1.690,-0.552,-7.180, 0.019,-1.164, 3.868, 4.106,-5.263,-3.290, 5.656, 6.467,-7.027,-3.307, 1.467, 1.830, 6.017, 7.501,-2.423}  
Fit.:	[ 2.0738307179372231E12 ], ID: 12286,	{-1.170,-8.595, 1.096, 4.181,-6.098, 6.362, 1.691,-0.552,-7.179, 0.020,-1.164, 3.867, 4.106,-5.263,-3.290, 5.656, 6.468,-7.027,-3.307, 1.467, 1.830, 6.017, 7.500,-2.423}  
Fit.:	[ 2.2574410886832124E12 ], ID: 11532,	{-1.169,-8.595, 1.096, 4.181,-6.098, 6.362, 1.691,-0.552,-7.180, 0.020,-1.164, 3.868, 4.107,-5.263,-3.290, 5.656, 6.468,-7.027,-3.307, 1.467, 1.829, 6.017, 7.500,-2.423}  
Fit.:	[ 2.3053614705069585E12 ], ID: 12292,	{-1.171,-8.596, 1.097, 4.181,-6.097, 6.363, 1.690,-0.551,-7.179, 0.019,-1.163, 3.867, 4.107,-5.263,-3.291, 5.657, 6.467,-7.028,-3.306, 1.467, 1.831, 6.017, 7.501,-2.422}  
Fit.:	[ 2.389089703835413E12 ], ID: 12019,	{-1.170,-8.595, 1.096, 4.181,-6.098, 6.362, 1.690,-0.551,-7.179, 0.020,-1.164, 3.868, 4.106,-5.262,-3.290, 5.656, 6.468,-7.027,-3.306, 1.467, 1.830, 6.017, 7.501,-2.423}  
Fit.:	[ 2.2291544969779727E12 ], ID: 10111,	{-1.170,-8.595, 1.096, 4.181,-6.098, 6.362, 1.691,-0.552,-7.180, 0.020,-1.164, 3.868, 4.107,-5.262,-3.290, 5.656, 6.467,-7.027,-3.306, 1.467, 1.830, 6.017, 7.500,-2.423}  
Fit.:	[ 2.1850604782045889E12 ], ID: 11535,	{-1.169,-8.596, 1.095, 4.182,-6.098, 6.362, 1.691,-0.551,-7.179, 0.019,-1.165, 3.868, 4.107,-5.263,-3.290, 5.656, 6.468,-7.026,-3.307, 1.466, 1.829, 6.018, 7.501,-2.422}  
Fit.:	[ 2.4551562197860225E12 ], ID: 12047,	{-1.170,-8.596, 1.096, 4.181,-6.098, 6.362, 1.690,-0.552,-7.180, 0.019,-1.164, 3.868, 4.106,-5.262,-3.290, 5.656, 6.468,-7.027,-3.307, 1.467, 1.829, 6.017, 7.501,-2.422}  
Fit.:	[ 2.3532290658598164E12 ], ID: 12048,	{-1.170,-8.596, 1.097, 4.182,-6.098, 6.363, 1.691,-0.551,-7.180, 0.021,-1.165, 3.868, 4.106,-5.262,-3.290, 5.656, 6.467,-7.027,-3.307, 1.467, 1.829, 6.017, 7.501,-2.423}  
Fit.:	[ 2.4837187215900903E12 ], ID: 11522,	{-1.170,-8.596, 1.097, 4.180,-6.098, 6.362, 1.690,-0.551,-7.180, 0.018,-1.164, 3.867, 4.105,-5.264,-3.290, 5.657, 6.467,-7.028,-3.307, 1.466, 1.829, 6.018, 7.501,-2.423}  
Fit.:	[ 2.3866763227360815E12 ], ID: 12508,	{-1.170,-8.596, 1.096, 4.181,-6.098, 6.362, 1.690,-0.551,-7.179, 0.020,-1.164, 3.868, 4.106,-5.263,-3.291, 5.656, 6.467,-7.028,-3.306, 1.467, 1.829, 6.017, 7.500,-2.423}  
Fit.:	[ 2.305913360105032E12 ], ID: 12276,	{-1.170,-8.595, 1.096, 4.180,-6.098, 6.363, 1.691,-0.552,-7.179, 0.019,-1.165, 3.868, 4.106,-5.264,-3.290, 5.657, 6.468,-7.026,-3.307, 1.468, 1.829, 6.018, 7.500,-2.423}  
Fit.:	[ 2.351478558107842E12 ], ID: 8373,	{-1.170,-8.595, 1.096, 4.181,-6.098, 6.363, 1.691,-0.551,-7.180, 0.020,-1.164, 3.867, 4.106,-5.262,-3.290, 5.657, 6.467,-7.027,-3.307, 1.467, 1.830, 6.017, 7.500,-2.423}  
Fit.:	[ 2.286335079629384E12 ], ID: 10141,	{-1.170,-8.595, 1.095, 4.182,-6.098, 6.363, 1.692,-0.551,-7.181, 0.018,-1.164, 3.868, 4.107,-5.264,-3.291, 5.657, 6.468,-7.027,-3.307, 1.466, 1.829, 6.018, 7.501,-2.423}  
Fit.:	[ 2.243015477447026E12 ], ID: 8445,	{-1.170,-8.595, 1.096, 4.181,-6.097, 6.362, 1.690,-0.552,-7.180, 0.020,-1.164, 3.867, 4.106,-5.263,-3.290, 5.656, 6.468,-7.027,-3.307, 1.467, 1.829, 6.018, 7.500,-2.422}  
Fit.:	[ 2.506527490912111E12 ], ID: 11792,	{-1.170,-8.595, 1.096, 4.181,-6.098, 6.362, 1.690,-0.551,-7.180, 0.020,-1.164, 3.868, 4.106,-5.263,-3.290, 5.657, 6.468,-7.028,-3.307, 1.467, 1.829, 6.017, 7.501,-2.422}  
Fit.:	[ 2.4026424221719746E12 ], ID: 11529,	{-1.170,-8.595, 1.096, 4.182,-6.098, 6.361, 1.689,-0.551,-7.180, 0.019,-1.165, 3.869, 4.107,-5.262,-3.289, 5.657, 6.467,-7.028,-3.306, 1.467, 1.829, 6.017, 7.501,-2.422}  
Fit.:	[ 2.2576960448441064E12 ], ID: 10142,	{-1.169,-8.596, 1.096, 4.181,-6.098, 6.363, 1.691,-0.551,-7.180, 0.020,-1.164, 3.868, 4.106,-5.262,-3.290, 5.656, 6.468,-7.027,-3.306, 1.467, 1.830, 6.017, 7.501,-2.423}  
Fit.:	[ 2.3276306090830264E12 ], ID: 12023,	{-1.170,-8.595, 1.096, 4.181,-6.098, 6.362, 1.690,-0.551,-7.180, 0.019,-1.164, 3.867, 4.106,-5.263,-3.290, 5.657, 6.467,-7.027,-3.306, 1.467, 1.830, 6.018, 7.500,-2.423}  
Fit.:	[ 2.4770536075121226E12 ], ID: 12290,	{-1.170,-8.595, 1.096, 4.181,-6.098, 6.362, 1.691,-0.552,-7.179, 0.020,-1.164, 3.868, 4.106,-5.263,-3.290, 5.656, 6.467,-7.027,-3.307, 1.467, 1.830, 6.017, 7.501,-2.423}  
Fit.:	[ 2.2596622687764893E12 ], ID: 12029,	{-1.170,-8.596, 1.096, 4.180,-6.098, 6.363, 1.690,-0.551,-7.180, 0.020,-1.165, 3.868, 4.107,-5.262,-3.290, 5.656, 6.467,-7.027,-3.306, 1.467, 1.830, 6.017, 7.500,-2.423}  
Fit.:	[ 2.244431387859486E12 ], ID: 12040,	{-1.170,-8.595, 1.096, 4.181,-6.098, 6.362, 1.691,-0.552,-7.180, 0.020,-1.164, 3.868, 4.106,-5.263,-3.290, 5.656, 6.468,-7.027,-3.306, 1.467, 1.830, 6.017, 7.501,-2.423}  
Fit.:	[ 2.2182945349541616E12 ], ID: 12043,	{-1.170,-8.595, 1.096, 4.182,-6.098, 6.363, 1.691,-0.551,-7.180, 0.020,-1.163, 3.866, 4.105,-5.262,-3.290, 5.656, 6.469,-7.028,-3.306, 1.466, 1.829, 6.017, 7.500,-2.422}  
Fit.:	[ 2.471605348718412E12 ], ID: 11791,	{-1.170,-8.595, 1.095, 4.181,-6.098, 6.362, 1.691,-0.551,-7.179, 0.020,-1.163, 3.869, 4.106,-5.263,-3.290, 5.657, 6.468,-7.028,-3.306, 1.468, 1.830, 6.017, 7.501,-2.423}  
Fit.:	[ 2.3275045583194263E12 ], ID: 12285,	{-1.170,-8.595, 1.096, 4.181,-6.098, 6.362, 1.690,-0.551,-7.180, 0.020,-1.164, 3.868, 4.106,-5.262,-3.290, 5.656, 6.468,-7.027,-3.306, 1.467, 1.830, 6.017, 7.501,-2.423}  
Fit.:	[ 2.509765858538052E12 ], ID: 11525,	{-1.170,-8.595, 1.095, 4.181,-6.098, 6.363, 1.691,-0.551,-7.180, 0.019,-1.164, 3.868, 4.107,-5.263,-3.290, 5.656, 6.468,-7.027,-3.307, 1.467, 1.830, 6.017, 7.501,-2.423}  
Fit.:	[ 2.3175789095256514E12 ], ID: 11524,	{-1.170,-8.595, 1.096, 4.180,-6.098, 6.362, 1.690,-0.552,-7.179, 0.020,-1.164, 3.868, 4.106,-5.263,-3.290, 5.656, 6.468,-7.027,-3.306, 1.467, 1.829, 6.017, 7.501,-2.423}  
Fit.:	[ 2.405053627467568E12 ], ID: 10351,	{-1.170,-8.596, 1.096, 4.180,-6.098, 6.362, 1.691,-0.552,-7.180, 0.020,-1.164, 3.868, 4.106,-5.262,-3.290, 5.656, 6.468,-7.027,-3.306, 1.467, 1.829, 6.017, 7.501,-2.423}  
Fit.:	[ 2.403123987336482E12 ], ID: 12015,	{-1.170,-8.595, 1.096, 4.181,-6.098, 6.362, 1.691,-0.552,-7.179, 0.020,-1.165, 3.867, 4.106,-5.263,-3.291, 5.656, 6.468,-7.027,-3.307, 1.468, 1.830, 6.018, 7.500,-2.423}  
Fit.:	[ 2.4677012521025254E12 ], ID: 12011,	{-1.170,-8.595, 1.096, 4.181,-6.098, 6.362, 1.690,-0.552,-7.180, 0.020,-1.164, 3.868, 4.107,-5.263,-3.290, 5.656, 6.467,-7.027,-3.306, 1.467, 1.830, 6.017, 7.501,-2.423}  
Fit.:	[ 2.245165633929509E12 ], ID: 12503,	{-1.170,-8.596, 1.096, 4.181,-6.098, 6.362, 1.690,-0.551,-7.179, 0.020,-1.164, 3.868, 4.106,-5.262,-3.290, 5.656, 6.468,-7.028,-3.306, 1.467, 1.829, 6.017, 7.500,-2.423}  
Fit.:	[ 2.254096258791141E12 ], ID: 12022,	{-1.170,-8.595, 1.097, 4.182,-6.098, 6.362, 1.690,-0.552,-7.179, 0.020,-1.164, 3.868, 4.106,-5.263,-3.290, 5.656, 6.468,-7.027,-3.306, 1.467, 1.829, 6.017, 7.500,-2.423}  
Fit.:	[ 2.2976013974601826E12 ], ID: 11538,	{-1.170,-8.595, 1.096, 4.181,-6.098, 6.362, 1.690,-0.552,-7.179, 0.019,-1.164, 3.868, 4.107,-5.262,-3.290, 5.656, 6.468,-7.027,-3.306, 1.467, 1.829, 6.017, 7.500,-2.422}  
Fit.:	[ 2.5312031681445503E12 ], ID: 9373,	{-1.170,-8.596, 1.096, 4.181,-6.098, 6.362, 1.691,-0.552,-7.180, 0.020,-1.164, 3.868, 4.106,-5.262,-3.290, 5.656, 6.467,-7.027,-3.306, 1.467, 1.829, 6.017, 7.500,-2.423}  
Fit.:	[ 2.4927923487726943E12 ], ID: 10849,	{-1.170,-8.595, 1.096, 4.181,-6.098, 6.362, 1.690,-0.551,-7.179, 0.019,-1.164, 3.868, 4.106,-5.262,-3.290, 5.656, 6.467,-7.028,-3.306, 1.467, 1.829, 6.017, 7.501,-2.423}  
Fit.:	[ 2.3060675014329775E12 ], ID: 11543,	{-1.170,-8.595, 1.096, 4.181,-6.098, 6.362, 1.691,-0.552,-7.180, 0.020,-1.165, 3.868, 4.106,-5.263,-3.290, 5.656, 6.467,-7.027,-3.306, 1.467, 1.830, 6.017, 7.501,-2.423}  
Fit.:	[ 2.5152407666532446E12 ], ID: 12269,	{-1.170,-8.595, 1.096, 4.182,-6.098, 6.361, 1.689,-0.552,-7.179, 0.019,-1.165, 3.869, 4.107,-5.263,-3.290, 5.655, 6.467,-7.027,-3.306, 1.466, 1.829, 6.017, 7.500,-2.423}  
Fit.:	[ 2.467215039394003E12 ], ID: 11307,	{-1.169,-8.595, 1.097, 4.182,-6.098, 6.362, 1.690,-0.551,-7.180, 0.019,-1.164, 3.868, 4.107,-5.262,-3.290, 5.656, 6.467,-7.028,-3.306, 1.467, 1.830, 6.017, 7.501,-2.423}  
Fit.:	[ 2.3107477685532393E12 ], ID: 12014,	{-1.170,-8.596, 1.097, 4.180,-6.098, 6.362, 1.690,-0.551,-7.180, 0.020,-1.164, 3.868, 4.106,-5.262,-3.291, 5.656, 6.468,-7.027,-3.306, 1.467, 1.829, 6.017, 7.500,-2.423}  
Fit.:	[ 2.532235940187743E12 ], ID: 12060,	{-1.170,-8.595, 1.096, 4.181,-6.098, 6.362, 1.691,-0.552,-7.179, 0.020,-1.164, 3.867, 4.106,-5.263,-3.291, 5.656, 6.468,-7.028,-3.306, 1.467, 1.830, 6.017, 7.501,-2.423}  
Fit.:	[ 2.1860717248205151E12 ], ID: 11087,	{-1.169,-8.596, 1.096, 4.181,-6.098, 6.363, 1.690,-0.551,-7.180, 0.020,-1.164, 3.868, 4.106,-5.263,-3.290, 5.656, 6.468,-7.028,-3.306, 1.467, 1.830, 6.018, 7.501,-2.423}  
Fit.:	[ 2.1927738230882212E12 ], ID: 11568,	{-1.170,-8.595, 1.096, 4.181,-6.098, 6.362, 1.691,-0.551,-7.179, 0.020,-1.164, 3.868, 4.106,-5.262,-3.291, 5.657, 6.468,-7.027,-3.307, 1.467, 1.829, 6.017, 7.501,-2.423}  
*******
 Runs performed: 1, reached target 0 times with threshold 0.001, rate 0.0
 Average function calls: 4200
     Feasible solution found in 1 of 1 runs 
     Average evaluations until feasible ind. was found in 1 runs: 200.0 evaluations
     Averaged sum of run statistical data: (1 runs): | 46200.0 | 4.285272219561913E13 | 9.862851571780122E13
     Averaged last statistical data (1 runs): | 4200.0 | 1.9334236796520864E12 | 2.3687094863930522E12
* Overall best ind.: eva2.optimization.individuals.ESIndividualDoubleData{DGenotype=[ -1.8790311895428369 -8.137743583906826 2.294252742319473 6.3811657621866535 -5.0353139219201 7.165516475295568 2.475694136581831 -0.6581683401659051 -8.897955273325493 -0.6516182730609916 -0.4091059018045069 3.6624066578432313 5.3052953290464995 -6.934217651019219 -3.9746320544605114 7.130878078194319 7.734146437244236 -9.169794625201332 -4.572109247300265 1.874186191782438 3.037364792234961 8.441281917047492 9.399221123765415 -3.829106352800518 ]; age=8; crossoverOperator=eva2.optimization.operator.crossover.CrossoverESDefault{}; crossoverProbability=0.5; doubleRange=[ [ -10.0 10.0 ] [ -10.0 10.0 ] [ -10.0 10.0 ] [ -10.0 10.0 ] [ -10.0 10.0 ] [ -10.0 10.0 ] [ -10.0 10.0 ] [ -10.0 10.0 ] [ -10.0 10.0 ] [ -10.0 10.0 ] [ -10.0 10.0 ] [ -10.0 10.0 ] [ -10.0 10.0 ] [ -10.0 10.0 ] [ -10.0 10.0 ] [ -10.0 10.0 ] [ -10.0 10.0 ] [ -10.0 10.0 ] [ -10.0 10.0 ] [ -10.0 10.0 ] [ -10.0 10.0 ] [ -10.0 10.0 ] [ -10.0 10.0 ] [ -10.0 10.0 ] ]; fitness=[ 1.865273577053284E12 ]; individualIndex=-1; initOperator=eva2.optimization.operator.initialization.DefaultInitialization{}; marked=false; mutationOperator=eva2.optimization.operator.mutation.MutateESGlobal{crossoverType=intermediate; lowerLimitStepSize=5.0E-7; mutationStepSize=0.2; tau1=0.15; }; mutationProbability=1.0; selectionProbability=[ 0.0 ]; }
         solution data	: {-1.879,-8.138, 2.294, 6.381,-5.035, 7.166, 2.476,-0.658,-8.898,-0.652,-0.409, 3.662, 5.305,-6.934,-3.975, 7.131, 7.734,-9.170,-4.572, 1.874, 3.037, 8.441, 9.399,-3.829}
         solution fit	: [ 1.865273577053284E12 ]
Overall best statistical data: 
FunctionCalls | currentBest | meanFit | solution
4200 | 1.9334236796520864E12 | 2.3687094863930522E12 | {-1.879,-8.138, 2.294, 6.381,-5.035, 7.166, 2.476,-0.658,-8.898,-0.652,-0.409, 3.662, 5.305,-6.934,-3.975, 7.131, 7.734,-9.170,-4.572, 1.874, 3.037, 8.441, 9.399,-3.829}
StopDate:2019-06-13_18.59.40
