
### Optimization parameters 
```
!!eva2.optimization.OptimizationParameters
optimizer: !!eva2.optimization.strategies.ScatterSearch
    doLocalSearch: false
    improvementEpsilon: 0.1
    localSearchFitnessFilter: 1.5
    localSearchMethod: NelderMead
    localSearchRelativeFilter: false
    localSearchSteps: 100
    minDiversityEpsilon: 1.0E-4
    nelderMeadInitPerturbation: 0.01
    poolSize: 50
    population: !population
        initAround: 0.1
        initMethod: individualDefault
        initPos: [0.0, 0.0, 0.0, 0.0, 0.0, 0.0, 0.0, 0.0, 0.0, 0.0]
        popMetric: !!eva2.optimization.operator.distancemetric.PhenotypeMetric {}
        seedCardinality: {head: 5, tail: 1}
        targetSize: 10
    refSetSize: 10
postProcessParams: !!eva2.optimization.operator.postprocess.PostProcessParams
    PPMethod: nelderMead
    accAssumeConv: 1.0E-8
    accMaxEval: -1
    accuracies: [0.01]
    doPostProcessing: false
    postProcessClusterSigma: 0.05
    postProcessSteps: 5000
    printNBest: 10
    withPlot: false
problem: !!eva2.problems.SimpleProblemWrapper
    defaultAccuracy: 0.001
    defaultRange: 10.0
    individualTemplate: !!eva2.optimization.individuals.ESIndividualDoubleData
        areaConst4ParallelViolated: false
        crossoverOperator: !!eva2.optimization.operator.crossover.CrossoverESDefault {}
        crossoverProbability: 0.5
        initOperator: !!eva2.optimization.operator.initialization.DefaultInitialization {}
        isMarked: false
        isPenalized: false
        mutationOperator: !!eva2.optimization.operator.mutation.MutateESGlobal {crossoverType: intermediate,
            lowerLimitStepSize: 5.0E-7, mutationStepSize: 0.2, tau1: 0.15}
        mutationProbability: 1.0
    noise: 0.0
    parallelThreads: 4
    problemDimension: 9
    simpleProblem: !!uk.ac.ox.oxfish.maximization.CaliforniaDerisoOptimization
        parameters:
        - !!uk.ac.ox.oxfish.maximization.generic.SimpleOptimizationParameter {addressToModify: gear.delegate.gears~Dover Sole.averageCatchability,
            alwaysPositive: true, maximum: 0.001, minimum: 1.0E-5}
        - !!uk.ac.ox.oxfish.maximization.generic.SimpleOptimizationParameter {addressToModify: gear.delegate.gears~Longspine Thornyhead.averageCatchability,
            alwaysPositive: true, maximum: 0.001, minimum: 1.0E-5}
        - !!uk.ac.ox.oxfish.maximization.generic.SimpleOptimizationParameter {addressToModify: gear.delegate.gears~Sablefish.averageCatchability,
            alwaysPositive: true, maximum: 0.001, minimum: 1.0E-5}
        - !!uk.ac.ox.oxfish.maximization.generic.SimpleOptimizationParameter {addressToModify: gear.delegate.gears~Shortspine Thornyhead.averageCatchability,
            alwaysPositive: true, maximum: 0.001, minimum: 1.0E-5}
        - !!uk.ac.ox.oxfish.maximization.generic.SimpleOptimizationParameter {addressToModify: gear.delegate.gears~Yelloweye Rockfish.averageCatchability,
            alwaysPositive: true, maximum: 0.001, minimum: 1.0E-5}
        - !!uk.ac.ox.oxfish.maximization.generic.SimpleOptimizationParameter {addressToModify: holdSizePerBoat,
            alwaysPositive: true, maximum: 15000.0, minimum: 1500.0}
        - !!uk.ac.ox.oxfish.maximization.generic.SimpleOptimizationParameter {addressToModify: destinationStrategy.probability.explorationProbability,
            alwaysPositive: true, maximum: 0.8, minimum: 0.0}
        - !!uk.ac.ox.oxfish.maximization.generic.SimpleOptimizationParameter {addressToModify: destinationStrategy.probability.imitationProbability,
            alwaysPositive: true, maximum: 1.0, minimum: 0.0}
        - !!uk.ac.ox.oxfish.maximization.generic.SimpleOptimizationParameter {addressToModify: destinationStrategy.stepSize,
            alwaysPositive: true, maximum: 10.0, minimum: 0.0}
        runsPerSetting: 5
        scenarioFile: docs/groundfish/calibration/alternative_opti/eei_start.yaml
        seed: 10
        summaryDirectory: docs/groundfish/calibration/alternative_opti
        yearsToIgnore: 1
        yearsToRun: 5
randomSeed: 0
terminator: !!eva2.optimization.operator.terminators.EvaluationTerminator {fitnessCalls: 50000}

```

## Multirun 1
| FunctionCalls | currentBest | meanFit | solution | 
| --- | --- | --- | --- | 
| 100 | 25.62029466140878 | 40.24367792104548 | { 4.484,-1.301, 9.752, 1.618,-5.465,-2.457, 6.699, 2.594,-7.546} | 
| 150 | 25.62029466140878 | 40.24367792104548 | { 4.484,-1.301, 9.752, 1.618,-5.465,-2.457, 6.699, 2.594,-7.546} | 
| 200 | 22.775997032592535 | 36.806282142938514 | {-0.843, 6.017, 7.423, 4.305,-6.231, 2.096,-3.472, 0.825, 2.802} | 
| 250 | 22.775997032592535 | 36.806282142938514 | {-0.843, 6.017, 7.423, 4.305,-6.231, 2.096,-3.472, 0.825, 2.802} | 
| 300 | 22.775997032592535 | 36.806282142938514 | {-0.843, 6.017, 7.423, 4.305,-6.231, 2.096,-3.472, 0.825, 2.802} | 
| 350 | 22.775997032592535 | 34.04159238678214 | {-0.843, 6.017, 7.423, 4.305,-6.231, 2.096,-3.472, 0.825, 2.802} | 
