
### Optimization parameters 
```
!!eva2.optimization.OptimizationParameters
optimizer: !!eva2.optimization.strategies.GeneticAlgorithm
    elitism: false
    numberOfPartners: 1
    parentSelection: !!eva2.optimization.operator.selection.SelectXProbRouletteWheel
        obeyDebsConstViolationPrinciple: true
        selProbCalculator: !!eva2.optimization.operator.selection.probability.SelProbStandard {}
    partnerSelection: !!eva2.optimization.operator.selection.SelectEPTournaments {
        obeyDebsConstViolationPrinciple: true, tournamentSize: 4, tournaments: 10}
    population: !population
        initAround: 0.1
        initMethod: individualDefault
        initPos: [0.0, 0.0, 0.0, 0.0, 0.0, 0.0, 0.0, 0.0, 0.0, 0.0]
        popMetric: !!eva2.optimization.operator.distancemetric.PhenotypeMetric {}
        seedCardinality: {head: 5, tail: 1}
        targetSize: 100
postProcessParams: !!eva2.optimization.operator.postprocess.PostProcessParams
    PPMethod: nelderMead
    accAssumeConv: 1.0E-8
    accMaxEval: -1
    accuracies: [0.01]
    doPostProcessing: false
    postProcessClusterSigma: 0.05
    postProcessSteps: 5000
    printNBest: 10
    withPlot: false
problem: !!eva2.problems.SimpleProblemWrapper
    defaultAccuracy: 0.001
    defaultRange: 10.0
    individualTemplate: !!eva2.optimization.individuals.ESIndividualDoubleData
        areaConst4ParallelViolated: false
        crossoverOperator: !!eva2.optimization.operator.crossover.CrossoverESDefault {}
        crossoverProbability: 0.5
        initOperator: !!eva2.optimization.operator.initialization.DefaultInitialization {}
        isMarked: false
        isPenalized: false
        mutationOperator: !!eva2.optimization.operator.mutation.MutateESGlobal {crossoverType: intermediate,
            lowerLimitStepSize: 5.0E-7, mutationStepSize: 0.2, tau1: 0.15}
        mutationProbability: 1.0
    noise: 0.0
    parallelThreads: 6
    problemDimension: 15
    simpleProblem: !!uk.ac.ox.oxfish.maximization.GenericOptimization
        parameters:
        - !!uk.ac.ox.oxfish.maximization.generic.CommaMapOptimizationParameter {addressToModify: fisherDefinitions$0.gear.delegate.delegate.catchabilityMap,
            maximum: 5.0E-4, minimum: 1.0E-6, size: 4}
        - !!uk.ac.ox.oxfish.maximization.generic.SimpleOptimizationParameter {addressToModify: fisherDefinitions$0.gear.delegate.proportionSimulatedToGarbage,
            maximum: 0.8, minimum: 0.1}
        - !!uk.ac.ox.oxfish.maximization.generic.CommaMapOptimizationParameter {addressToModify: fisherDefinitions$1.gear.delegate.delegate.catchabilityMap,
            maximum: 5.0E-4, minimum: 1.0E-6, size: 4}
        - !!uk.ac.ox.oxfish.maximization.generic.SimpleOptimizationParameter {addressToModify: fisherDefinitions$1.gear.delegate.proportionSimulatedToGarbage,
            maximum: 0.8, minimum: 0.1}
        - !!uk.ac.ox.oxfish.maximization.generic.CommaMapOptimizationParameter {addressToModify: fisherDefinitions$2.gear.delegate.delegate.catchabilityMap,
            maximum: 5.0E-4, minimum: 1.0E-6, size: 4}
        - !!uk.ac.ox.oxfish.maximization.generic.SimpleOptimizationParameter {addressToModify: fisherDefinitions$2.gear.delegate.proportionSimulatedToGarbage,
            maximum: 0.8, minimum: 0.1}
        runsPerSetting: 1
        scenarioFile: docs/indonesia_hub/runs/712/slice1/calibration/optimistic.yaml
        targets:
        - {coefficientOfVariation: 0.1, hasHeader: true, pathToCsvFile: docs/indonesia_hub/runs/712/slice1/calibration/targets/Big_LL021 Lutjanus malabaricus.csv,
            yearlyDataColumnName: Lutjanus malabaricus Landings of population2}
        - {coefficientOfVariation: 0.1, hasHeader: true, pathToCsvFile: docs/indonesia_hub/runs/712/slice1/calibration/targets/Big_LP012 Pristipomoides multidens.csv,
            yearlyDataColumnName: Pristipomoides multidens Landings of population2}
        - {coefficientOfVariation: 2.0, hasHeader: true, pathToCsvFile: docs/indonesia_hub/runs/712/slice1/calibration/targets/Big_SE002 Epinephelus areolatus.csv,
            yearlyDataColumnName: Epinephelus areolatus Landings of population2}
        - {coefficientOfVariation: 2.0, hasHeader: true, pathToCsvFile: docs/indonesia_hub/runs/712/slice1/calibration/targets/Big_LL017 Lutjanus erythropterus.csv,
            yearlyDataColumnName: Lutjanus erythropterus Landings of population2}
        - {coefficientOfVariation: 0.1, hasHeader: true, pathToCsvFile: docs/indonesia_hub/runs/712/slice1/calibration/targets/Big_other.csv,
            yearlyDataColumnName: Others Landings of population2}
        - {coefficientOfVariation: 0.1, hasHeader: true, pathToCsvFile: docs/indonesia_hub/runs/712/slice1/calibration/targets/Big_total.csv,
            yearlyDataColumnName: Total Landings of population2}
        - {coefficientOfVariation: 0.1, hasHeader: true, pathToCsvFile: docs/indonesia_hub/runs/712/slice1/calibration/targets/Small_LL021 Lutjanus malabaricus.csv,
            yearlyDataColumnName: Lutjanus malabaricus Landings of population0}
        - {coefficientOfVariation: 0.1, hasHeader: true, pathToCsvFile: docs/indonesia_hub/runs/712/slice1/calibration/targets/Small_LP012 Pristipomoides multidens.csv,
            yearlyDataColumnName: Pristipomoides multidens Landings of population0}
        - {coefficientOfVariation: 2.0, hasHeader: true, pathToCsvFile: docs/indonesia_hub/runs/712/slice1/calibration/targets/Small_SE002 Epinephelus areolatus.csv,
            yearlyDataColumnName: Epinephelus areolatus Landings of population0}
        - {coefficientOfVariation: 2.0, hasHeader: true, pathToCsvFile: docs/indonesia_hub/runs/712/slice1/calibration/targets/Small_LL017 Lutjanus erythropterus.csv,
            yearlyDataColumnName: Lutjanus erythropterus Landings of population0}
        - {coefficientOfVariation: 0.1, hasHeader: true, pathToCsvFile: docs/indonesia_hub/runs/712/slice1/calibration/targets/Small_other.csv,
            yearlyDataColumnName: Others Landings of population0}
        - {coefficientOfVariation: 0.1, hasHeader: true, pathToCsvFile: docs/indonesia_hub/runs/712/slice1/calibration/targets/Small_total.csv,
            yearlyDataColumnName: Total Landings of population0}
        - {coefficientOfVariation: 0.1, hasHeader: true, pathToCsvFile: docs/indonesia_hub/runs/712/slice1/calibration/targets/Medium_LL021 Lutjanus malabaricus.csv,
            yearlyDataColumnName: Lutjanus malabaricus Landings of population1}
        - {coefficientOfVariation: 0.1, hasHeader: true, pathToCsvFile: docs/indonesia_hub/runs/712/slice1/calibration/targets/Medium_LP012 Pristipomoides multidens.csv,
            yearlyDataColumnName: Pristipomoides multidens Landings of population1}
        - {coefficientOfVariation: 2.0, hasHeader: true, pathToCsvFile: docs/indonesia_hub/runs/712/slice1/calibration/targets/Medium_SE002 Epinephelus areolatus.csv,
            yearlyDataColumnName: Epinephelus areolatus Landings of population1}
        - {coefficientOfVariation: 2.0, hasHeader: true, pathToCsvFile: docs/indonesia_hub/runs/712/slice1/calibration/targets/Medium_LL017 Lutjanus erythropterus.csv,
            yearlyDataColumnName: Lutjanus erythropterus Landings of population1}
        - {coefficientOfVariation: 0.1, hasHeader: true, pathToCsvFile: docs/indonesia_hub/runs/712/slice1/calibration/targets/Medium_other.csv,
            yearlyDataColumnName: Others Landings of population1}
        - {coefficientOfVariation: 0.1, hasHeader: true, pathToCsvFile: docs/indonesia_hub/runs/712/slice1/calibration/targets/Medium_total.csv,
            yearlyDataColumnName: Total Landings of population1}
randomSeed: 9999999
terminator: !!eva2.optimization.operator.terminators.EvaluationTerminator {fitnessCalls: 5000}

```

## Multirun 1
| FunctionCalls | currentBest | meanFit | solution | 
| --- | --- | --- | --- | 
| 100 | 65.39265737393548 | 104.89999469658883 | { 8.854,-8.046,-4.287,-5.308,-4.426,-5.910, 5.779,-3.001, 1.778, 4.734,-2.724,-6.867,-3.761,-4.899, 0.305} | 
| 200 | 59.37087008591768 | 70.39193758720174 | { 5.510,-7.605,-2.324,-4.390,-3.938,-6.454, 8.354,-2.895, 3.153, 8.629,-2.964,-4.384,-2.862,-8.089, 1.699} | 
| 300 | 52.2426132244393 | 67.7867089668868 | { 2.939,-9.186,-2.538,-4.096,-2.944,-5.533, 6.904,-2.911, 3.632, 8.546,-2.474,-3.276,-4.442,-10.000, 1.688} | 
| 400 | 49.703636998404065 | 59.894155868484674 | { 3.292,-9.051,-1.389,-2.644,-3.646,-3.415, 7.147,-2.298, 1.741, 8.800,-3.058,-2.602,-3.513,-10.000, 0.923} | 
| 500 | 45.89233426087596 | 57.64376034498267 | { 0.232,-8.854,-5.934,-3.527,-1.784,-1.997, 5.034,-2.507, 2.223, 8.317,-3.618,-1.997,-2.880,-9.037, 0.795} | 
| 600 | 43.92065139043934 | 54.550667924966454 | {-0.657,-8.599,-7.029,-3.021,-2.547,-1.170, 3.171,-4.496, 2.931, 10.000,-4.248,-0.778,-1.322,-8.662, 0.842} | 
| 700 | 42.45777819369872 | 52.09326906804238 | {-2.349,-8.470,-8.305,-2.690,-2.728,-1.839, 3.754,-4.923, 1.891, 8.315,-4.084,-1.198,-1.837,-8.756, 1.751} | 
| 800 | 41.933101362638006 | 50.17125141109802 | {-2.469,-8.924,-8.079,-4.369,-4.341,-0.866, 4.600,-5.459, 3.096, 7.248,-3.630,-1.974,-0.349,-9.149, 1.327} | 
| 900 | 40.44788458933428 | 48.62898168121592 | {-3.611,-8.903,-5.400,-3.628,-1.663,-2.148, 4.661,-4.789, 5.630, 5.930,-4.700, 0.777,-0.371,-10.000, 1.846} | 
| 1000 | 37.682269286372964 | 46.77190997274475 | {-5.450,-8.570,-10.000,-3.286,-0.933,-3.849, 6.364,-2.251, 4.463, 4.047,-4.771,-2.455,-1.912,-9.950, 1.839} | 
| 1100 | 37.73648111761322 | 46.11456863853598 | {-6.217,-8.408,-9.014,-3.289,-0.646,-4.432, 7.129,-2.204, 4.261, 2.883,-5.337,-2.325,-1.202,-9.938, 0.467} | 
| 1200 | 36.14376027130603 | 43.997590856432325 | {-5.556,-8.602,-9.133,-4.229,-0.769,-4.452, 6.087,-6.332, 3.057, 6.530,-4.702, 1.209,-1.766,-9.018, 0.814} | 
| 1300 | 35.26000641447813 | 42.6410856506073 | {-5.298,-8.891,-7.834,-5.314,-1.415,-4.911, 5.626,-7.231, 3.461, 6.993,-5.542, 1.670,-0.220,-9.051, 1.048} | 
| 1400 | 35.52518379722902 | 42.100719177133634 | {-6.017,-8.773,-8.657,-3.561,-2.221,-4.571, 4.147,-6.083, 2.003, 4.737,-5.617, 2.676,-2.232,-8.897, 0.695} | 
| 1500 | 35.24859317462093 | 41.308580813409016 | {-6.219,-8.786,-7.214,-4.427,-1.191,-4.793, 6.348,-8.939, 1.890, 10.000,-5.756, 5.190,-3.055,-10.000,-0.253} | 
| 1600 | 35.67860975599665 | 42.02266340778089 | {-4.912,-8.679,-10.000,-2.176,-2.389,-4.884, 10.000,-5.556, 1.631, 4.627,-4.071, 4.579,-4.477,-10.000,-2.356} | 
| 1700 | 34.245465648030965 | 40.60379696789828 | {-6.228,-8.956,-8.628,-5.406,-1.447,-4.692, 10.000,-5.572, 0.675, 4.473,-5.360, 5.352,-4.645,-10.000,-3.110} | 
| 1800 | 33.75515414998495 | 39.78329374183559 | {-5.577,-8.909,-8.188,-1.427,-2.110,-4.652, 9.066,-4.143, 1.527, 6.695,-5.445, 5.063,-7.506,-10.000,-0.752} | 
| 1900 | 34.1600531010335 | 39.60050856991199 | {-6.210,-8.552,-10.000,-2.535, 1.083,-5.560, 9.853,-7.871, 1.719, 7.113,-6.392, 3.481,-4.255,-9.118, 0.643} | 
| 2000 | 34.33849140857852 | 39.08526292119509 | {-6.749,-8.581,-10.000,-2.373, 0.251,-5.139, 9.020,-5.251,-0.316, 7.402,-5.287, 3.797,-5.841,-9.743, 0.313} | 
| 2100 | 33.78160671515447 | 40.21219685640395 | {-6.611,-8.362,-9.978,-2.051, 1.362,-5.066, 10.000,-5.161, 2.959, 5.262,-6.493, 5.095,-1.544,-9.310, 1.097} | 
| 2200 | 33.920756717493944 | 39.36848432943474 | {-6.120,-8.766,-10.000,-1.397, 0.395,-4.318, 10.000,-5.439, 0.542, 6.905,-5.987, 2.416,-7.290,-9.440, 0.984} | 
| 2300 | 33.32254880285482 | 37.782370751397515 | {-6.259,-8.816,-9.875,-0.282, 1.446,-4.796, 9.411,-6.606, 2.568, 5.611,-5.511, 1.725,-5.409,-8.434, 0.282} | 
| 2400 | 33.04422115678861 | 37.53278891958395 | {-6.460,-8.703,-9.989,-0.603, 2.250,-4.993, 9.937,-6.609, 2.070, 6.521,-5.239, 4.286,-5.145,-9.652,-0.403} | 
| 2500 | 33.50282341686187 | 37.975100120884115 | {-6.721,-8.888,-9.529,-2.715,-0.231,-5.704, 6.547,-6.969, 2.350, 5.885,-5.651, 4.504,-4.705,-9.521,-0.129} | 
| 2600 | 33.09444332671077 | 37.42904886300007 | {-5.403,-8.874,-10.000, 0.636, 2.127,-4.550, 9.928,-6.999, 1.703, 6.508,-4.460, 4.033,-3.915,-9.726,-0.399} | 
| 2700 | 31.95356734022169 | 37.22284823285452 | {-6.364,-9.062,-9.599,-0.493, 2.053,-5.008, 10.000,-5.451, 1.729, 5.672,-5.514, 4.535,-5.685,-9.067, 0.160} | 
| 2800 | 32.568621338146265 | 36.852108853884324 | {-6.447,-8.710,-10.000,-1.086, 2.165,-5.081, 9.734,-5.739, 1.370, 6.487,-5.318, 4.774,-5.022,-9.522, 0.466} | 
| 2900 | 32.69893072554559 | 36.50169467900247 | {-5.891,-9.068,-10.000,-1.515, 1.702,-4.615, 9.839,-5.210, 1.073, 4.957,-5.967, 5.318,-5.872,-8.567, 0.259} | 
| 3000 | 33.3351151635835 | 36.50260927661362 | {-6.984,-9.040,-9.269, 0.199, 1.653,-6.180, 9.382,-7.824, 1.561, 8.529,-6.284, 4.828,-6.133,-9.018,-0.930} | 
| 3100 | 32.85982854750433 | 35.9129473178057 | {-6.867,-8.790,-9.493,-1.854, 1.177,-5.689, 9.468,-5.489, 0.465, 4.406,-5.827, 6.026,-6.015,-8.477,-0.368} | 
| 3200 | 32.68112101888985 | 35.70428020868878 | {-6.618,-8.493,-9.886,-1.613, 0.706,-5.365, 9.603,-8.712, 2.825, 6.765,-5.840, 5.088,-5.343,-9.427, 0.889} | 
| 3300 | 32.92439953066181 | 35.403957844445465 | {-6.898,-9.038,-8.713,-2.028, 1.847,-5.272, 10.000,-5.295, 1.049, 4.245,-5.746, 5.895,-5.553,-8.476,-0.678} | 
| 3400 | 32.55682590706716 | 35.4194320456123 | {-6.392,-8.769,-9.945,-2.244, 1.535,-5.453, 10.000,-5.905,-0.460, 4.324,-5.474, 5.444,-5.599,-8.961,-1.141} | 
| 3500 | 32.43454696141562 | 35.21812717671999 | {-6.741,-8.726,-10.000,-2.792, 0.690,-4.803, 8.863,-4.869,-0.222, 3.957,-5.843, 6.424,-6.559,-10.000,-0.260} | 
| 3600 | 32.69600316254135 | 35.36949669427504 | {-7.084,-9.121,-9.105,-2.294, 2.196,-6.131, 9.671,-6.084,-0.616, 4.126,-6.058, 4.703,-4.957,-9.562,-0.808} | 
| 3700 | 32.50518699064453 | 35.618276089224956 | {-6.313,-8.922,-9.660,-2.237, 0.940,-4.706, 9.976,-4.790,-0.316, 3.437,-5.160, 4.472,-4.633,-9.174,-0.597} | 
| 3800 | 32.37873296298282 | 35.578123647613694 | {-6.292,-9.092,-9.233,-1.845, 0.738,-4.942, 9.493,-5.129,-0.068, 3.388,-5.484, 4.544,-4.606,-9.080,-0.552} | 
| 3900 | 32.11551128122142 | 34.90354721964064 | {-6.314,-8.980,-8.974,-2.334, 2.703,-5.308, 10.000,-6.581,-0.737, 3.586,-5.293, 6.282,-5.342,-9.160,-1.231} | 
| 4000 | 32.10331838849624 | 34.78512697350822 | {-6.942,-9.019,-9.972,-1.700, 1.546,-5.213, 9.833,-4.891, 0.070, 4.655,-5.867, 4.171,-5.139,-9.878,-0.902} | 
| 4100 | 32.34151024106172 | 34.13463471633695 | {-6.400,-8.912,-10.000,-2.470, 1.683,-5.199, 9.036,-4.632, 0.290, 4.241,-5.619, 5.083,-5.147,-9.517,-0.938} | 
| 4200 | 32.22840108818413 | 34.32649339410317 | {-6.665,-9.136,-10.000,-1.957, 1.798,-5.021, 10.000,-5.103,-0.063, 4.764,-5.935, 5.061,-5.595,-9.984,-0.076} | 
