
### Optimization parameters 
```
!!eva2.optimization.OptimizationParameters
optimizer: !!eva2.optimization.strategies.ScatterSearch
    doLocalSearch: false
    improvementEpsilon: 0.1
    localSearchFitnessFilter: 1.5
    localSearchMethod: NelderMead
    localSearchRelativeFilter: false
    localSearchSteps: 100
    minDiversityEpsilon: 1.0E-4
    nelderMeadInitPerturbation: 0.01
    poolSize: 100
    population: !population
        initAround: 0.1
        initMethod: individualDefault
        initPos: [0.0, 0.0, 0.0, 0.0, 0.0, 0.0, 0.0, 0.0, 0.0, 0.0]
        popMetric: !!eva2.optimization.operator.distancemetric.PhenotypeMetric {}
        seedCardinality: {head: 5, tail: 1}
        targetSize: 10
    refSetSize: 10
postProcessParams: !!eva2.optimization.operator.postprocess.PostProcessParams
    PPMethod: nelderMead
    accAssumeConv: 1.0E-8
    accMaxEval: -1
    accuracies: [0.01]
    doPostProcessing: false
    postProcessClusterSigma: 0.05
    postProcessSteps: 5000
    printNBest: 10
    withPlot: false
problem: !!eva2.problems.SimpleProblemWrapper
    defaultAccuracy: 0.001
    defaultRange: 10.0
    individualTemplate: !!eva2.optimization.individuals.ESIndividualDoubleData
        areaConst4ParallelViolated: false
        crossoverOperator: !!eva2.optimization.operator.crossover.CrossoverESDefault {}
        crossoverProbability: 0.5
        initOperator: !!eva2.optimization.operator.initialization.DefaultInitialization {}
        isMarked: false
        isPenalized: false
        mutationOperator: !!eva2.optimization.operator.mutation.MutateESGlobal {crossoverType: intermediate,
            lowerLimitStepSize: 5.0E-7, mutationStepSize: 0.2, tau1: 0.15}
        mutationProbability: 1.0
    noise: 0.0
    parallelThreads: 4
    problemDimension: 7
    simpleProblem: !!uk.ac.ox.oxfish.maximization.CaliforniaDerisoOptimization
        parameters:
        - !!uk.ac.ox.oxfish.maximization.generic.SimpleOptimizationParameter {addressToModify: gear.delegate.gears~Dover Sole.averageCatchability,
            maximum: 0.001, minimum: 1.0E-5}
        - !!uk.ac.ox.oxfish.maximization.generic.SimpleOptimizationParameter {addressToModify: gear.delegate.gears~Longspine Thornyhead.averageCatchability,
            maximum: 0.001, minimum: 1.0E-5}
        - !!uk.ac.ox.oxfish.maximization.generic.SimpleOptimizationParameter {addressToModify: gear.delegate.gears~Sablefish.averageCatchability,
            maximum: 0.001, minimum: 1.0E-5}
        - !!uk.ac.ox.oxfish.maximization.generic.SimpleOptimizationParameter {addressToModify: gear.delegate.gears~Shortspine Thornyhead.averageCatchability,
            maximum: 0.001, minimum: 1.0E-5}
        - !!uk.ac.ox.oxfish.maximization.generic.SimpleOptimizationParameter {addressToModify: gear.delegate.gears~Yelloweye Rockfish.averageCatchability,
            maximum: 0.001, minimum: 1.0E-5}
        - !!uk.ac.ox.oxfish.maximization.generic.SimpleOptimizationParameter {addressToModify: gear.proportionSimulatedToGarbage,
            maximum: 0.5, minimum: 0.0}
        - !!uk.ac.ox.oxfish.maximization.generic.SimpleOptimizationParameter {addressToModify: holdSizePerBoat,
            maximum: 15000.0, minimum: 1500.0}
        runsPerSetting: 1
        scenarioFile: docs/groundfish/calibration/step1_catchability/clamped.yaml
        seed: 0
        summaryDirectory: docs/groundfish/calibration/step1_catchability
        yearsToIgnore: 1
        yearsToRun: 5
randomSeed: 0
terminator: !!eva2.optimization.operator.terminators.EvaluationTerminator {fitnessCalls: 50000}

```

## Multirun 1
| FunctionCalls | currentBest | meanFit | currentWorst | runBest | currentBestFeasible | runBestFeasible | avgEucPopDistance | maxEucPopDistance | avgPopMetricDist | maxPopMetricDist | solution | sigma | 
| --- | --- | --- | --- | --- | --- | --- | --- | --- | --- | --- | --- | --- | 
| 150 | 14.951727599833177 | 33.33641063393153 | 51.377491060654584 | 14.951727599833177 | 14.951727599833177 | 14.951727599833177 | 20.70600825051078 | 31.090394803617855 | 1.0353004125255392 | 1.5545197401808926 | {-1.182, 5.493, 6.316,-6.533,-5.509,-6.138,-4.743} | 0.2 | 
| 200 | 14.951727599833177 | 33.33641063393153 | 51.377491060654584 | 14.951727599833177 | 14.951727599833177 | 14.951727599833177 | 20.70600825051078 | 31.090394803617855 | 1.0353004125255392 | 1.5545197401808926 | {-1.182, 5.493, 6.316,-6.533,-5.509,-6.138,-4.743} | 0.2 | 
| 250 | 11.456797560576394 | 13.849239604924202 | 17.373881268264427 | 11.456797560576394 | 11.456797560576394 | 11.456797560576394 | 8.988331934184805 | 20.090143880663817 | 0.44941659670924045 | 1.0045071940331909 | { 3.314, 3.468, 6.153,-6.386,-4.956,-6.165,-1.541} | 0.2 | 
| 300 | 11.456797560576394 | 13.849239604924202 | 17.373881268264427 | 11.456797560576394 | 11.456797560576394 | 11.456797560576394 | 8.988331934184805 | 20.090143880663817 | 0.44941659670924045 | 1.0045071940331909 | { 3.314, 3.468, 6.153,-6.386,-4.956,-6.165,-1.541} | 0.2 | 
| 350 | 11.456797560576394 | 13.849239604924202 | 17.373881268264427 | 11.456797560576394 | 11.456797560576394 | 11.456797560576394 | 8.988331934184805 | 20.090143880663817 | 0.44941659670924045 | 1.0045071940331909 | { 3.314, 3.468, 6.153,-6.386,-4.956,-6.165,-1.541} | 0.2 | 
| 400 | 9.073748108138709 | 11.330437692640887 | 13.02136933410071 | 9.073748108138709 | 9.073748108138709 | 9.073748108138709 | 6.188505573610062 | 18.702591774179666 | 0.3094252786805031 | 0.9351295887089831 | { 3.314, 3.593, 6.214,-6.279,-4.892,-6.187,-0.511} | 0.2 | 
| 450 | 9.073748108138709 | 11.330437692640887 | 13.02136933410071 | 9.073748108138709 | 9.073748108138709 | 9.073748108138709 | 6.188505573610062 | 18.702591774179666 | 0.3094252786805031 | 0.9351295887089831 | { 3.314, 3.593, 6.214,-6.279,-4.892,-6.187,-0.511} | 0.2 | 
| 500 | 9.073748108138709 | 11.330437692640887 | 13.02136933410071 | 9.073748108138709 | 9.073748108138709 | 9.073748108138709 | 6.188505573610062 | 18.702591774179666 | 0.3094252786805031 | 0.9351295887089831 | { 3.314, 3.593, 6.214,-6.279,-4.892,-6.187,-0.511} | 0.2 | 
| 550 | 8.161401805471073 | 10.844440939777922 | 12.869344169093157 | 8.161401805471073 | 8.161401805471073 | 8.161401805471073 | 6.41670730374803 | 18.702591774179666 | 0.32083536518740147 | 0.9351295887089831 | { 5.796, 3.179, 6.012,-6.400,-5.845,-6.164, 0.452} | 0.2 | 
| 600 | 8.161401805471073 | 10.844440939777922 | 12.869344169093157 | 8.161401805471073 | 8.161401805471073 | 8.161401805471073 | 6.41670730374803 | 18.702591774179666 | 0.32083536518740147 | 0.9351295887089831 | { 5.796, 3.179, 6.012,-6.400,-5.845,-6.164, 0.452} | 0.2 | 
| 650 | 8.10473366919371 | 10.838774126150186 | 12.869344169093157 | 8.10473366919371 | 8.10473366919371 | 8.10473366919371 | 6.6586028178607375 | 18.702591774179666 | 0.33293014089303685 | 0.9351295887089831 | { 6.862, 3.148, 5.947,-6.405,-5.920,-6.164, 1.440} | 0.2 | 
| 700 | 8.10473366919371 | 10.838774126150186 | 12.869344169093157 | 8.10473366919371 | 8.10473366919371 | 8.10473366919371 | 6.6586028178607375 | 18.702591774179666 | 0.33293014089303685 | 0.9351295887089831 | { 6.862, 3.148, 5.947,-6.405,-5.920,-6.164, 1.440} | 0.2 | 
| 750 | 8.10473366919371 | 10.838774126150186 | 12.869344169093157 | 8.10473366919371 | 8.10473366919371 | 8.10473366919371 | 6.6586028178607375 | 18.702591774179666 | 0.33293014089303685 | 0.9351295887089831 | { 6.862, 3.148, 5.947,-6.405,-5.920,-6.164, 1.440} | 0.2 | 
| 800 | 8.10473366919371 | 15.273168553754141 | 30.508755219198427 | 8.10473366919371 | 8.10473366919371 | 8.10473366919371 | 11.850859981658102 | 22.567481559585804 | 0.5925429990829051 | 1.1283740779792903 | { 6.862, 3.148, 5.947,-6.405,-5.920,-6.164, 1.440} | 0.2 | 
| 850 | 8.10473366919371 | 15.273168553754141 | 30.508755219198427 | 8.10473366919371 | 8.10473366919371 | 8.10473366919371 | 11.850859981658102 | 22.567481559585804 | 0.5925429990829051 | 1.1283740779792903 | { 6.862, 3.148, 5.947,-6.405,-5.920,-6.164, 1.440} | 0.2 | 
| 900 | 8.10473366919371 | 15.273168553754141 | 30.508755219198427 | 8.10473366919371 | 8.10473366919371 | 8.10473366919371 | 11.850859981658102 | 22.567481559585804 | 0.5925429990829051 | 1.1283740779792903 | { 6.862, 3.148, 5.947,-6.405,-5.920,-6.164, 1.440} | 0.2 | 
| 950 | 8.10473366919371 | 16.75780688936124 | 34.13473047721334 | 8.10473366919371 | 8.10473366919371 | 8.10473366919371 | 12.59144445123095 | 25.105278473779734 | 0.6295722225615474 | 1.2552639236889869 | { 6.862, 3.148, 5.947,-6.405,-5.920,-6.164, 1.440} | 0.2 | 
| 1000 | 8.10473366919371 | 16.75780688936124 | 34.13473047721334 | 8.10473366919371 | 8.10473366919371 | 8.10473366919371 | 12.59144445123095 | 25.105278473779734 | 0.6295722225615474 | 1.2552639236889869 | { 6.862, 3.148, 5.947,-6.405,-5.920,-6.164, 1.440} | 0.2 | 
| 1050 | 8.10473366919371 | 16.75780688936124 | 34.13473047721334 | 8.10473366919371 | 8.10473366919371 | 8.10473366919371 | 12.59144445123095 | 25.105278473779734 | 0.6295722225615474 | 1.2552639236889869 | { 6.862, 3.148, 5.947,-6.405,-5.920,-6.164, 1.440} | 0.2 | 
| 1100 | 8.10473366919371 | 16.073991186659548 | 32.94508984860856 | 8.10473366919371 | 8.10473366919371 | 8.10473366919371 | 11.553255135227172 | 24.623592317637563 | 0.5776627567613585 | 1.2311796158818782 | { 6.862, 3.148, 5.947,-6.405,-5.920,-6.164, 1.440} | 0.2 | 
| 1150 | 8.10473366919371 | 16.073991186659548 | 32.94508984860856 | 8.10473366919371 | 8.10473366919371 | 8.10473366919371 | 11.553255135227172 | 24.623592317637563 | 0.5776627567613585 | 1.2311796158818782 | { 6.862, 3.148, 5.947,-6.405,-5.920,-6.164, 1.440} | 0.2 | 
| 1200 | 8.10473366919371 | 16.073991186659548 | 32.94508984860856 | 8.10473366919371 | 8.10473366919371 | 8.10473366919371 | 11.553255135227172 | 24.623592317637563 | 0.5776627567613585 | 1.2311796158818782 | { 6.862, 3.148, 5.947,-6.405,-5.920,-6.164, 1.440} | 0.2 | 
| 1250 | 8.10473366919371 | 18.656987067376388 | 46.57976888964325 | 8.10473366919371 | 8.10473366919371 | 8.10473366919371 | 13.658062020217578 | 28.01483054778148 | 0.6829031010108786 | 1.400741527389074 | { 6.862, 3.148, 5.947,-6.405,-5.920,-6.164, 1.440} | 0.2 | 
| 1300 | 8.10473366919371 | 18.656987067376388 | 46.57976888964325 | 8.10473366919371 | 8.10473366919371 | 8.10473366919371 | 13.658062020217578 | 28.01483054778148 | 0.6829031010108786 | 1.400741527389074 | { 6.862, 3.148, 5.947,-6.405,-5.920,-6.164, 1.440} | 0.2 | 
| 1350 | 7.787519520886015 | 18.625265652545618 | 46.57976888964325 | 7.787519520886015 | 7.787519520886015 | 7.787519520886015 | 13.721015373736039 | 28.01483054778148 | 0.6860507686868016 | 1.400741527389074 | { 7.356, 3.178, 5.895,-6.384,-5.930,-6.160, 1.701} | 0.2 | 
| 1400 | 7.787519520886015 | 18.625265652545618 | 46.57976888964325 | 7.787519520886015 | 7.787519520886015 | 7.787519520886015 | 13.721015373736039 | 28.01483054778148 | 0.6860507686868016 | 1.400741527389074 | { 7.356, 3.178, 5.895,-6.384,-5.930,-6.160, 1.701} | 0.2 | 
| 1450 | 7.787519520886015 | 18.625265652545618 | 46.57976888964325 | 7.787519520886015 | 7.787519520886015 | 7.787519520886015 | 13.721015373736039 | 28.01483054778148 | 0.6860507686868016 | 1.400741527389074 | { 7.356, 3.178, 5.895,-6.384,-5.930,-6.160, 1.701} | 0.2 | 
| 1500 | 7.787519520886015 | 20.752928458448945 | 47.63545946554381 | 7.787519520886015 | 7.787519520886015 | 7.787519520886015 | 16.506736180837894 | 33.38032091565226 | 0.8253368090418949 | 1.669016045782613 | { 7.356, 3.178, 5.895,-6.384,-5.930,-6.160, 1.701} | 0.2 | 
| 1550 | 7.787519520886015 | 20.752928458448945 | 47.63545946554381 | 7.787519520886015 | 7.787519520886015 | 7.787519520886015 | 16.506736180837894 | 33.38032091565226 | 0.8253368090418949 | 1.669016045782613 | { 7.356, 3.178, 5.895,-6.384,-5.930,-6.160, 1.701} | 0.2 | 
| 1600 | 7.787519520886015 | 20.752928458448945 | 47.63545946554381 | 7.787519520886015 | 7.787519520886015 | 7.787519520886015 | 16.506736180837894 | 33.38032091565226 | 0.8253368090418949 | 1.669016045782613 | { 7.356, 3.178, 5.895,-6.384,-5.930,-6.160, 1.701} | 0.2 | 
| 1650 | 7.787519520886015 | 17.27179379376941 | 29.946992123739797 | 7.787519520886015 | 7.787519520886015 | 7.787519520886015 | 12.530215684581966 | 24.166282946641715 | 0.6265107842290984 | 1.208314147332086 | { 7.356, 3.178, 5.895,-6.384,-5.930,-6.160, 1.701} | 0.2 | 
| 1700 | 7.787519520886015 | 17.27179379376941 | 29.946992123739797 | 7.787519520886015 | 7.787519520886015 | 7.787519520886015 | 12.530215684581966 | 24.166282946641715 | 0.6265107842290984 | 1.208314147332086 | { 7.356, 3.178, 5.895,-6.384,-5.930,-6.160, 1.701} | 0.2 | 
| 1750 | 7.787519520886015 | 17.27179379376941 | 29.946992123739797 | 7.787519520886015 | 7.787519520886015 | 7.787519520886015 | 12.530215684581966 | 24.166282946641715 | 0.6265107842290984 | 1.208314147332086 | { 7.356, 3.178, 5.895,-6.384,-5.930,-6.160, 1.701} | 0.2 | 
| 1800 | 7.787519520886015 | 15.65767340899038 | 29.64423033030973 | 7.787519520886015 | 7.787519520886015 | 7.787519520886015 | 10.59572086384989 | 20.848070664978223 | 0.5297860431924943 | 1.0424035332489112 | { 7.356, 3.178, 5.895,-6.384,-5.930,-6.160, 1.701} | 0.2 | 
| 1850 | 7.787519520886015 | 15.65767340899038 | 29.64423033030973 | 7.787519520886015 | 7.787519520886015 | 7.787519520886015 | 10.59572086384989 | 20.848070664978223 | 0.5297860431924943 | 1.0424035332489112 | { 7.356, 3.178, 5.895,-6.384,-5.930,-6.160, 1.701} | 0.2 | 
| 1900 | 7.787519520886015 | 17.878325967907593 | 32.98440406240445 | 7.787519520886015 | 7.787519520886015 | 7.787519520886015 | 14.823298476554491 | 32.518836800512624 | 0.7411649238277248 | 1.6259418400256311 | { 7.356, 3.178, 5.895,-6.384,-5.930,-6.160, 1.701} | 0.2 | 
| 1950 | 7.787519520886015 | 17.878325967907593 | 32.98440406240445 | 7.787519520886015 | 7.787519520886015 | 7.787519520886015 | 14.823298476554491 | 32.518836800512624 | 0.7411649238277248 | 1.6259418400256311 | { 7.356, 3.178, 5.895,-6.384,-5.930,-6.160, 1.701} | 0.2 | 
| 2000 | 7.787519520886015 | 17.878325967907593 | 32.98440406240445 | 7.787519520886015 | 7.787519520886015 | 7.787519520886015 | 14.823298476554491 | 32.518836800512624 | 0.7411649238277248 | 1.6259418400256311 | { 7.356, 3.178, 5.895,-6.384,-5.930,-6.160, 1.701} | 0.2 | 
| 2050 | 7.787519520886015 | 15.045580175873152 | 25.837942220214032 | 7.787519520886015 | 7.787519520886015 | 7.787519520886015 | 12.433194127409902 | 29.25598200113101 | 0.6216597063704951 | 1.4627991000565506 | { 7.356, 3.178, 5.895,-6.384,-5.930,-6.160, 1.701} | 0.2 | 
| 2100 | 7.787519520886015 | 15.045580175873152 | 25.837942220214032 | 7.787519520886015 | 7.787519520886015 | 7.787519520886015 | 12.433194127409902 | 29.25598200113101 | 0.6216597063704951 | 1.4627991000565506 | { 7.356, 3.178, 5.895,-6.384,-5.930,-6.160, 1.701} | 0.2 | 
| 2150 | 7.787519520886015 | 15.045580175873152 | 25.837942220214032 | 7.787519520886015 | 7.787519520886015 | 7.787519520886015 | 12.433194127409902 | 29.25598200113101 | 0.6216597063704951 | 1.4627991000565506 | { 7.356, 3.178, 5.895,-6.384,-5.930,-6.160, 1.701} | 0.2 | 
| 2200 | 7.787519520886015 | 15.047339561659836 | 30.232989649730886 | 7.787519520886015 | 7.787519520886015 | 7.787519520886015 | 11.710369802235608 | 25.321934751939178 | 0.5855184901117805 | 1.266096737596959 | { 7.356, 3.178, 5.895,-6.384,-5.930,-6.160, 1.701} | 0.2 | 
| 2250 | 7.787519520886015 | 15.047339561659836 | 30.232989649730886 | 7.787519520886015 | 7.787519520886015 | 7.787519520886015 | 11.710369802235608 | 25.321934751939178 | 0.5855184901117805 | 1.266096737596959 | { 7.356, 3.178, 5.895,-6.384,-5.930,-6.160, 1.701} | 0.2 | 
| 2300 | 7.787519520886015 | 15.047339561659836 | 30.232989649730886 | 7.787519520886015 | 7.787519520886015 | 7.787519520886015 | 11.710369802235608 | 25.321934751939178 | 0.5855184901117805 | 1.266096737596959 | { 7.356, 3.178, 5.895,-6.384,-5.930,-6.160, 1.701} | 0.2 | 
