
### Optimization parameters 
```
!!eva2.optimization.OptimizationParameters
optimizer: !!eva2.optimization.strategies.NelderMeadSimplex
    checkRange: true
    critIndex: 0
    population: !population
        initAround: 0.1
        initMethod: individualDefault
        initPos: [0.0, 0.0, 0.0, 0.0, 0.0, 0.0, 0.0, 0.0, 0.0, 0.0]
        popMetric: !!eva2.optimization.operator.distancemetric.PhenotypeMetric {}
        seedCardinality: {head: 5, tail: 1}
        targetSize: 50
    populationSize: 50
postProcessParams: !!eva2.optimization.operator.postprocess.PostProcessParams
    PPMethod: nelderMead
    accAssumeConv: 1.0E-8
    accMaxEval: -1
    accuracies: [0.01]
    doPostProcessing: false
    postProcessClusterSigma: 0.05
    postProcessSteps: 5000
    printNBest: 10
    withPlot: false
problem: !!eva2.problems.SimpleProblemWrapper
    defaultAccuracy: 0.001
    defaultRange: 10.0
    individualTemplate: !!eva2.optimization.individuals.ESIndividualDoubleData
        areaConst4ParallelViolated: false
        crossoverOperator: !!eva2.optimization.operator.crossover.CrossoverESDefault {}
        crossoverProbability: 0.5
        initOperator: !!eva2.optimization.operator.initialization.DefaultInitialization {}
        isMarked: false
        isPenalized: false
        mutationOperator: !!eva2.optimization.operator.mutation.MutateESGlobal {crossoverType: intermediate,
            lowerLimitStepSize: 5.0E-7, mutationStepSize: 0.2, tau1: 0.15}
        mutationProbability: 1.0
    noise: 0.0
    parallelThreads: 3
    problemDimension: 15
    simpleProblem: !!uk.ac.ox.oxfish.maximization.GenericOptimization
        parameters:
        - !!uk.ac.ox.oxfish.maximization.generic.SimpleOptimizationParameter {addressToModify: fisherDefinitions$0.gear.delegate.delegate.gears~Pristipomoides multidens.averageCatchability,
            maximum: 8.0E-4, minimum: 1.0E-7}
        - !!uk.ac.ox.oxfish.maximization.generic.SimpleOptimizationParameter {addressToModify: fisherDefinitions$0.gear.delegate.delegate.gears~Lutjanus malabaricus.averageCatchability,
            maximum: 8.0E-4, minimum: 1.0E-7}
        - !!uk.ac.ox.oxfish.maximization.generic.SimpleOptimizationParameter {addressToModify: fisherDefinitions$0.gear.delegate.delegate.gears~Epinephelus areolatus.averageCatchability,
            maximum: 8.0E-4, minimum: 1.0E-7}
        - !!uk.ac.ox.oxfish.maximization.generic.SimpleOptimizationParameter {addressToModify: fisherDefinitions$0.gear.delegate.delegate.gears~Lutjanus erythropterus.averageCatchability,
            maximum: 8.0E-4, minimum: 1.0E-7}
        - !!uk.ac.ox.oxfish.maximization.generic.SimpleOptimizationParameter {addressToModify: fisherDefinitions$0.gear.delegate.proportionSimulatedToGarbage,
            maximum: 0.8, minimum: 0.0}
        - !!uk.ac.ox.oxfish.maximization.generic.SimpleOptimizationParameter {addressToModify: fisherDefinitions$1.gear.delegate.delegate.gears~Pristipomoides multidens.averageCatchability,
            maximum: 8.0E-4, minimum: 1.0E-7}
        - !!uk.ac.ox.oxfish.maximization.generic.SimpleOptimizationParameter {addressToModify: fisherDefinitions$1.gear.delegate.delegate.gears~Lutjanus malabaricus.averageCatchability,
            maximum: 8.0E-4, minimum: 1.0E-7}
        - !!uk.ac.ox.oxfish.maximization.generic.SimpleOptimizationParameter {addressToModify: fisherDefinitions$1.gear.delegate.delegate.gears~Epinephelus areolatus.averageCatchability,
            maximum: 8.0E-4, minimum: 1.0E-7}
        - !!uk.ac.ox.oxfish.maximization.generic.SimpleOptimizationParameter {addressToModify: fisherDefinitions$1.gear.delegate.delegate.gears~Lutjanus erythropterus.averageCatchability,
            maximum: 8.0E-4, minimum: 1.0E-7}
        - !!uk.ac.ox.oxfish.maximization.generic.SimpleOptimizationParameter {addressToModify: fisherDefinitions$1.gear.delegate.proportionSimulatedToGarbage,
            maximum: 0.8, minimum: 0.0}
        - !!uk.ac.ox.oxfish.maximization.generic.SimpleOptimizationParameter {addressToModify: fisherDefinitions$2.gear.delegate.delegate.gears~Pristipomoides multidens.averageCatchability,
            maximum: 8.0E-4, minimum: 1.0E-7}
        - !!uk.ac.ox.oxfish.maximization.generic.SimpleOptimizationParameter {addressToModify: fisherDefinitions$2.gear.delegate.delegate.gears~Lutjanus malabaricus.averageCatchability,
            maximum: 8.0E-4, minimum: 1.0E-7}
        - !!uk.ac.ox.oxfish.maximization.generic.SimpleOptimizationParameter {addressToModify: fisherDefinitions$2.gear.delegate.delegate.gears~Epinephelus areolatus.averageCatchability,
            maximum: 8.0E-4, minimum: 1.0E-7}
        - !!uk.ac.ox.oxfish.maximization.generic.SimpleOptimizationParameter {addressToModify: fisherDefinitions$2.gear.delegate.delegate.gears~Lutjanus erythropterus.averageCatchability,
            maximum: 8.0E-4, minimum: 1.0E-7}
        - !!uk.ac.ox.oxfish.maximization.generic.SimpleOptimizationParameter {addressToModify: fisherDefinitions$2.gear.delegate.proportionSimulatedToGarbage,
            maximum: 0.8, minimum: 0.0}
        runsPerSetting: 1
        scenarioFile: docs/indonesia_hub/runs/712/sclice2/calibration/noexit_seasonal_nationalcpue.yaml
        targets:
        - !!uk.ac.ox.oxfish.maximization.generic.YearlyDataTarget {coefficientOfVariation: -1.0,
            cumulative: false, exponent: 1.0, hasHeader: true, pathToCsvFile: docs/indonesia_hub/runs/712/sclice2/calibration/targets/Big_LL021 Lutjanus malabaricus.csv,
            yearlyDataColumnName: Lutjanus malabaricus Landings of population2}
        - !!uk.ac.ox.oxfish.maximization.generic.YearlyDataTarget {coefficientOfVariation: -1.0,
            cumulative: false, exponent: 1.0, hasHeader: true, pathToCsvFile: docs/indonesia_hub/runs/712/sclice2/calibration/targets/Big_LP012 Pristipomoides multidens.csv,
            yearlyDataColumnName: Pristipomoides multidens Landings of population2}
        - !!uk.ac.ox.oxfish.maximization.generic.YearlyDataTarget {coefficientOfVariation: -1.0,
            cumulative: false, exponent: 1.0, hasHeader: true, pathToCsvFile: docs/indonesia_hub/runs/712/sclice2/calibration/targets/Big_SE002 Epinephelus areolatus.csv,
            yearlyDataColumnName: Epinephelus areolatus Landings of population2}
        - !!uk.ac.ox.oxfish.maximization.generic.YearlyDataTarget {coefficientOfVariation: -1.0,
            cumulative: false, exponent: 1.0, hasHeader: true, pathToCsvFile: docs/indonesia_hub/runs/712/sclice2/calibration/targets/Big_LL017 Lutjanus erythropterus.csv,
            yearlyDataColumnName: Lutjanus erythropterus Landings of population2}
        - !!uk.ac.ox.oxfish.maximization.generic.YearlyDataTarget {coefficientOfVariation: -1.0,
            cumulative: false, exponent: 1.0, hasHeader: true, pathToCsvFile: docs/indonesia_hub/runs/712/sclice2/calibration/targets/Big_other.csv,
            yearlyDataColumnName: Others Landings of population2}
        - !!uk.ac.ox.oxfish.maximization.generic.YearlyDataTarget {coefficientOfVariation: -1.0,
            cumulative: false, exponent: 1.0, hasHeader: true, pathToCsvFile: docs/indonesia_hub/runs/712/sclice2/calibration/targets/Big_total.csv,
            yearlyDataColumnName: Total Landings of population2}
        - !!uk.ac.ox.oxfish.maximization.generic.YearlyDataTarget {coefficientOfVariation: -1.0,
            cumulative: false, exponent: 1.0, hasHeader: true, pathToCsvFile: docs/indonesia_hub/runs/712/sclice2/calibration/targets/Small_LL021 Lutjanus malabaricus.csv,
            yearlyDataColumnName: Lutjanus malabaricus Landings of population0}
        - !!uk.ac.ox.oxfish.maximization.generic.YearlyDataTarget {coefficientOfVariation: -1.0,
            cumulative: false, exponent: 1.0, hasHeader: true, pathToCsvFile: docs/indonesia_hub/runs/712/sclice2/calibration/targets/Small_LP012 Pristipomoides multidens.csv,
            yearlyDataColumnName: Pristipomoides multidens Landings of population0}
        - !!uk.ac.ox.oxfish.maximization.generic.YearlyDataTarget {coefficientOfVariation: -1.0,
            cumulative: false, exponent: 1.0, hasHeader: true, pathToCsvFile: docs/indonesia_hub/runs/712/sclice2/calibration/targets/Small_SE002 Epinephelus areolatus.csv,
            yearlyDataColumnName: Epinephelus areolatus Landings of population0}
        - !!uk.ac.ox.oxfish.maximization.generic.YearlyDataTarget {coefficientOfVariation: -1.0,
            cumulative: false, exponent: 1.0, hasHeader: true, pathToCsvFile: docs/indonesia_hub/runs/712/sclice2/calibration/targets/Small_LL017 Lutjanus erythropterus.csv,
            yearlyDataColumnName: Lutjanus erythropterus Landings of population0}
        - !!uk.ac.ox.oxfish.maximization.generic.YearlyDataTarget {coefficientOfVariation: -1.0,
            cumulative: false, exponent: 1.0, hasHeader: true, pathToCsvFile: docs/indonesia_hub/runs/712/sclice2/calibration/targets/Small_other.csv,
            yearlyDataColumnName: Others Landings of population0}
        - !!uk.ac.ox.oxfish.maximization.generic.YearlyDataTarget {coefficientOfVariation: -1.0,
            cumulative: false, exponent: 1.0, hasHeader: true, pathToCsvFile: docs/indonesia_hub/runs/712/sclice2/calibration/targets/Small_total.csv,
            yearlyDataColumnName: Total Landings of population0}
        - !!uk.ac.ox.oxfish.maximization.generic.YearlyDataTarget {coefficientOfVariation: -1.0,
            cumulative: false, exponent: 1.0, hasHeader: true, pathToCsvFile: docs/indonesia_hub/runs/712/sclice2/calibration/targets/Medium_LL021 Lutjanus malabaricus.csv,
            yearlyDataColumnName: Lutjanus malabaricus Landings of population1}
        - !!uk.ac.ox.oxfish.maximization.generic.YearlyDataTarget {coefficientOfVariation: -1.0,
            cumulative: false, exponent: 1.0, hasHeader: true, pathToCsvFile: docs/indonesia_hub/runs/712/sclice2/calibration/targets/Medium_LP012 Pristipomoides multidens.csv,
            yearlyDataColumnName: Pristipomoides multidens Landings of population1}
        - !!uk.ac.ox.oxfish.maximization.generic.YearlyDataTarget {coefficientOfVariation: -1.0,
            cumulative: false, exponent: 1.0, hasHeader: true, pathToCsvFile: docs/indonesia_hub/runs/712/sclice2/calibration/targets/Medium_SE002 Epinephelus areolatus.csv,
            yearlyDataColumnName: Epinephelus areolatus Landings of population1}
        - !!uk.ac.ox.oxfish.maximization.generic.YearlyDataTarget {coefficientOfVariation: -1.0,
            cumulative: false, exponent: 1.0, hasHeader: true, pathToCsvFile: docs/indonesia_hub/runs/712/sclice2/calibration/targets/Medium_LL017 Lutjanus erythropterus.csv,
            yearlyDataColumnName: Lutjanus erythropterus Landings of population1}
        - !!uk.ac.ox.oxfish.maximization.generic.YearlyDataTarget {coefficientOfVariation: -1.0,
            cumulative: false, exponent: 1.0, hasHeader: true, pathToCsvFile: docs/indonesia_hub/runs/712/sclice2/calibration/targets/Medium_other.csv,
            yearlyDataColumnName: Others Landings of population1}
        - !!uk.ac.ox.oxfish.maximization.generic.YearlyDataTarget {coefficientOfVariation: -1.0,
            cumulative: false, exponent: 1.0, hasHeader: true, pathToCsvFile: docs/indonesia_hub/runs/712/sclice2/calibration/targets/Medium_total.csv,
            yearlyDataColumnName: Total Landings of population1}
        - !!uk.ac.ox.oxfish.maximization.generic.YearlyDataTarget {coefficientOfVariation: -1.0,
            cumulative: false, exponent: 1.0, hasHeader: true, pathToCsvFile: docs/indonesia_hub/runs/712/sclice2/calibration/targets/all_landings_LL021 Lutjanus malabaricus.csv,
            yearlyDataColumnName: Lutjanus malabaricus Landings}
        - !!uk.ac.ox.oxfish.maximization.generic.YearlyDataTarget {coefficientOfVariation: -1.0,
            cumulative: false, exponent: 1.0, hasHeader: true, pathToCsvFile: docs/indonesia_hub/runs/712/sclice2/calibration/targets/all_landings_LP012 Pristipomoides multidens.csv,
            yearlyDataColumnName: Pristipomoides multidens Landings}
        - !!uk.ac.ox.oxfish.maximization.generic.YearlyDataTarget {coefficientOfVariation: -1.0,
            cumulative: false, exponent: 1.0, hasHeader: true, pathToCsvFile: docs/indonesia_hub/runs/712/sclice2/calibration/targets/all_landings_SE002 Epinephelus areolatus.csv,
            yearlyDataColumnName: Epinephelus areolatus Landings}
        - !!uk.ac.ox.oxfish.maximization.generic.YearlyDataTarget {coefficientOfVariation: -1.0,
            cumulative: false, exponent: 1.0, hasHeader: true, pathToCsvFile: docs/indonesia_hub/runs/712/sclice2/calibration/targets/all_landings_LL017 Lutjanus erythropterus.csv,
            yearlyDataColumnName: Lutjanus erythropterus Landings}
randomSeed: 0
terminator: !!eva2.optimization.operator.terminators.EvaluationTerminator {fitnessCalls: 500000}

```

## Multirun 1
| FunctionCalls | currentBest | meanFit | currentWorst | runBest | currentBestFeasible | runBestFeasible | avgEucPopDistance | maxEucPopDistance | avgPopMetricDist | maxPopMetricDist | solution | sigma | 
| --- | --- | --- | --- | --- | --- | --- | --- | --- | --- | --- | --- | --- | 
| 50 | 5086482.357236166 | 1.4199033427232463E7 | 2.1688906179146256E7 | 5086482.357236166 | 5086482.357236166 | 5086482.357236166 | 31.29085449123455 | 48.355784338317875 | 1.5645427245617276 | 2.417789216915893 | {-8.451, 9.129,-2.342, 6.253,-6.208, 7.444, 6.376,-2.198, 8.734, 4.529, 2.905,-0.651,-2.896, 2.658,-7.131} | 0.2 | 
| 100 | 5086482.357236166 | 9652726.479098573 | 1.2098953757854233E7 | 5086482.357236166 | 5086482.357236166 | 5086482.357236166 | 27.7520056837414 | 42.44842872306942 | 1.3876002841870696 | 2.1224214361534712 | {-8.451, 9.129,-2.342, 6.253,-6.208, 7.444, 6.376,-2.198, 8.734, 4.529, 2.905,-0.651,-2.896, 2.658,-7.131} | 0.2 | 
| 150 | 5048541.782506667 | 7198755.190679339 | 9000086.718175491 | 5048541.782506667 | 5048541.782506667 | 5048541.782506667 | 23.344727257476478 | 35.63159727126372 | 1.167236362873825 | 1.7815798635631863 | {-7.625, 9.594,-8.786, 4.945,-3.969, 7.937, 8.443,-9.511,-6.872,-3.876, 6.024, 2.870, 3.224,-3.941,-3.208} | 0.2 | 
| 200 | 4200743.565197167 | 5689429.380136954 | 6626393.146642608 | 4200743.565197167 | 4200743.565197167 | 4200743.565197167 | 19.617789226368146 | 33.097186647322026 | 0.9808894613184068 | 1.6548593323661016 | {-9.055, 5.484,-2.955,-2.961,-4.998, 5.432, 5.554,-5.174,-2.463, 1.103,-2.732, 1.449, 0.644,-3.394, 0.633} | 0.2 | 
| 250 | 3735372.6685737935 | 4841453.488317997 | 5553897.465550512 | 3735372.6685737935 | 3735372.6685737935 | 3735372.6685737935 | 16.08548966865606 | 30.291654792417233 | 0.804274483432804 | 1.5145827396208615 | {-8.725, 8.164,-7.454,-0.642,-5.786, 7.255,-0.607,-6.854,-0.578,-0.341, 3.944,-0.487,-3.946,-5.902, 0.165} | 0.2 | 
| 300 | 3138032.4638798353 | 4230525.132567786 | 4776165.575031871 | 3138032.4638798353 | 3138032.4638798353 | 3138032.4638798353 | 11.768686736691011 | 25.688231400629412 | 0.5884343368345515 | 1.2844115700314704 | {-9.098, 5.428,-7.550, 2.616,-3.543, 4.760, 5.412,-5.584,-2.247, 1.689, 1.969,-1.338,-5.224,-0.681,-1.393} | 0.2 | 
| 350 | 3138032.4638798353 | 3816177.991950258 | 4194545.281296412 | 3138032.4638798353 | 3138032.4638798353 | 3138032.4638798353 | 9.871038909803975 | 17.07282597075787 | 0.49355194549019815 | 0.8536412985378935 | {-9.098, 5.428,-7.550, 2.616,-3.543, 4.760, 5.412,-5.584,-2.247, 1.689, 1.969,-1.338,-5.224,-0.681,-1.393} | 0.2 | 
| 400 | 2994618.566772498 | 3497512.524563034 | 3775591.511609184 | 2994618.566772498 | 2994618.566772498 | 2994618.566772498 | 8.303049702612437 | 16.359882085240045 | 0.415152485130622 | 0.8179941042620026 | {-9.150, 8.647,-7.724, 5.636,-2.805, 7.730, 7.212,-5.016,-2.261, 1.186, 2.796,-1.522,-5.042,-5.546,-1.475} | 0.2 | 
| 450 | 2773785.353625528 | 3192105.4507207996 | 3470427.523908939 | 2773785.353625528 | 2773785.353625528 | 2773785.353625528 | 6.4184594106495005 | 12.5482581345913 | 0.3209229705324765 | 0.6274129067295651 | {-9.147, 7.640,-7.742, 3.948,-3.256, 6.549, 2.503,-4.703,-0.196, 0.612, 3.097,-0.306,-3.192,-2.234,-3.373} | 0.2 | 
| 500 | 2583981.0505398186 | 2976160.4322416554 | 3146352.2890743744 | 2583981.0505398186 | 2583981.0505398186 | 2583981.0505398186 | 5.262801649739597 | 9.385370375140665 | 0.2631400824869797 | 0.4692685187570331 | {-8.980, 7.066,-7.446, 3.729,-3.727, 6.106, 5.408,-4.959,-2.230,-0.423, 4.509, 1.712,-3.514,-3.551,-4.027} | 0.2 | 
| 550 | 2583981.0505398186 | 2839812.9458326832 | 3031758.9372961707 | 2583981.0505398186 | 2583981.0505398186 | 2583981.0505398186 | 2.360473427829875 | 4.731206939675894 | 0.11802367139149371 | 0.23656034698379466 | {-8.980, 7.066,-7.446, 3.729,-3.727, 6.106, 5.408,-4.959,-2.230,-0.423, 4.509, 1.712,-3.514,-3.551,-4.027} | 0.2 | 
| 600 | 2515292.019786923 | 2744967.015795242 | 2900567.5445156 | 2515292.019786923 | 2515292.019786923 | 2515292.019786923 | 2.341416222597339 | 4.731206939675894 | 0.11707081112986699 | 0.23656034698379466 | {-9.051, 7.317,-7.413, 3.232,-3.378, 6.794, 5.591,-4.922,-1.580,-1.094, 4.832, 1.135,-4.082,-3.263,-3.534} | 0.2 | 
| 650 | 2238341.2313114274 | 2665249.917124102 | 3022931.668844209 | 2238341.2313114274 | 2238341.2313114274 | 2238341.2313114274 | 1.065306760359519 | 2.2597332297822854 | 0.053265338017976054 | 0.11298666148911425 | {-9.049, 7.530,-7.154, 2.904,-3.478, 6.835, 4.960,-4.673,-1.665,-0.365, 4.697, 0.983,-3.844,-3.822,-4.220} | 0.2 | 
| 700 | 2290199.007790176 | 2636866.143850966 | 2812742.071703611 | 2238341.2313114274 | 2290199.007790176 | 2238341.2313114274 | 1.0534732478994007 | 2.2597332297822854 | 0.05267366239497017 | 0.11298666148911425 | {-9.012, 7.587,-7.366, 3.319,-3.498, 6.760, 4.949,-4.864,-1.464,-0.593, 4.821, 1.172,-4.130,-3.432,-3.774} | 0.2 | 
| 750 | 2260650.5983148795 | 2613126.344821511 | 3022377.2815667912 | 2238341.2313114274 | 2260650.5983148795 | 2238341.2313114274 | 0.49962337889352254 | 1.1298666148911425 | 0.024981168944676096 | 0.056493330744557146 | {-9.009, 7.574,-7.283, 3.266,-3.522, 6.770, 4.985,-4.822,-1.567,-0.558, 4.742, 1.027,-3.988,-3.620,-3.831} | 0.2 | 
| 800 | 2317849.5587988133 | 2659032.704777296 | 2864465.045304674 | 2238341.2313114274 | 2317849.5587988133 | 2238341.2313114274 | 0.2491664055906004 | 0.5649333074455709 | 0.012458320279529993 | 0.02824666537227854 | {-9.014, 7.554,-7.241, 3.143,-3.530, 6.748, 4.936,-4.744,-1.595,-0.503, 4.749, 1.056,-4.008,-3.552,-3.860} | 0.2 | 
| 850 | 2317849.5587988133 | 2638208.9745601215 | 2864465.045304674 | 2238341.2313114274 | 2317849.5587988133 | 2238341.2313114274 | 0.243324142938772 | 0.55353416977735 | 0.01216620714693858 | 0.02767670848886758 | {-9.014, 7.554,-7.241, 3.143,-3.530, 6.748, 4.936,-4.744,-1.595,-0.503, 4.749, 1.056,-4.008,-3.552,-3.860} | 0.2 | 
| 900 | 2230419.2718940224 | 2628470.1640699967 | 2897967.025550135 | 2230419.2718940224 | 2230419.2718940224 | 2230419.2718940224 | 0.11612313564509538 | 0.2605860624764499 | 0.005806156782254757 | 0.013029303123822538 | {-9.017, 7.564,-7.253, 3.179,-3.528, 6.770, 4.950,-4.763,-1.561,-0.486, 4.731, 1.016,-4.024,-3.594,-3.844} | 0.2 | 
