
### Optimization parameters 
```
!!eva2.optimization.OptimizationParameters
optimizer: !!eva2.optimization.strategies.ClusterBasedNichingEA
    clusterDiffDist: 0.05
    differentiationCA: !!eva2.optimization.operator.cluster.ClusteringDensityBased
        clustDistParam: 0.05
        metric: &id001 !!eva2.optimization.operator.distancemetric.PhenotypeMetric {}
        minimumGroupSize: 3
    epsilonBound: 1.0E-10
    haltingWindow: 15
    maxSpeciesSize: 15
    mergingCA: !!eva2.optimization.operator.cluster.ClusteringDensityBased
        clustDistParam: 0.1
        metric: *id001
        minimumGroupSize: 3
    optimizer: !!eva2.optimization.strategies.GeneticAlgorithm
        elitism: true
        numberOfPartners: 1
        parentSelection: !!eva2.optimization.operator.selection.SelectXProbRouletteWheel
            obeyDebsConstViolationPrinciple: true
            selProbCalculator: !!eva2.optimization.operator.selection.probability.SelProbStandard {}
        partnerSelection: !!eva2.optimization.operator.selection.SelectRandom {obeyDebsConstViolationPrinciple: false}
        population: !population
            initAround: 0.1
            initMethod: individualDefault
            initPos: [0.0, 0.0, 0.0, 0.0, 0.0, 0.0, 0.0, 0.0, 0.0, 0.0]
            popMetric: !!eva2.optimization.operator.distancemetric.PhenotypeMetric {}
            seedCardinality: {head: 5, tail: 1}
            targetSize: 100
    parameterControl: []
    population: !population
        initAround: 0.1
        initMethod: individualDefault
        initPos: [0.0, 0.0, 0.0, 0.0, 0.0, 0.0, 0.0, 0.0, 0.0, 0.0]
        popMetric: *id001
        seedCardinality: {head: 5, tail: 1}
        targetSize: 50
    populationSize: 100
    reduceSizeComparator: {fitCriterion: -1, indyDataKey: '', preferFeasible: true}
    showCycle: 0
    sleepTime: 0
    speciesCycle: 1
    useMerging: true
postProcessParams: !!eva2.optimization.operator.postprocess.PostProcessParams
    PPMethod: nelderMead
    accAssumeConv: 1.0E-8
    accMaxEval: -1
    accuracies: [0.01]
    doPostProcessing: false
    postProcessClusterSigma: 0.05
    postProcessSteps: 5000
    printNBest: 10
    withPlot: false
problem: !!eva2.problems.SimpleProblemWrapper
    defaultAccuracy: 0.001
    defaultRange: 10.0
    individualTemplate: !!eva2.optimization.individuals.ESIndividualDoubleData
        areaConst4ParallelViolated: false
        crossoverOperator: !!eva2.optimization.operator.crossover.CrossoverESDefault {}
        crossoverProbability: 0.5
        initOperator: !!eva2.optimization.operator.initialization.DefaultInitialization {}
        isMarked: false
        isPenalized: false
        mutationOperator: !!eva2.optimization.operator.mutation.MutateESGlobal {crossoverType: intermediate,
            lowerLimitStepSize: 5.0E-7, mutationStepSize: 0.2, tau1: 0.15}
        mutationProbability: 1.0
    noise: 0.0
    parallelThreads: 4
    problemDimension: 20
    simpleProblem: !!uk.ac.ox.oxfish.maximization.GenericOptimization
        maximization: false
        parameters:
        - !!uk.ac.ox.oxfish.maximization.generic.SimpleOptimizationParameter {addressToModify: fisherDefinitions$0.gear.delegate.delegate.delegate.gears~Pristipomoides multidens.averageCatchability,
            alwaysPositive: true, maximum: 0.0095, minimum: 9.0E-8}
        - !!uk.ac.ox.oxfish.maximization.generic.SimpleOptimizationParameter {addressToModify: fisherDefinitions$0.gear.delegate.delegate.delegate.gears~Lutjanus malabaricus.averageCatchability,
            alwaysPositive: true, maximum: 0.095, minimum: 9.0E-6}
        - !!uk.ac.ox.oxfish.maximization.generic.SimpleOptimizationParameter {addressToModify: fisherDefinitions$0.gear.delegate.delegate.delegate.gears~Epinephelus areolatus.averageCatchability,
            alwaysPositive: true, maximum: 0.0095, minimum: 9.0E-7}
        - !!uk.ac.ox.oxfish.maximization.generic.SimpleOptimizationParameter {addressToModify: fisherDefinitions$0.gear.delegate.delegate.delegate.gears~Lutjanus erythropterus.averageCatchability,
            alwaysPositive: true, maximum: 0.0095, minimum: 9.0E-8}
        - !!uk.ac.ox.oxfish.maximization.generic.SimpleOptimizationParameter {addressToModify: fisherDefinitions$0.gear.delegate.delegate.proportionSimulatedToGarbage,
            alwaysPositive: true, maximum: 0.8, minimum: 0.0}
        - !!uk.ac.ox.oxfish.maximization.generic.SimpleOptimizationParameter {addressToModify: fisherDefinitions$1.gear.delegate.delegate.delegate.gears~Pristipomoides multidens.averageCatchability,
            alwaysPositive: true, maximum: 0.0095, minimum: 9.0E-8}
        - !!uk.ac.ox.oxfish.maximization.generic.SimpleOptimizationParameter {addressToModify: fisherDefinitions$1.gear.delegate.delegate.delegate.gears~Lutjanus malabaricus.averageCatchability,
            alwaysPositive: true, maximum: 9.0E-6, minimum: 9.0E-8}
        - !!uk.ac.ox.oxfish.maximization.generic.SimpleOptimizationParameter {addressToModify: fisherDefinitions$1.gear.delegate.delegate.delegate.gears~Epinephelus areolatus.averageCatchability,
            alwaysPositive: true, maximum: 0.0095, minimum: 9.0E-8}
        - !!uk.ac.ox.oxfish.maximization.generic.SimpleOptimizationParameter {addressToModify: fisherDefinitions$1.gear.delegate.delegate.delegate.gears~Lutjanus erythropterus.averageCatchability,
            alwaysPositive: true, maximum: 9.5E-4, minimum: 9.0E-9}
        - !!uk.ac.ox.oxfish.maximization.generic.SimpleOptimizationParameter {addressToModify: fisherDefinitions$1.gear.delegate.delegate.proportionSimulatedToGarbage,
            alwaysPositive: true, maximum: 0.8, minimum: 0.0}
        - !!uk.ac.ox.oxfish.maximization.generic.SimpleOptimizationParameter {addressToModify: fisherDefinitions$2.gear.delegate.delegate.delegate.gears~Pristipomoides multidens.averageCatchability,
            alwaysPositive: true, maximum: 0.095, minimum: 9.0E-6}
        - !!uk.ac.ox.oxfish.maximization.generic.SimpleOptimizationParameter {addressToModify: fisherDefinitions$2.gear.delegate.delegate.delegate.gears~Lutjanus malabaricus.averageCatchability,
            alwaysPositive: true, maximum: 9.0E-5, minimum: 9.0E-8}
        - !!uk.ac.ox.oxfish.maximization.generic.SimpleOptimizationParameter {addressToModify: fisherDefinitions$2.gear.delegate.delegate.delegate.gears~Epinephelus areolatus.averageCatchability,
            alwaysPositive: true, maximum: 9.5E-5, minimum: 9.0E-9}
        - !!uk.ac.ox.oxfish.maximization.generic.SimpleOptimizationParameter {addressToModify: fisherDefinitions$2.gear.delegate.delegate.delegate.gears~Lutjanus erythropterus.averageCatchability,
            alwaysPositive: true, maximum: 9.5E-4, minimum: 9.0E-8}
        - !!uk.ac.ox.oxfish.maximization.generic.SimpleOptimizationParameter {addressToModify: fisherDefinitions$2.gear.delegate.delegate.proportionSimulatedToGarbage,
            alwaysPositive: false, maximum: 0.8, minimum: 0.0}
        - !!uk.ac.ox.oxfish.maximization.generic.SimpleOptimizationParameter {addressToModify: fisherDefinitions$3.gear.delegate.delegate.delegate.gears~Pristipomoides multidens.averageCatchability,
            alwaysPositive: true, maximum: 0.0095, minimum: 9.0E-8}
        - !!uk.ac.ox.oxfish.maximization.generic.SimpleOptimizationParameter {addressToModify: fisherDefinitions$3.gear.delegate.delegate.delegate.gears~Lutjanus malabaricus.averageCatchability,
            alwaysPositive: true, maximum: 0.0095, minimum: 9.0E-5}
        - !!uk.ac.ox.oxfish.maximization.generic.SimpleOptimizationParameter {addressToModify: fisherDefinitions$3.gear.delegate.delegate.delegate.gears~Epinephelus areolatus.averageCatchability,
            alwaysPositive: true, maximum: 9.5E-4, minimum: 9.0E-9}
        - !!uk.ac.ox.oxfish.maximization.generic.SimpleOptimizationParameter {addressToModify: fisherDefinitions$3.gear.delegate.delegate.delegate.gears~Lutjanus erythropterus.averageCatchability,
            alwaysPositive: true, maximum: 0.95, minimum: 9.0E-7}
        - !!uk.ac.ox.oxfish.maximization.generic.SimpleOptimizationParameter {addressToModify: fisherDefinitions$3.gear.delegate.delegate.proportionSimulatedToGarbage,
            alwaysPositive: true, maximum: 0.8, minimum: 0.0}
        runsPerSetting: 1
        scenarioFile: /home/carrknight/code/oxfish/docs/indonesia_hub/runs/712/slice2019/calibration/historical_lbspr_start.yaml
        simulatedYears: 2
        targets:
        - !!uk.ac.ox.oxfish.maximization.generic.FixedDataLastStepTargetFromFile {
            exponent: 2.0, pathToCsvFile: /home/carrknight/code/oxfish/docs/indonesia_hub/runs/712/slice2019/calibration/targets/Big_LL021 Lutjanus malabaricus.csv,
            yearlyDataColumnName: Lutjanus malabaricus Landings of population2}
        - !!uk.ac.ox.oxfish.maximization.generic.FixedDataLastStepTargetFromFile {
            exponent: 2.0, pathToCsvFile: /home/carrknight/code/oxfish/docs/indonesia_hub/runs/712/slice2019/calibration/targets/Big_LP012 Pristipomoides multidens.csv,
            yearlyDataColumnName: Pristipomoides multidens Landings of population2}
        - !!uk.ac.ox.oxfish.maximization.generic.FixedDataLastStepTargetFromFile {
            exponent: 2.0, pathToCsvFile: /home/carrknight/code/oxfish/docs/indonesia_hub/runs/712/slice2019/calibration/targets/Big_SE002 Epinephelus areolatus.csv,
            yearlyDataColumnName: Epinephelus areolatus Landings of population2}
        - !!uk.ac.ox.oxfish.maximization.generic.FixedDataLastStepTargetFromFile {
            exponent: 2.0, pathToCsvFile: /home/carrknight/code/oxfish/docs/indonesia_hub/runs/712/slice2019/calibration/targets/Big_LL017 Lutjanus erythropterus.csv,
            yearlyDataColumnName: Lutjanus erythropterus Landings of population2}
        - !!uk.ac.ox.oxfish.maximization.generic.FixedDataLastStepTargetFromFile {
            exponent: 2.0, pathToCsvFile: /home/carrknight/code/oxfish/docs/indonesia_hub/runs/712/slice2019/calibration/targets/Big_Others.csv,
            yearlyDataColumnName: Others Landings of population2}
        - !!uk.ac.ox.oxfish.maximization.generic.FixedDataLastStepTargetFromFile {
            exponent: 2.0, pathToCsvFile: /home/carrknight/code/oxfish/docs/indonesia_hub/runs/712/slice2019/calibration/targets/Big_total.csv,
            yearlyDataColumnName: Total Landings of population2}
        - !!uk.ac.ox.oxfish.maximization.generic.FixedDataLastStepTargetFromFile {
            exponent: 2.0, pathToCsvFile: /home/carrknight/code/oxfish/docs/indonesia_hub/runs/712/slice2019/calibration/targets/Small (5-9)_LL021 Lutjanus malabaricus.csv,
            yearlyDataColumnName: Lutjanus malabaricus Landings of population0}
        - !!uk.ac.ox.oxfish.maximization.generic.FixedDataLastStepTargetFromFile {
            exponent: 2.0, pathToCsvFile: /home/carrknight/code/oxfish/docs/indonesia_hub/runs/712/slice2019/calibration/targets/Small (5-9)_LP012 Pristipomoides multidens.csv,
            yearlyDataColumnName: Pristipomoides multidens Landings of population0}
        - !!uk.ac.ox.oxfish.maximization.generic.FixedDataLastStepTargetFromFile {
            exponent: 2.0, pathToCsvFile: /home/carrknight/code/oxfish/docs/indonesia_hub/runs/712/slice2019/calibration/targets/Small (5-9)_SE002 Epinephelus areolatus.csv,
            yearlyDataColumnName: Epinephelus areolatus Landings of population0}
        - !!uk.ac.ox.oxfish.maximization.generic.FixedDataLastStepTargetFromFile {
            exponent: 2.0, pathToCsvFile: /home/carrknight/code/oxfish/docs/indonesia_hub/runs/712/slice2019/calibration/targets/Small (5-9)_LL017 Lutjanus erythropterus.csv,
            yearlyDataColumnName: Lutjanus erythropterus Landings of population0}
        - !!uk.ac.ox.oxfish.maximization.generic.FixedDataLastStepTargetFromFile {
            exponent: 2.0, pathToCsvFile: /home/carrknight/code/oxfish/docs/indonesia_hub/runs/712/slice2019/calibration/targets/Small (5-9)_Others.csv,
            yearlyDataColumnName: Others Landings of population0}
        - !!uk.ac.ox.oxfish.maximization.generic.FixedDataLastStepTargetFromFile {
            exponent: 2.0, pathToCsvFile: /home/carrknight/code/oxfish/docs/indonesia_hub/runs/712/slice2019/calibration/targets/Small (5-9)_total.csv,
            yearlyDataColumnName: Total Landings of population0}
        - !!uk.ac.ox.oxfish.maximization.generic.FixedDataLastStepTargetFromFile {
            exponent: 2.0, pathToCsvFile: /home/carrknight/code/oxfish/docs/indonesia_hub/runs/712/slice2019/calibration/targets/Medium_LL021 Lutjanus malabaricus.csv,
            yearlyDataColumnName: Lutjanus malabaricus Landings of population1}
        - !!uk.ac.ox.oxfish.maximization.generic.FixedDataLastStepTargetFromFile {
            exponent: 2.0, pathToCsvFile: /home/carrknight/code/oxfish/docs/indonesia_hub/runs/712/slice2019/calibration/targets/Medium_LP012 Pristipomoides multidens.csv,
            yearlyDataColumnName: Pristipomoides multidens Landings of population1}
        - !!uk.ac.ox.oxfish.maximization.generic.FixedDataLastStepTargetFromFile {
            exponent: 2.0, pathToCsvFile: /home/carrknight/code/oxfish/docs/indonesia_hub/runs/712/slice2019/calibration/targets/Medium_SE002 Epinephelus areolatus.csv,
            yearlyDataColumnName: Epinephelus areolatus Landings of population1}
        - !!uk.ac.ox.oxfish.maximization.generic.FixedDataLastStepTargetFromFile {
            exponent: 2.0, pathToCsvFile: /home/carrknight/code/oxfish/docs/indonesia_hub/runs/712/slice2019/calibration/targets/Medium_LL017 Lutjanus erythropterus.csv,
            yearlyDataColumnName: Lutjanus erythropterus Landings of population1}
        - !!uk.ac.ox.oxfish.maximization.generic.FixedDataLastStepTargetFromFile {
            exponent: 2.0, pathToCsvFile: /home/carrknight/code/oxfish/docs/indonesia_hub/runs/712/slice2019/calibration/targets/Medium_Others.csv,
            yearlyDataColumnName: Others Landings of population1}
        - !!uk.ac.ox.oxfish.maximization.generic.FixedDataLastStepTargetFromFile {
            exponent: 2.0, pathToCsvFile: /home/carrknight/code/oxfish/docs/indonesia_hub/runs/712/slice2019/calibration/targets/Medium_total.csv,
            yearlyDataColumnName: Total Landings of population1}
        - !!uk.ac.ox.oxfish.maximization.generic.FixedDataLastStepTargetFromFile {
            exponent: 2.0, pathToCsvFile: /home/carrknight/code/oxfish/docs/indonesia_hub/runs/712/slice2019/calibration/targets/Small (10-14)_LL021 Lutjanus malabaricus.csv,
            yearlyDataColumnName: Lutjanus malabaricus Landings of population3}
        - !!uk.ac.ox.oxfish.maximization.generic.FixedDataLastStepTargetFromFile {
            exponent: 2.0, pathToCsvFile: /home/carrknight/code/oxfish/docs/indonesia_hub/runs/712/slice2019/calibration/targets/Small (10-14)_LP012 Pristipomoides multidens.csv,
            yearlyDataColumnName: Pristipomoides multidens Landings of population3}
        - !!uk.ac.ox.oxfish.maximization.generic.FixedDataLastStepTargetFromFile {
            exponent: 2.0, pathToCsvFile: /home/carrknight/code/oxfish/docs/indonesia_hub/runs/712/slice2019/calibration/targets/Small (10-14)_SE002 Epinephelus areolatus.csv,
            yearlyDataColumnName: Epinephelus areolatus Landings of population3}
        - !!uk.ac.ox.oxfish.maximization.generic.FixedDataLastStepTargetFromFile {
            exponent: 2.0, pathToCsvFile: /home/carrknight/code/oxfish/docs/indonesia_hub/runs/712/slice2019/calibration/targets/Small (10-14)_LL017 Lutjanus erythropterus.csv,
            yearlyDataColumnName: Lutjanus erythropterus Landings of population3}
        - !!uk.ac.ox.oxfish.maximization.generic.FixedDataLastStepTargetFromFile {
            exponent: 2.0, pathToCsvFile: /home/carrknight/code/oxfish/docs/indonesia_hub/runs/712/slice2019/calibration/targets/Small (10-14)_Others.csv,
            yearlyDataColumnName: Others Landings of population3}
        - !!uk.ac.ox.oxfish.maximization.generic.FixedDataLastStepTargetFromFile {
            exponent: 2.0, pathToCsvFile: /home/carrknight/code/oxfish/docs/indonesia_hub/runs/712/slice2019/calibration/targets/Small (10-14)_total.csv,
            yearlyDataColumnName: Total Landings of population3}
        - !!uk.ac.ox.oxfish.maximization.generic.FixedDataLastStepTargetFromFile {
            exponent: 2.0, pathToCsvFile: /home/carrknight/code/oxfish/docs/indonesia_hub/runs/712/slice2019/calibration/targets/all_landings_LL021 Lutjanus malabaricus.csv,
            yearlyDataColumnName: Lutjanus malabaricus Landings}
        - !!uk.ac.ox.oxfish.maximization.generic.FixedDataLastStepTargetFromFile {
            exponent: 2.0, pathToCsvFile: /home/carrknight/code/oxfish/docs/indonesia_hub/runs/712/slice2019/calibration/targets/all_landings_LP012 Pristipomoides multidens.csv,
            yearlyDataColumnName: Pristipomoides multidens Landings}
        - !!uk.ac.ox.oxfish.maximization.generic.FixedDataLastStepTargetFromFile {
            exponent: 2.0, pathToCsvFile: /home/carrknight/code/oxfish/docs/indonesia_hub/runs/712/slice2019/calibration/targets/all_landings_SE002 Epinephelus areolatus.csv,
            yearlyDataColumnName: Epinephelus areolatus Landings}
        - !!uk.ac.ox.oxfish.maximization.generic.FixedDataLastStepTargetFromFile {
            exponent: 2.0, pathToCsvFile: /home/carrknight/code/oxfish/docs/indonesia_hub/runs/712/slice2019/calibration/targets/all_landings_LL017 Lutjanus erythropterus.csv,
            yearlyDataColumnName: Lutjanus erythropterus Landings}
randomSeed: 0
terminator: !!eva2.optimization.operator.terminators.EvaluationTerminator {fitnessCalls: 50000}

```

## Multirun 1
| FunctionCalls | currentBest | meanFit | solution | 
| --- | --- | --- | --- | 
| 200 | 3.090130251305532E13 | 3.596366772805032E13 | {-1.396, 7.288, 2.016, 9.514, 7.126, 10.000, 4.616, 2.233,-8.273, 9.479,-7.268,-4.914, 9.506, 7.463, 2.970,-7.828, 1.724, 5.248, 6.393,-0.713} | 
| 300 | 2.980622614991098E13 | 3.269175805426478E13 | {-0.746, 10.000,-3.452, 9.693, 7.913,-10.000, 3.695,-2.393, 5.913,-3.886, 4.249,-2.395,-7.448,-4.415,-5.588, 0.144, 0.463, 4.759, 8.440, 5.006} | 
| 400 | 2.980622614991098E13 | 3.174652544950143E13 | {-0.746, 10.000,-3.452, 9.693, 7.913,-10.000, 3.695,-2.393, 5.913,-3.886, 4.249,-2.395,-7.448,-4.415,-5.588, 0.144, 0.463, 4.759, 8.440, 5.006} | 
| 500 | 2.980622614991098E13 | 3.134673757687398E13 | {-0.746, 10.000,-3.452, 9.693, 7.913,-10.000, 3.695,-2.393, 5.913,-3.886, 4.249,-2.395,-7.448,-4.415,-5.588, 0.144, 0.463, 4.759, 8.440, 5.006} | 
| 600 | 2.9512167053800945E13 | 3.1367361293249035E13 | { 0.029, 9.549,-3.269, 7.316, 9.674,-10.000, 5.331,-0.088, 8.065,-3.377, 4.495,-3.189,-8.156,-5.679,-3.990,-0.831, 2.802, 3.854, 5.506, 5.698} | 
| 700 | 2.9512167053800945E13 | 3.1441435392599984E13 | { 0.029, 9.549,-3.269, 7.316, 9.674,-10.000, 5.331,-0.088, 8.065,-3.377, 4.495,-3.189,-8.156,-5.679,-3.990,-0.831, 2.802, 3.854, 5.506, 5.698} | 
| 800 | 2.9512167053800945E13 | 3.097760846457954E13 | { 0.029, 9.549,-3.269, 7.316, 9.674,-10.000, 5.331,-0.088, 8.065,-3.377, 4.495,-3.189,-8.156,-5.679,-3.990,-0.831, 2.802, 3.854, 5.506, 5.698} | 
| 900 | 2.9512167053800945E13 | 3.093642430264347E13 | { 0.029, 9.549,-3.269, 7.316, 9.674,-10.000, 5.331,-0.088, 8.065,-3.377, 4.495,-3.189,-8.156,-5.679,-3.990,-0.831, 2.802, 3.854, 5.506, 5.698} | 
| 1000 | 2.9512167053800945E13 | 3.094155118823852E13 | { 0.029, 9.549,-3.269, 7.316, 9.674,-10.000, 5.331,-0.088, 8.065,-3.377, 4.495,-3.189,-8.156,-5.679,-3.990,-0.831, 2.802, 3.854, 5.506, 5.698} | 
| 1100 | 2.9512167053800945E13 | 3.087442422092934E13 | { 0.029, 9.549,-3.269, 7.316, 9.674,-10.000, 5.331,-0.088, 8.065,-3.377, 4.495,-3.189,-8.156,-5.679,-3.990,-0.831, 2.802, 3.854, 5.506, 5.698} | 
| 1200 | 2.9512167053800945E13 | 3.0912398300317965E13 | { 0.029, 9.549,-3.269, 7.316, 9.674,-10.000, 5.331,-0.088, 8.065,-3.377, 4.495,-3.189,-8.156,-5.679,-3.990,-0.831, 2.802, 3.854, 5.506, 5.698} | 
| 1300 | 2.9512167053800945E13 | 3.088089719806249E13 | { 0.029, 9.549,-3.269, 7.316, 9.674,-10.000, 5.331,-0.088, 8.065,-3.377, 4.495,-3.189,-8.156,-5.679,-3.990,-0.831, 2.802, 3.854, 5.506, 5.698} | 
| 1400 | 2.9512167053800945E13 | 3.0923816985634797E13 | { 0.029, 9.549,-3.269, 7.316, 9.674,-10.000, 5.331,-0.088, 8.065,-3.377, 4.495,-3.189,-8.156,-5.679,-3.990,-0.831, 2.802, 3.854, 5.506, 5.698} | 
| 1500 | 2.9512167053800945E13 | 3.07663881485844E13 | { 0.029, 9.549,-3.269, 7.316, 9.674,-10.000, 5.331,-0.088, 8.065,-3.377, 4.495,-3.189,-8.156,-5.679,-3.990,-0.831, 2.802, 3.854, 5.506, 5.698} | 
| 1600 | 2.9512167053800945E13 | 3.0972211528174453E13 | { 0.029, 9.549,-3.269, 7.316, 9.674,-10.000, 5.331,-0.088, 8.065,-3.377, 4.495,-3.189,-8.156,-5.679,-3.990,-0.831, 2.802, 3.854, 5.506, 5.698} | 
| 1700 | 2.914073440613433E13 | 3.0914073779675113E13 | { 1.991, 8.831,-5.173, 9.699, 10.000,-10.000, 4.936,-0.968, 7.442,-0.266, 5.787,-4.276,-7.093,-6.021,-4.060,-1.880, 1.614, 2.517, 5.274, 4.023} | 
 Termination message: Not terminated.
 Function calls run: 1700, sum: 1700
* Last best ind.: eva2.optimization.individuals.ESIndividualDoubleData{DGenotype=[ 1.9909304274968873 8.831039008582126 -5.172829127567766 9.698940915088418 10.0 -10.0 4.9356910411076145 -0.9678048035321893 7.441664169430123 -0.2657643590875187 5.78665984745317 -4.275842437950699 -7.092608747967693 -6.0209929586712585 -4.060409529695167 -1.8797503937660904 1.613519422272341 2.5166817775843167 5.274341130438279 4.022998931196062 ]; age=4; crossoverOperator=eva2.optimization.operator.crossover.CrossoverESDefault{}; crossoverProbability=0.5; doubleRange=[ [ -10.0 10.0 ] [ -10.0 10.0 ] [ -10.0 10.0 ] [ -10.0 10.0 ] [ -10.0 10.0 ] [ -10.0 10.0 ] [ -10.0 10.0 ] [ -10.0 10.0 ] [ -10.0 10.0 ] [ -10.0 10.0 ] [ -10.0 10.0 ] [ -10.0 10.0 ] [ -10.0 10.0 ] [ -10.0 10.0 ] [ -10.0 10.0 ] [ -10.0 10.0 ] [ -10.0 10.0 ] [ -10.0 10.0 ] [ -10.0 10.0 ] [ -10.0 10.0 ] ]; fitness=[ 2.914073440613433E13 ]; individualIndex=-1; initOperator=eva2.optimization.operator.initialization.DefaultInitialization{}; marked=false; mutationOperator=eva2.optimization.operator.mutation.MutateESGlobal{crossoverType=intermediate; lowerLimitStepSize=5.0E-7; mutationStepSize=0.13912320429003688; tau1=0.15; }; mutationProbability=1.0; selectionProbability=[ NaN ]; }
         solution data	: { 1.991, 8.831,-5.173, 9.699, 10.000,-10.000, 4.936,-0.968, 7.442,-0.266, 5.787,-4.276,-7.093,-6.021,-4.060,-1.880, 1.614, 2.517, 5.274, 4.023}
         solution fit	: [ 2.914073440613433E13 ]
* Run best ind.: eva2.optimization.individuals.ESIndividualDoubleData{DGenotype=[ 1.9909304274968873 8.831039008582126 -5.172829127567766 9.698940915088418 10.0 -10.0 4.9356910411076145 -0.9678048035321893 7.441664169430123 -0.2657643590875187 5.78665984745317 -4.275842437950699 -7.092608747967693 -6.0209929586712585 -4.060409529695167 -1.8797503937660904 1.613519422272341 2.5166817775843167 5.274341130438279 4.022998931196062 ]; age=4; crossoverOperator=eva2.optimization.operator.crossover.CrossoverESDefault{}; crossoverProbability=0.5; doubleRange=[ [ -10.0 10.0 ] [ -10.0 10.0 ] [ -10.0 10.0 ] [ -10.0 10.0 ] [ -10.0 10.0 ] [ -10.0 10.0 ] [ -10.0 10.0 ] [ -10.0 10.0 ] [ -10.0 10.0 ] [ -10.0 10.0 ] [ -10.0 10.0 ] [ -10.0 10.0 ] [ -10.0 10.0 ] [ -10.0 10.0 ] [ -10.0 10.0 ] [ -10.0 10.0 ] [ -10.0 10.0 ] [ -10.0 10.0 ] [ -10.0 10.0 ] [ -10.0 10.0 ] ]; fitness=[ 2.914073440613433E13 ]; individualIndex=-1; initOperator=eva2.optimization.operator.initialization.DefaultInitialization{}; marked=false; mutationOperator=eva2.optimization.operator.mutation.MutateESGlobal{crossoverType=intermediate; lowerLimitStepSize=5.0E-7; mutationStepSize=0.13912320429003688; tau1=0.15; }; mutationProbability=1.0; selectionProbability=[ NaN ]; }
         solution data	: { 1.991, 8.831,-5.173, 9.699, 10.000,-10.000, 4.936,-0.968, 7.442,-0.266, 5.787,-4.276,-7.093,-6.021,-4.060,-1.880, 1.614, 2.517, 5.274, 4.023}
         solution fit	: [ 2.914073440613433E13 ]
 Feasible ind. found after 200 evaluations.
 Solution correlations (min,max,avg,med,var): [ 1.0 1.0 1.0 1.0 ]
* Run best feasible individual equals best individual.
### Resulting population 
Fit.:	[ 2.914073440613433E13 ], ID: 8151,	{ 1.991, 8.831,-5.173, 9.699, 10.000,-10.000, 4.936,-0.968, 7.442,-0.266, 5.787,-4.276,-7.093,-6.021,-4.060,-1.880, 1.614, 2.517, 5.274, 4.023}  
*******
 Runs performed: 1, reached target 0 times with threshold 0.001, rate 0.0
 Average function calls: 1700
     Feasible solution found in 1 of 1 runs 
     Average evaluations until feasible ind. was found in 1 runs: 200.0 evaluations
     Averaged sum of run statistical data: (1 runs): | 15200.0 | 4.7409455296073294E14 | 5.0365727961137956E14
     Averaged last statistical data (1 runs): | 1700.0 | 2.914073440613433E13 | 3.0914073779675113E13
* Overall best ind.: eva2.optimization.individuals.ESIndividualDoubleData{DGenotype=[ 1.9909304274968873 8.831039008582126 -5.172829127567766 9.698940915088418 10.0 -10.0 4.9356910411076145 -0.9678048035321893 7.441664169430123 -0.2657643590875187 5.78665984745317 -4.275842437950699 -7.092608747967693 -6.0209929586712585 -4.060409529695167 -1.8797503937660904 1.613519422272341 2.5166817775843167 5.274341130438279 4.022998931196062 ]; age=4; crossoverOperator=eva2.optimization.operator.crossover.CrossoverESDefault{}; crossoverProbability=0.5; doubleRange=[ [ -10.0 10.0 ] [ -10.0 10.0 ] [ -10.0 10.0 ] [ -10.0 10.0 ] [ -10.0 10.0 ] [ -10.0 10.0 ] [ -10.0 10.0 ] [ -10.0 10.0 ] [ -10.0 10.0 ] [ -10.0 10.0 ] [ -10.0 10.0 ] [ -10.0 10.0 ] [ -10.0 10.0 ] [ -10.0 10.0 ] [ -10.0 10.0 ] [ -10.0 10.0 ] [ -10.0 10.0 ] [ -10.0 10.0 ] [ -10.0 10.0 ] [ -10.0 10.0 ] ]; fitness=[ 2.914073440613433E13 ]; individualIndex=-1; initOperator=eva2.optimization.operator.initialization.DefaultInitialization{}; marked=false; mutationOperator=eva2.optimization.operator.mutation.MutateESGlobal{crossoverType=intermediate; lowerLimitStepSize=5.0E-7; mutationStepSize=0.13912320429003688; tau1=0.15; }; mutationProbability=1.0; selectionProbability=[ NaN ]; }
         solution data	: { 1.991, 8.831,-5.173, 9.699, 10.000,-10.000, 4.936,-0.968, 7.442,-0.266, 5.787,-4.276,-7.093,-6.021,-4.060,-1.880, 1.614, 2.517, 5.274, 4.023}
         solution fit	: [ 2.914073440613433E13 ]
Overall best statistical data: 
FunctionCalls | currentBest | meanFit | solution
1700 | 2.914073440613433E13 | 3.0914073779675113E13 | { 1.991, 8.831,-5.173, 9.699, 10.000,-10.000, 4.936,-0.968, 7.442,-0.266, 5.787,-4.276,-7.093,-6.021,-4.060,-1.880, 1.614, 2.517, 5.274, 4.023}
StopDate:2019-08-03_16.19.38
