
### Optimization parameters 
```
!!eva2.optimization.OptimizationParameters
optimizer: !!eva2.optimization.strategies.NelderMeadSimplex
    checkRange: true
    critIndex: 0
    population: !population
        initAround: 0.1
        initMethod: individualDefault
        initPos: [0.0, 0.0, 0.0, 0.0, 0.0, 0.0, 0.0, 0.0, 0.0, 0.0]
        popMetric: !!eva2.optimization.operator.distancemetric.PhenotypeMetric {}
        seedCardinality: {head: 5, tail: 1}
        targetSize: 50
    populationSize: 50
postProcessParams: !!eva2.optimization.operator.postprocess.PostProcessParams
    PPMethod: nelderMead
    accAssumeConv: 1.0E-8
    accMaxEval: -1
    accuracies: [0.01]
    doPostProcessing: false
    postProcessClusterSigma: 0.05
    postProcessSteps: 5000
    printNBest: 10
    withPlot: false
problem: !!eva2.problems.SimpleProblemWrapper
    defaultAccuracy: 0.001
    defaultRange: 10.0
    individualTemplate: !!eva2.optimization.individuals.ESIndividualDoubleData
        areaConst4ParallelViolated: false
        crossoverOperator: !!eva2.optimization.operator.crossover.CrossoverESDefault {}
        crossoverProbability: 0.5
        initOperator: !!eva2.optimization.operator.initialization.DefaultInitialization {}
        isMarked: false
        isPenalized: false
        mutationOperator: !!eva2.optimization.operator.mutation.MutateESGlobal {crossoverType: intermediate,
            lowerLimitStepSize: 5.0E-7, mutationStepSize: 0.2, tau1: 0.15}
        mutationProbability: 1.0
    noise: 0.0
    parallelThreads: 3
    problemDimension: 15
    simpleProblem: !!uk.ac.ox.oxfish.maximization.GenericOptimization
        parameters:
        - !!uk.ac.ox.oxfish.maximization.generic.SimpleOptimizationParameter {addressToModify: fisherDefinitions$0.gear.delegate.delegate.gears~Pristipomoides multidens.averageCatchability,
            maximum: 8.0E-4, minimum: 1.0E-7}
        - !!uk.ac.ox.oxfish.maximization.generic.SimpleOptimizationParameter {addressToModify: fisherDefinitions$0.gear.delegate.delegate.gears~Lutjanus malabaricus.averageCatchability,
            maximum: 8.0E-4, minimum: 1.0E-7}
        - !!uk.ac.ox.oxfish.maximization.generic.SimpleOptimizationParameter {addressToModify: fisherDefinitions$0.gear.delegate.delegate.gears~Epinephelus areolatus.averageCatchability,
            maximum: 8.0E-4, minimum: 1.0E-7}
        - !!uk.ac.ox.oxfish.maximization.generic.SimpleOptimizationParameter {addressToModify: fisherDefinitions$0.gear.delegate.delegate.gears~Lutjanus erythropterus.averageCatchability,
            maximum: 8.0E-4, minimum: 1.0E-7}
        - !!uk.ac.ox.oxfish.maximization.generic.SimpleOptimizationParameter {addressToModify: fisherDefinitions$0.gear.delegate.proportionSimulatedToGarbage,
            maximum: 0.8, minimum: 0.0}
        - !!uk.ac.ox.oxfish.maximization.generic.SimpleOptimizationParameter {addressToModify: fisherDefinitions$1.gear.delegate.delegate.gears~Pristipomoides multidens.averageCatchability,
            maximum: 8.0E-4, minimum: 1.0E-7}
        - !!uk.ac.ox.oxfish.maximization.generic.SimpleOptimizationParameter {addressToModify: fisherDefinitions$1.gear.delegate.delegate.gears~Lutjanus malabaricus.averageCatchability,
            maximum: 8.0E-4, minimum: 1.0E-7}
        - !!uk.ac.ox.oxfish.maximization.generic.SimpleOptimizationParameter {addressToModify: fisherDefinitions$1.gear.delegate.delegate.gears~Epinephelus areolatus.averageCatchability,
            maximum: 8.0E-4, minimum: 1.0E-7}
        - !!uk.ac.ox.oxfish.maximization.generic.SimpleOptimizationParameter {addressToModify: fisherDefinitions$1.gear.delegate.delegate.gears~Lutjanus erythropterus.averageCatchability,
            maximum: 8.0E-4, minimum: 1.0E-7}
        - !!uk.ac.ox.oxfish.maximization.generic.SimpleOptimizationParameter {addressToModify: fisherDefinitions$1.gear.delegate.proportionSimulatedToGarbage,
            maximum: 0.8, minimum: 0.0}
        - !!uk.ac.ox.oxfish.maximization.generic.SimpleOptimizationParameter {addressToModify: fisherDefinitions$2.gear.delegate.delegate.gears~Pristipomoides multidens.averageCatchability,
            maximum: 8.0E-4, minimum: 1.0E-7}
        - !!uk.ac.ox.oxfish.maximization.generic.SimpleOptimizationParameter {addressToModify: fisherDefinitions$2.gear.delegate.delegate.gears~Lutjanus malabaricus.averageCatchability,
            maximum: 8.0E-4, minimum: 1.0E-7}
        - !!uk.ac.ox.oxfish.maximization.generic.SimpleOptimizationParameter {addressToModify: fisherDefinitions$2.gear.delegate.delegate.gears~Epinephelus areolatus.averageCatchability,
            maximum: 8.0E-4, minimum: 1.0E-7}
        - !!uk.ac.ox.oxfish.maximization.generic.SimpleOptimizationParameter {addressToModify: fisherDefinitions$2.gear.delegate.delegate.gears~Lutjanus erythropterus.averageCatchability,
            maximum: 8.0E-4, minimum: 1.0E-7}
        - !!uk.ac.ox.oxfish.maximization.generic.SimpleOptimizationParameter {addressToModify: fisherDefinitions$2.gear.delegate.proportionSimulatedToGarbage,
            maximum: 0.8, minimum: 0.0}
        runsPerSetting: 1
        scenarioFile: docs/indonesia_hub/runs/712/slice3/calibration/noexit_seasonal_712cpue_fixedmediumcosts.yaml
        targets:
        - !!uk.ac.ox.oxfish.maximization.generic.YearlyDataTarget {coefficientOfVariation: -1.0,
            cumulative: false, exponent: 1.0, hasHeader: true, pathToCsvFile: docs/indonesia_hub/runs/712/slice3/calibration/targets/Big_LL021 Lutjanus malabaricus.csv,
            yearlyDataColumnName: Lutjanus malabaricus Landings of population2}
        - !!uk.ac.ox.oxfish.maximization.generic.YearlyDataTarget {coefficientOfVariation: -1.0,
            cumulative: false, exponent: 1.0, hasHeader: true, pathToCsvFile: docs/indonesia_hub/runs/712/slice3/calibration/targets/Big_LP012 Pristipomoides multidens.csv,
            yearlyDataColumnName: Pristipomoides multidens Landings of population2}
        - !!uk.ac.ox.oxfish.maximization.generic.YearlyDataTarget {coefficientOfVariation: -1.0,
            cumulative: false, exponent: 1.0, hasHeader: true, pathToCsvFile: docs/indonesia_hub/runs/712/slice3/calibration/targets/Big_SE002 Epinephelus areolatus.csv,
            yearlyDataColumnName: Epinephelus areolatus Landings of population2}
        - !!uk.ac.ox.oxfish.maximization.generic.YearlyDataTarget {coefficientOfVariation: -1.0,
            cumulative: false, exponent: 1.0, hasHeader: true, pathToCsvFile: docs/indonesia_hub/runs/712/slice3/calibration/targets/Big_LL017 Lutjanus erythropterus.csv,
            yearlyDataColumnName: Lutjanus erythropterus Landings of population2}
        - !!uk.ac.ox.oxfish.maximization.generic.YearlyDataTarget {coefficientOfVariation: -1.0,
            cumulative: false, exponent: 1.0, hasHeader: true, pathToCsvFile: docs/indonesia_hub/runs/712/slice3/calibration/targets/Big_Others.csv,
            yearlyDataColumnName: Others Landings of population2}
        - !!uk.ac.ox.oxfish.maximization.generic.YearlyDataTarget {coefficientOfVariation: -1.0,
            cumulative: false, exponent: 1.0, hasHeader: true, pathToCsvFile: docs/indonesia_hub/runs/712/slice3/calibration/targets/Big_total.csv,
            yearlyDataColumnName: Total Landings of population2}
        - !!uk.ac.ox.oxfish.maximization.generic.YearlyDataTarget {coefficientOfVariation: -1.0,
            cumulative: false, exponent: 1.0, hasHeader: true, pathToCsvFile: docs/indonesia_hub/runs/712/slice3/calibration/targets/Small_LL021 Lutjanus malabaricus.csv,
            yearlyDataColumnName: Lutjanus malabaricus Landings of population0}
        - !!uk.ac.ox.oxfish.maximization.generic.YearlyDataTarget {coefficientOfVariation: -1.0,
            cumulative: false, exponent: 1.0, hasHeader: true, pathToCsvFile: docs/indonesia_hub/runs/712/slice3/calibration/targets/Small_LP012 Pristipomoides multidens.csv,
            yearlyDataColumnName: Pristipomoides multidens Landings of population0}
        - !!uk.ac.ox.oxfish.maximization.generic.YearlyDataTarget {coefficientOfVariation: -1.0,
            cumulative: false, exponent: 1.0, hasHeader: true, pathToCsvFile: docs/indonesia_hub/runs/712/slice3/calibration/targets/Small_SE002 Epinephelus areolatus.csv,
            yearlyDataColumnName: Epinephelus areolatus Landings of population0}
        - !!uk.ac.ox.oxfish.maximization.generic.YearlyDataTarget {coefficientOfVariation: -1.0,
            cumulative: false, exponent: 1.0, hasHeader: true, pathToCsvFile: docs/indonesia_hub/runs/712/slice3/calibration/targets/Small_LL017 Lutjanus erythropterus.csv,
            yearlyDataColumnName: Lutjanus erythropterus Landings of population0}
        - !!uk.ac.ox.oxfish.maximization.generic.YearlyDataTarget {coefficientOfVariation: -1.0,
            cumulative: false, exponent: 1.0, hasHeader: true, pathToCsvFile: docs/indonesia_hub/runs/712/slice3/calibration/targets/Small_Others.csv,
            yearlyDataColumnName: Others Landings of population0}
        - !!uk.ac.ox.oxfish.maximization.generic.YearlyDataTarget {coefficientOfVariation: -1.0,
            cumulative: false, exponent: 1.0, hasHeader: true, pathToCsvFile: docs/indonesia_hub/runs/712/slice3/calibration/targets/Small_total.csv,
            yearlyDataColumnName: Total Landings of population0}
        - !!uk.ac.ox.oxfish.maximization.generic.YearlyDataTarget {coefficientOfVariation: -1.0,
            cumulative: false, exponent: 1.0, hasHeader: true, pathToCsvFile: docs/indonesia_hub/runs/712/slice3/calibration/targets/Medium_LL021 Lutjanus malabaricus.csv,
            yearlyDataColumnName: Lutjanus malabaricus Landings of population1}
        - !!uk.ac.ox.oxfish.maximization.generic.YearlyDataTarget {coefficientOfVariation: -1.0,
            cumulative: false, exponent: 1.0, hasHeader: true, pathToCsvFile: docs/indonesia_hub/runs/712/slice3/calibration/targets/Medium_LP012 Pristipomoides multidens.csv,
            yearlyDataColumnName: Pristipomoides multidens Landings of population1}
        - !!uk.ac.ox.oxfish.maximization.generic.YearlyDataTarget {coefficientOfVariation: -1.0,
            cumulative: false, exponent: 1.0, hasHeader: true, pathToCsvFile: docs/indonesia_hub/runs/712/slice3/calibration/targets/Medium_SE002 Epinephelus areolatus.csv,
            yearlyDataColumnName: Epinephelus areolatus Landings of population1}
        - !!uk.ac.ox.oxfish.maximization.generic.YearlyDataTarget {coefficientOfVariation: -1.0,
            cumulative: false, exponent: 1.0, hasHeader: true, pathToCsvFile: docs/indonesia_hub/runs/712/slice3/calibration/targets/Medium_LL017 Lutjanus erythropterus.csv,
            yearlyDataColumnName: Lutjanus erythropterus Landings of population1}
        - !!uk.ac.ox.oxfish.maximization.generic.YearlyDataTarget {coefficientOfVariation: -1.0,
            cumulative: false, exponent: 1.0, hasHeader: true, pathToCsvFile: docs/indonesia_hub/runs/712/slice3/calibration/targets/Medium_Others.csv,
            yearlyDataColumnName: Others Landings of population1}
        - !!uk.ac.ox.oxfish.maximization.generic.YearlyDataTarget {coefficientOfVariation: -1.0,
            cumulative: false, exponent: 1.0, hasHeader: true, pathToCsvFile: docs/indonesia_hub/runs/712/slice3/calibration/targets/Medium_total.csv,
            yearlyDataColumnName: Total Landings of population1}
        - !!uk.ac.ox.oxfish.maximization.generic.YearlyDataTarget {coefficientOfVariation: -1.0,
            cumulative: false, exponent: 1.0, hasHeader: true, pathToCsvFile: docs/indonesia_hub/runs/712/slice3/calibration/targets/all_landings_LL021 Lutjanus malabaricus.csv,
            yearlyDataColumnName: Lutjanus malabaricus Landings}
        - !!uk.ac.ox.oxfish.maximization.generic.YearlyDataTarget {coefficientOfVariation: -1.0,
            cumulative: false, exponent: 1.0, hasHeader: true, pathToCsvFile: docs/indonesia_hub/runs/712/slice3/calibration/targets/all_landings_LP012 Pristipomoides multidens.csv,
            yearlyDataColumnName: Pristipomoides multidens Landings}
        - !!uk.ac.ox.oxfish.maximization.generic.YearlyDataTarget {coefficientOfVariation: -1.0,
            cumulative: false, exponent: 1.0, hasHeader: true, pathToCsvFile: docs/indonesia_hub/runs/712/slice3/calibration/targets/all_landings_SE002 Epinephelus areolatus.csv,
            yearlyDataColumnName: Epinephelus areolatus Landings}
        - !!uk.ac.ox.oxfish.maximization.generic.YearlyDataTarget {coefficientOfVariation: -1.0,
            cumulative: false, exponent: 1.0, hasHeader: true, pathToCsvFile: docs/indonesia_hub/runs/712/slice3/calibration/targets/all_landings_LL017 Lutjanus erythropterus.csv,
            yearlyDataColumnName: Lutjanus erythropterus Landings}
randomSeed: 0
terminator: !!eva2.optimization.operator.terminators.EvaluationTerminator {fitnessCalls: 500000}

```

## Multirun 1
| FunctionCalls | currentBest | meanFit | currentWorst | runBest | currentBestFeasible | runBestFeasible | avgEucPopDistance | maxEucPopDistance | avgPopMetricDist | maxPopMetricDist | solution | sigma | 
| --- | --- | --- | --- | --- | --- | --- | --- | --- | --- | --- | --- | --- | 
| 50 | 4064776.7989521036 | 8915210.321481686 | 1.8305421305292886E7 | 4064776.7989521036 | 4064776.7989521036 | 4064776.7989521036 | 31.630182999779727 | 46.344362068029646 | 1.581509149988987 | 2.3172181034014825 | {-3.817, 5.727,-2.184,-4.466,-0.063,-4.164,-2.003, 5.136, 1.507, 1.997,-2.430, 3.966,-9.368,-8.906,-8.463} | 0.2 | 
| 100 | 4064776.7989521036 | 6572827.612759831 | 8339133.389426788 | 4064776.7989521036 | 4064776.7989521036 | 4064776.7989521036 | 27.14267151730376 | 42.9775660747504 | 1.3571335758651883 | 2.14887830373752 | {-3.817, 5.727,-2.184,-4.466,-0.063,-4.164,-2.003, 5.136, 1.507, 1.997,-2.430, 3.966,-9.368,-8.906,-8.463} | 0.2 | 
| 150 | 4064776.7989521036 | 5601345.619721915 | 6577778.482542584 | 4064776.7989521036 | 4064776.7989521036 | 4064776.7989521036 | 22.877824231127626 | 40.65763734792786 | 1.143891211556381 | 2.032881867396393 | {-3.817, 5.727,-2.184,-4.466,-0.063,-4.164,-2.003, 5.136, 1.507, 1.997,-2.430, 3.966,-9.368,-8.906,-8.463} | 0.2 | 
| 200 | 4064776.7989521036 | 4923706.753707204 | 5523929.118210187 | 4064776.7989521036 | 4064776.7989521036 | 4064776.7989521036 | 18.03107732465537 | 39.00211182580396 | 0.9015538662327682 | 1.9501055912901981 | {-3.817, 5.727,-2.184,-4.466,-0.063,-4.164,-2.003, 5.136, 1.507, 1.997,-2.430, 3.966,-9.368,-8.906,-8.463} | 0.2 | 
| 250 | 3603942.042988845 | 4405947.161422873 | 4866318.19398664 | 3603942.042988845 | 3603942.042988845 | 3603942.042988845 | 14.903769802800097 | 33.529861240324976 | 0.745188490140006 | 1.676493062016249 | {-4.394, 6.953, 1.694,-3.985,-1.708,-0.201,-3.960,-0.149,-3.790,-0.401, 1.729,-4.849,-4.293, 0.146,-2.643} | 0.2 | 
| 300 | 3087436.543433758 | 4030558.626182991 | 4376786.661683003 | 3087436.543433758 | 3087436.543433758 | 3087436.543433758 | 12.295604563709054 | 28.626111566254814 | 0.6147802281854535 | 1.4313055783127406 | {-6.004, 7.271,-1.351, 2.092, 0.591, 2.026,-6.296,-4.251, 0.456,-2.584,-3.807,-4.343, 0.023, 1.962,-0.860} | 0.2 | 
| 350 | 2834127.892391542 | 3685864.4300863715 | 4014815.3035978386 | 2834127.892391542 | 2834127.892391542 | 2834127.892391542 | 9.661847568678407 | 27.807868962101605 | 0.48309237843392056 | 1.3903934481050804 | {-7.267, 7.464, 1.277,-1.569, 0.113,-0.672,-5.853,-2.222, 0.609,-0.514, 0.098,-5.011,-1.260, 0.467,-4.658} | 0.2 | 
| 400 | 2785902.711670027 | 3321227.680214256 | 3611169.5200018897 | 2785902.711670027 | 2785902.711670027 | 2785902.711670027 | 8.356888353319837 | 23.237781580142965 | 0.41784441766599234 | 1.1618890790071483 | {-6.633, 7.738, 0.087, 0.600, 0.871, 2.196,-6.435,-2.011, 1.364,-0.423,-3.035,-5.824,-2.154,-2.395,-3.595} | 0.2 | 
| 450 | 2764664.21391355 | 3086835.694313816 | 3336720.206087813 | 2764664.21391355 | 2764664.21391355 | 2764664.21391355 | 6.906198920993639 | 19.69254859117156 | 0.3453099460496819 | 0.984627429558578 | {-6.457, 7.079, 0.540, 0.347, 0.361, 1.830,-6.894,-2.921, 3.065, 0.211,-4.330,-6.978, 0.532,-1.971,-0.865} | 0.2 | 
| 500 | 2699888.351526542 | 2913457.854815055 | 3090298.4968269747 | 2699888.351526542 | 2699888.351526542 | 2699888.351526542 | 5.730609515979834 | 12.89292824860146 | 0.286530475798991 | 0.6446464124300729 | {-6.219, 7.609,-1.227,-1.425,-0.658,-0.210,-6.315,-3.002, 0.167,-0.571,-3.777,-6.858,-0.323, 0.544,-1.117} | 0.2 | 
| 550 | 2514910.7670305884 | 2842469.2258574646 | 3127342.3809187934 | 2514910.7670305884 | 2514910.7670305884 | 2514910.7670305884 | 2.7635434639317236 | 6.44646412430073 | 0.13817717319658593 | 0.3223232062150366 | {-6.472, 7.408,-0.723,-1.127,-0.039, 0.178,-6.308,-3.734, 0.549,-0.636,-3.551,-6.517,-1.177,-0.394,-1.278} | 0.2 | 
| 600 | 2504980.7479182677 | 2703019.5309921084 | 2855871.0318675344 | 2504980.7479182677 | 2504980.7479182677 | 2504980.7479182677 | 2.605067234621269 | 6.4188624262018825 | 0.13025336173106325 | 0.3209431213100941 | {-6.768, 7.342,-0.656,-0.776, 0.305, 0.075,-6.888,-3.406, 0.357,-1.420,-4.155,-6.572,-1.888,-0.137,-2.102} | 0.2 | 
| 650 | 2462944.1165470034 | 2721711.638425923 | 3103553.182729123 | 2462944.1165470034 | 2462944.1165470034 | 2462944.1165470034 | 1.2954001853877197 | 3.2094312131009417 | 0.06477000926938589 | 0.16047156065504706 | {-6.655, 7.423,-0.772,-0.822, 0.074, 0.360,-6.666,-3.322, 0.550,-1.199,-3.951,-6.576,-1.629,-0.179,-1.972} | 0.2 | 
| 700 | 2441832.0512083443 | 2709394.727629553 | 3143670.0906128865 | 2441832.0512083443 | 2441832.0512083443 | 2441832.0512083443 | 0.6446895990577404 | 1.514103559555471 | 0.032234479952886926 | 0.07570517797777356 | {-6.291, 7.536,-0.935,-0.677, 0.014, 0.192,-6.537,-3.472, 0.286,-1.234,-3.953,-6.663,-1.701,-0.013,-2.080} | 0.2 | 
| 750 | 2446586.4673604853 | 2636632.3125100406 | 2920672.2851375947 | 2441832.0512083443 | 2446586.4673604853 | 2441832.0512083443 | 0.3094446641760619 | 0.7879136948920782 | 0.015472233208803098 | 0.039395684744603886 | {-6.537, 7.508,-0.836,-0.729, 0.010, 0.225,-6.563,-3.386, 0.390,-1.184,-3.938,-6.648,-1.663,-0.119,-2.044} | 0.2 | 
| 800 | 2420395.8890877757 | 2645867.1891599135 | 2898591.2134142984 | 2420395.8890877757 | 2420395.8890877757 | 2420395.8890877757 | 0.30919339277613905 | 0.7879136948920782 | 0.015459669638806947 | 0.039395684744603886 | {-6.343, 7.525,-0.925,-0.787,-0.025, 0.325,-6.475,-3.333, 0.433,-1.117,-3.820,-6.584,-1.703,-0.064,-2.009} | 0.2 | 
| 850 | 2420395.8890877757 | 2620659.95063752 | 2916557.932272625 | 2420395.8890877757 | 2420395.8890877757 | 2420395.8890877757 | 0.15348285033606235 | 0.3500985760076526 | 0.007674142516803111 | 0.017504928800382624 | {-6.395, 7.511,-0.884,-0.785, 0.015, 0.218,-6.488,-3.321, 0.342,-1.159,-3.860,-6.578,-1.714,-0.114,-2.115} | 0.2 | 
| 900 | 2482070.5508830175 | 2637824.0884927805 | 2904308.1543313363 | 2420395.8890877757 | 2482070.5508830175 | 2420395.8890877757 | 0.07499907916265042 | 0.17504928800382583 | 0.003749953958132506 | 0.008752464400191234 | {-6.402, 7.496,-0.811,-0.779, 0.024, 0.132,-6.534,-3.315, 0.339,-1.186,-3.872,-6.581,-1.662,-0.130,-2.165} | 0.2 | 
| 950 | 2424400.879755066 | 2631004.227423953 | 2795607.946549339 | 2420395.8890877757 | 2424400.879755066 | 2420395.8890877757 | 0.07406430373407841 | 0.1755770093816202 | 0.003703215186703909 | 0.008778850469080963 | {-6.413, 7.501,-0.834,-0.771, 0.033, 0.205,-6.558,-3.332, 0.338,-1.216,-3.889,-6.571,-1.694,-0.113,-2.159} | 0.2 | 
| 1000 | 2424400.879755066 | 2651942.769675361 | 2937872.8055540645 | 2420395.8890877757 | 2424400.879755066 | 2420395.8890877757 | 0.03566391959925089 | 0.08778850469080998 | 0.0017831959799625443 | 0.004389425234540474 | {-6.413, 7.501,-0.834,-0.771, 0.033, 0.205,-6.558,-3.332, 0.338,-1.216,-3.889,-6.571,-1.694,-0.113,-2.159} | 0.2 | 
