
### Optimization parameters 
```
!!eva2.optimization.OptimizationParameters
optimizer: !!eva2.optimization.strategies.ClusterBasedNichingEA
    clusterDiffDist: 0.05
    differentiationCA: !!eva2.optimization.operator.cluster.ClusteringDensityBased
        clustDistParam: 0.05
        metric: &id001 !!eva2.optimization.operator.distancemetric.PhenotypeMetric {}
        minimumGroupSize: 3
    epsilonBound: 1.0E-10
    haltingWindow: 15
    maxSpeciesSize: 15
    mergingCA: !!eva2.optimization.operator.cluster.ClusteringDensityBased
        clustDistParam: 0.1
        metric: *id001
        minimumGroupSize: 3
    optimizer: !!eva2.optimization.strategies.GeneticAlgorithm
        elitism: true
        numberOfPartners: 1
        parentSelection: !!eva2.optimization.operator.selection.SelectXProbRouletteWheel
            obeyDebsConstViolationPrinciple: true
            selProbCalculator: !!eva2.optimization.operator.selection.probability.SelProbStandard {}
        partnerSelection: !!eva2.optimization.operator.selection.SelectRandom {obeyDebsConstViolationPrinciple: false}
        population: !population
            initAround: 0.1
            initMethod: individualDefault
            initPos: [0.0, 0.0, 0.0, 0.0, 0.0, 0.0, 0.0, 0.0, 0.0, 0.0]
            popMetric: !!eva2.optimization.operator.distancemetric.PhenotypeMetric {}
            seedCardinality: {head: 5, tail: 1}
            targetSize: 100
    parameterControl: []
    population: !population
        initAround: 0.1
        initMethod: individualDefault
        initPos: [0.0, 0.0, 0.0, 0.0, 0.0, 0.0, 0.0, 0.0, 0.0, 0.0]
        popMetric: *id001
        seedCardinality: {head: 5, tail: 1}
        targetSize: 50
    populationSize: 100
    reduceSizeComparator: {fitCriterion: -1, indyDataKey: '', preferFeasible: true}
    showCycle: 0
    sleepTime: 0
    speciesCycle: 1
    useMerging: true
postProcessParams: !!eva2.optimization.operator.postprocess.PostProcessParams
    PPMethod: nelderMead
    accAssumeConv: 1.0E-8
    accMaxEval: -1
    accuracies: [0.01]
    doPostProcessing: false
    postProcessClusterSigma: 0.05
    postProcessSteps: 5000
    printNBest: 10
    withPlot: false
problem: !!eva2.problems.SimpleProblemWrapper
    defaultAccuracy: 0.001
    defaultRange: 10.0
    individualTemplate: !!eva2.optimization.individuals.ESIndividualDoubleData
        areaConst4ParallelViolated: false
        crossoverOperator: !!eva2.optimization.operator.crossover.CrossoverESDefault {}
        crossoverProbability: 0.5
        initOperator: !!eva2.optimization.operator.initialization.DefaultInitialization {}
        isMarked: false
        isPenalized: false
        mutationOperator: !!eva2.optimization.operator.mutation.MutateESGlobal {crossoverType: intermediate,
            lowerLimitStepSize: 5.0E-7, mutationStepSize: 0.2, tau1: 0.15}
        mutationProbability: 1.0
    noise: 0.0
    parallelThreads: 4
    problemDimension: 20
    simpleProblem: !!uk.ac.ox.oxfish.maximization.GenericOptimization
        maximization: false
        parameters:
        - !!uk.ac.ox.oxfish.maximization.generic.SimpleOptimizationParameter {addressToModify: fisherDefinitions$0.gear.delegate.delegate.delegate.gears~Pristipomoides multidens.averageCatchability,
            alwaysPositive: true, maximum: 0.0095, minimum: 9.0E-8}
        - !!uk.ac.ox.oxfish.maximization.generic.SimpleOptimizationParameter {addressToModify: fisherDefinitions$0.gear.delegate.delegate.delegate.gears~Lutjanus malabaricus.averageCatchability,
            alwaysPositive: true, maximum: 0.095, minimum: 9.0E-5}
        - !!uk.ac.ox.oxfish.maximization.generic.SimpleOptimizationParameter {addressToModify: fisherDefinitions$0.gear.delegate.delegate.delegate.gears~Epinephelus areolatus.averageCatchability,
            alwaysPositive: true, maximum: 9.5E-5, minimum: 9.0E-10}
        - !!uk.ac.ox.oxfish.maximization.generic.SimpleOptimizationParameter {addressToModify: fisherDefinitions$0.gear.delegate.delegate.delegate.gears~Lutjanus erythropterus.averageCatchability,
            alwaysPositive: true, maximum: 0.0095, minimum: 9.0E-8}
        - !!uk.ac.ox.oxfish.maximization.generic.SimpleOptimizationParameter {addressToModify: fisherDefinitions$0.gear.delegate.delegate.proportionSimulatedToGarbage,
            alwaysPositive: true, maximum: 0.8, minimum: 0.0}
        - !!uk.ac.ox.oxfish.maximization.generic.SimpleOptimizationParameter {addressToModify: fisherDefinitions$1.gear.delegate.delegate.delegate.gears~Pristipomoides multidens.averageCatchability,
            alwaysPositive: true, maximum: 0.0095, minimum: 9.0E-8}
        - !!uk.ac.ox.oxfish.maximization.generic.SimpleOptimizationParameter {addressToModify: fisherDefinitions$1.gear.delegate.delegate.delegate.gears~Lutjanus malabaricus.averageCatchability,
            alwaysPositive: true, maximum: 0.095, minimum: 9.0E-5}
        - !!uk.ac.ox.oxfish.maximization.generic.SimpleOptimizationParameter {addressToModify: fisherDefinitions$1.gear.delegate.delegate.delegate.gears~Epinephelus areolatus.averageCatchability,
            alwaysPositive: true, maximum: 0.0095, minimum: 9.0E-8}
        - !!uk.ac.ox.oxfish.maximization.generic.SimpleOptimizationParameter {addressToModify: fisherDefinitions$1.gear.delegate.delegate.delegate.gears~Lutjanus erythropterus.averageCatchability,
            alwaysPositive: true, maximum: 9.5E-5, minimum: 9.0E-10}
        - !!uk.ac.ox.oxfish.maximization.generic.SimpleOptimizationParameter {addressToModify: fisherDefinitions$1.gear.delegate.delegate.proportionSimulatedToGarbage,
            alwaysPositive: true, maximum: 0.8, minimum: 0.0}
        - !!uk.ac.ox.oxfish.maximization.generic.SimpleOptimizationParameter {addressToModify: fisherDefinitions$2.gear.delegate.delegate.delegate.gears~Pristipomoides multidens.averageCatchability,
            alwaysPositive: true, maximum: 0.0095, minimum: 9.0E-8}
        - !!uk.ac.ox.oxfish.maximization.generic.SimpleOptimizationParameter {addressToModify: fisherDefinitions$2.gear.delegate.delegate.delegate.gears~Lutjanus malabaricus.averageCatchability,
            alwaysPositive: true, maximum: 0.0095, minimum: 9.0E-8}
        - !!uk.ac.ox.oxfish.maximization.generic.SimpleOptimizationParameter {addressToModify: fisherDefinitions$2.gear.delegate.delegate.delegate.gears~Epinephelus areolatus.averageCatchability,
            alwaysPositive: true, maximum: 9.5E-5, minimum: 9.0E-10}
        - !!uk.ac.ox.oxfish.maximization.generic.SimpleOptimizationParameter {addressToModify: fisherDefinitions$2.gear.delegate.delegate.delegate.gears~Lutjanus erythropterus.averageCatchability,
            alwaysPositive: true, maximum: 0.0095, minimum: 9.0E-8}
        - !!uk.ac.ox.oxfish.maximization.generic.SimpleOptimizationParameter {addressToModify: fisherDefinitions$2.gear.delegate.delegate.proportionSimulatedToGarbage,
            alwaysPositive: false, maximum: 0.8, minimum: 0.0}
        - !!uk.ac.ox.oxfish.maximization.generic.SimpleOptimizationParameter {addressToModify: fisherDefinitions$3.gear.delegate.delegate.delegate.gears~Pristipomoides multidens.averageCatchability,
            alwaysPositive: true, maximum: 0.0095, minimum: 9.0E-8}
        - !!uk.ac.ox.oxfish.maximization.generic.SimpleOptimizationParameter {addressToModify: fisherDefinitions$3.gear.delegate.delegate.delegate.gears~Lutjanus malabaricus.averageCatchability,
            alwaysPositive: true, maximum: 0.095, minimum: 9.0E-10}
        - !!uk.ac.ox.oxfish.maximization.generic.SimpleOptimizationParameter {addressToModify: fisherDefinitions$3.gear.delegate.delegate.delegate.gears~Epinephelus areolatus.averageCatchability,
            alwaysPositive: true, maximum: 9.5E-5, minimum: 9.0E-10}
        - !!uk.ac.ox.oxfish.maximization.generic.SimpleOptimizationParameter {addressToModify: fisherDefinitions$3.gear.delegate.delegate.delegate.gears~Lutjanus erythropterus.averageCatchability,
            alwaysPositive: true, maximum: 0.0095, minimum: 9.0E-8}
        - !!uk.ac.ox.oxfish.maximization.generic.SimpleOptimizationParameter {addressToModify: fisherDefinitions$3.gear.delegate.delegate.proportionSimulatedToGarbage,
            alwaysPositive: true, maximum: 0.8, minimum: 0.0}
        runsPerSetting: 1
        scenarioFile: /home/carrknight/code/oxfish/docs/indonesia_hub/runs/712/slice6/calibration/steve_TropFishR_start.yaml
        simulatedYears: 2
        targets:
        - !!uk.ac.ox.oxfish.maximization.generic.FixedDataLastStepTargetFromFile {
            exponent: 2.0, pathToCsvFile: /home/carrknight/code/oxfish/docs/indonesia_hub/runs/712/slice6/calibration/targets/Large.Longline_LL021 Lutjanus malabaricus.csv,
            yearlyDataColumnName: Lutjanus malabaricus Landings of population2}
        - !!uk.ac.ox.oxfish.maximization.generic.FixedDataLastStepTargetFromFile {
            exponent: 2.0, pathToCsvFile: /home/carrknight/code/oxfish/docs/indonesia_hub/runs/712/slice6/calibration/targets/Large.Longline_LP012 Pristipomoides multidens.csv,
            yearlyDataColumnName: Pristipomoides multidens Landings of population2}
        - !!uk.ac.ox.oxfish.maximization.generic.FixedDataLastStepTargetFromFile {
            exponent: 2.0, pathToCsvFile: /home/carrknight/code/oxfish/docs/indonesia_hub/runs/712/slice6/calibration/targets/Large.Longline_SE002 Epinephelus areolatus.csv,
            yearlyDataColumnName: Epinephelus areolatus Landings of population2}
        - !!uk.ac.ox.oxfish.maximization.generic.FixedDataLastStepTargetFromFile {
            exponent: 2.0, pathToCsvFile: /home/carrknight/code/oxfish/docs/indonesia_hub/runs/712/slice6/calibration/targets/Large.Longline_LL017 Lutjanus erythropterus.csv,
            yearlyDataColumnName: Lutjanus erythropterus Landings of population2}
        - !!uk.ac.ox.oxfish.maximization.generic.FixedDataLastStepTargetFromFile {
            exponent: 2.0, pathToCsvFile: /home/carrknight/code/oxfish/docs/indonesia_hub/runs/712/slice6/calibration/targets/Large.Longline_Others.csv,
            yearlyDataColumnName: Others Landings of population2}
        - !!uk.ac.ox.oxfish.maximization.generic.FixedDataLastStepTargetFromFile {
            exponent: 2.0, pathToCsvFile: /home/carrknight/code/oxfish/docs/indonesia_hub/runs/712/slice6/calibration/targets/Large.Longline_total.csv,
            yearlyDataColumnName: Total Landings of population2}
        - !!uk.ac.ox.oxfish.maximization.generic.FixedDataLastStepTargetFromFile {
            exponent: 2.0, pathToCsvFile: /home/carrknight/code/oxfish/docs/indonesia_hub/runs/712/slice6/calibration/targets/Small.Dropline_LL021 Lutjanus malabaricus.csv,
            yearlyDataColumnName: Lutjanus malabaricus Landings of population0}
        - !!uk.ac.ox.oxfish.maximization.generic.FixedDataLastStepTargetFromFile {
            exponent: 2.0, pathToCsvFile: /home/carrknight/code/oxfish/docs/indonesia_hub/runs/712/slice6/calibration/targets/Small.Dropline_LP012 Pristipomoides multidens.csv,
            yearlyDataColumnName: Pristipomoides multidens Landings of population0}
        - !!uk.ac.ox.oxfish.maximization.generic.FixedDataLastStepTargetFromFile {
            exponent: 2.0, pathToCsvFile: /home/carrknight/code/oxfish/docs/indonesia_hub/runs/712/slice6/calibration/targets/Small.Dropline_SE002 Epinephelus areolatus.csv,
            yearlyDataColumnName: Epinephelus areolatus Landings of population0}
        - !!uk.ac.ox.oxfish.maximization.generic.FixedDataLastStepTargetFromFile {
            exponent: 2.0, pathToCsvFile: /home/carrknight/code/oxfish/docs/indonesia_hub/runs/712/slice6/calibration/targets/Small.Dropline_LL017 Lutjanus erythropterus.csv,
            yearlyDataColumnName: Lutjanus erythropterus Landings of population0}
        - !!uk.ac.ox.oxfish.maximization.generic.FixedDataLastStepTargetFromFile {
            exponent: 2.0, pathToCsvFile: /home/carrknight/code/oxfish/docs/indonesia_hub/runs/712/slice6/calibration/targets/Small.Dropline_Others.csv,
            yearlyDataColumnName: Others Landings of population0}
        - !!uk.ac.ox.oxfish.maximization.generic.FixedDataLastStepTargetFromFile {
            exponent: 2.0, pathToCsvFile: /home/carrknight/code/oxfish/docs/indonesia_hub/runs/712/slice6/calibration/targets/Small.Dropline_total.csv,
            yearlyDataColumnName: Total Landings of population0}
        - !!uk.ac.ox.oxfish.maximization.generic.FixedDataLastStepTargetFromFile {
            exponent: 2.0, pathToCsvFile: /home/carrknight/code/oxfish/docs/indonesia_hub/runs/712/slice6/calibration/targets/Medium.Longline_LL021 Lutjanus malabaricus.csv,
            yearlyDataColumnName: Lutjanus malabaricus Landings of population1}
        - !!uk.ac.ox.oxfish.maximization.generic.FixedDataLastStepTargetFromFile {
            exponent: 2.0, pathToCsvFile: /home/carrknight/code/oxfish/docs/indonesia_hub/runs/712/slice6/calibration/targets/Medium.Longline_LP012 Pristipomoides multidens.csv,
            yearlyDataColumnName: Pristipomoides multidens Landings of population1}
        - !!uk.ac.ox.oxfish.maximization.generic.FixedDataLastStepTargetFromFile {
            exponent: 2.0, pathToCsvFile: /home/carrknight/code/oxfish/docs/indonesia_hub/runs/712/slice6/calibration/targets/Medium.Longline_SE002 Epinephelus areolatus.csv,
            yearlyDataColumnName: Epinephelus areolatus Landings of population1}
        - !!uk.ac.ox.oxfish.maximization.generic.FixedDataLastStepTargetFromFile {
            exponent: 2.0, pathToCsvFile: /home/carrknight/code/oxfish/docs/indonesia_hub/runs/712/slice6/calibration/targets/Medium.Longline_LL017 Lutjanus erythropterus.csv,
            yearlyDataColumnName: Lutjanus erythropterus Landings of population1}
        - !!uk.ac.ox.oxfish.maximization.generic.FixedDataLastStepTargetFromFile {
            exponent: 2.0, pathToCsvFile: /home/carrknight/code/oxfish/docs/indonesia_hub/runs/712/slice6/calibration/targets/Medium.Longline_Others.csv,
            yearlyDataColumnName: Others Landings of population1}
        - !!uk.ac.ox.oxfish.maximization.generic.FixedDataLastStepTargetFromFile {
            exponent: 2.0, pathToCsvFile: /home/carrknight/code/oxfish/docs/indonesia_hub/runs/712/slice6/calibration/targets/Medium.Longline_total.csv,
            yearlyDataColumnName: Total Landings of population1}
        - !!uk.ac.ox.oxfish.maximization.generic.FixedDataLastStepTargetFromFile {
            exponent: 2.0, pathToCsvFile: /home/carrknight/code/oxfish/docs/indonesia_hub/runs/712/slice6/calibration/targets/Medium.Dropline_LL021 Lutjanus malabaricus.csv,
            yearlyDataColumnName: Lutjanus malabaricus Landings of population3}
        - !!uk.ac.ox.oxfish.maximization.generic.FixedDataLastStepTargetFromFile {
            exponent: 2.0, pathToCsvFile: /home/carrknight/code/oxfish/docs/indonesia_hub/runs/712/slice6/calibration/targets/Medium.Dropline_LP012 Pristipomoides multidens.csv,
            yearlyDataColumnName: Pristipomoides multidens Landings of population3}
        - !!uk.ac.ox.oxfish.maximization.generic.FixedDataLastStepTargetFromFile {
            exponent: 2.0, pathToCsvFile: /home/carrknight/code/oxfish/docs/indonesia_hub/runs/712/slice6/calibration/targets/Medium.Dropline_SE002 Epinephelus areolatus.csv,
            yearlyDataColumnName: Epinephelus areolatus Landings of population3}
        - !!uk.ac.ox.oxfish.maximization.generic.FixedDataLastStepTargetFromFile {
            exponent: 2.0, pathToCsvFile: /home/carrknight/code/oxfish/docs/indonesia_hub/runs/712/slice6/calibration/targets/Medium.Dropline_LL017 Lutjanus erythropterus.csv,
            yearlyDataColumnName: Lutjanus erythropterus Landings of population3}
        - !!uk.ac.ox.oxfish.maximization.generic.FixedDataLastStepTargetFromFile {
            exponent: 2.0, pathToCsvFile: /home/carrknight/code/oxfish/docs/indonesia_hub/runs/712/slice6/calibration/targets/Medium.Dropline_Others.csv,
            yearlyDataColumnName: Others Landings of population3}
        - !!uk.ac.ox.oxfish.maximization.generic.FixedDataLastStepTargetFromFile {
            exponent: 2.0, pathToCsvFile: /home/carrknight/code/oxfish/docs/indonesia_hub/runs/712/slice6/calibration/targets/Medium.Dropline_total.csv,
            yearlyDataColumnName: Total Landings of population3}
        - !!uk.ac.ox.oxfish.maximization.generic.FixedDataLastStepTargetFromFile {
            exponent: 2.0, pathToCsvFile: /home/carrknight/code/oxfish/docs/indonesia_hub/runs/712/slice6/calibration/targets/all_landings_LL021 Lutjanus malabaricus.csv,
            yearlyDataColumnName: Lutjanus malabaricus Landings}
        - !!uk.ac.ox.oxfish.maximization.generic.FixedDataLastStepTargetFromFile {
            exponent: 2.0, pathToCsvFile: /home/carrknight/code/oxfish/docs/indonesia_hub/runs/712/slice6/calibration/targets/all_landings_LP012 Pristipomoides multidens.csv,
            yearlyDataColumnName: Pristipomoides multidens Landings}
        - !!uk.ac.ox.oxfish.maximization.generic.FixedDataLastStepTargetFromFile {
            exponent: 2.0, pathToCsvFile: /home/carrknight/code/oxfish/docs/indonesia_hub/runs/712/slice6/calibration/targets/all_landings_SE002 Epinephelus areolatus.csv,
            yearlyDataColumnName: Epinephelus areolatus Landings}
        - !!uk.ac.ox.oxfish.maximization.generic.FixedDataLastStepTargetFromFile {
            exponent: 2.0, pathToCsvFile: /home/carrknight/code/oxfish/docs/indonesia_hub/runs/712/slice6/calibration/targets/all_landings_LL017 Lutjanus erythropterus.csv,
            yearlyDataColumnName: Lutjanus erythropterus Landings}
randomSeed: 0
terminator: !!eva2.optimization.operator.terminators.EvaluationTerminator {fitnessCalls: 50000}

```

## Multirun 1
| FunctionCalls | currentBest | meanFit | currentWorst | runBest | currentBestFeasible | runBestFeasible | avgEucPopDistance | maxEucPopDistance | avgPopMetricDist | maxPopMetricDist | solution | sigma | numUndiff | numActSpec | avgSpecMeas | numArchived | archivedMedCorr | archivedMeanDist | numCollisions | clustSig | 
| --- | --- | --- | --- | --- | --- | --- | --- | --- | --- | --- | --- | --- | --- | --- | --- | --- | --- | --- | --- | --- | 
| 200 | 9.878917789115676E12 | 4.240536709635822E13 | 6.881860238767922E13 | 9.878917789115676E12 | 9.878917789115676E12 | 9.878917789115676E12 | 21.906906444631616 | 49.46921791331099 | 1.0953453222315763 | 2.47346089566555 | {-2.389,-1.868, 6.121, 6.592, 3.708, 2.993, 9.635,-8.034, 2.660, 1.140,-5.386,-9.645,-5.613,-9.018,-3.383, 0.321,-6.878, 4.252, 5.189,-2.590} | 0.2 | 100 | 0 | 0.0 | 0 | 1.0 | 0.0 | 0 | 0.05 | 
| 300 | 8.772268679883033E12 | 2.0057738669663832E13 | 7.251632823774362E13 | 8.772268679883033E12 | 8.772268679883033E12 | 8.772268679883033E12 | 21.180632593110502 | 50.442666024476196 | 1.0590316296555276 | 2.522133301223809 | {-0.808,-3.971, 4.436, 8.037, 4.409, 7.010, 8.394,-6.603, 4.400, 2.855,-2.693,-5.123, 2.155, 5.240, 0.525,-1.121, 7.617,-2.696, 3.453,-1.570} | 0.21165015716512464 | 100 | 0 | 0.0 | 0 | 1.0 | 0.0 | 0 | 0.05 | 
| 400 | 8.225529808966526E12 | 1.4451078200539848E13 | 6.518546154713987E13 | 8.225529808966526E12 | 8.225529808966526E12 | 8.225529808966526E12 | 16.921995783588567 | 42.25184222260552 | 0.8460997891794264 | 2.112592111130276 | {-1.679,-1.823, 5.702, 6.302, 2.538, 6.535, 10.000,-7.822, 4.369, 2.542,-1.972,-8.112,-7.769,-10.000,-3.824, 1.020,-7.014, 6.918, 2.838, 1.386} | 0.21561964259284228 | 100 | 0 | 0.0 | 0 | 1.0 | 0.0 | 0 | 0.05 | 
| 500 | 8.110080293403635E12 | 1.3832186727600322E13 | 5.9750768268942625E13 | 8.110080293403635E12 | 8.110080293403635E12 | 8.110080293403635E12 | 19.78858917604255 | 44.366658249073005 | 0.989429458802129 | 2.218332912453651 | {-0.788,-0.656, 8.046, 6.347, 2.281, 6.748, 7.839,-8.703, 4.848, 5.932,-1.993,-0.766, 4.796, 3.358,-0.309,-2.623, 6.547, 1.586, 1.704, 0.024} | 0.18346812923495695 | 100 | 0 | 0.0 | 0 | 1.0 | 0.0 | 0 | 0.05 | 
| 600 | 8.110080293403635E12 | 1.1933323107594414E13 | 3.955612227918868E13 | 8.110080293403635E12 | 8.110080293403635E12 | 8.110080293403635E12 | 18.67966025927167 | 43.63428573126239 | 0.9339830129635839 | 2.1817142865631194 | {-0.788,-0.656, 8.046, 6.347, 2.281, 6.748, 7.839,-8.703, 4.848, 5.932,-1.993,-0.766, 4.796, 3.358,-0.309,-2.623, 6.547, 1.586, 1.704, 0.024} | 0.18346812923495695 | 100 | 0 | 0.0 | 0 | 1.0 | 0.0 | 0 | 0.05 | 
| 700 | 7.457001660293124E12 | 1.0692341506345486E13 | 2.317826604311855E13 | 7.457001660293124E12 | 7.457001660293124E12 | 7.457001660293124E12 | 17.727126851473223 | 37.35533863027063 | 0.8863563425736621 | 1.867766931513531 | { 2.845, 1.158, 8.934, 2.911, 2.363, 9.277, 1.797,-8.621, 2.462, 7.460,-1.025,-8.699,-6.596,-6.870, 1.068,-5.056, 6.818,-1.601, 3.757,-0.482} | 0.2302521187927779 | 100 | 0 | 0.0 | 0 | 1.0 | 0.0 | 0 | 0.05 | 
| 800 | 6.733890874557281E12 | 1.0413009458237873E13 | 1.9342847876503223E13 | 6.733890874557281E12 | 6.733890874557281E12 | 6.733890874557281E12 | 14.990408135349242 | 36.08072506947362 | 0.7495204067674597 | 1.8040362534736811 | { 3.330, 2.135, 6.755, 5.986, 0.002, 8.238, 10.000,-8.665, 3.554, 5.026,-7.688,-2.236, 3.571, 1.305, 0.370,-2.341, 9.020, 5.708, 5.372,-0.307} | 0.22084044958096824 | 100 | 0 | 0.0 | 0 | 1.0 | 0.0 | 0 | 0.05 | 
| 900 | 6.733890874557281E12 | 1.039229648575875E13 | 2.4169300769215617E13 | 6.733890874557281E12 | 6.733890874557281E12 | 6.733890874557281E12 | 17.677493468471567 | 32.61546009717341 | 0.8838746734235761 | 1.6307730048586704 | { 3.330, 2.135, 6.755, 5.986, 0.002, 8.238, 10.000,-8.665, 3.554, 5.026,-7.688,-2.236, 3.571, 1.305, 0.370,-2.341, 9.020, 5.708, 5.372,-0.307} | 0.22084044958096824 | 100 | 0 | 0.0 | 0 | 1.0 | 0.0 | 0 | 0.05 | 
| 1000 | 6.733890874557281E12 | 1.0010459138363846E13 | 2.1330599901832125E13 | 6.733890874557281E12 | 6.733890874557281E12 | 6.733890874557281E12 | 17.65735921918224 | 39.1941359414854 | 0.8828679609591091 | 1.9597067970742699 | { 3.330, 2.135, 6.755, 5.986, 0.002, 8.238, 10.000,-8.665, 3.554, 5.026,-7.688,-2.236, 3.571, 1.305, 0.370,-2.341, 9.020, 5.708, 5.372,-0.307} | 0.22084044958096824 | 100 | 0 | 0.0 | 0 | 1.0 | 0.0 | 0 | 0.05 | 
| 1100 | 6.731961696496511E12 | 1.014718693902182E13 | 2.204680495793405E13 | 6.731961696496511E12 | 6.731961696496511E12 | 6.731961696496511E12 | 15.456803646455493 | 34.32772755352041 | 0.7728401823227775 | 1.7163863776760206 | { 4.001, 2.756, 7.469, 8.032,-1.897, 8.449, 10.000,-8.373, 0.106, 6.118,-9.989,-1.743,-2.442,-1.319,-0.460,-0.792, 7.709, 3.299, 7.646,-2.939} | 0.2131440983994417 | 100 | 0 | 0.0 | 0 | 1.0 | 0.0 | 0 | 0.05 | 
| 1200 | 6.456731653597851E12 | 1.0435389317776117E13 | 2.223182635152093E13 | 6.456731653597851E12 | 6.456731653597851E12 | 6.456731653597851E12 | 15.080675693666484 | 34.88026494284588 | 0.7540337846833246 | 1.7440132471422942 | { 5.564, 1.665, 6.173, 2.666,-1.627, 9.775, 10.000,-8.228, 6.029, 3.191,-6.700,-2.118, 3.689,-1.653,-1.004,-2.676, 5.194, 7.924, 5.951,-1.575} | 0.1814115550180191 | 100 | 0 | 0.0 | 0 | 1.0 | 0.0 | 0 | 0.05 | 
| 1300 | 6.456731653597851E12 | 1.032456585647603E13 | 2.315221520952704E13 | 6.456731653597851E12 | 6.456731653597851E12 | 6.456731653597851E12 | 15.66531586439788 | 29.31645642347103 | 0.783265793219897 | 1.4658228211735518 | { 5.564, 1.665, 6.173, 2.666,-1.627, 9.775, 10.000,-8.228, 6.029, 3.191,-6.700,-2.118, 3.689,-1.653,-1.004,-2.676, 5.194, 7.924, 5.951,-1.575} | 0.1814115550180191 | 100 | 0 | 0.0 | 0 | 1.0 | 0.0 | 0 | 0.05 | 
| 1400 | 6.456731653597851E12 | 9.9884763915869E12 | 3.1892498222270562E13 | 6.456731653597851E12 | 6.456731653597851E12 | 6.456731653597851E12 | 14.626177322085093 | 26.798894390329213 | 0.7313088661042554 | 1.3399447195164607 | { 5.564, 1.665, 6.173, 2.666,-1.627, 9.775, 10.000,-8.228, 6.029, 3.191,-6.700,-2.118, 3.689,-1.653,-1.004,-2.676, 5.194, 7.924, 5.951,-1.575} | 0.1814115550180191 | 100 | 0 | 0.0 | 0 | 1.0 | 0.0 | 0 | 0.05 | 
| 1500 | 6.456731653597851E12 | 9.491430198974096E12 | 1.7000039948465537E13 | 6.456731653597851E12 | 6.456731653597851E12 | 6.456731653597851E12 | 13.038998722042422 | 25.47502667531545 | 0.6519499361021215 | 1.2737513337657724 | { 5.564, 1.665, 6.173, 2.666,-1.627, 9.775, 10.000,-8.228, 6.029, 3.191,-6.700,-2.118, 3.689,-1.653,-1.004,-2.676, 5.194, 7.924, 5.951,-1.575} | 0.1814115550180191 | 100 | 0 | 0.0 | 0 | 1.0 | 0.0 | 0 | 0.05 | 
| 1600 | 6.451162322836716E12 | 9.96075414300482E12 | 2.241438583308321E13 | 6.451162322836716E12 | 6.451162322836716E12 | 6.451162322836716E12 | 12.723323066416839 | 24.180571898173707 | 0.6361661533208414 | 1.2090285949086854 | { 5.277,-0.540, 4.601, 1.717,-0.456, 10.000, 8.625,-7.547, 7.348, 3.318,-6.007,-1.607, 4.466, 0.894, 1.042,-3.342, 4.340, 7.971, 7.516,-1.232} | 0.13597806927859707 | 100 | 0 | 0.0 | 0 | 1.0 | 0.0 | 0 | 0.05 | 
| 1700 | 6.451162322836716E12 | 1.0053550784774258E13 | 2.484549125405519E13 | 6.451162322836716E12 | 6.451162322836716E12 | 6.451162322836716E12 | 12.33956499895038 | 25.902936851519563 | 0.6169782499475186 | 1.2951468425759778 | { 5.277,-0.540, 4.601, 1.717,-0.456, 10.000, 8.625,-7.547, 7.348, 3.318,-6.007,-1.607, 4.466, 0.894, 1.042,-3.342, 4.340, 7.971, 7.516,-1.232} | 0.13597806927859707 | 100 | 0 | 0.0 | 0 | 1.0 | 0.0 | 0 | 0.05 | 
| 1800 | 6.451162322836716E12 | 9.537992482891229E12 | 1.9112271138030797E13 | 6.451162322836716E12 | 6.451162322836716E12 | 6.451162322836716E12 | 10.702612107778696 | 22.977485830578743 | 0.5351306053889369 | 1.1488742915289372 | { 5.277,-0.540, 4.601, 1.717,-0.456, 10.000, 8.625,-7.547, 7.348, 3.318,-6.007,-1.607, 4.466, 0.894, 1.042,-3.342, 4.340, 7.971, 7.516,-1.232} | 0.13597806927859707 | 100 | 0 | 0.0 | 0 | 1.0 | 0.0 | 0 | 0.05 | 
| 1900 | 6.451162322836716E12 | 9.35549450294742E12 | 1.5998645167952668E13 | 6.451162322836716E12 | 6.451162322836716E12 | 6.451162322836716E12 | 9.894456233665366 | 22.499291349722867 | 0.49472281168326754 | 1.1249645674861433 | { 5.277,-0.540, 4.601, 1.717,-0.456, 10.000, 8.625,-7.547, 7.348, 3.318,-6.007,-1.607, 4.466, 0.894, 1.042,-3.342, 4.340, 7.971, 7.516,-1.232} | 0.13597806927859707 | 100 | 0 | 0.0 | 0 | 1.0 | 0.0 | 0 | 0.05 | 
| 2000 | 6.451162322836716E12 | 9.246812743001395E12 | 1.716417666615747E13 | 6.451162322836716E12 | 6.451162322836716E12 | 6.451162322836716E12 | 9.97209078994796 | 22.14194396120755 | 0.4986045394973999 | 1.1070971980603777 | { 5.277,-0.540, 4.601, 1.717,-0.456, 10.000, 8.625,-7.547, 7.348, 3.318,-6.007,-1.607, 4.466, 0.894, 1.042,-3.342, 4.340, 7.971, 7.516,-1.232} | 0.13597806927859707 | 100 | 0 | 0.0 | 0 | 1.0 | 0.0 | 0 | 0.05 | 
