
### Optimization parameters 
```
!!eva2.optimization.OptimizationParameters
optimizer: !!eva2.optimization.strategies.SimulatedAnnealing
    alpha: 0.9
    currentTemperature: 0.8609344200000003
    initialTemperature: 2.0
    population: !population
        initAround: 0.1
        initMethod: individualDefault
        initPos: [0.0, 0.0, 0.0, 0.0, 0.0, 0.0, 0.0, 0.0, 0.0, 0.0]
        popMetric: !!eva2.optimization.operator.distancemetric.EuclideanMetric {normedByDblRange: false}
        seedCardinality: {head: 5, tail: 1}
        targetSize: 4
postProcessParams: !!eva2.optimization.operator.postprocess.PostProcessParams
    PPMethod: nelderMead
    accAssumeConv: 1.0E-8
    accMaxEval: -1
    accuracies: [0.01]
    doPostProcessing: false
    postProcessClusterSigma: 0.05
    postProcessSteps: 5000
    printNBest: 10
    withPlot: false
problem: !!eva2.problems.SimpleProblemWrapper
    defaultAccuracy: 0.001
    defaultRange: 10.0
    individualTemplate: !!eva2.optimization.individuals.ESIndividualDoubleData
        areaConst4ParallelViolated: false
        crossoverOperator: !!eva2.optimization.operator.crossover.CrossoverESDefault {}
        crossoverProbability: 0.5
        initOperator: !!eva2.optimization.operator.initialization.DefaultInitialization {}
        isMarked: false
        isPenalized: false
        mutationOperator: !!eva2.optimization.operator.mutation.MutateESGlobal {crossoverType: intermediate,
            lowerLimitStepSize: 5.0E-7, mutationStepSize: 0.2, tau1: 0.15}
        mutationProbability: 1.0
    noise: 0.0
    parallelThreads: 5
    problemDimension: 20
    simpleProblem: !!uk.ac.ox.oxfish.maximization.GenericOptimization
        maximization: false
        parameters:
        - !!uk.ac.ox.oxfish.maximization.generic.SimpleOptimizationParameter {addressToModify: fisherDefinitions$0.gear.delegate.delegate.delegate.gears~Pristipomoides multidens.averageCatchability,
            alwaysPositive: false, maximum: 0.0095, minimum: 9.0E-8}
        - !!uk.ac.ox.oxfish.maximization.generic.SimpleOptimizationParameter {addressToModify: fisherDefinitions$0.gear.delegate.delegate.delegate.gears~Lutjanus malabaricus.averageCatchability,
            alwaysPositive: false, maximum: 0.0095, minimum: 9.0E-5}
        - !!uk.ac.ox.oxfish.maximization.generic.SimpleOptimizationParameter {addressToModify: fisherDefinitions$0.gear.delegate.delegate.delegate.gears~Epinephelus areolatus.averageCatchability,
            alwaysPositive: false, maximum: 0.0095, minimum: 9.0E-8}
        - !!uk.ac.ox.oxfish.maximization.generic.SimpleOptimizationParameter {addressToModify: fisherDefinitions$0.gear.delegate.delegate.delegate.gears~Lutjanus erythropterus.averageCatchability,
            alwaysPositive: false, maximum: 0.0095, minimum: 9.0E-8}
        - !!uk.ac.ox.oxfish.maximization.generic.SimpleOptimizationParameter {addressToModify: fisherDefinitions$0.gear.delegate.delegate.proportionSimulatedToGarbage,
            alwaysPositive: false, maximum: 0.8, minimum: 0.0}
        - !!uk.ac.ox.oxfish.maximization.generic.SimpleOptimizationParameter {addressToModify: fisherDefinitions$1.gear.delegate.delegate.delegate.gears~Pristipomoides multidens.averageCatchability,
            alwaysPositive: false, maximum: 0.0095, minimum: 9.0E-8}
        - !!uk.ac.ox.oxfish.maximization.generic.SimpleOptimizationParameter {addressToModify: fisherDefinitions$1.gear.delegate.delegate.delegate.gears~Lutjanus malabaricus.averageCatchability,
            alwaysPositive: false, maximum: 9.0E-6, minimum: 9.0E-8}
        - !!uk.ac.ox.oxfish.maximization.generic.SimpleOptimizationParameter {addressToModify: fisherDefinitions$1.gear.delegate.delegate.delegate.gears~Epinephelus areolatus.averageCatchability,
            alwaysPositive: false, maximum: 0.0095, minimum: 9.0E-8}
        - !!uk.ac.ox.oxfish.maximization.generic.SimpleOptimizationParameter {addressToModify: fisherDefinitions$1.gear.delegate.delegate.delegate.gears~Lutjanus erythropterus.averageCatchability,
            alwaysPositive: false, maximum: 0.0095, minimum: 9.0E-8}
        - !!uk.ac.ox.oxfish.maximization.generic.SimpleOptimizationParameter {addressToModify: fisherDefinitions$1.gear.delegate.delegate.proportionSimulatedToGarbage,
            alwaysPositive: false, maximum: 0.8, minimum: 0.0}
        - !!uk.ac.ox.oxfish.maximization.generic.SimpleOptimizationParameter {addressToModify: fisherDefinitions$2.gear.delegate.delegate.delegate.gears~Pristipomoides multidens.averageCatchability,
            alwaysPositive: false, maximum: 0.0095, minimum: 9.0E-8}
        - !!uk.ac.ox.oxfish.maximization.generic.SimpleOptimizationParameter {addressToModify: fisherDefinitions$2.gear.delegate.delegate.delegate.gears~Lutjanus malabaricus.averageCatchability,
            alwaysPositive: false, maximum: 9.0E-6, minimum: 9.0E-8}
        - !!uk.ac.ox.oxfish.maximization.generic.SimpleOptimizationParameter {addressToModify: fisherDefinitions$2.gear.delegate.delegate.delegate.gears~Epinephelus areolatus.averageCatchability,
            alwaysPositive: false, maximum: 0.0095, minimum: 9.0E-8}
        - !!uk.ac.ox.oxfish.maximization.generic.SimpleOptimizationParameter {addressToModify: fisherDefinitions$2.gear.delegate.delegate.delegate.gears~Lutjanus erythropterus.averageCatchability,
            alwaysPositive: false, maximum: 0.0095, minimum: 9.0E-8}
        - !!uk.ac.ox.oxfish.maximization.generic.SimpleOptimizationParameter {addressToModify: fisherDefinitions$2.gear.delegate.delegate.proportionSimulatedToGarbage,
            alwaysPositive: false, maximum: 0.8, minimum: 0.0}
        - !!uk.ac.ox.oxfish.maximization.generic.SimpleOptimizationParameter {addressToModify: fisherDefinitions$3.gear.delegate.delegate.delegate.gears~Pristipomoides multidens.averageCatchability,
            alwaysPositive: false, maximum: 0.0095, minimum: 9.0E-8}
        - !!uk.ac.ox.oxfish.maximization.generic.SimpleOptimizationParameter {addressToModify: fisherDefinitions$3.gear.delegate.delegate.delegate.gears~Lutjanus malabaricus.averageCatchability,
            alwaysPositive: false, maximum: 0.0095, minimum: 9.0E-5}
        - !!uk.ac.ox.oxfish.maximization.generic.SimpleOptimizationParameter {addressToModify: fisherDefinitions$3.gear.delegate.delegate.delegate.gears~Epinephelus areolatus.averageCatchability,
            alwaysPositive: false, maximum: 0.0095, minimum: 9.0E-8}
        - !!uk.ac.ox.oxfish.maximization.generic.SimpleOptimizationParameter {addressToModify: fisherDefinitions$3.gear.delegate.delegate.delegate.gears~Lutjanus erythropterus.averageCatchability,
            alwaysPositive: false, maximum: 0.0095, minimum: 9.0E-8}
        - !!uk.ac.ox.oxfish.maximization.generic.SimpleOptimizationParameter {addressToModify: fisherDefinitions$3.gear.delegate.delegate.proportionSimulatedToGarbage,
            alwaysPositive: false, maximum: 0.8, minimum: 0.0}
        runsPerSetting: 1
        scenarioFile: /home/carrknight/code/oxfish/docs/indonesia_hub/runs/712/slice5/calibration/better_baseline.yaml
        simulatedYears: 1
        targets:
        - !!uk.ac.ox.oxfish.maximization.generic.YearlyDataTarget {coefficientOfVariation: -1.0,
            cumulative: false, exponent: 1.0, hasHeader: true, pathToCsvFile: /home/carrknight/code/oxfish/docs/indonesia_hub/runs/712/slice5/calibration/targets_oneyear/Big_LL021 Lutjanus malabaricus.csv,
            yearlyDataColumnName: Lutjanus malabaricus Landings of population2}
        - !!uk.ac.ox.oxfish.maximization.generic.YearlyDataTarget {coefficientOfVariation: -1.0,
            cumulative: false, exponent: 1.0, hasHeader: true, pathToCsvFile: /home/carrknight/code/oxfish/docs/indonesia_hub/runs/712/slice5/calibration/targets_oneyear/Big_LP012 Pristipomoides multidens.csv,
            yearlyDataColumnName: Pristipomoides multidens Landings of population2}
        - !!uk.ac.ox.oxfish.maximization.generic.YearlyDataTarget {coefficientOfVariation: -1.0,
            cumulative: false, exponent: 1.0, hasHeader: true, pathToCsvFile: /home/carrknight/code/oxfish/docs/indonesia_hub/runs/712/slice5/calibration/targets_oneyear/Big_SE002 Epinephelus areolatus.csv,
            yearlyDataColumnName: Epinephelus areolatus Landings of population2}
        - !!uk.ac.ox.oxfish.maximization.generic.YearlyDataTarget {coefficientOfVariation: -1.0,
            cumulative: false, exponent: 1.0, hasHeader: true, pathToCsvFile: /home/carrknight/code/oxfish/docs/indonesia_hub/runs/712/slice5/calibration/targets_oneyear/Big_LL017 Lutjanus erythropterus.csv,
            yearlyDataColumnName: Lutjanus erythropterus Landings of population2}
        - !!uk.ac.ox.oxfish.maximization.generic.YearlyDataTarget {coefficientOfVariation: -1.0,
            cumulative: false, exponent: 1.0, hasHeader: true, pathToCsvFile: /home/carrknight/code/oxfish/docs/indonesia_hub/runs/712/slice5/calibration/targets_oneyear/Big_Others.csv,
            yearlyDataColumnName: Others Landings of population2}
        - !!uk.ac.ox.oxfish.maximization.generic.YearlyDataTarget {coefficientOfVariation: -1.0,
            cumulative: false, exponent: 1.0, hasHeader: true, pathToCsvFile: /home/carrknight/code/oxfish/docs/indonesia_hub/runs/712/slice5/calibration/targets_oneyear/Big_total.csv,
            yearlyDataColumnName: Total Landings of population2}
        - !!uk.ac.ox.oxfish.maximization.generic.YearlyDataTarget {coefficientOfVariation: -1.0,
            cumulative: false, exponent: 1.0, hasHeader: true, pathToCsvFile: /home/carrknight/code/oxfish/docs/indonesia_hub/runs/712/slice5/calibration/targets_oneyear/Small (5-9)_LL021 Lutjanus malabaricus.csv,
            yearlyDataColumnName: Lutjanus malabaricus Landings of population0}
        - !!uk.ac.ox.oxfish.maximization.generic.YearlyDataTarget {coefficientOfVariation: -1.0,
            cumulative: false, exponent: 1.0, hasHeader: true, pathToCsvFile: /home/carrknight/code/oxfish/docs/indonesia_hub/runs/712/slice5/calibration/targets_oneyear/Small (5-9)_LP012 Pristipomoides multidens.csv,
            yearlyDataColumnName: Pristipomoides multidens Landings of population0}
        - !!uk.ac.ox.oxfish.maximization.generic.YearlyDataTarget {coefficientOfVariation: -1.0,
            cumulative: false, exponent: 1.0, hasHeader: true, pathToCsvFile: /home/carrknight/code/oxfish/docs/indonesia_hub/runs/712/slice5/calibration/targets_oneyear/Small (5-9)_SE002 Epinephelus areolatus.csv,
            yearlyDataColumnName: Epinephelus areolatus Landings of population0}
        - !!uk.ac.ox.oxfish.maximization.generic.YearlyDataTarget {coefficientOfVariation: -1.0,
            cumulative: false, exponent: 1.0, hasHeader: true, pathToCsvFile: /home/carrknight/code/oxfish/docs/indonesia_hub/runs/712/slice5/calibration/targets_oneyear/Small (5-9)_LL017 Lutjanus erythropterus.csv,
            yearlyDataColumnName: Lutjanus erythropterus Landings of population0}
        - !!uk.ac.ox.oxfish.maximization.generic.YearlyDataTarget {coefficientOfVariation: -1.0,
            cumulative: false, exponent: 1.0, hasHeader: true, pathToCsvFile: /home/carrknight/code/oxfish/docs/indonesia_hub/runs/712/slice5/calibration/targets_oneyear/Small (5-9)_Others.csv,
            yearlyDataColumnName: Others Landings of population0}
        - !!uk.ac.ox.oxfish.maximization.generic.YearlyDataTarget {coefficientOfVariation: -1.0,
            cumulative: false, exponent: 1.0, hasHeader: true, pathToCsvFile: /home/carrknight/code/oxfish/docs/indonesia_hub/runs/712/slice5/calibration/targets_oneyear/Small (5-9)_total.csv,
            yearlyDataColumnName: Total Landings of population0}
        - !!uk.ac.ox.oxfish.maximization.generic.YearlyDataTarget {coefficientOfVariation: -1.0,
            cumulative: false, exponent: 1.0, hasHeader: true, pathToCsvFile: /home/carrknight/code/oxfish/docs/indonesia_hub/runs/712/slice5/calibration/targets_oneyear/Medium_LL021 Lutjanus malabaricus.csv,
            yearlyDataColumnName: Lutjanus malabaricus Landings of population1}
        - !!uk.ac.ox.oxfish.maximization.generic.YearlyDataTarget {coefficientOfVariation: -1.0,
            cumulative: false, exponent: 1.0, hasHeader: true, pathToCsvFile: /home/carrknight/code/oxfish/docs/indonesia_hub/runs/712/slice5/calibration/targets_oneyear/Medium_LP012 Pristipomoides multidens.csv,
            yearlyDataColumnName: Pristipomoides multidens Landings of population1}
        - !!uk.ac.ox.oxfish.maximization.generic.YearlyDataTarget {coefficientOfVariation: -1.0,
            cumulative: false, exponent: 1.0, hasHeader: true, pathToCsvFile: /home/carrknight/code/oxfish/docs/indonesia_hub/runs/712/slice5/calibration/targets_oneyear/Medium_SE002 Epinephelus areolatus.csv,
            yearlyDataColumnName: Epinephelus areolatus Landings of population1}
        - !!uk.ac.ox.oxfish.maximization.generic.YearlyDataTarget {coefficientOfVariation: -1.0,
            cumulative: false, exponent: 1.0, hasHeader: true, pathToCsvFile: /home/carrknight/code/oxfish/docs/indonesia_hub/runs/712/slice5/calibration/targets_oneyear/Medium_LL017 Lutjanus erythropterus.csv,
            yearlyDataColumnName: Lutjanus erythropterus Landings of population1}
        - !!uk.ac.ox.oxfish.maximization.generic.YearlyDataTarget {coefficientOfVariation: -1.0,
            cumulative: false, exponent: 1.0, hasHeader: true, pathToCsvFile: /home/carrknight/code/oxfish/docs/indonesia_hub/runs/712/slice5/calibration/targets_oneyear/Medium_Others.csv,
            yearlyDataColumnName: Others Landings of population1}
        - !!uk.ac.ox.oxfish.maximization.generic.YearlyDataTarget {coefficientOfVariation: -1.0,
            cumulative: false, exponent: 1.0, hasHeader: true, pathToCsvFile: /home/carrknight/code/oxfish/docs/indonesia_hub/runs/712/slice5/calibration/targets_oneyear/Medium_total.csv,
            yearlyDataColumnName: Total Landings of population1}
        - !!uk.ac.ox.oxfish.maximization.generic.YearlyDataTarget {coefficientOfVariation: -1.0,
            cumulative: false, exponent: 1.0, hasHeader: true, pathToCsvFile: /home/carrknight/code/oxfish/docs/indonesia_hub/runs/712/slice5/calibration/targets_oneyear/Small (10-14)_LL021 Lutjanus malabaricus.csv,
            yearlyDataColumnName: Lutjanus malabaricus Landings of population3}
        - !!uk.ac.ox.oxfish.maximization.generic.YearlyDataTarget {coefficientOfVariation: -1.0,
            cumulative: false, exponent: 1.0, hasHeader: true, pathToCsvFile: /home/carrknight/code/oxfish/docs/indonesia_hub/runs/712/slice5/calibration/targets_oneyear/Small (10-14)_LP012 Pristipomoides multidens.csv,
            yearlyDataColumnName: Pristipomoides multidens Landings of population3}
        - !!uk.ac.ox.oxfish.maximization.generic.YearlyDataTarget {coefficientOfVariation: -1.0,
            cumulative: false, exponent: 1.0, hasHeader: true, pathToCsvFile: /home/carrknight/code/oxfish/docs/indonesia_hub/runs/712/slice5/calibration/targets_oneyear/Small (10-14)_SE002 Epinephelus areolatus.csv,
            yearlyDataColumnName: Epinephelus areolatus Landings of population3}
        - !!uk.ac.ox.oxfish.maximization.generic.YearlyDataTarget {coefficientOfVariation: -1.0,
            cumulative: false, exponent: 1.0, hasHeader: true, pathToCsvFile: /home/carrknight/code/oxfish/docs/indonesia_hub/runs/712/slice5/calibration/targets_oneyear/Small (10-14)_LL017 Lutjanus erythropterus.csv,
            yearlyDataColumnName: Lutjanus erythropterus Landings of population3}
        - !!uk.ac.ox.oxfish.maximization.generic.YearlyDataTarget {coefficientOfVariation: -1.0,
            cumulative: false, exponent: 1.0, hasHeader: true, pathToCsvFile: /home/carrknight/code/oxfish/docs/indonesia_hub/runs/712/slice5/calibration/targets_oneyear/Small (10-14)_Others.csv,
            yearlyDataColumnName: Others Landings of population3}
        - !!uk.ac.ox.oxfish.maximization.generic.YearlyDataTarget {coefficientOfVariation: -1.0,
            cumulative: false, exponent: 1.0, hasHeader: true, pathToCsvFile: /home/carrknight/code/oxfish/docs/indonesia_hub/runs/712/slice5/calibration/targets_oneyear/Small (10-14)_total.csv,
            yearlyDataColumnName: Total Landings of population3}
        - !!uk.ac.ox.oxfish.maximization.generic.YearlyDataTarget {coefficientOfVariation: -1.0,
            cumulative: false, exponent: 1.0, hasHeader: true, pathToCsvFile: /home/carrknight/code/oxfish/docs/indonesia_hub/runs/712/slice5/calibration/targets_oneyear/all_landings_LL021 Lutjanus malabaricus.csv,
            yearlyDataColumnName: Lutjanus malabaricus Landings}
        - !!uk.ac.ox.oxfish.maximization.generic.YearlyDataTarget {coefficientOfVariation: -1.0,
            cumulative: false, exponent: 1.0, hasHeader: true, pathToCsvFile: /home/carrknight/code/oxfish/docs/indonesia_hub/runs/712/slice5/calibration/targets_oneyear/all_landings_LP012 Pristipomoides multidens.csv,
            yearlyDataColumnName: Pristipomoides multidens Landings}
        - !!uk.ac.ox.oxfish.maximization.generic.YearlyDataTarget {coefficientOfVariation: -1.0,
            cumulative: false, exponent: 1.0, hasHeader: true, pathToCsvFile: /home/carrknight/code/oxfish/docs/indonesia_hub/runs/712/slice5/calibration/targets_oneyear/all_landings_SE002 Epinephelus areolatus.csv,
            yearlyDataColumnName: Epinephelus areolatus Landings}
        - !!uk.ac.ox.oxfish.maximization.generic.YearlyDataTarget {coefficientOfVariation: -1.0,
            cumulative: false, exponent: 1.0, hasHeader: true, pathToCsvFile: /home/carrknight/code/oxfish/docs/indonesia_hub/runs/712/slice5/calibration/targets_oneyear/all_landings_LL017 Lutjanus erythropterus.csv,
            yearlyDataColumnName: Lutjanus erythropterus Landings}
randomSeed: 0
terminator: !!eva2.optimization.operator.terminators.EvaluationTerminator {fitnessCalls: 50000}

```

## Multirun 1
| FunctionCalls | currentBest | meanFit | solution | 
| --- | --- | --- | --- | 
| 4 | 1.380331148715201E7 | 1.5805690445096686E7 | { 6.138, 3.201,-8.654, 9.725, 4.185,-5.751,-5.770, 5.071,-2.414,-7.018, 9.534, 9.004,-8.319, 6.703,-9.050, 0.128,-6.670, 7.694,-0.781, 6.398} | 
| 8 | 1.380331148715201E7 | 1.5805690445096686E7 | { 6.138, 3.201,-8.654, 9.725, 4.185,-5.751,-5.770, 5.071,-2.414,-7.018, 9.534, 9.004,-8.319, 6.703,-9.050, 0.128,-6.670, 7.694,-0.781, 6.398} | 
| 12 | 1.380331148715201E7 | 1.5576514267965283E7 | { 6.138, 3.201,-8.654, 9.725, 4.185,-5.751,-5.770, 5.071,-2.414,-7.018, 9.534, 9.004,-8.319, 6.703,-9.050, 0.128,-6.670, 7.694,-0.781, 6.398} | 
| 16 | 1.3405798823956097E7 | 1.5338078210293913E7 | { 6.883, 6.619,-8.246, 8.627, 4.141,-4.474,-6.269, 3.295,-1.621,-10.000, 8.559, 10.000,-5.404, 6.810,-9.738, 2.300,-5.034, 8.661,-0.640, 6.301} | 
| 20 | 1.3369708017446969E7 | 1.5284690513224408E7 | { 10.000, 7.219,-5.546, 5.923, 2.493,-3.126,-8.874, 2.120,-1.352,-9.409, 6.869, 10.000,-6.170, 7.058,-7.015, 2.907,-5.436, 10.000,-2.152, 6.880} | 
| 24 | 1.3369708017446969E7 | 1.5284690513224408E7 | { 10.000, 7.219,-5.546, 5.923, 2.493,-3.126,-8.874, 2.120,-1.352,-9.409, 6.869, 10.000,-6.170, 7.058,-7.015, 2.907,-5.436, 10.000,-2.152, 6.880} | 
| 28 | 1.3369708017446969E7 | 1.5284690513224408E7 | { 10.000, 7.219,-5.546, 5.923, 2.493,-3.126,-8.874, 2.120,-1.352,-9.409, 6.869, 10.000,-6.170, 7.058,-7.015, 2.907,-5.436, 10.000,-2.152, 6.880} | 
| 32 | 1.3369708017446969E7 | 1.5284690513224408E7 | { 10.000, 7.219,-5.546, 5.923, 2.493,-3.126,-8.874, 2.120,-1.352,-9.409, 6.869, 10.000,-6.170, 7.058,-7.015, 2.907,-5.436, 10.000,-2.152, 6.880} | 
| 36 | 1.3369708017446969E7 | 1.5284690513224408E7 | { 10.000, 7.219,-5.546, 5.923, 2.493,-3.126,-8.874, 2.120,-1.352,-9.409, 6.869, 10.000,-6.170, 7.058,-7.015, 2.907,-5.436, 10.000,-2.152, 6.880} | 
| 40 | 1.3369708017446969E7 | 1.5090299875742443E7 | { 10.000, 7.219,-5.546, 5.923, 2.493,-3.126,-8.874, 2.120,-1.352,-9.409, 6.869, 10.000,-6.170, 7.058,-7.015, 2.907,-5.436, 10.000,-2.152, 6.880} | 
| 44 | 1.3369708017446969E7 | 1.5090299875742443E7 | { 10.000, 7.219,-5.546, 5.923, 2.493,-3.126,-8.874, 2.120,-1.352,-9.409, 6.869, 10.000,-6.170, 7.058,-7.015, 2.907,-5.436, 10.000,-2.152, 6.880} | 
| 48 | 1.3146589262601623E7 | 1.4799566314537087E7 | { 8.089, 7.740,-5.987, 5.997,-0.188,-4.283,-7.228, 2.127,-2.432,-9.914, 4.723, 9.048,-6.543, 6.310,-6.641, 3.788,-5.347, 8.421,-2.179, 8.295} | 
| 52 | 1.3146589262601623E7 | 1.4799566314537087E7 | { 8.089, 7.740,-5.987, 5.997,-0.188,-4.283,-7.228, 2.127,-2.432,-9.914, 4.723, 9.048,-6.543, 6.310,-6.641, 3.788,-5.347, 8.421,-2.179, 8.295} | 
| 56 | 1.3146589262601623E7 | 1.464819836582225E7 | { 8.089, 7.740,-5.987, 5.997,-0.188,-4.283,-7.228, 2.127,-2.432,-9.914, 4.723, 9.048,-6.543, 6.310,-6.641, 3.788,-5.347, 8.421,-2.179, 8.295} | 
| 60 | 1.3146589262601623E7 | 1.4488327193140343E7 | { 8.089, 7.740,-5.987, 5.997,-0.188,-4.283,-7.228, 2.127,-2.432,-9.914, 4.723, 9.048,-6.543, 6.310,-6.641, 3.788,-5.347, 8.421,-2.179, 8.295} | 
| 64 | 1.3146589262601623E7 | 1.447217808690559E7 | { 8.089, 7.740,-5.987, 5.997,-0.188,-4.283,-7.228, 2.127,-2.432,-9.914, 4.723, 9.048,-6.543, 6.310,-6.641, 3.788,-5.347, 8.421,-2.179, 8.295} | 
| 68 | 1.3146589262601623E7 | 1.4354357137951296E7 | { 8.089, 7.740,-5.987, 5.997,-0.188,-4.283,-7.228, 2.127,-2.432,-9.914, 4.723, 9.048,-6.543, 6.310,-6.641, 3.788,-5.347, 8.421,-2.179, 8.295} | 
| 72 | 1.3146589262601623E7 | 1.4354357137951296E7 | { 8.089, 7.740,-5.987, 5.997,-0.188,-4.283,-7.228, 2.127,-2.432,-9.914, 4.723, 9.048,-6.543, 6.310,-6.641, 3.788,-5.347, 8.421,-2.179, 8.295} | 
| 76 | 1.309991688025132E7 | 1.4342689042363718E7 | { 9.086, 7.428,-7.550, 6.211,-2.083,-1.345,-9.766, 0.046,-1.795,-9.828, 1.720, 8.561,-8.191, 7.830,-4.983, 5.807,-5.649, 8.653,-1.724, 6.199} | 
| 80 | 1.309991688025132E7 | 1.4342689042363718E7 | { 9.086, 7.428,-7.550, 6.211,-2.083,-1.345,-9.766, 0.046,-1.795,-9.828, 1.720, 8.561,-8.191, 7.830,-4.983, 5.807,-5.649, 8.653,-1.724, 6.199} | 
| 84 | 1.3067312064681591E7 | 1.4207744007616125E7 | { 9.515, 8.456,-5.344, 6.055, 0.104,-1.421,-9.920,-0.481,-1.002,-7.845, 1.756, 10.000,-5.720, 7.893,-3.838, 5.419,-7.311, 8.893,-2.784, 5.332} | 
| 88 | 1.3067312064681591E7 | 1.4207744007616125E7 | { 9.515, 8.456,-5.344, 6.055, 0.104,-1.421,-9.920,-0.481,-1.002,-7.845, 1.756, 10.000,-5.720, 7.893,-3.838, 5.419,-7.311, 8.893,-2.784, 5.332} | 
| 92 | 1.3067312064681591E7 | 1.4207744007616125E7 | { 9.515, 8.456,-5.344, 6.055, 0.104,-1.421,-9.920,-0.481,-1.002,-7.845, 1.756, 10.000,-5.720, 7.893,-3.838, 5.419,-7.311, 8.893,-2.784, 5.332} | 
| 96 | 1.3067312064681591E7 | 1.4207744007616125E7 | { 9.515, 8.456,-5.344, 6.055, 0.104,-1.421,-9.920,-0.481,-1.002,-7.845, 1.756, 10.000,-5.720, 7.893,-3.838, 5.419,-7.311, 8.893,-2.784, 5.332} | 
| 100 | 1.3067312064681591E7 | 1.4207744007616125E7 | { 9.515, 8.456,-5.344, 6.055, 0.104,-1.421,-9.920,-0.481,-1.002,-7.845, 1.756, 10.000,-5.720, 7.893,-3.838, 5.419,-7.311, 8.893,-2.784, 5.332} | 
| 104 | 1.3067312064681591E7 | 1.4207744007616125E7 | { 9.515, 8.456,-5.344, 6.055, 0.104,-1.421,-9.920,-0.481,-1.002,-7.845, 1.756, 10.000,-5.720, 7.893,-3.838, 5.419,-7.311, 8.893,-2.784, 5.332} | 
| 108 | 1.3067312064681591E7 | 1.4207744007616125E7 | { 9.515, 8.456,-5.344, 6.055, 0.104,-1.421,-9.920,-0.481,-1.002,-7.845, 1.756, 10.000,-5.720, 7.893,-3.838, 5.419,-7.311, 8.893,-2.784, 5.332} | 
| 112 | 1.3067312064681591E7 | 1.4207744007616125E7 | { 9.515, 8.456,-5.344, 6.055, 0.104,-1.421,-9.920,-0.481,-1.002,-7.845, 1.756, 10.000,-5.720, 7.893,-3.838, 5.419,-7.311, 8.893,-2.784, 5.332} | 
| 116 | 1.3067312064681591E7 | 1.4207744007616125E7 | { 9.515, 8.456,-5.344, 6.055, 0.104,-1.421,-9.920,-0.481,-1.002,-7.845, 1.756, 10.000,-5.720, 7.893,-3.838, 5.419,-7.311, 8.893,-2.784, 5.332} | 
| 120 | 1.3067312064681591E7 | 1.4104270063776936E7 | { 9.515, 8.456,-5.344, 6.055, 0.104,-1.421,-9.920,-0.481,-1.002,-7.845, 1.756, 10.000,-5.720, 7.893,-3.838, 5.419,-7.311, 8.893,-2.784, 5.332} | 
| 124 | 1.3067312064681591E7 | 1.4104270063776936E7 | { 9.515, 8.456,-5.344, 6.055, 0.104,-1.421,-9.920,-0.481,-1.002,-7.845, 1.756, 10.000,-5.720, 7.893,-3.838, 5.419,-7.311, 8.893,-2.784, 5.332} | 
| 128 | 1.3067312064681591E7 | 1.4104270063776936E7 | { 9.515, 8.456,-5.344, 6.055, 0.104,-1.421,-9.920,-0.481,-1.002,-7.845, 1.756, 10.000,-5.720, 7.893,-3.838, 5.419,-7.311, 8.893,-2.784, 5.332} | 
| 132 | 1.3067312064681591E7 | 1.4104270063776936E7 | { 9.515, 8.456,-5.344, 6.055, 0.104,-1.421,-9.920,-0.481,-1.002,-7.845, 1.756, 10.000,-5.720, 7.893,-3.838, 5.419,-7.311, 8.893,-2.784, 5.332} | 
| 136 | 1.2837277344252486E7 | 1.404676138366966E7 | { 8.904, 7.670,-6.278, 3.005, 1.254,-1.017,-9.334,-1.741,-2.195,-7.214,-0.535, 10.000,-8.511, 8.693,-2.820, 3.725,-7.790, 7.925,-0.504, 7.276} | 
| 140 | 1.2344576915313717E7 | 1.3834929557607928E7 | { 8.184, 8.667,-5.837, 5.094,-0.725, 0.972,-8.911,-4.163, 0.015,-6.749,-1.521, 8.634,-9.112, 7.345,-5.598, 4.191,-6.307, 10.000, 0.839, 7.891} | 
| 144 | 1.2344576915313717E7 | 1.3834929557607928E7 | { 8.184, 8.667,-5.837, 5.094,-0.725, 0.972,-8.911,-4.163, 0.015,-6.749,-1.521, 8.634,-9.112, 7.345,-5.598, 4.191,-6.307, 10.000, 0.839, 7.891} | 
| 148 | 1.2344576915313717E7 | 1.3714363824625114E7 | { 8.184, 8.667,-5.837, 5.094,-0.725, 0.972,-8.911,-4.163, 0.015,-6.749,-1.521, 8.634,-9.112, 7.345,-5.598, 4.191,-6.307, 10.000, 0.839, 7.891} | 
| 152 | 1.2344576915313717E7 | 1.3714363824625114E7 | { 8.184, 8.667,-5.837, 5.094,-0.725, 0.972,-8.911,-4.163, 0.015,-6.749,-1.521, 8.634,-9.112, 7.345,-5.598, 4.191,-6.307, 10.000, 0.839, 7.891} | 
| 156 | 1.2344576915313717E7 | 1.3714363824625114E7 | { 8.184, 8.667,-5.837, 5.094,-0.725, 0.972,-8.911,-4.163, 0.015,-6.749,-1.521, 8.634,-9.112, 7.345,-5.598, 4.191,-6.307, 10.000, 0.839, 7.891} | 
| 160 | 1.2344576915313717E7 | 1.3714363824625114E7 | { 8.184, 8.667,-5.837, 5.094,-0.725, 0.972,-8.911,-4.163, 0.015,-6.749,-1.521, 8.634,-9.112, 7.345,-5.598, 4.191,-6.307, 10.000, 0.839, 7.891} | 
| 164 | 1.2344576915313717E7 | 1.3714363824625114E7 | { 8.184, 8.667,-5.837, 5.094,-0.725, 0.972,-8.911,-4.163, 0.015,-6.749,-1.521, 8.634,-9.112, 7.345,-5.598, 4.191,-6.307, 10.000, 0.839, 7.891} | 
| 168 | 1.2344576915313717E7 | 1.3714363824625114E7 | { 8.184, 8.667,-5.837, 5.094,-0.725, 0.972,-8.911,-4.163, 0.015,-6.749,-1.521, 8.634,-9.112, 7.345,-5.598, 4.191,-6.307, 10.000, 0.839, 7.891} | 
| 172 | 1.2344576915313717E7 | 1.3714363824625114E7 | { 8.184, 8.667,-5.837, 5.094,-0.725, 0.972,-8.911,-4.163, 0.015,-6.749,-1.521, 8.634,-9.112, 7.345,-5.598, 4.191,-6.307, 10.000, 0.839, 7.891} | 
| 176 | 1.2344576915313717E7 | 1.3714363824625114E7 | { 8.184, 8.667,-5.837, 5.094,-0.725, 0.972,-8.911,-4.163, 0.015,-6.749,-1.521, 8.634,-9.112, 7.345,-5.598, 4.191,-6.307, 10.000, 0.839, 7.891} | 
| 180 | 1.2344576915313717E7 | 1.3712970864100927E7 | { 8.184, 8.667,-5.837, 5.094,-0.725, 0.972,-8.911,-4.163, 0.015,-6.749,-1.521, 8.634,-9.112, 7.345,-5.598, 4.191,-6.307, 10.000, 0.839, 7.891} | 
| 184 | 1.2344576915313717E7 | 1.3712970864100927E7 | { 8.184, 8.667,-5.837, 5.094,-0.725, 0.972,-8.911,-4.163, 0.015,-6.749,-1.521, 8.634,-9.112, 7.345,-5.598, 4.191,-6.307, 10.000, 0.839, 7.891} | 
| 188 | 1.2344576915313717E7 | 1.3712970864100927E7 | { 8.184, 8.667,-5.837, 5.094,-0.725, 0.972,-8.911,-4.163, 0.015,-6.749,-1.521, 8.634,-9.112, 7.345,-5.598, 4.191,-6.307, 10.000, 0.839, 7.891} | 
| 192 | 1.2344576915313717E7 | 1.3712970864100927E7 | { 8.184, 8.667,-5.837, 5.094,-0.725, 0.972,-8.911,-4.163, 0.015,-6.749,-1.521, 8.634,-9.112, 7.345,-5.598, 4.191,-6.307, 10.000, 0.839, 7.891} | 
| 196 | 1.2344576915313717E7 | 1.3712970864100927E7 | { 8.184, 8.667,-5.837, 5.094,-0.725, 0.972,-8.911,-4.163, 0.015,-6.749,-1.521, 8.634,-9.112, 7.345,-5.598, 4.191,-6.307, 10.000, 0.839, 7.891} | 
| 200 | 1.2344576915313717E7 | 1.3712970864100927E7 | { 8.184, 8.667,-5.837, 5.094,-0.725, 0.972,-8.911,-4.163, 0.015,-6.749,-1.521, 8.634,-9.112, 7.345,-5.598, 4.191,-6.307, 10.000, 0.839, 7.891} | 
| 204 | 1.2344576915313717E7 | 1.3712970864100927E7 | { 8.184, 8.667,-5.837, 5.094,-0.725, 0.972,-8.911,-4.163, 0.015,-6.749,-1.521, 8.634,-9.112, 7.345,-5.598, 4.191,-6.307, 10.000, 0.839, 7.891} | 
| 208 | 1.2344576915313717E7 | 1.3712970864100927E7 | { 8.184, 8.667,-5.837, 5.094,-0.725, 0.972,-8.911,-4.163, 0.015,-6.749,-1.521, 8.634,-9.112, 7.345,-5.598, 4.191,-6.307, 10.000, 0.839, 7.891} | 
| 212 | 1.2344576915313717E7 | 1.3712970864100927E7 | { 8.184, 8.667,-5.837, 5.094,-0.725, 0.972,-8.911,-4.163, 0.015,-6.749,-1.521, 8.634,-9.112, 7.345,-5.598, 4.191,-6.307, 10.000, 0.839, 7.891} | 
| 216 | 1.2344576915313717E7 | 1.3712970864100927E7 | { 8.184, 8.667,-5.837, 5.094,-0.725, 0.972,-8.911,-4.163, 0.015,-6.749,-1.521, 8.634,-9.112, 7.345,-5.598, 4.191,-6.307, 10.000, 0.839, 7.891} | 
| 220 | 1.2344576915313717E7 | 1.3712970864100927E7 | { 8.184, 8.667,-5.837, 5.094,-0.725, 0.972,-8.911,-4.163, 0.015,-6.749,-1.521, 8.634,-9.112, 7.345,-5.598, 4.191,-6.307, 10.000, 0.839, 7.891} | 
| 224 | 1.2344576915313717E7 | 1.3712970864100927E7 | { 8.184, 8.667,-5.837, 5.094,-0.725, 0.972,-8.911,-4.163, 0.015,-6.749,-1.521, 8.634,-9.112, 7.345,-5.598, 4.191,-6.307, 10.000, 0.839, 7.891} | 
| 228 | 1.2344576915313717E7 | 1.3712970864100927E7 | { 8.184, 8.667,-5.837, 5.094,-0.725, 0.972,-8.911,-4.163, 0.015,-6.749,-1.521, 8.634,-9.112, 7.345,-5.598, 4.191,-6.307, 10.000, 0.839, 7.891} | 
| 232 | 1.2344576915313717E7 | 1.3712970864100927E7 | { 8.184, 8.667,-5.837, 5.094,-0.725, 0.972,-8.911,-4.163, 0.015,-6.749,-1.521, 8.634,-9.112, 7.345,-5.598, 4.191,-6.307, 10.000, 0.839, 7.891} | 
| 236 | 1.2344576915313717E7 | 1.3670615568324808E7 | { 8.184, 8.667,-5.837, 5.094,-0.725, 0.972,-8.911,-4.163, 0.015,-6.749,-1.521, 8.634,-9.112, 7.345,-5.598, 4.191,-6.307, 10.000, 0.839, 7.891} | 
| 240 | 1.2344576915313717E7 | 1.3670615568324808E7 | { 8.184, 8.667,-5.837, 5.094,-0.725, 0.972,-8.911,-4.163, 0.015,-6.749,-1.521, 8.634,-9.112, 7.345,-5.598, 4.191,-6.307, 10.000, 0.839, 7.891} | 
| 244 | 1.2344576915313717E7 | 1.3670615568324808E7 | { 8.184, 8.667,-5.837, 5.094,-0.725, 0.972,-8.911,-4.163, 0.015,-6.749,-1.521, 8.634,-9.112, 7.345,-5.598, 4.191,-6.307, 10.000, 0.839, 7.891} | 
| 248 | 1.2344576915313717E7 | 1.362238431926577E7 | { 8.184, 8.667,-5.837, 5.094,-0.725, 0.972,-8.911,-4.163, 0.015,-6.749,-1.521, 8.634,-9.112, 7.345,-5.598, 4.191,-6.307, 10.000, 0.839, 7.891} | 
| 252 | 1.2344576915313717E7 | 1.362238431926577E7 | { 8.184, 8.667,-5.837, 5.094,-0.725, 0.972,-8.911,-4.163, 0.015,-6.749,-1.521, 8.634,-9.112, 7.345,-5.598, 4.191,-6.307, 10.000, 0.839, 7.891} | 
| 256 | 1.2344576915313717E7 | 1.362238431926577E7 | { 8.184, 8.667,-5.837, 5.094,-0.725, 0.972,-8.911,-4.163, 0.015,-6.749,-1.521, 8.634,-9.112, 7.345,-5.598, 4.191,-6.307, 10.000, 0.839, 7.891} | 
| 260 | 1.2344576915313717E7 | 1.3569153440797715E7 | { 8.184, 8.667,-5.837, 5.094,-0.725, 0.972,-8.911,-4.163, 0.015,-6.749,-1.521, 8.634,-9.112, 7.345,-5.598, 4.191,-6.307, 10.000, 0.839, 7.891} | 
| 264 | 1.2344576915313717E7 | 1.3569153440797715E7 | { 8.184, 8.667,-5.837, 5.094,-0.725, 0.972,-8.911,-4.163, 0.015,-6.749,-1.521, 8.634,-9.112, 7.345,-5.598, 4.191,-6.307, 10.000, 0.839, 7.891} | 
| 268 | 1.2344576915313717E7 | 1.3569153440797715E7 | { 8.184, 8.667,-5.837, 5.094,-0.725, 0.972,-8.911,-4.163, 0.015,-6.749,-1.521, 8.634,-9.112, 7.345,-5.598, 4.191,-6.307, 10.000, 0.839, 7.891} | 
| 272 | 1.2344576915313717E7 | 1.3569153440797715E7 | { 8.184, 8.667,-5.837, 5.094,-0.725, 0.972,-8.911,-4.163, 0.015,-6.749,-1.521, 8.634,-9.112, 7.345,-5.598, 4.191,-6.307, 10.000, 0.839, 7.891} | 
| 276 | 1.2344576915313717E7 | 1.3551239144922283E7 | { 8.184, 8.667,-5.837, 5.094,-0.725, 0.972,-8.911,-4.163, 0.015,-6.749,-1.521, 8.634,-9.112, 7.345,-5.598, 4.191,-6.307, 10.000, 0.839, 7.891} | 
| 280 | 1.2344576915313717E7 | 1.3551239144922283E7 | { 8.184, 8.667,-5.837, 5.094,-0.725, 0.972,-8.911,-4.163, 0.015,-6.749,-1.521, 8.634,-9.112, 7.345,-5.598, 4.191,-6.307, 10.000, 0.839, 7.891} | 
| 284 | 1.2344576915313717E7 | 1.3551239144922283E7 | { 8.184, 8.667,-5.837, 5.094,-0.725, 0.972,-8.911,-4.163, 0.015,-6.749,-1.521, 8.634,-9.112, 7.345,-5.598, 4.191,-6.307, 10.000, 0.839, 7.891} | 
| 288 | 1.2344576915313717E7 | 1.3551239144922283E7 | { 8.184, 8.667,-5.837, 5.094,-0.725, 0.972,-8.911,-4.163, 0.015,-6.749,-1.521, 8.634,-9.112, 7.345,-5.598, 4.191,-6.307, 10.000, 0.839, 7.891} | 
| 292 | 1.2344576915313717E7 | 1.3551239144922283E7 | { 8.184, 8.667,-5.837, 5.094,-0.725, 0.972,-8.911,-4.163, 0.015,-6.749,-1.521, 8.634,-9.112, 7.345,-5.598, 4.191,-6.307, 10.000, 0.839, 7.891} | 
| 296 | 1.2344576915313717E7 | 1.3551239144922283E7 | { 8.184, 8.667,-5.837, 5.094,-0.725, 0.972,-8.911,-4.163, 0.015,-6.749,-1.521, 8.634,-9.112, 7.345,-5.598, 4.191,-6.307, 10.000, 0.839, 7.891} | 
| 300 | 1.2344576915313717E7 | 1.3551239144922283E7 | { 8.184, 8.667,-5.837, 5.094,-0.725, 0.972,-8.911,-4.163, 0.015,-6.749,-1.521, 8.634,-9.112, 7.345,-5.598, 4.191,-6.307, 10.000, 0.839, 7.891} | 
| 304 | 1.2344576915313717E7 | 1.3397283208325453E7 | { 8.184, 8.667,-5.837, 5.094,-0.725, 0.972,-8.911,-4.163, 0.015,-6.749,-1.521, 8.634,-9.112, 7.345,-5.598, 4.191,-6.307, 10.000, 0.839, 7.891} | 
| 308 | 1.2344576915313717E7 | 1.3397283208325453E7 | { 8.184, 8.667,-5.837, 5.094,-0.725, 0.972,-8.911,-4.163, 0.015,-6.749,-1.521, 8.634,-9.112, 7.345,-5.598, 4.191,-6.307, 10.000, 0.839, 7.891} | 
| 312 | 1.2273193223310977E7 | 1.3379437285324767E7 | { 8.227, 8.579,-7.064, 4.611,-0.989,-2.414,-1.964,-0.731,-0.059,-5.134,-0.898, 6.268,-8.522, 4.856,-6.094, 2.652,-5.864, 10.000, 0.000, 8.278} | 
| 316 | 1.2273193223310977E7 | 1.3379437285324767E7 | { 8.227, 8.579,-7.064, 4.611,-0.989,-2.414,-1.964,-0.731,-0.059,-5.134,-0.898, 6.268,-8.522, 4.856,-6.094, 2.652,-5.864, 10.000, 0.000, 8.278} | 
| 320 | 1.2273193223310977E7 | 1.3372821625635829E7 | { 8.227, 8.579,-7.064, 4.611,-0.989,-2.414,-1.964,-0.731,-0.059,-5.134,-0.898, 6.268,-8.522, 4.856,-6.094, 2.652,-5.864, 10.000, 0.000, 8.278} | 
| 324 | 1.2273193223310977E7 | 1.327064075654624E7 | { 8.227, 8.579,-7.064, 4.611,-0.989,-2.414,-1.964,-0.731,-0.059,-5.134,-0.898, 6.268,-8.522, 4.856,-6.094, 2.652,-5.864, 10.000, 0.000, 8.278} | 
| 328 | 1.2273193223310977E7 | 1.3239126333152745E7 | { 8.227, 8.579,-7.064, 4.611,-0.989,-2.414,-1.964,-0.731,-0.059,-5.134,-0.898, 6.268,-8.522, 4.856,-6.094, 2.652,-5.864, 10.000, 0.000, 8.278} | 
| 332 | 1.2273193223310977E7 | 1.3239126333152745E7 | { 8.227, 8.579,-7.064, 4.611,-0.989,-2.414,-1.964,-0.731,-0.059,-5.134,-0.898, 6.268,-8.522, 4.856,-6.094, 2.652,-5.864, 10.000, 0.000, 8.278} | 
| 336 | 1.2273193223310977E7 | 1.3239126333152745E7 | { 8.227, 8.579,-7.064, 4.611,-0.989,-2.414,-1.964,-0.731,-0.059,-5.134,-0.898, 6.268,-8.522, 4.856,-6.094, 2.652,-5.864, 10.000, 0.000, 8.278} | 
| 340 | 1.2273193223310977E7 | 1.3239126333152745E7 | { 8.227, 8.579,-7.064, 4.611,-0.989,-2.414,-1.964,-0.731,-0.059,-5.134,-0.898, 6.268,-8.522, 4.856,-6.094, 2.652,-5.864, 10.000, 0.000, 8.278} | 
| 344 | 1.2273193223310977E7 | 1.3239126333152745E7 | { 8.227, 8.579,-7.064, 4.611,-0.989,-2.414,-1.964,-0.731,-0.059,-5.134,-0.898, 6.268,-8.522, 4.856,-6.094, 2.652,-5.864, 10.000, 0.000, 8.278} | 
| 348 | 1.2273193223310977E7 | 1.3239126333152745E7 | { 8.227, 8.579,-7.064, 4.611,-0.989,-2.414,-1.964,-0.731,-0.059,-5.134,-0.898, 6.268,-8.522, 4.856,-6.094, 2.652,-5.864, 10.000, 0.000, 8.278} | 
| 352 | 1.2273193223310977E7 | 1.3231910187944826E7 | { 8.227, 8.579,-7.064, 4.611,-0.989,-2.414,-1.964,-0.731,-0.059,-5.134,-0.898, 6.268,-8.522, 4.856,-6.094, 2.652,-5.864, 10.000, 0.000, 8.278} | 
| 356 | 1.2273193223310977E7 | 1.3231910187944826E7 | { 8.227, 8.579,-7.064, 4.611,-0.989,-2.414,-1.964,-0.731,-0.059,-5.134,-0.898, 6.268,-8.522, 4.856,-6.094, 2.652,-5.864, 10.000, 0.000, 8.278} | 
| 360 | 1.2273193223310977E7 | 1.3231910187944826E7 | { 8.227, 8.579,-7.064, 4.611,-0.989,-2.414,-1.964,-0.731,-0.059,-5.134,-0.898, 6.268,-8.522, 4.856,-6.094, 2.652,-5.864, 10.000, 0.000, 8.278} | 
| 364 | 1.2273193223310977E7 | 1.3231910187944826E7 | { 8.227, 8.579,-7.064, 4.611,-0.989,-2.414,-1.964,-0.731,-0.059,-5.134,-0.898, 6.268,-8.522, 4.856,-6.094, 2.652,-5.864, 10.000, 0.000, 8.278} | 
| 368 | 1.2273193223310977E7 | 1.3231910187944826E7 | { 8.227, 8.579,-7.064, 4.611,-0.989,-2.414,-1.964,-0.731,-0.059,-5.134,-0.898, 6.268,-8.522, 4.856,-6.094, 2.652,-5.864, 10.000, 0.000, 8.278} | 
| 372 | 1.2273193223310977E7 | 1.3231910187944826E7 | { 8.227, 8.579,-7.064, 4.611,-0.989,-2.414,-1.964,-0.731,-0.059,-5.134,-0.898, 6.268,-8.522, 4.856,-6.094, 2.652,-5.864, 10.000, 0.000, 8.278} | 
| 376 | 1.2273193223310977E7 | 1.3144080293397121E7 | { 8.227, 8.579,-7.064, 4.611,-0.989,-2.414,-1.964,-0.731,-0.059,-5.134,-0.898, 6.268,-8.522, 4.856,-6.094, 2.652,-5.864, 10.000, 0.000, 8.278} | 
| 380 | 1.2273193223310977E7 | 1.3144080293397121E7 | { 8.227, 8.579,-7.064, 4.611,-0.989,-2.414,-1.964,-0.731,-0.059,-5.134,-0.898, 6.268,-8.522, 4.856,-6.094, 2.652,-5.864, 10.000, 0.000, 8.278} | 
| 384 | 1.2273193223310977E7 | 1.3144080293397121E7 | { 8.227, 8.579,-7.064, 4.611,-0.989,-2.414,-1.964,-0.731,-0.059,-5.134,-0.898, 6.268,-8.522, 4.856,-6.094, 2.652,-5.864, 10.000, 0.000, 8.278} | 
| 388 | 1.2273193223310977E7 | 1.3144080293397121E7 | { 8.227, 8.579,-7.064, 4.611,-0.989,-2.414,-1.964,-0.731,-0.059,-5.134,-0.898, 6.268,-8.522, 4.856,-6.094, 2.652,-5.864, 10.000, 0.000, 8.278} | 
| 392 | 1.2273193223310977E7 | 1.3144080293397121E7 | { 8.227, 8.579,-7.064, 4.611,-0.989,-2.414,-1.964,-0.731,-0.059,-5.134,-0.898, 6.268,-8.522, 4.856,-6.094, 2.652,-5.864, 10.000, 0.000, 8.278} | 
| 396 | 1.2273193223310977E7 | 1.3144080293397121E7 | { 8.227, 8.579,-7.064, 4.611,-0.989,-2.414,-1.964,-0.731,-0.059,-5.134,-0.898, 6.268,-8.522, 4.856,-6.094, 2.652,-5.864, 10.000, 0.000, 8.278} | 
| 400 | 1.2273193223310977E7 | 1.313904603535952E7 | { 8.227, 8.579,-7.064, 4.611,-0.989,-2.414,-1.964,-0.731,-0.059,-5.134,-0.898, 6.268,-8.522, 4.856,-6.094, 2.652,-5.864, 10.000, 0.000, 8.278} | 
| 404 | 1.2273193223310977E7 | 1.313904603535952E7 | { 8.227, 8.579,-7.064, 4.611,-0.989,-2.414,-1.964,-0.731,-0.059,-5.134,-0.898, 6.268,-8.522, 4.856,-6.094, 2.652,-5.864, 10.000, 0.000, 8.278} | 
| 408 | 1.2273193223310977E7 | 1.313904603535952E7 | { 8.227, 8.579,-7.064, 4.611,-0.989,-2.414,-1.964,-0.731,-0.059,-5.134,-0.898, 6.268,-8.522, 4.856,-6.094, 2.652,-5.864, 10.000, 0.000, 8.278} | 
| 412 | 1.2273193223310977E7 | 1.313904603535952E7 | { 8.227, 8.579,-7.064, 4.611,-0.989,-2.414,-1.964,-0.731,-0.059,-5.134,-0.898, 6.268,-8.522, 4.856,-6.094, 2.652,-5.864, 10.000, 0.000, 8.278} | 
| 416 | 1.2273193223310977E7 | 1.313904603535952E7 | { 8.227, 8.579,-7.064, 4.611,-0.989,-2.414,-1.964,-0.731,-0.059,-5.134,-0.898, 6.268,-8.522, 4.856,-6.094, 2.652,-5.864, 10.000, 0.000, 8.278} | 
| 420 | 1.2273193223310977E7 | 1.313904603535952E7 | { 8.227, 8.579,-7.064, 4.611,-0.989,-2.414,-1.964,-0.731,-0.059,-5.134,-0.898, 6.268,-8.522, 4.856,-6.094, 2.652,-5.864, 10.000, 0.000, 8.278} | 
| 424 | 1.2273193223310977E7 | 1.313904603535952E7 | { 8.227, 8.579,-7.064, 4.611,-0.989,-2.414,-1.964,-0.731,-0.059,-5.134,-0.898, 6.268,-8.522, 4.856,-6.094, 2.652,-5.864, 10.000, 0.000, 8.278} | 
| 428 | 1.2273193223310977E7 | 1.313904603535952E7 | { 8.227, 8.579,-7.064, 4.611,-0.989,-2.414,-1.964,-0.731,-0.059,-5.134,-0.898, 6.268,-8.522, 4.856,-6.094, 2.652,-5.864, 10.000, 0.000, 8.278} | 
| 432 | 1.2273193223310977E7 | 1.313904603535952E7 | { 8.227, 8.579,-7.064, 4.611,-0.989,-2.414,-1.964,-0.731,-0.059,-5.134,-0.898, 6.268,-8.522, 4.856,-6.094, 2.652,-5.864, 10.000, 0.000, 8.278} | 
| 436 | 1.2273193223310977E7 | 1.313904603535952E7 | { 8.227, 8.579,-7.064, 4.611,-0.989,-2.414,-1.964,-0.731,-0.059,-5.134,-0.898, 6.268,-8.522, 4.856,-6.094, 2.652,-5.864, 10.000, 0.000, 8.278} | 
| 440 | 1.2273193223310977E7 | 1.313904603535952E7 | { 8.227, 8.579,-7.064, 4.611,-0.989,-2.414,-1.964,-0.731,-0.059,-5.134,-0.898, 6.268,-8.522, 4.856,-6.094, 2.652,-5.864, 10.000, 0.000, 8.278} | 
| 444 | 1.2273193223310977E7 | 1.313904603535952E7 | { 8.227, 8.579,-7.064, 4.611,-0.989,-2.414,-1.964,-0.731,-0.059,-5.134,-0.898, 6.268,-8.522, 4.856,-6.094, 2.652,-5.864, 10.000, 0.000, 8.278} | 
| 448 | 1.2273193223310977E7 | 1.313904603535952E7 | { 8.227, 8.579,-7.064, 4.611,-0.989,-2.414,-1.964,-0.731,-0.059,-5.134,-0.898, 6.268,-8.522, 4.856,-6.094, 2.652,-5.864, 10.000, 0.000, 8.278} | 
| 452 | 1.2273193223310977E7 | 1.313904603535952E7 | { 8.227, 8.579,-7.064, 4.611,-0.989,-2.414,-1.964,-0.731,-0.059,-5.134,-0.898, 6.268,-8.522, 4.856,-6.094, 2.652,-5.864, 10.000, 0.000, 8.278} | 
| 456 | 1.2273193223310977E7 | 1.3132652922621956E7 | { 8.227, 8.579,-7.064, 4.611,-0.989,-2.414,-1.964,-0.731,-0.059,-5.134,-0.898, 6.268,-8.522, 4.856,-6.094, 2.652,-5.864, 10.000, 0.000, 8.278} | 
| 460 | 1.2273193223310977E7 | 1.3132652922621956E7 | { 8.227, 8.579,-7.064, 4.611,-0.989,-2.414,-1.964,-0.731,-0.059,-5.134,-0.898, 6.268,-8.522, 4.856,-6.094, 2.652,-5.864, 10.000, 0.000, 8.278} | 
| 464 | 1.2273193223310977E7 | 1.3132652922621956E7 | { 8.227, 8.579,-7.064, 4.611,-0.989,-2.414,-1.964,-0.731,-0.059,-5.134,-0.898, 6.268,-8.522, 4.856,-6.094, 2.652,-5.864, 10.000, 0.000, 8.278} | 
| 468 | 1.2273193223310977E7 | 1.3132652922621956E7 | { 8.227, 8.579,-7.064, 4.611,-0.989,-2.414,-1.964,-0.731,-0.059,-5.134,-0.898, 6.268,-8.522, 4.856,-6.094, 2.652,-5.864, 10.000, 0.000, 8.278} | 
| 472 | 1.2273193223310977E7 | 1.3132652922621956E7 | { 8.227, 8.579,-7.064, 4.611,-0.989,-2.414,-1.964,-0.731,-0.059,-5.134,-0.898, 6.268,-8.522, 4.856,-6.094, 2.652,-5.864, 10.000, 0.000, 8.278} | 
| 476 | 1.2273193223310977E7 | 1.3132652922621956E7 | { 8.227, 8.579,-7.064, 4.611,-0.989,-2.414,-1.964,-0.731,-0.059,-5.134,-0.898, 6.268,-8.522, 4.856,-6.094, 2.652,-5.864, 10.000, 0.000, 8.278} | 
| 480 | 1.2233485095422952E7 | 1.312272589064995E7 | { 6.634, 8.924,-9.065, 4.303, 0.882,-0.223,-1.795,-0.626,-1.650,-2.852, 2.078, 6.158,-6.193, 1.616,-9.128, 2.211,-7.297, 10.000, 0.615, 10.000} | 
| 484 | 1.2233485095422952E7 | 1.312272589064995E7 | { 6.634, 8.924,-9.065, 4.303, 0.882,-0.223,-1.795,-0.626,-1.650,-2.852, 2.078, 6.158,-6.193, 1.616,-9.128, 2.211,-7.297, 10.000, 0.615, 10.000} | 
| 488 | 1.2233485095422952E7 | 1.312272589064995E7 | { 6.634, 8.924,-9.065, 4.303, 0.882,-0.223,-1.795,-0.626,-1.650,-2.852, 2.078, 6.158,-6.193, 1.616,-9.128, 2.211,-7.297, 10.000, 0.615, 10.000} | 
| 492 | 1.2233485095422952E7 | 1.312272589064995E7 | { 6.634, 8.924,-9.065, 4.303, 0.882,-0.223,-1.795,-0.626,-1.650,-2.852, 2.078, 6.158,-6.193, 1.616,-9.128, 2.211,-7.297, 10.000, 0.615, 10.000} | 
| 496 | 1.2233485095422952E7 | 1.31151436609935E7 | { 6.634, 8.924,-9.065, 4.303, 0.882,-0.223,-1.795,-0.626,-1.650,-2.852, 2.078, 6.158,-6.193, 1.616,-9.128, 2.211,-7.297, 10.000, 0.615, 10.000} | 
| 500 | 1.2233485095422952E7 | 1.3103915838520104E7 | { 6.634, 8.924,-9.065, 4.303, 0.882,-0.223,-1.795,-0.626,-1.650,-2.852, 2.078, 6.158,-6.193, 1.616,-9.128, 2.211,-7.297, 10.000, 0.615, 10.000} | 
| 504 | 1.2125129910520323E7 | 1.3076827042294446E7 | { 5.525, 8.619,-8.411, 6.523, 1.026,-0.663,-3.058,-2.806,-2.938, 1.318, 2.962, 7.911,-7.978, 0.504,-8.347, 4.752,-4.531, 9.932, 0.821, 8.988} | 
| 508 | 1.2125129910520323E7 | 1.3005143704436017E7 | { 5.525, 8.619,-8.411, 6.523, 1.026,-0.663,-3.058,-2.806,-2.938, 1.318, 2.962, 7.911,-7.978, 0.504,-8.347, 4.752,-4.531, 9.932, 0.821, 8.988} | 
| 512 | 1.2125129910520323E7 | 1.2972999707558297E7 | { 5.525, 8.619,-8.411, 6.523, 1.026,-0.663,-3.058,-2.806,-2.938, 1.318, 2.962, 7.911,-7.978, 0.504,-8.347, 4.752,-4.531, 9.932, 0.821, 8.988} | 
| 516 | 1.2125129910520323E7 | 1.2972999707558297E7 | { 5.525, 8.619,-8.411, 6.523, 1.026,-0.663,-3.058,-2.806,-2.938, 1.318, 2.962, 7.911,-7.978, 0.504,-8.347, 4.752,-4.531, 9.932, 0.821, 8.988} | 
| 520 | 1.2125129910520323E7 | 1.2927723846803436E7 | { 5.525, 8.619,-8.411, 6.523, 1.026,-0.663,-3.058,-2.806,-2.938, 1.318, 2.962, 7.911,-7.978, 0.504,-8.347, 4.752,-4.531, 9.932, 0.821, 8.988} | 
| 524 | 1.2125129910520323E7 | 1.2898583491691295E7 | { 5.525, 8.619,-8.411, 6.523, 1.026,-0.663,-3.058,-2.806,-2.938, 1.318, 2.962, 7.911,-7.978, 0.504,-8.347, 4.752,-4.531, 9.932, 0.821, 8.988} | 
| 528 | 1.1878960838162826E7 | 1.2776317421848139E7 | { 5.937, 8.930,-8.638, 6.989, 4.261, 0.028,-0.121,-2.290,-4.346, 1.015, 4.139, 6.878,-8.868, 1.527,-10.000, 5.593,-4.420, 10.000,-2.061, 6.115} | 
| 532 | 1.1878960838162826E7 | 1.2679434617282355E7 | { 5.937, 8.930,-8.638, 6.989, 4.261, 0.028,-0.121,-2.290,-4.346, 1.015, 4.139, 6.878,-8.868, 1.527,-10.000, 5.593,-4.420, 10.000,-2.061, 6.115} | 
| 536 | 1.1878960838162826E7 | 1.2679434617282355E7 | { 5.937, 8.930,-8.638, 6.989, 4.261, 0.028,-0.121,-2.290,-4.346, 1.015, 4.139, 6.878,-8.868, 1.527,-10.000, 5.593,-4.420, 10.000,-2.061, 6.115} | 
| 540 | 1.1878960838162826E7 | 1.2679434617282355E7 | { 5.937, 8.930,-8.638, 6.989, 4.261, 0.028,-0.121,-2.290,-4.346, 1.015, 4.139, 6.878,-8.868, 1.527,-10.000, 5.593,-4.420, 10.000,-2.061, 6.115} | 
| 544 | 1.1798964596557999E7 | 1.2659435556881147E7 | { 1.990, 9.419,-9.156, 6.510, 3.404, 2.587, 0.227,-3.489,-6.287, 0.715, 4.701, 5.202,-6.949, 1.490,-9.478, 3.159,-1.900, 10.000,-1.581, 6.402} | 
| 548 | 1.1373673526011914E7 | 1.2534732371578882E7 | { 4.408, 8.906,-10.000, 4.297, 4.760, 1.519,-0.005,-6.709,-4.981, 4.956, 5.299, 5.265,-8.114, 6.862,-5.698, 2.772,-3.942, 7.869,-0.774, 5.205} | 
| 552 | 1.1373673526011914E7 | 1.2534732371578882E7 | { 4.408, 8.906,-10.000, 4.297, 4.760, 1.519,-0.005,-6.709,-4.981, 4.956, 5.299, 5.265,-8.114, 6.862,-5.698, 2.772,-3.942, 7.869,-0.774, 5.205} | 
| 556 | 1.1373673526011914E7 | 1.2534732371578882E7 | { 4.408, 8.906,-10.000, 4.297, 4.760, 1.519,-0.005,-6.709,-4.981, 4.956, 5.299, 5.265,-8.114, 6.862,-5.698, 2.772,-3.942, 7.869,-0.774, 5.205} | 
| 560 | 1.1373673526011914E7 | 1.2534732371578882E7 | { 4.408, 8.906,-10.000, 4.297, 4.760, 1.519,-0.005,-6.709,-4.981, 4.956, 5.299, 5.265,-8.114, 6.862,-5.698, 2.772,-3.942, 7.869,-0.774, 5.205} | 
| 564 | 1.1373673526011914E7 | 1.2534732371578882E7 | { 4.408, 8.906,-10.000, 4.297, 4.760, 1.519,-0.005,-6.709,-4.981, 4.956, 5.299, 5.265,-8.114, 6.862,-5.698, 2.772,-3.942, 7.869,-0.774, 5.205} | 
| 568 | 1.1373673526011914E7 | 1.2534732371578882E7 | { 4.408, 8.906,-10.000, 4.297, 4.760, 1.519,-0.005,-6.709,-4.981, 4.956, 5.299, 5.265,-8.114, 6.862,-5.698, 2.772,-3.942, 7.869,-0.774, 5.205} | 
| 572 | 1.1373673526011914E7 | 1.2534732371578882E7 | { 4.408, 8.906,-10.000, 4.297, 4.760, 1.519,-0.005,-6.709,-4.981, 4.956, 5.299, 5.265,-8.114, 6.862,-5.698, 2.772,-3.942, 7.869,-0.774, 5.205} | 
| 576 | 1.1373673526011914E7 | 1.2466342559836434E7 | { 4.408, 8.906,-10.000, 4.297, 4.760, 1.519,-0.005,-6.709,-4.981, 4.956, 5.299, 5.265,-8.114, 6.862,-5.698, 2.772,-3.942, 7.869,-0.774, 5.205} | 
| 580 | 1.1373673526011914E7 | 1.2466342559836434E7 | { 4.408, 8.906,-10.000, 4.297, 4.760, 1.519,-0.005,-6.709,-4.981, 4.956, 5.299, 5.265,-8.114, 6.862,-5.698, 2.772,-3.942, 7.869,-0.774, 5.205} | 
| 584 | 1.1373673526011914E7 | 1.2466342559836434E7 | { 4.408, 8.906,-10.000, 4.297, 4.760, 1.519,-0.005,-6.709,-4.981, 4.956, 5.299, 5.265,-8.114, 6.862,-5.698, 2.772,-3.942, 7.869,-0.774, 5.205} | 
| 588 | 1.120405471647987E7 | 1.2423937857453423E7 | { 3.914, 9.282,-10.000, 3.292, 3.314, 0.395, 1.101,-6.921,-3.319, 5.878, 9.082, 5.413,-8.687, 5.541,-5.806, 1.646,-8.515, 7.890, 0.579, 6.210} | 
| 592 | 1.120405471647987E7 | 1.2423937857453423E7 | { 3.914, 9.282,-10.000, 3.292, 3.314, 0.395, 1.101,-6.921,-3.319, 5.878, 9.082, 5.413,-8.687, 5.541,-5.806, 1.646,-8.515, 7.890, 0.579, 6.210} | 
| 596 | 1.1146387347760465E7 | 1.2367588218686836E7 | { 0.132, 10.000,-8.396, 2.756, 3.708, 0.974,-0.174,-5.302, 0.010, 5.612, 9.501, 0.199,-7.820, 4.657,-3.937, 2.976,-6.851, 7.062,-0.453, 7.946} | 
| 600 | 1.1146387347760465E7 | 1.2365984683636319E7 | { 0.132, 10.000,-8.396, 2.756, 3.708, 0.974,-0.174,-5.302, 0.010, 5.612, 9.501, 0.199,-7.820, 4.657,-3.937, 2.976,-6.851, 7.062,-0.453, 7.946} | 
| 604 | 1.1146387347760465E7 | 1.2365984683636319E7 | { 0.132, 10.000,-8.396, 2.756, 3.708, 0.974,-0.174,-5.302, 0.010, 5.612, 9.501, 0.199,-7.820, 4.657,-3.937, 2.976,-6.851, 7.062,-0.453, 7.946} | 
| 608 | 1.1146387347760465E7 | 1.2365984683636319E7 | { 0.132, 10.000,-8.396, 2.756, 3.708, 0.974,-0.174,-5.302, 0.010, 5.612, 9.501, 0.199,-7.820, 4.657,-3.937, 2.976,-6.851, 7.062,-0.453, 7.946} | 
| 612 | 1.1146387347760465E7 | 1.2365984683636319E7 | { 0.132, 10.000,-8.396, 2.756, 3.708, 0.974,-0.174,-5.302, 0.010, 5.612, 9.501, 0.199,-7.820, 4.657,-3.937, 2.976,-6.851, 7.062,-0.453, 7.946} | 
| 616 | 1.1146387347760465E7 | 1.2327555036717132E7 | { 0.132, 10.000,-8.396, 2.756, 3.708, 0.974,-0.174,-5.302, 0.010, 5.612, 9.501, 0.199,-7.820, 4.657,-3.937, 2.976,-6.851, 7.062,-0.453, 7.946} | 
| 620 | 1.1146387347760465E7 | 1.2327555036717132E7 | { 0.132, 10.000,-8.396, 2.756, 3.708, 0.974,-0.174,-5.302, 0.010, 5.612, 9.501, 0.199,-7.820, 4.657,-3.937, 2.976,-6.851, 7.062,-0.453, 7.946} | 
| 624 | 1.1146387347760465E7 | 1.2327555036717132E7 | { 0.132, 10.000,-8.396, 2.756, 3.708, 0.974,-0.174,-5.302, 0.010, 5.612, 9.501, 0.199,-7.820, 4.657,-3.937, 2.976,-6.851, 7.062,-0.453, 7.946} | 
| 628 | 1.1146387347760465E7 | 1.2327555036717132E7 | { 0.132, 10.000,-8.396, 2.756, 3.708, 0.974,-0.174,-5.302, 0.010, 5.612, 9.501, 0.199,-7.820, 4.657,-3.937, 2.976,-6.851, 7.062,-0.453, 7.946} | 
| 632 | 1.1146387347760465E7 | 1.2253125075351052E7 | { 0.132, 10.000,-8.396, 2.756, 3.708, 0.974,-0.174,-5.302, 0.010, 5.612, 9.501, 0.199,-7.820, 4.657,-3.937, 2.976,-6.851, 7.062,-0.453, 7.946} | 
| 636 | 1.1146387347760465E7 | 1.2253125075351052E7 | { 0.132, 10.000,-8.396, 2.756, 3.708, 0.974,-0.174,-5.302, 0.010, 5.612, 9.501, 0.199,-7.820, 4.657,-3.937, 2.976,-6.851, 7.062,-0.453, 7.946} | 
| 640 | 1.1146387347760465E7 | 1.2253125075351052E7 | { 0.132, 10.000,-8.396, 2.756, 3.708, 0.974,-0.174,-5.302, 0.010, 5.612, 9.501, 0.199,-7.820, 4.657,-3.937, 2.976,-6.851, 7.062,-0.453, 7.946} | 
| 644 | 1.1146387347760465E7 | 1.2253125075351052E7 | { 0.132, 10.000,-8.396, 2.756, 3.708, 0.974,-0.174,-5.302, 0.010, 5.612, 9.501, 0.199,-7.820, 4.657,-3.937, 2.976,-6.851, 7.062,-0.453, 7.946} | 
| 648 | 1.1146387347760465E7 | 1.2218968549402079E7 | { 0.132, 10.000,-8.396, 2.756, 3.708, 0.974,-0.174,-5.302, 0.010, 5.612, 9.501, 0.199,-7.820, 4.657,-3.937, 2.976,-6.851, 7.062,-0.453, 7.946} | 
| 652 | 1.1146387347760465E7 | 1.2218968549402079E7 | { 0.132, 10.000,-8.396, 2.756, 3.708, 0.974,-0.174,-5.302, 0.010, 5.612, 9.501, 0.199,-7.820, 4.657,-3.937, 2.976,-6.851, 7.062,-0.453, 7.946} | 
| 656 | 1.1146387347760465E7 | 1.2218968549402079E7 | { 0.132, 10.000,-8.396, 2.756, 3.708, 0.974,-0.174,-5.302, 0.010, 5.612, 9.501, 0.199,-7.820, 4.657,-3.937, 2.976,-6.851, 7.062,-0.453, 7.946} | 
| 660 | 1.1146387347760465E7 | 1.2218968549402079E7 | { 0.132, 10.000,-8.396, 2.756, 3.708, 0.974,-0.174,-5.302, 0.010, 5.612, 9.501, 0.199,-7.820, 4.657,-3.937, 2.976,-6.851, 7.062,-0.453, 7.946} | 
| 664 | 1.1146387347760465E7 | 1.2218968549402079E7 | { 0.132, 10.000,-8.396, 2.756, 3.708, 0.974,-0.174,-5.302, 0.010, 5.612, 9.501, 0.199,-7.820, 4.657,-3.937, 2.976,-6.851, 7.062,-0.453, 7.946} | 
| 668 | 1.1146387347760465E7 | 1.2218968549402079E7 | { 0.132, 10.000,-8.396, 2.756, 3.708, 0.974,-0.174,-5.302, 0.010, 5.612, 9.501, 0.199,-7.820, 4.657,-3.937, 2.976,-6.851, 7.062,-0.453, 7.946} | 
| 672 | 1.1146387347760465E7 | 1.2218968549402079E7 | { 0.132, 10.000,-8.396, 2.756, 3.708, 0.974,-0.174,-5.302, 0.010, 5.612, 9.501, 0.199,-7.820, 4.657,-3.937, 2.976,-6.851, 7.062,-0.453, 7.946} | 
| 676 | 1.1146387347760465E7 | 1.2218968549402079E7 | { 0.132, 10.000,-8.396, 2.756, 3.708, 0.974,-0.174,-5.302, 0.010, 5.612, 9.501, 0.199,-7.820, 4.657,-3.937, 2.976,-6.851, 7.062,-0.453, 7.946} | 
| 680 | 1.1146387347760465E7 | 1.2218968549402079E7 | { 0.132, 10.000,-8.396, 2.756, 3.708, 0.974,-0.174,-5.302, 0.010, 5.612, 9.501, 0.199,-7.820, 4.657,-3.937, 2.976,-6.851, 7.062,-0.453, 7.946} | 
| 684 | 1.1146387347760465E7 | 1.2218968549402079E7 | { 0.132, 10.000,-8.396, 2.756, 3.708, 0.974,-0.174,-5.302, 0.010, 5.612, 9.501, 0.199,-7.820, 4.657,-3.937, 2.976,-6.851, 7.062,-0.453, 7.946} | 
| 688 | 1.1146387347760465E7 | 1.2218968549402079E7 | { 0.132, 10.000,-8.396, 2.756, 3.708, 0.974,-0.174,-5.302, 0.010, 5.612, 9.501, 0.199,-7.820, 4.657,-3.937, 2.976,-6.851, 7.062,-0.453, 7.946} | 
| 692 | 1.1146387347760465E7 | 1.2178592655734967E7 | { 0.132, 10.000,-8.396, 2.756, 3.708, 0.974,-0.174,-5.302, 0.010, 5.612, 9.501, 0.199,-7.820, 4.657,-3.937, 2.976,-6.851, 7.062,-0.453, 7.946} | 
| 696 | 1.1146387347760465E7 | 1.2178592655734967E7 | { 0.132, 10.000,-8.396, 2.756, 3.708, 0.974,-0.174,-5.302, 0.010, 5.612, 9.501, 0.199,-7.820, 4.657,-3.937, 2.976,-6.851, 7.062,-0.453, 7.946} | 
| 700 | 1.1146387347760465E7 | 1.2178592655734967E7 | { 0.132, 10.000,-8.396, 2.756, 3.708, 0.974,-0.174,-5.302, 0.010, 5.612, 9.501, 0.199,-7.820, 4.657,-3.937, 2.976,-6.851, 7.062,-0.453, 7.946} | 
| 704 | 1.1146387347760465E7 | 1.2178592655734967E7 | { 0.132, 10.000,-8.396, 2.756, 3.708, 0.974,-0.174,-5.302, 0.010, 5.612, 9.501, 0.199,-7.820, 4.657,-3.937, 2.976,-6.851, 7.062,-0.453, 7.946} | 
| 708 | 1.1146387347760465E7 | 1.2178592655734967E7 | { 0.132, 10.000,-8.396, 2.756, 3.708, 0.974,-0.174,-5.302, 0.010, 5.612, 9.501, 0.199,-7.820, 4.657,-3.937, 2.976,-6.851, 7.062,-0.453, 7.946} | 
| 712 | 1.1146387347760465E7 | 1.2116888028899962E7 | { 0.132, 10.000,-8.396, 2.756, 3.708, 0.974,-0.174,-5.302, 0.010, 5.612, 9.501, 0.199,-7.820, 4.657,-3.937, 2.976,-6.851, 7.062,-0.453, 7.946} | 
| 716 | 1.064639105328008E7 | 1.1991888955279866E7 | {-0.195, 10.000,-9.076, 1.984, 2.294, 2.608,-1.267,-6.436, 1.107, 5.175, 10.000, 3.641,-9.221, 9.290,-3.809,-2.157,-6.142, 6.683,-1.948, 6.944} | 
| 720 | 1.064639105328008E7 | 1.1991888955279866E7 | {-0.195, 10.000,-9.076, 1.984, 2.294, 2.608,-1.267,-6.436, 1.107, 5.175, 10.000, 3.641,-9.221, 9.290,-3.809,-2.157,-6.142, 6.683,-1.948, 6.944} | 
| 724 | 1.064639105328008E7 | 1.1991888955279866E7 | {-0.195, 10.000,-9.076, 1.984, 2.294, 2.608,-1.267,-6.436, 1.107, 5.175, 10.000, 3.641,-9.221, 9.290,-3.809,-2.157,-6.142, 6.683,-1.948, 6.944} | 
| 728 | 1.064639105328008E7 | 1.1991888955279866E7 | {-0.195, 10.000,-9.076, 1.984, 2.294, 2.608,-1.267,-6.436, 1.107, 5.175, 10.000, 3.641,-9.221, 9.290,-3.809,-2.157,-6.142, 6.683,-1.948, 6.944} | 
| 732 | 1.064639105328008E7 | 1.1991888955279866E7 | {-0.195, 10.000,-9.076, 1.984, 2.294, 2.608,-1.267,-6.436, 1.107, 5.175, 10.000, 3.641,-9.221, 9.290,-3.809,-2.157,-6.142, 6.683,-1.948, 6.944} | 
| 736 | 1.064639105328008E7 | 1.1991888955279866E7 | {-0.195, 10.000,-9.076, 1.984, 2.294, 2.608,-1.267,-6.436, 1.107, 5.175, 10.000, 3.641,-9.221, 9.290,-3.809,-2.157,-6.142, 6.683,-1.948, 6.944} | 
| 740 | 1.064639105328008E7 | 1.196639654847017E7 | {-0.195, 10.000,-9.076, 1.984, 2.294, 2.608,-1.267,-6.436, 1.107, 5.175, 10.000, 3.641,-9.221, 9.290,-3.809,-2.157,-6.142, 6.683,-1.948, 6.944} | 
| 744 | 1.064639105328008E7 | 1.196639654847017E7 | {-0.195, 10.000,-9.076, 1.984, 2.294, 2.608,-1.267,-6.436, 1.107, 5.175, 10.000, 3.641,-9.221, 9.290,-3.809,-2.157,-6.142, 6.683,-1.948, 6.944} | 
| 748 | 1.064639105328008E7 | 1.196639654847017E7 | {-0.195, 10.000,-9.076, 1.984, 2.294, 2.608,-1.267,-6.436, 1.107, 5.175, 10.000, 3.641,-9.221, 9.290,-3.809,-2.157,-6.142, 6.683,-1.948, 6.944} | 
| 752 | 1.064639105328008E7 | 1.196639654847017E7 | {-0.195, 10.000,-9.076, 1.984, 2.294, 2.608,-1.267,-6.436, 1.107, 5.175, 10.000, 3.641,-9.221, 9.290,-3.809,-2.157,-6.142, 6.683,-1.948, 6.944} | 
| 756 | 1.064639105328008E7 | 1.196639654847017E7 | {-0.195, 10.000,-9.076, 1.984, 2.294, 2.608,-1.267,-6.436, 1.107, 5.175, 10.000, 3.641,-9.221, 9.290,-3.809,-2.157,-6.142, 6.683,-1.948, 6.944} | 
| 760 | 1.064639105328008E7 | 1.196639654847017E7 | {-0.195, 10.000,-9.076, 1.984, 2.294, 2.608,-1.267,-6.436, 1.107, 5.175, 10.000, 3.641,-9.221, 9.290,-3.809,-2.157,-6.142, 6.683,-1.948, 6.944} | 
| 764 | 1.064639105328008E7 | 1.196639654847017E7 | {-0.195, 10.000,-9.076, 1.984, 2.294, 2.608,-1.267,-6.436, 1.107, 5.175, 10.000, 3.641,-9.221, 9.290,-3.809,-2.157,-6.142, 6.683,-1.948, 6.944} | 
| 768 | 1.064639105328008E7 | 1.196639654847017E7 | {-0.195, 10.000,-9.076, 1.984, 2.294, 2.608,-1.267,-6.436, 1.107, 5.175, 10.000, 3.641,-9.221, 9.290,-3.809,-2.157,-6.142, 6.683,-1.948, 6.944} | 
| 772 | 1.064639105328008E7 | 1.196639654847017E7 | {-0.195, 10.000,-9.076, 1.984, 2.294, 2.608,-1.267,-6.436, 1.107, 5.175, 10.000, 3.641,-9.221, 9.290,-3.809,-2.157,-6.142, 6.683,-1.948, 6.944} | 
| 776 | 1.064639105328008E7 | 1.196639654847017E7 | {-0.195, 10.000,-9.076, 1.984, 2.294, 2.608,-1.267,-6.436, 1.107, 5.175, 10.000, 3.641,-9.221, 9.290,-3.809,-2.157,-6.142, 6.683,-1.948, 6.944} | 
| 780 | 1.064639105328008E7 | 1.1890887050760929E7 | {-0.195, 10.000,-9.076, 1.984, 2.294, 2.608,-1.267,-6.436, 1.107, 5.175, 10.000, 3.641,-9.221, 9.290,-3.809,-2.157,-6.142, 6.683,-1.948, 6.944} | 
| 784 | 1.064639105328008E7 | 1.1890887050760929E7 | {-0.195, 10.000,-9.076, 1.984, 2.294, 2.608,-1.267,-6.436, 1.107, 5.175, 10.000, 3.641,-9.221, 9.290,-3.809,-2.157,-6.142, 6.683,-1.948, 6.944} | 
| 788 | 1.064639105328008E7 | 1.1890887050760929E7 | {-0.195, 10.000,-9.076, 1.984, 2.294, 2.608,-1.267,-6.436, 1.107, 5.175, 10.000, 3.641,-9.221, 9.290,-3.809,-2.157,-6.142, 6.683,-1.948, 6.944} | 
| 792 | 1.064639105328008E7 | 1.1887679917719401E7 | {-0.195, 10.000,-9.076, 1.984, 2.294, 2.608,-1.267,-6.436, 1.107, 5.175, 10.000, 3.641,-9.221, 9.290,-3.809,-2.157,-6.142, 6.683,-1.948, 6.944} | 
| 796 | 1.064639105328008E7 | 1.1887679917719401E7 | {-0.195, 10.000,-9.076, 1.984, 2.294, 2.608,-1.267,-6.436, 1.107, 5.175, 10.000, 3.641,-9.221, 9.290,-3.809,-2.157,-6.142, 6.683,-1.948, 6.944} | 
| 800 | 1.064639105328008E7 | 1.1887679917719401E7 | {-0.195, 10.000,-9.076, 1.984, 2.294, 2.608,-1.267,-6.436, 1.107, 5.175, 10.000, 3.641,-9.221, 9.290,-3.809,-2.157,-6.142, 6.683,-1.948, 6.944} | 
| 804 | 1.064639105328008E7 | 1.1887679917719401E7 | {-0.195, 10.000,-9.076, 1.984, 2.294, 2.608,-1.267,-6.436, 1.107, 5.175, 10.000, 3.641,-9.221, 9.290,-3.809,-2.157,-6.142, 6.683,-1.948, 6.944} | 
| 808 | 1.064639105328008E7 | 1.1867773657480715E7 | {-0.195, 10.000,-9.076, 1.984, 2.294, 2.608,-1.267,-6.436, 1.107, 5.175, 10.000, 3.641,-9.221, 9.290,-3.809,-2.157,-6.142, 6.683,-1.948, 6.944} | 
| 812 | 1.064639105328008E7 | 1.1867773657480715E7 | {-0.195, 10.000,-9.076, 1.984, 2.294, 2.608,-1.267,-6.436, 1.107, 5.175, 10.000, 3.641,-9.221, 9.290,-3.809,-2.157,-6.142, 6.683,-1.948, 6.944} | 
| 816 | 1.064639105328008E7 | 1.1867773657480715E7 | {-0.195, 10.000,-9.076, 1.984, 2.294, 2.608,-1.267,-6.436, 1.107, 5.175, 10.000, 3.641,-9.221, 9.290,-3.809,-2.157,-6.142, 6.683,-1.948, 6.944} | 
| 820 | 1.064639105328008E7 | 1.1867773657480715E7 | {-0.195, 10.000,-9.076, 1.984, 2.294, 2.608,-1.267,-6.436, 1.107, 5.175, 10.000, 3.641,-9.221, 9.290,-3.809,-2.157,-6.142, 6.683,-1.948, 6.944} | 
| 824 | 1.064639105328008E7 | 1.1867773657480715E7 | {-0.195, 10.000,-9.076, 1.984, 2.294, 2.608,-1.267,-6.436, 1.107, 5.175, 10.000, 3.641,-9.221, 9.290,-3.809,-2.157,-6.142, 6.683,-1.948, 6.944} | 
| 828 | 1.064639105328008E7 | 1.1867773657480715E7 | {-0.195, 10.000,-9.076, 1.984, 2.294, 2.608,-1.267,-6.436, 1.107, 5.175, 10.000, 3.641,-9.221, 9.290,-3.809,-2.157,-6.142, 6.683,-1.948, 6.944} | 
| 832 | 1.064639105328008E7 | 1.1867773657480715E7 | {-0.195, 10.000,-9.076, 1.984, 2.294, 2.608,-1.267,-6.436, 1.107, 5.175, 10.000, 3.641,-9.221, 9.290,-3.809,-2.157,-6.142, 6.683,-1.948, 6.944} | 
| 836 | 1.064639105328008E7 | 1.1867773657480715E7 | {-0.195, 10.000,-9.076, 1.984, 2.294, 2.608,-1.267,-6.436, 1.107, 5.175, 10.000, 3.641,-9.221, 9.290,-3.809,-2.157,-6.142, 6.683,-1.948, 6.944} | 
| 840 | 1.064639105328008E7 | 1.1867773657480715E7 | {-0.195, 10.000,-9.076, 1.984, 2.294, 2.608,-1.267,-6.436, 1.107, 5.175, 10.000, 3.641,-9.221, 9.290,-3.809,-2.157,-6.142, 6.683,-1.948, 6.944} | 
| 844 | 1.064639105328008E7 | 1.1867773657480715E7 | {-0.195, 10.000,-9.076, 1.984, 2.294, 2.608,-1.267,-6.436, 1.107, 5.175, 10.000, 3.641,-9.221, 9.290,-3.809,-2.157,-6.142, 6.683,-1.948, 6.944} | 
| 848 | 1.064639105328008E7 | 1.1867773657480715E7 | {-0.195, 10.000,-9.076, 1.984, 2.294, 2.608,-1.267,-6.436, 1.107, 5.175, 10.000, 3.641,-9.221, 9.290,-3.809,-2.157,-6.142, 6.683,-1.948, 6.944} | 
| 852 | 1.064639105328008E7 | 1.1867773657480715E7 | {-0.195, 10.000,-9.076, 1.984, 2.294, 2.608,-1.267,-6.436, 1.107, 5.175, 10.000, 3.641,-9.221, 9.290,-3.809,-2.157,-6.142, 6.683,-1.948, 6.944} | 
| 856 | 1.064639105328008E7 | 1.1867773657480715E7 | {-0.195, 10.000,-9.076, 1.984, 2.294, 2.608,-1.267,-6.436, 1.107, 5.175, 10.000, 3.641,-9.221, 9.290,-3.809,-2.157,-6.142, 6.683,-1.948, 6.944} | 
| 860 | 1.064639105328008E7 | 1.1867773657480715E7 | {-0.195, 10.000,-9.076, 1.984, 2.294, 2.608,-1.267,-6.436, 1.107, 5.175, 10.000, 3.641,-9.221, 9.290,-3.809,-2.157,-6.142, 6.683,-1.948, 6.944} | 
| 864 | 1.064639105328008E7 | 1.1867773657480715E7 | {-0.195, 10.000,-9.076, 1.984, 2.294, 2.608,-1.267,-6.436, 1.107, 5.175, 10.000, 3.641,-9.221, 9.290,-3.809,-2.157,-6.142, 6.683,-1.948, 6.944} | 
| 868 | 1.064639105328008E7 | 1.1867773657480715E7 | {-0.195, 10.000,-9.076, 1.984, 2.294, 2.608,-1.267,-6.436, 1.107, 5.175, 10.000, 3.641,-9.221, 9.290,-3.809,-2.157,-6.142, 6.683,-1.948, 6.944} | 
| 872 | 1.064639105328008E7 | 1.1867773657480715E7 | {-0.195, 10.000,-9.076, 1.984, 2.294, 2.608,-1.267,-6.436, 1.107, 5.175, 10.000, 3.641,-9.221, 9.290,-3.809,-2.157,-6.142, 6.683,-1.948, 6.944} | 
| 876 | 1.064639105328008E7 | 1.1867773657480715E7 | {-0.195, 10.000,-9.076, 1.984, 2.294, 2.608,-1.267,-6.436, 1.107, 5.175, 10.000, 3.641,-9.221, 9.290,-3.809,-2.157,-6.142, 6.683,-1.948, 6.944} | 
| 880 | 1.064639105328008E7 | 1.1867773657480715E7 | {-0.195, 10.000,-9.076, 1.984, 2.294, 2.608,-1.267,-6.436, 1.107, 5.175, 10.000, 3.641,-9.221, 9.290,-3.809,-2.157,-6.142, 6.683,-1.948, 6.944} | 
| 884 | 1.064639105328008E7 | 1.1867773657480715E7 | {-0.195, 10.000,-9.076, 1.984, 2.294, 2.608,-1.267,-6.436, 1.107, 5.175, 10.000, 3.641,-9.221, 9.290,-3.809,-2.157,-6.142, 6.683,-1.948, 6.944} | 
| 888 | 1.064639105328008E7 | 1.1867773657480715E7 | {-0.195, 10.000,-9.076, 1.984, 2.294, 2.608,-1.267,-6.436, 1.107, 5.175, 10.000, 3.641,-9.221, 9.290,-3.809,-2.157,-6.142, 6.683,-1.948, 6.944} | 
| 892 | 1.064639105328008E7 | 1.1867773657480715E7 | {-0.195, 10.000,-9.076, 1.984, 2.294, 2.608,-1.267,-6.436, 1.107, 5.175, 10.000, 3.641,-9.221, 9.290,-3.809,-2.157,-6.142, 6.683,-1.948, 6.944} | 
| 896 | 1.064639105328008E7 | 1.186446703382593E7 | {-0.195, 10.000,-9.076, 1.984, 2.294, 2.608,-1.267,-6.436, 1.107, 5.175, 10.000, 3.641,-9.221, 9.290,-3.809,-2.157,-6.142, 6.683,-1.948, 6.944} | 
| 900 | 1.064639105328008E7 | 1.186446703382593E7 | {-0.195, 10.000,-9.076, 1.984, 2.294, 2.608,-1.267,-6.436, 1.107, 5.175, 10.000, 3.641,-9.221, 9.290,-3.809,-2.157,-6.142, 6.683,-1.948, 6.944} | 
| 904 | 1.064639105328008E7 | 1.186446703382593E7 | {-0.195, 10.000,-9.076, 1.984, 2.294, 2.608,-1.267,-6.436, 1.107, 5.175, 10.000, 3.641,-9.221, 9.290,-3.809,-2.157,-6.142, 6.683,-1.948, 6.944} | 
| 908 | 1.064639105328008E7 | 1.186446703382593E7 | {-0.195, 10.000,-9.076, 1.984, 2.294, 2.608,-1.267,-6.436, 1.107, 5.175, 10.000, 3.641,-9.221, 9.290,-3.809,-2.157,-6.142, 6.683,-1.948, 6.944} | 
| 912 | 1.064639105328008E7 | 1.186446703382593E7 | {-0.195, 10.000,-9.076, 1.984, 2.294, 2.608,-1.267,-6.436, 1.107, 5.175, 10.000, 3.641,-9.221, 9.290,-3.809,-2.157,-6.142, 6.683,-1.948, 6.944} | 
| 916 | 1.064639105328008E7 | 1.186446703382593E7 | {-0.195, 10.000,-9.076, 1.984, 2.294, 2.608,-1.267,-6.436, 1.107, 5.175, 10.000, 3.641,-9.221, 9.290,-3.809,-2.157,-6.142, 6.683,-1.948, 6.944} | 
| 920 | 1.064639105328008E7 | 1.186446703382593E7 | {-0.195, 10.000,-9.076, 1.984, 2.294, 2.608,-1.267,-6.436, 1.107, 5.175, 10.000, 3.641,-9.221, 9.290,-3.809,-2.157,-6.142, 6.683,-1.948, 6.944} | 
| 924 | 1.064639105328008E7 | 1.186446703382593E7 | {-0.195, 10.000,-9.076, 1.984, 2.294, 2.608,-1.267,-6.436, 1.107, 5.175, 10.000, 3.641,-9.221, 9.290,-3.809,-2.157,-6.142, 6.683,-1.948, 6.944} | 
| 928 | 1.064639105328008E7 | 1.186446703382593E7 | {-0.195, 10.000,-9.076, 1.984, 2.294, 2.608,-1.267,-6.436, 1.107, 5.175, 10.000, 3.641,-9.221, 9.290,-3.809,-2.157,-6.142, 6.683,-1.948, 6.944} | 
| 932 | 1.064639105328008E7 | 1.186446703382593E7 | {-0.195, 10.000,-9.076, 1.984, 2.294, 2.608,-1.267,-6.436, 1.107, 5.175, 10.000, 3.641,-9.221, 9.290,-3.809,-2.157,-6.142, 6.683,-1.948, 6.944} | 
| 936 | 1.064639105328008E7 | 1.186446703382593E7 | {-0.195, 10.000,-9.076, 1.984, 2.294, 2.608,-1.267,-6.436, 1.107, 5.175, 10.000, 3.641,-9.221, 9.290,-3.809,-2.157,-6.142, 6.683,-1.948, 6.944} | 
| 940 | 1.064639105328008E7 | 1.186446703382593E7 | {-0.195, 10.000,-9.076, 1.984, 2.294, 2.608,-1.267,-6.436, 1.107, 5.175, 10.000, 3.641,-9.221, 9.290,-3.809,-2.157,-6.142, 6.683,-1.948, 6.944} | 
| 944 | 1.064639105328008E7 | 1.186446703382593E7 | {-0.195, 10.000,-9.076, 1.984, 2.294, 2.608,-1.267,-6.436, 1.107, 5.175, 10.000, 3.641,-9.221, 9.290,-3.809,-2.157,-6.142, 6.683,-1.948, 6.944} | 
| 948 | 1.064639105328008E7 | 1.186446703382593E7 | {-0.195, 10.000,-9.076, 1.984, 2.294, 2.608,-1.267,-6.436, 1.107, 5.175, 10.000, 3.641,-9.221, 9.290,-3.809,-2.157,-6.142, 6.683,-1.948, 6.944} | 
| 952 | 1.064639105328008E7 | 1.186446703382593E7 | {-0.195, 10.000,-9.076, 1.984, 2.294, 2.608,-1.267,-6.436, 1.107, 5.175, 10.000, 3.641,-9.221, 9.290,-3.809,-2.157,-6.142, 6.683,-1.948, 6.944} | 
| 956 | 1.064639105328008E7 | 1.186446703382593E7 | {-0.195, 10.000,-9.076, 1.984, 2.294, 2.608,-1.267,-6.436, 1.107, 5.175, 10.000, 3.641,-9.221, 9.290,-3.809,-2.157,-6.142, 6.683,-1.948, 6.944} | 
| 960 | 1.064639105328008E7 | 1.186446703382593E7 | {-0.195, 10.000,-9.076, 1.984, 2.294, 2.608,-1.267,-6.436, 1.107, 5.175, 10.000, 3.641,-9.221, 9.290,-3.809,-2.157,-6.142, 6.683,-1.948, 6.944} | 
| 964 | 1.064639105328008E7 | 1.186446703382593E7 | {-0.195, 10.000,-9.076, 1.984, 2.294, 2.608,-1.267,-6.436, 1.107, 5.175, 10.000, 3.641,-9.221, 9.290,-3.809,-2.157,-6.142, 6.683,-1.948, 6.944} | 
| 968 | 1.064639105328008E7 | 1.186446703382593E7 | {-0.195, 10.000,-9.076, 1.984, 2.294, 2.608,-1.267,-6.436, 1.107, 5.175, 10.000, 3.641,-9.221, 9.290,-3.809,-2.157,-6.142, 6.683,-1.948, 6.944} | 
| 972 | 1.064639105328008E7 | 1.186446703382593E7 | {-0.195, 10.000,-9.076, 1.984, 2.294, 2.608,-1.267,-6.436, 1.107, 5.175, 10.000, 3.641,-9.221, 9.290,-3.809,-2.157,-6.142, 6.683,-1.948, 6.944} | 
| 976 | 1.064639105328008E7 | 1.1781475909909084E7 | {-0.195, 10.000,-9.076, 1.984, 2.294, 2.608,-1.267,-6.436, 1.107, 5.175, 10.000, 3.641,-9.221, 9.290,-3.809,-2.157,-6.142, 6.683,-1.948, 6.944} | 
| 980 | 1.064639105328008E7 | 1.1781475909909084E7 | {-0.195, 10.000,-9.076, 1.984, 2.294, 2.608,-1.267,-6.436, 1.107, 5.175, 10.000, 3.641,-9.221, 9.290,-3.809,-2.157,-6.142, 6.683,-1.948, 6.944} | 
| 984 | 1.064639105328008E7 | 1.1781475909909084E7 | {-0.195, 10.000,-9.076, 1.984, 2.294, 2.608,-1.267,-6.436, 1.107, 5.175, 10.000, 3.641,-9.221, 9.290,-3.809,-2.157,-6.142, 6.683,-1.948, 6.944} | 
| 988 | 1.064639105328008E7 | 1.1781475909909084E7 | {-0.195, 10.000,-9.076, 1.984, 2.294, 2.608,-1.267,-6.436, 1.107, 5.175, 10.000, 3.641,-9.221, 9.290,-3.809,-2.157,-6.142, 6.683,-1.948, 6.944} | 
| 992 | 1.064639105328008E7 | 1.1781475909909084E7 | {-0.195, 10.000,-9.076, 1.984, 2.294, 2.608,-1.267,-6.436, 1.107, 5.175, 10.000, 3.641,-9.221, 9.290,-3.809,-2.157,-6.142, 6.683,-1.948, 6.944} | 
| 996 | 1.064639105328008E7 | 1.1781475909909084E7 | {-0.195, 10.000,-9.076, 1.984, 2.294, 2.608,-1.267,-6.436, 1.107, 5.175, 10.000, 3.641,-9.221, 9.290,-3.809,-2.157,-6.142, 6.683,-1.948, 6.944} | 
| 1000 | 1.064639105328008E7 | 1.1781475909909084E7 | {-0.195, 10.000,-9.076, 1.984, 2.294, 2.608,-1.267,-6.436, 1.107, 5.175, 10.000, 3.641,-9.221, 9.290,-3.809,-2.157,-6.142, 6.683,-1.948, 6.944} | 
| 1004 | 1.064639105328008E7 | 1.1781475909909084E7 | {-0.195, 10.000,-9.076, 1.984, 2.294, 2.608,-1.267,-6.436, 1.107, 5.175, 10.000, 3.641,-9.221, 9.290,-3.809,-2.157,-6.142, 6.683,-1.948, 6.944} | 
| 1008 | 1.064639105328008E7 | 1.1781475909909084E7 | {-0.195, 10.000,-9.076, 1.984, 2.294, 2.608,-1.267,-6.436, 1.107, 5.175, 10.000, 3.641,-9.221, 9.290,-3.809,-2.157,-6.142, 6.683,-1.948, 6.944} | 
| 1012 | 1.064639105328008E7 | 1.1781475909909084E7 | {-0.195, 10.000,-9.076, 1.984, 2.294, 2.608,-1.267,-6.436, 1.107, 5.175, 10.000, 3.641,-9.221, 9.290,-3.809,-2.157,-6.142, 6.683,-1.948, 6.944} | 
| 1016 | 1.064639105328008E7 | 1.1781475909909084E7 | {-0.195, 10.000,-9.076, 1.984, 2.294, 2.608,-1.267,-6.436, 1.107, 5.175, 10.000, 3.641,-9.221, 9.290,-3.809,-2.157,-6.142, 6.683,-1.948, 6.944} | 
| 1020 | 1.064639105328008E7 | 1.1781475909909084E7 | {-0.195, 10.000,-9.076, 1.984, 2.294, 2.608,-1.267,-6.436, 1.107, 5.175, 10.000, 3.641,-9.221, 9.290,-3.809,-2.157,-6.142, 6.683,-1.948, 6.944} | 
| 1024 | 1.064639105328008E7 | 1.1781475909909084E7 | {-0.195, 10.000,-9.076, 1.984, 2.294, 2.608,-1.267,-6.436, 1.107, 5.175, 10.000, 3.641,-9.221, 9.290,-3.809,-2.157,-6.142, 6.683,-1.948, 6.944} | 
| 1028 | 1.064639105328008E7 | 1.1781475909909084E7 | {-0.195, 10.000,-9.076, 1.984, 2.294, 2.608,-1.267,-6.436, 1.107, 5.175, 10.000, 3.641,-9.221, 9.290,-3.809,-2.157,-6.142, 6.683,-1.948, 6.944} | 
| 1032 | 1.064639105328008E7 | 1.1781475909909084E7 | {-0.195, 10.000,-9.076, 1.984, 2.294, 2.608,-1.267,-6.436, 1.107, 5.175, 10.000, 3.641,-9.221, 9.290,-3.809,-2.157,-6.142, 6.683,-1.948, 6.944} | 
| 1036 | 1.064639105328008E7 | 1.1781475909909084E7 | {-0.195, 10.000,-9.076, 1.984, 2.294, 2.608,-1.267,-6.436, 1.107, 5.175, 10.000, 3.641,-9.221, 9.290,-3.809,-2.157,-6.142, 6.683,-1.948, 6.944} | 
| 1040 | 1.064639105328008E7 | 1.1781475909909084E7 | {-0.195, 10.000,-9.076, 1.984, 2.294, 2.608,-1.267,-6.436, 1.107, 5.175, 10.000, 3.641,-9.221, 9.290,-3.809,-2.157,-6.142, 6.683,-1.948, 6.944} | 
| 1044 | 1.064639105328008E7 | 1.1781475909909084E7 | {-0.195, 10.000,-9.076, 1.984, 2.294, 2.608,-1.267,-6.436, 1.107, 5.175, 10.000, 3.641,-9.221, 9.290,-3.809,-2.157,-6.142, 6.683,-1.948, 6.944} | 
| 1048 | 1.064639105328008E7 | 1.1781475909909084E7 | {-0.195, 10.000,-9.076, 1.984, 2.294, 2.608,-1.267,-6.436, 1.107, 5.175, 10.000, 3.641,-9.221, 9.290,-3.809,-2.157,-6.142, 6.683,-1.948, 6.944} | 
| 1052 | 1.064639105328008E7 | 1.1781475909909084E7 | {-0.195, 10.000,-9.076, 1.984, 2.294, 2.608,-1.267,-6.436, 1.107, 5.175, 10.000, 3.641,-9.221, 9.290,-3.809,-2.157,-6.142, 6.683,-1.948, 6.944} | 
| 1056 | 1.064639105328008E7 | 1.1781475909909084E7 | {-0.195, 10.000,-9.076, 1.984, 2.294, 2.608,-1.267,-6.436, 1.107, 5.175, 10.000, 3.641,-9.221, 9.290,-3.809,-2.157,-6.142, 6.683,-1.948, 6.944} | 
| 1060 | 1.064639105328008E7 | 1.1781475909909084E7 | {-0.195, 10.000,-9.076, 1.984, 2.294, 2.608,-1.267,-6.436, 1.107, 5.175, 10.000, 3.641,-9.221, 9.290,-3.809,-2.157,-6.142, 6.683,-1.948, 6.944} | 
 Termination message: Not terminated.
 Function calls run: 1060, sum: 1060
* Last best ind.: eva2.optimization.individuals.ESIndividualDoubleData{DGenotype=[ -0.1945705141484168 10.0 -9.075620149146335 1.9837352368536298 2.2939066192898716 2.6077507083189935 -1.2671660914291079 -6.436045772942559 1.1066751211888464 5.175353689582728 10.0 3.641179211495267 -9.220807222943753 9.289554483663792 -3.8086000098900263 -2.15686360687414 -6.1420578889877815 6.682869957331652 -1.9479021003229744 6.944338810354967 ]; age=264; crossoverOperator=eva2.optimization.operator.crossover.CrossoverESDefault{}; crossoverProbability=0.5; doubleRange=[ [ -10.0 10.0 ] [ -10.0 10.0 ] [ -10.0 10.0 ] [ -10.0 10.0 ] [ -10.0 10.0 ] [ -10.0 10.0 ] [ -10.0 10.0 ] [ -10.0 10.0 ] [ -10.0 10.0 ] [ -10.0 10.0 ] [ -10.0 10.0 ] [ -10.0 10.0 ] [ -10.0 10.0 ] [ -10.0 10.0 ] [ -10.0 10.0 ] [ -10.0 10.0 ] [ -10.0 10.0 ] [ -10.0 10.0 ] [ -10.0 10.0 ] [ -10.0 10.0 ] ]; fitness=[ 1.064639105328008E7 ]; individualIndex=-1; initOperator=eva2.optimization.operator.initialization.DefaultInitialization{}; marked=false; mutationOperator=eva2.optimization.operator.mutation.MutateESGlobal{crossoverType=intermediate; lowerLimitStepSize=5.0E-7; mutationStepSize=0.2096566911910503; tau1=0.15; }; mutationProbability=1.0; selectionProbability=[ 0.0 ]; }
         solution data	: {-0.195, 10.000,-9.076, 1.984, 2.294, 2.608,-1.267,-6.436, 1.107, 5.175, 10.000, 3.641,-9.221, 9.290,-3.809,-2.157,-6.142, 6.683,-1.948, 6.944}
         solution fit	: [ 1.064639105328008E7 ]
* Run best ind.: eva2.optimization.individuals.ESIndividualDoubleData{DGenotype=[ -0.1945705141484168 10.0 -9.075620149146335 1.9837352368536298 2.2939066192898716 2.6077507083189935 -1.2671660914291079 -6.436045772942559 1.1066751211888464 5.175353689582728 10.0 3.641179211495267 -9.220807222943753 9.289554483663792 -3.8086000098900263 -2.15686360687414 -6.1420578889877815 6.682869957331652 -1.9479021003229744 6.944338810354967 ]; age=264; crossoverOperator=eva2.optimization.operator.crossover.CrossoverESDefault{}; crossoverProbability=0.5; doubleRange=[ [ -10.0 10.0 ] [ -10.0 10.0 ] [ -10.0 10.0 ] [ -10.0 10.0 ] [ -10.0 10.0 ] [ -10.0 10.0 ] [ -10.0 10.0 ] [ -10.0 10.0 ] [ -10.0 10.0 ] [ -10.0 10.0 ] [ -10.0 10.0 ] [ -10.0 10.0 ] [ -10.0 10.0 ] [ -10.0 10.0 ] [ -10.0 10.0 ] [ -10.0 10.0 ] [ -10.0 10.0 ] [ -10.0 10.0 ] [ -10.0 10.0 ] [ -10.0 10.0 ] ]; fitness=[ 1.064639105328008E7 ]; individualIndex=-1; initOperator=eva2.optimization.operator.initialization.DefaultInitialization{}; marked=false; mutationOperator=eva2.optimization.operator.mutation.MutateESGlobal{crossoverType=intermediate; lowerLimitStepSize=5.0E-7; mutationStepSize=0.2096566911910503; tau1=0.15; }; mutationProbability=1.0; selectionProbability=[ 0.0 ]; }
         solution data	: {-0.195, 10.000,-9.076, 1.984, 2.294, 2.608,-1.267,-6.436, 1.107, 5.175, 10.000, 3.641,-9.221, 9.290,-3.809,-2.157,-6.142, 6.683,-1.948, 6.944}
         solution fit	: [ 1.064639105328008E7 ]
 Feasible ind. found after 4 evaluations.
 Solution correlations (min,max,avg,med,var): [ -0.22542346089250961 0.5909742435288295 0.240359503917376 0.2909604722456298 0.06927092030386543 ]
* Run best feasible individual equals best individual.
### Resulting population 
Fit.:	[ 1.1131670965378858E7 ], ID: 2846,	{ 10.000, 9.946,-9.145, 0.786, 7.317,-0.887,-6.514,-9.557,-6.861, 2.279, 4.848, 9.707,-7.897,-1.506,-6.686,-6.496,-5.304, 8.946, 10.000,-4.525}  
Fit.:	[ 1.064639105328008E7 ], ID: 2847,	{-0.195, 10.000,-9.076, 1.984, 2.294, 2.608,-1.267,-6.436, 1.107, 5.175, 10.000, 3.641,-9.221, 9.290,-3.809,-2.157,-6.142, 6.683,-1.948, 6.944}  
Fit.:	[ 1.3365902322581053E7 ], ID: 2848,	{ 10.000, 8.253,-9.025, 6.910, 1.846,-4.410, 4.929,-3.792, 4.656,-0.406,-4.206,-9.725, 8.635,-4.105, 8.215,-7.482, 8.982,-6.748, 7.073,-3.806}  
Fit.:	[ 1.1981939298396345E7 ], ID: 2849,	{ 1.669, 10.000,-9.112, 1.730, 5.396, 2.408, 10.000,-7.146, 6.817, 9.243,-3.233, 0.173,-0.024,-0.314,-9.535,-6.858, 0.629,-7.726,-1.733,-6.661}  
*******
 Runs performed: 1, reached target 0 times with threshold 0.001, rate 0.0
 Average function calls: 1060
     Feasible solution found in 1 of 1 runs 
     Average evaluations until feasible ind. was found in 1 runs: 4.0 evaluations
     Averaged sum of run statistical data: (1 runs): | 140980.0 | 3.0978718896750293E9 | 3.4090888989058623E9
     Averaged last statistical data (1 runs): | 1060.0 | 1.064639105328008E7 | 1.1781475909909084E7
* Overall best ind.: eva2.optimization.individuals.ESIndividualDoubleData{DGenotype=[ -0.1945705141484168 10.0 -9.075620149146335 1.9837352368536298 2.2939066192898716 2.6077507083189935 -1.2671660914291079 -6.436045772942559 1.1066751211888464 5.175353689582728 10.0 3.641179211495267 -9.220807222943753 9.289554483663792 -3.8086000098900263 -2.15686360687414 -6.1420578889877815 6.682869957331652 -1.9479021003229744 6.944338810354967 ]; age=264; crossoverOperator=eva2.optimization.operator.crossover.CrossoverESDefault{}; crossoverProbability=0.5; doubleRange=[ [ -10.0 10.0 ] [ -10.0 10.0 ] [ -10.0 10.0 ] [ -10.0 10.0 ] [ -10.0 10.0 ] [ -10.0 10.0 ] [ -10.0 10.0 ] [ -10.0 10.0 ] [ -10.0 10.0 ] [ -10.0 10.0 ] [ -10.0 10.0 ] [ -10.0 10.0 ] [ -10.0 10.0 ] [ -10.0 10.0 ] [ -10.0 10.0 ] [ -10.0 10.0 ] [ -10.0 10.0 ] [ -10.0 10.0 ] [ -10.0 10.0 ] [ -10.0 10.0 ] ]; fitness=[ 1.064639105328008E7 ]; individualIndex=-1; initOperator=eva2.optimization.operator.initialization.DefaultInitialization{}; marked=false; mutationOperator=eva2.optimization.operator.mutation.MutateESGlobal{crossoverType=intermediate; lowerLimitStepSize=5.0E-7; mutationStepSize=0.2096566911910503; tau1=0.15; }; mutationProbability=1.0; selectionProbability=[ 0.0 ]; }
         solution data	: {-0.195, 10.000,-9.076, 1.984, 2.294, 2.608,-1.267,-6.436, 1.107, 5.175, 10.000, 3.641,-9.221, 9.290,-3.809,-2.157,-6.142, 6.683,-1.948, 6.944}
         solution fit	: [ 1.064639105328008E7 ]
Overall best statistical data: 
FunctionCalls | currentBest | meanFit | solution
1060 | 1.064639105328008E7 | 1.1781475909909084E7 | {-0.195, 10.000,-9.076, 1.984, 2.294, 2.608,-1.267,-6.436, 1.107, 5.175, 10.000, 3.641,-9.221, 9.290,-3.809,-2.157,-6.142, 6.683,-1.948, 6.944}
StopDate:2019-05-22_17.55.28
