
### Optimization parameters 
```
!!eva2.optimization.OptimizationParameters
optimizer: !!eva2.optimization.strategies.NelderMeadSimplex
    checkRange: true
    critIndex: 0
    population: !population
        initAround: 0.1
        initMethod: individualDefault
        initPos: [0.0, 0.0, 0.0, 0.0, 0.0, 0.0, 0.0, 0.0, 0.0, 0.0]
        popMetric: !!eva2.optimization.operator.distancemetric.PhenotypeMetric {}
        seedCardinality: {head: 5, tail: 1}
        targetSize: 100
    populationSize: 100
postProcessParams: !!eva2.optimization.operator.postprocess.PostProcessParams
    PPMethod: nelderMead
    accAssumeConv: 1.0E-8
    accMaxEval: -1
    accuracies: [0.01]
    doPostProcessing: false
    postProcessClusterSigma: 0.05
    postProcessSteps: 5000
    printNBest: 10
    withPlot: false
problem: !!eva2.problems.SimpleProblemWrapper
    defaultAccuracy: 0.001
    defaultRange: 10.0
    individualTemplate: !!eva2.optimization.individuals.ESIndividualDoubleData
        areaConst4ParallelViolated: false
        crossoverOperator: !!eva2.optimization.operator.crossover.CrossoverESDefault {}
        crossoverProbability: 0.5
        initOperator: !!eva2.optimization.operator.initialization.DefaultInitialization {}
        isMarked: false
        isPenalized: false
        mutationOperator: !!eva2.optimization.operator.mutation.MutateESGlobal {crossoverType: intermediate,
            lowerLimitStepSize: 5.0E-7, mutationStepSize: 0.2, tau1: 0.15}
        mutationProbability: 1.0
    noise: 0.0
    parallelThreads: 4
    problemDimension: 15
    simpleProblem: !!uk.ac.ox.oxfish.maximization.GenericOptimization
        parameters:
        - !!uk.ac.ox.oxfish.maximization.generic.CommaMapOptimizationParameter {addressToModify: fisherDefinitions$0.gear.delegate.delegate.catchabilityMap,
            maximum: 0.005, minimum: 1.0E-5, size: 4}
        - !!uk.ac.ox.oxfish.maximization.generic.SimpleOptimizationParameter {addressToModify: fisherDefinitions$0.gear.delegate.proportionSimulatedToGarbage,
            maximum: 0.3, minimum: 0.1}
        - !!uk.ac.ox.oxfish.maximization.generic.CommaMapOptimizationParameter {addressToModify: fisherDefinitions$1.gear.delegate.delegate.catchabilityMap,
            maximum: 0.005, minimum: 1.0E-5, size: 4}
        - !!uk.ac.ox.oxfish.maximization.generic.SimpleOptimizationParameter {addressToModify: fisherDefinitions$1.gear.delegate.proportionSimulatedToGarbage,
            maximum: 0.3, minimum: 0.1}
        - !!uk.ac.ox.oxfish.maximization.generic.CommaMapOptimizationParameter {addressToModify: fisherDefinitions$2.gear.delegate.delegate.catchabilityMap,
            maximum: 0.005, minimum: 1.0E-5, size: 4}
        - !!uk.ac.ox.oxfish.maximization.generic.SimpleOptimizationParameter {addressToModify: fisherDefinitions$2.gear.delegate.proportionSimulatedToGarbage,
            maximum: 0.3, minimum: 0.1}
        runsPerSetting: 1
        scenarioFile: docs/indonesia_hub/runs/712/slice1/calibration/optimistic.yaml
        targets:
        - {coefficientOfVariation: 0.8, hasHeader: true, pathToCsvFile: docs/indonesia_hub/runs/712/slice1/calibration/targets/Big_SE002 Epinephelus areolatus.csv,
            yearlyDataColumnName: Epinephelus areolatus Landings of population2}
        - {coefficientOfVariation: 0.1, hasHeader: true, pathToCsvFile: docs/indonesia_hub/runs/712/slice1/calibration/targets/Big_LP012 Pristipomoides multidens.csv,
            yearlyDataColumnName: Pristipomoides multidens Landings of population2}
        - {coefficientOfVariation: 0.1, hasHeader: true, pathToCsvFile: docs/indonesia_hub/runs/712/slice1/calibration/targets/Big_LL021 Lutjanus malabaricus.csv,
            yearlyDataColumnName: Lutjanus malabaricus Landings of population2}
        - {coefficientOfVariation: 0.8, hasHeader: true, pathToCsvFile: docs/indonesia_hub/runs/712/slice1/calibration/targets/Big_LL017 Lutjanus erythropterus.csv,
            yearlyDataColumnName: Lutjanus erythropterus Landings of population2}
        - {coefficientOfVariation: 0.1, hasHeader: true, pathToCsvFile: docs/indonesia_hub/runs/712/slice1/calibration/targets/Big_other.csv,
            yearlyDataColumnName: Others Landings of population2}
        - {coefficientOfVariation: 0.8, hasHeader: true, pathToCsvFile: docs/indonesia_hub/runs/712/slice1/calibration/targets/Small_SE002 Epinephelus areolatus.csv,
            yearlyDataColumnName: Epinephelus areolatus Landings of population0}
        - {coefficientOfVariation: 0.1, hasHeader: true, pathToCsvFile: docs/indonesia_hub/runs/712/slice1/calibration/targets/Small_LP012 Pristipomoides multidens.csv,
            yearlyDataColumnName: Pristipomoides multidens Landings of population0}
        - {coefficientOfVariation: 0.1, hasHeader: true, pathToCsvFile: docs/indonesia_hub/runs/712/slice1/calibration/targets/Small_LL021 Lutjanus malabaricus.csv,
            yearlyDataColumnName: Lutjanus malabaricus Landings of population0}
        - {coefficientOfVariation: 0.8, hasHeader: true, pathToCsvFile: docs/indonesia_hub/runs/712/slice1/calibration/targets/Small_LL017 Lutjanus erythropterus.csv,
            yearlyDataColumnName: Lutjanus erythropterus Landings of population0}
        - {coefficientOfVariation: 0.1, hasHeader: true, pathToCsvFile: docs/indonesia_hub/runs/712/slice1/calibration/targets/Small_other.csv,
            yearlyDataColumnName: Others Landings of population0}
        - {coefficientOfVariation: 0.8, hasHeader: true, pathToCsvFile: docs/indonesia_hub/runs/712/slice1/calibration/targets/Medium_SE002 Epinephelus areolatus.csv,
            yearlyDataColumnName: Epinephelus areolatus Landings of population1}
        - {coefficientOfVariation: 0.1, hasHeader: true, pathToCsvFile: docs/indonesia_hub/runs/712/slice1/calibration/targets/Medium_LP012 Pristipomoides multidens.csv,
            yearlyDataColumnName: Pristipomoides multidens Landings of population1}
        - {coefficientOfVariation: 0.1, hasHeader: true, pathToCsvFile: docs/indonesia_hub/runs/712/slice1/calibration/targets/Medium_LL021 Lutjanus malabaricus.csv,
            yearlyDataColumnName: Lutjanus malabaricus Landings of population1}
        - {coefficientOfVariation: 0.8, hasHeader: true, pathToCsvFile: docs/indonesia_hub/runs/712/slice1/calibration/targets/Medium_LL017 Lutjanus erythropterus.csv,
            yearlyDataColumnName: Lutjanus erythropterus Landings of population1}
        - {coefficientOfVariation: 0.1, hasHeader: true, pathToCsvFile: docs/indonesia_hub/runs/712/slice1/calibration/targets/Medium_other.csv,
            yearlyDataColumnName: Others Landings of population1}
randomSeed: 9999999
terminator: !!eva2.optimization.operator.terminators.EvaluationTerminator {fitnessCalls: 5000}

```

## Multirun 1
| FunctionCalls | currentBest | meanFit | solution | 
| --- | --- | --- | --- | 
| 100 | 86.99343893324104 | 162.8198046001643 | { 6.472,-9.996, 6.778, 3.136, 1.158, 5.892,-9.234, 5.510, 5.843, 8.487,-8.473,-6.533,-7.125,-9.108,-9.809} | 
| 200 | 86.99343893324104 | 118.38556158515026 | { 6.472,-9.996, 6.778, 3.136, 1.158, 5.892,-9.234, 5.510, 5.843, 8.487,-8.473,-6.533,-7.125,-9.108,-9.809} | 
| 300 | 81.37630919946183 | 104.93786075561808 | { 2.746,-9.288,-6.268, 2.577, 0.402,-5.044, 3.718,-1.506, 5.815, 7.065,-8.668, 4.972, 6.419,-3.414, 1.633} | 
| 400 | 77.68224369450802 | 94.95811122456544 | { 2.355,-9.913,-2.418,-3.485, 2.012,-6.947,-2.547,-4.508, 3.124, 4.909,-7.544, 3.398, 8.543,-8.754,-6.442} | 
| 500 | 77.24990715679066 | 87.08478783206785 | { 5.875,-9.772,-4.250,-0.663, 0.885,-5.885, 0.538,-2.557, 0.644, 4.776,-8.122, 1.807, 6.602,-6.045,-3.558} | 
| 600 | 73.15149141726859 | 79.12434296338829 | { 4.207,-9.382,-2.706,-2.826, 2.167,-7.280, 0.885,-5.316, 2.189, 8.425,-7.786, 2.299, 7.452,-9.927,-6.467} | 
