
### Optimization parameters 
```
!!eva2.optimization.OptimizationParameters
optimizer: !!eva2.optimization.strategies.ClusterBasedNichingEA
    clusterDiffDist: 0.05
    differentiationCA: !!eva2.optimization.operator.cluster.ClusteringDensityBased
        clustDistParam: 0.05
        metric: &id001 !!eva2.optimization.operator.distancemetric.PhenotypeMetric {}
        minimumGroupSize: 3
    epsilonBound: 1.0E-10
    haltingWindow: 15
    maxSpeciesSize: 15
    mergingCA: !!eva2.optimization.operator.cluster.ClusteringDensityBased
        clustDistParam: 0.1
        metric: *id001
        minimumGroupSize: 3
    optimizer: !!eva2.optimization.strategies.GeneticAlgorithm
        elitism: true
        numberOfPartners: 1
        parentSelection: !!eva2.optimization.operator.selection.SelectXProbRouletteWheel
            obeyDebsConstViolationPrinciple: true
            selProbCalculator: !!eva2.optimization.operator.selection.probability.SelProbStandard {}
        partnerSelection: !!eva2.optimization.operator.selection.SelectRandom {obeyDebsConstViolationPrinciple: false}
        population: !population
            initAround: 0.1
            initMethod: individualDefault
            initPos: [0.0, 0.0, 0.0, 0.0, 0.0, 0.0, 0.0, 0.0, 0.0, 0.0]
            popMetric: !!eva2.optimization.operator.distancemetric.PhenotypeMetric {}
            seedCardinality: {head: 5, tail: 1}
            targetSize: 100
    parameterControl: []
    population: !population
        initAround: 0.1
        initMethod: individualDefault
        initPos: [0.0, 0.0, 0.0, 0.0, 0.0, 0.0, 0.0, 0.0, 0.0, 0.0]
        popMetric: *id001
        seedCardinality: {head: 5, tail: 1}
        targetSize: 50
    populationSize: 100
    reduceSizeComparator: {fitCriterion: -1, indyDataKey: '', preferFeasible: true}
    showCycle: 0
    sleepTime: 0
    speciesCycle: 1
    useMerging: true
postProcessParams: !!eva2.optimization.operator.postprocess.PostProcessParams
    PPMethod: nelderMead
    accAssumeConv: 1.0E-8
    accMaxEval: -1
    accuracies: [0.01]
    doPostProcessing: false
    postProcessClusterSigma: 0.05
    postProcessSteps: 5000
    printNBest: 10
    withPlot: false
problem: !!eva2.problems.SimpleProblemWrapper
    defaultAccuracy: 0.001
    defaultRange: 10.0
    individualTemplate: !!eva2.optimization.individuals.ESIndividualDoubleData
        areaConst4ParallelViolated: false
        crossoverOperator: !!eva2.optimization.operator.crossover.CrossoverESDefault {}
        crossoverProbability: 0.5
        initOperator: !!eva2.optimization.operator.initialization.DefaultInitialization {}
        isMarked: false
        isPenalized: false
        mutationOperator: !!eva2.optimization.operator.mutation.MutateESGlobal {crossoverType: intermediate,
            lowerLimitStepSize: 5.0E-7, mutationStepSize: 0.2, tau1: 0.15}
        mutationProbability: 1.0
    noise: 0.0
    parallelThreads: 4
    problemDimension: 20
    simpleProblem: !!uk.ac.ox.oxfish.maximization.GenericOptimization
        maximization: false
        parameters:
        - !!uk.ac.ox.oxfish.maximization.generic.SimpleOptimizationParameter {addressToModify: fisherDefinitions$0.gear.delegate.delegate.delegate.gears~Pristipomoides multidens.averageCatchability,
            alwaysPositive: true, maximum: 0.0095, minimum: 9.0E-8}
        - !!uk.ac.ox.oxfish.maximization.generic.SimpleOptimizationParameter {addressToModify: fisherDefinitions$0.gear.delegate.delegate.delegate.gears~Lutjanus malabaricus.averageCatchability,
            alwaysPositive: true, maximum: 0.095, minimum: 9.0E-6}
        - !!uk.ac.ox.oxfish.maximization.generic.SimpleOptimizationParameter {addressToModify: fisherDefinitions$0.gear.delegate.delegate.delegate.gears~Epinephelus areolatus.averageCatchability,
            alwaysPositive: true, maximum: 0.0095, minimum: 9.0E-7}
        - !!uk.ac.ox.oxfish.maximization.generic.SimpleOptimizationParameter {addressToModify: fisherDefinitions$0.gear.delegate.delegate.delegate.gears~Lutjanus erythropterus.averageCatchability,
            alwaysPositive: true, maximum: 0.0095, minimum: 9.0E-8}
        - !!uk.ac.ox.oxfish.maximization.generic.SimpleOptimizationParameter {addressToModify: fisherDefinitions$0.gear.delegate.delegate.proportionSimulatedToGarbage,
            alwaysPositive: true, maximum: 0.8, minimum: 0.0}
        - !!uk.ac.ox.oxfish.maximization.generic.SimpleOptimizationParameter {addressToModify: fisherDefinitions$1.gear.delegate.delegate.delegate.gears~Pristipomoides multidens.averageCatchability,
            alwaysPositive: true, maximum: 0.0095, minimum: 9.0E-8}
        - !!uk.ac.ox.oxfish.maximization.generic.SimpleOptimizationParameter {addressToModify: fisherDefinitions$1.gear.delegate.delegate.delegate.gears~Lutjanus malabaricus.averageCatchability,
            alwaysPositive: true, maximum: 9.0E-6, minimum: 9.0E-8}
        - !!uk.ac.ox.oxfish.maximization.generic.SimpleOptimizationParameter {addressToModify: fisherDefinitions$1.gear.delegate.delegate.delegate.gears~Epinephelus areolatus.averageCatchability,
            alwaysPositive: true, maximum: 0.0095, minimum: 9.0E-8}
        - !!uk.ac.ox.oxfish.maximization.generic.SimpleOptimizationParameter {addressToModify: fisherDefinitions$1.gear.delegate.delegate.delegate.gears~Lutjanus erythropterus.averageCatchability,
            alwaysPositive: true, maximum: 9.5E-4, minimum: 9.0E-9}
        - !!uk.ac.ox.oxfish.maximization.generic.SimpleOptimizationParameter {addressToModify: fisherDefinitions$1.gear.delegate.delegate.proportionSimulatedToGarbage,
            alwaysPositive: true, maximum: 0.8, minimum: 0.0}
        - !!uk.ac.ox.oxfish.maximization.generic.SimpleOptimizationParameter {addressToModify: fisherDefinitions$2.gear.delegate.delegate.delegate.gears~Pristipomoides multidens.averageCatchability,
            alwaysPositive: true, maximum: 0.095, minimum: 9.0E-6}
        - !!uk.ac.ox.oxfish.maximization.generic.SimpleOptimizationParameter {addressToModify: fisherDefinitions$2.gear.delegate.delegate.delegate.gears~Lutjanus malabaricus.averageCatchability,
            alwaysPositive: true, maximum: 9.0E-5, minimum: 9.0E-8}
        - !!uk.ac.ox.oxfish.maximization.generic.SimpleOptimizationParameter {addressToModify: fisherDefinitions$2.gear.delegate.delegate.delegate.gears~Epinephelus areolatus.averageCatchability,
            alwaysPositive: true, maximum: 9.5E-5, minimum: 9.0E-9}
        - !!uk.ac.ox.oxfish.maximization.generic.SimpleOptimizationParameter {addressToModify: fisherDefinitions$2.gear.delegate.delegate.delegate.gears~Lutjanus erythropterus.averageCatchability,
            alwaysPositive: true, maximum: 9.5E-4, minimum: 9.0E-8}
        - !!uk.ac.ox.oxfish.maximization.generic.SimpleOptimizationParameter {addressToModify: fisherDefinitions$2.gear.delegate.delegate.proportionSimulatedToGarbage,
            alwaysPositive: false, maximum: 0.8, minimum: 0.0}
        - !!uk.ac.ox.oxfish.maximization.generic.SimpleOptimizationParameter {addressToModify: fisherDefinitions$3.gear.delegate.delegate.delegate.gears~Pristipomoides multidens.averageCatchability,
            alwaysPositive: true, maximum: 0.0095, minimum: 9.0E-8}
        - !!uk.ac.ox.oxfish.maximization.generic.SimpleOptimizationParameter {addressToModify: fisherDefinitions$3.gear.delegate.delegate.delegate.gears~Lutjanus malabaricus.averageCatchability,
            alwaysPositive: true, maximum: 0.0095, minimum: 9.0E-5}
        - !!uk.ac.ox.oxfish.maximization.generic.SimpleOptimizationParameter {addressToModify: fisherDefinitions$3.gear.delegate.delegate.delegate.gears~Epinephelus areolatus.averageCatchability,
            alwaysPositive: true, maximum: 9.5E-4, minimum: 9.0E-9}
        - !!uk.ac.ox.oxfish.maximization.generic.SimpleOptimizationParameter {addressToModify: fisherDefinitions$3.gear.delegate.delegate.delegate.gears~Lutjanus erythropterus.averageCatchability,
            alwaysPositive: true, maximum: 0.95, minimum: 9.0E-7}
        - !!uk.ac.ox.oxfish.maximization.generic.SimpleOptimizationParameter {addressToModify: fisherDefinitions$3.gear.delegate.delegate.proportionSimulatedToGarbage,
            alwaysPositive: true, maximum: 0.8, minimum: 0.0}
        runsPerSetting: 1
        scenarioFile: /home/carrknight/code/oxfish/docs/indonesia_hub/runs/712/slice2019/calibration/tnc_onepop_start.yaml
        simulatedYears: 2
        targets:
        - !!uk.ac.ox.oxfish.maximization.generic.FixedDataLastStepTargetFromFile {
            exponent: 2.0, pathToCsvFile: /home/carrknight/code/oxfish/docs/indonesia_hub/runs/712/slice2019/calibration/targets/Big_LL021 Lutjanus malabaricus.csv,
            yearlyDataColumnName: Lutjanus malabaricus Landings of population2}
        - !!uk.ac.ox.oxfish.maximization.generic.FixedDataLastStepTargetFromFile {
            exponent: 2.0, pathToCsvFile: /home/carrknight/code/oxfish/docs/indonesia_hub/runs/712/slice2019/calibration/targets/Big_LP012 Pristipomoides multidens.csv,
            yearlyDataColumnName: Pristipomoides multidens Landings of population2}
        - !!uk.ac.ox.oxfish.maximization.generic.FixedDataLastStepTargetFromFile {
            exponent: 2.0, pathToCsvFile: /home/carrknight/code/oxfish/docs/indonesia_hub/runs/712/slice2019/calibration/targets/Big_SE002 Epinephelus areolatus.csv,
            yearlyDataColumnName: Epinephelus areolatus Landings of population2}
        - !!uk.ac.ox.oxfish.maximization.generic.FixedDataLastStepTargetFromFile {
            exponent: 2.0, pathToCsvFile: /home/carrknight/code/oxfish/docs/indonesia_hub/runs/712/slice2019/calibration/targets/Big_LL017 Lutjanus erythropterus.csv,
            yearlyDataColumnName: Lutjanus erythropterus Landings of population2}
        - !!uk.ac.ox.oxfish.maximization.generic.FixedDataLastStepTargetFromFile {
            exponent: 2.0, pathToCsvFile: /home/carrknight/code/oxfish/docs/indonesia_hub/runs/712/slice2019/calibration/targets/Big_Others.csv,
            yearlyDataColumnName: Others Landings of population2}
        - !!uk.ac.ox.oxfish.maximization.generic.FixedDataLastStepTargetFromFile {
            exponent: 2.0, pathToCsvFile: /home/carrknight/code/oxfish/docs/indonesia_hub/runs/712/slice2019/calibration/targets/Big_total.csv,
            yearlyDataColumnName: Total Landings of population2}
        - !!uk.ac.ox.oxfish.maximization.generic.FixedDataLastStepTargetFromFile {
            exponent: 2.0, pathToCsvFile: /home/carrknight/code/oxfish/docs/indonesia_hub/runs/712/slice2019/calibration/targets/Small (5-9)_LL021 Lutjanus malabaricus.csv,
            yearlyDataColumnName: Lutjanus malabaricus Landings of population0}
        - !!uk.ac.ox.oxfish.maximization.generic.FixedDataLastStepTargetFromFile {
            exponent: 2.0, pathToCsvFile: /home/carrknight/code/oxfish/docs/indonesia_hub/runs/712/slice2019/calibration/targets/Small (5-9)_LP012 Pristipomoides multidens.csv,
            yearlyDataColumnName: Pristipomoides multidens Landings of population0}
        - !!uk.ac.ox.oxfish.maximization.generic.FixedDataLastStepTargetFromFile {
            exponent: 2.0, pathToCsvFile: /home/carrknight/code/oxfish/docs/indonesia_hub/runs/712/slice2019/calibration/targets/Small (5-9)_SE002 Epinephelus areolatus.csv,
            yearlyDataColumnName: Epinephelus areolatus Landings of population0}
        - !!uk.ac.ox.oxfish.maximization.generic.FixedDataLastStepTargetFromFile {
            exponent: 2.0, pathToCsvFile: /home/carrknight/code/oxfish/docs/indonesia_hub/runs/712/slice2019/calibration/targets/Small (5-9)_LL017 Lutjanus erythropterus.csv,
            yearlyDataColumnName: Lutjanus erythropterus Landings of population0}
        - !!uk.ac.ox.oxfish.maximization.generic.FixedDataLastStepTargetFromFile {
            exponent: 2.0, pathToCsvFile: /home/carrknight/code/oxfish/docs/indonesia_hub/runs/712/slice2019/calibration/targets/Small (5-9)_Others.csv,
            yearlyDataColumnName: Others Landings of population0}
        - !!uk.ac.ox.oxfish.maximization.generic.FixedDataLastStepTargetFromFile {
            exponent: 2.0, pathToCsvFile: /home/carrknight/code/oxfish/docs/indonesia_hub/runs/712/slice2019/calibration/targets/Small (5-9)_total.csv,
            yearlyDataColumnName: Total Landings of population0}
        - !!uk.ac.ox.oxfish.maximization.generic.FixedDataLastStepTargetFromFile {
            exponent: 2.0, pathToCsvFile: /home/carrknight/code/oxfish/docs/indonesia_hub/runs/712/slice2019/calibration/targets/Medium_LL021 Lutjanus malabaricus.csv,
            yearlyDataColumnName: Lutjanus malabaricus Landings of population1}
        - !!uk.ac.ox.oxfish.maximization.generic.FixedDataLastStepTargetFromFile {
            exponent: 2.0, pathToCsvFile: /home/carrknight/code/oxfish/docs/indonesia_hub/runs/712/slice2019/calibration/targets/Medium_LP012 Pristipomoides multidens.csv,
            yearlyDataColumnName: Pristipomoides multidens Landings of population1}
        - !!uk.ac.ox.oxfish.maximization.generic.FixedDataLastStepTargetFromFile {
            exponent: 2.0, pathToCsvFile: /home/carrknight/code/oxfish/docs/indonesia_hub/runs/712/slice2019/calibration/targets/Medium_SE002 Epinephelus areolatus.csv,
            yearlyDataColumnName: Epinephelus areolatus Landings of population1}
        - !!uk.ac.ox.oxfish.maximization.generic.FixedDataLastStepTargetFromFile {
            exponent: 2.0, pathToCsvFile: /home/carrknight/code/oxfish/docs/indonesia_hub/runs/712/slice2019/calibration/targets/Medium_LL017 Lutjanus erythropterus.csv,
            yearlyDataColumnName: Lutjanus erythropterus Landings of population1}
        - !!uk.ac.ox.oxfish.maximization.generic.FixedDataLastStepTargetFromFile {
            exponent: 2.0, pathToCsvFile: /home/carrknight/code/oxfish/docs/indonesia_hub/runs/712/slice2019/calibration/targets/Medium_Others.csv,
            yearlyDataColumnName: Others Landings of population1}
        - !!uk.ac.ox.oxfish.maximization.generic.FixedDataLastStepTargetFromFile {
            exponent: 2.0, pathToCsvFile: /home/carrknight/code/oxfish/docs/indonesia_hub/runs/712/slice2019/calibration/targets/Medium_total.csv,
            yearlyDataColumnName: Total Landings of population1}
        - !!uk.ac.ox.oxfish.maximization.generic.FixedDataLastStepTargetFromFile {
            exponent: 2.0, pathToCsvFile: /home/carrknight/code/oxfish/docs/indonesia_hub/runs/712/slice2019/calibration/targets/Small (10-14)_LL021 Lutjanus malabaricus.csv,
            yearlyDataColumnName: Lutjanus malabaricus Landings of population3}
        - !!uk.ac.ox.oxfish.maximization.generic.FixedDataLastStepTargetFromFile {
            exponent: 2.0, pathToCsvFile: /home/carrknight/code/oxfish/docs/indonesia_hub/runs/712/slice2019/calibration/targets/Small (10-14)_LP012 Pristipomoides multidens.csv,
            yearlyDataColumnName: Pristipomoides multidens Landings of population3}
        - !!uk.ac.ox.oxfish.maximization.generic.FixedDataLastStepTargetFromFile {
            exponent: 2.0, pathToCsvFile: /home/carrknight/code/oxfish/docs/indonesia_hub/runs/712/slice2019/calibration/targets/Small (10-14)_SE002 Epinephelus areolatus.csv,
            yearlyDataColumnName: Epinephelus areolatus Landings of population3}
        - !!uk.ac.ox.oxfish.maximization.generic.FixedDataLastStepTargetFromFile {
            exponent: 2.0, pathToCsvFile: /home/carrknight/code/oxfish/docs/indonesia_hub/runs/712/slice2019/calibration/targets/Small (10-14)_LL017 Lutjanus erythropterus.csv,
            yearlyDataColumnName: Lutjanus erythropterus Landings of population3}
        - !!uk.ac.ox.oxfish.maximization.generic.FixedDataLastStepTargetFromFile {
            exponent: 2.0, pathToCsvFile: /home/carrknight/code/oxfish/docs/indonesia_hub/runs/712/slice2019/calibration/targets/Small (10-14)_Others.csv,
            yearlyDataColumnName: Others Landings of population3}
        - !!uk.ac.ox.oxfish.maximization.generic.FixedDataLastStepTargetFromFile {
            exponent: 2.0, pathToCsvFile: /home/carrknight/code/oxfish/docs/indonesia_hub/runs/712/slice2019/calibration/targets/Small (10-14)_total.csv,
            yearlyDataColumnName: Total Landings of population3}
        - !!uk.ac.ox.oxfish.maximization.generic.FixedDataLastStepTargetFromFile {
            exponent: 2.0, pathToCsvFile: /home/carrknight/code/oxfish/docs/indonesia_hub/runs/712/slice2019/calibration/targets/all_landings_LL021 Lutjanus malabaricus.csv,
            yearlyDataColumnName: Lutjanus malabaricus Landings}
        - !!uk.ac.ox.oxfish.maximization.generic.FixedDataLastStepTargetFromFile {
            exponent: 2.0, pathToCsvFile: /home/carrknight/code/oxfish/docs/indonesia_hub/runs/712/slice2019/calibration/targets/all_landings_LP012 Pristipomoides multidens.csv,
            yearlyDataColumnName: Pristipomoides multidens Landings}
        - !!uk.ac.ox.oxfish.maximization.generic.FixedDataLastStepTargetFromFile {
            exponent: 2.0, pathToCsvFile: /home/carrknight/code/oxfish/docs/indonesia_hub/runs/712/slice2019/calibration/targets/all_landings_SE002 Epinephelus areolatus.csv,
            yearlyDataColumnName: Epinephelus areolatus Landings}
        - !!uk.ac.ox.oxfish.maximization.generic.FixedDataLastStepTargetFromFile {
            exponent: 2.0, pathToCsvFile: /home/carrknight/code/oxfish/docs/indonesia_hub/runs/712/slice2019/calibration/targets/all_landings_LL017 Lutjanus erythropterus.csv,
            yearlyDataColumnName: Lutjanus erythropterus Landings}
randomSeed: 0
terminator: !!eva2.optimization.operator.terminators.EvaluationTerminator {fitnessCalls: 50000}

```

## Multirun 1
| FunctionCalls | currentBest | meanFit | solution | 
| --- | --- | --- | --- | 
| 200 | 2.1649137983828694E12 | 3.839431733283979E13 | {-1.422,-8.885,-3.985, 7.889,-0.184,-2.947,-9.431,-3.759, 6.483, 3.322,-1.278,-7.722,-8.542, 9.686, 7.766, 9.715,-4.145, 7.834, 1.288, 6.186} | 
| 300 | 1.5506435222840247E12 | 2.081700716891443E13 | {-1.290,-8.735,-3.040, 10.000,-1.742,-2.431,-10.000,-3.302, 9.462, 3.442,-3.593,-10.000,-10.000, 7.694, 10.000, 10.000,-3.038, 5.811, 1.055, 3.945} | 
| 400 | 1.0894389974640463E12 | 1.6314375977665143E13 | {-1.517,-8.271,-6.284, 10.000,-4.118, 0.022,-10.000,-3.550, 6.607, 2.187,-0.103,-7.035,-9.069, 10.000, 5.341, 8.328,-2.053, 6.429, 2.888, 7.597} | 
| 500 | 1.0894389974640463E12 | 1.2680041837186E13 | {-1.517,-8.271,-6.284, 10.000,-4.118, 0.022,-10.000,-3.550, 6.607, 2.187,-0.103,-7.035,-9.069, 10.000, 5.341, 8.328,-2.053, 6.429, 2.888, 7.597} | 
| 600 | 1.0446581764474763E12 | 1.1354608209618164E13 | {-1.597,-8.074,-7.498, 10.000,-2.880, 0.796,-10.000,-1.642, 5.987, 2.197, 0.991,-7.809,-7.017, 8.803, 4.806, 6.583,-0.138, 8.215, 2.230, 6.746} | 
| 700 | 9.765187538843582E11 | 1.5043629544233305E13 | {-2.676,-8.397,-5.481, 10.000,-1.914, 1.417,-8.023,-1.264, 4.927, 1.013,-0.551,-5.955,-5.666, 10.000, 7.500, 10.000,-0.316, 5.626, 1.429, 6.016} | 
| 800 | 9.765187538843582E11 | 9.896010324354697E12 | {-2.676,-8.397,-5.481, 10.000,-1.914, 1.417,-8.023,-1.264, 4.927, 1.013,-0.551,-5.955,-5.666, 10.000, 7.500, 10.000,-0.316, 5.626, 1.429, 6.016} | 
| 900 | 8.674552402732684E11 | 9.890798091605512E12 | {-4.952,-8.262,-5.031, 10.000,-3.319, 1.982,-10.000,-1.577, 5.962, 1.210, 0.927,-5.100,-2.280, 9.473, 6.272, 10.000, 2.390, 2.737, 1.618, 7.474} | 
| 1000 | 8.321893481465659E11 | 1.147611510806365E13 | {-1.523,-8.387,-5.962, 7.582,-2.042, 2.100,-9.926, 2.089, 6.780, 0.196, 0.158,-3.559,-5.754, 8.992, 4.754, 8.805, 1.701, 10.000, 3.288, 3.740} | 
| 1100 | 7.048909114307737E11 | 1.1600828355708785E13 | {-4.602,-8.110,-4.703, 9.640,-2.526, 1.421,-9.695,-3.307, 7.723, 0.423, 2.956,-4.163,-0.908, 10.000, 5.349, 10.000, 5.522, 7.279, 1.590, 3.671} | 
| 1200 | 6.380594263610486E11 | 1.543589884685856E13 | {-2.137,-8.303,-6.625, 7.580,-1.931, 4.663,-9.512, 2.849, 8.837,-1.540,-0.028,-6.585,-7.009, 8.928, 4.550, 8.293, 3.344, 6.211,-1.337, 7.546} | 
| 1300 | 6.380594263610486E11 | 9.333038640332836E12 | {-2.137,-8.303,-6.625, 7.580,-1.931, 4.663,-9.512, 2.849, 8.837,-1.540,-0.028,-6.585,-7.009, 8.928, 4.550, 8.293, 3.344, 6.211,-1.337, 7.546} | 
| 1400 | 6.380594263610486E11 | 1.1297649648469287E13 | {-2.137,-8.303,-6.625, 7.580,-1.931, 4.663,-9.512, 2.849, 8.837,-1.540,-0.028,-6.585,-7.009, 8.928, 4.550, 8.293, 3.344, 6.211,-1.337, 7.546} | 
| 1500 | 5.981302147007852E11 | 1.2518933592106096E13 | {-0.576,-7.970,-4.655, 6.485,-2.741, 7.118,-7.614, 4.024, 7.451,-1.749,-0.860,-5.476,-6.908, 8.228, 2.037, 10.000, 5.735, 5.565,-2.948, 3.754} | 
| 1600 | 5.981302147007852E11 | 1.3124040277279713E13 | {-0.576,-7.970,-4.655, 6.485,-2.741, 7.118,-7.614, 4.024, 7.451,-1.749,-0.860,-5.476,-6.908, 8.228, 2.037, 10.000, 5.735, 5.565,-2.948, 3.754} | 
| 1700 | 5.981302147007852E11 | 1.1642230874530793E13 | {-0.576,-7.970,-4.655, 6.485,-2.741, 7.118,-7.614, 4.024, 7.451,-1.749,-0.860,-5.476,-6.908, 8.228, 2.037, 10.000, 5.735, 5.565,-2.948, 3.754} | 
| 1800 | 4.960353045040656E11 | 9.503444029195605E12 | {-0.415,-8.286,-4.055, 4.109,-3.833, 5.267,-7.377, 2.260, 10.000, 2.227,-4.053,-5.925,-9.157, 5.704, 2.477, 10.000, 5.078, 6.334, 1.634, 8.564} | 
 Termination message: Not terminated.
 Function calls run: 1800, sum: 1800
* Last best ind.: eva2.optimization.individuals.ESIndividualDoubleData{DGenotype=[ -0.4149068973879887 -8.285577245140626 -4.054524675682804 4.108580528266228 -3.83349770308136 5.267463064041511 -7.376703950337716 2.2602767595373927 10.0 2.2269509790664337 -4.052756904680937 -5.925407378202585 -9.157253904936583 5.703955437339694 2.4773560892501427 10.0 5.078091887046916 6.333659190771721 1.6344430992063907 8.56390624098874 ]; age=7; crossoverOperator=eva2.optimization.operator.crossover.CrossoverESDefault{}; crossoverProbability=0.5; doubleRange=[ [ -10.0 10.0 ] [ -10.0 10.0 ] [ -10.0 10.0 ] [ -10.0 10.0 ] [ -10.0 10.0 ] [ -10.0 10.0 ] [ -10.0 10.0 ] [ -10.0 10.0 ] [ -10.0 10.0 ] [ -10.0 10.0 ] [ -10.0 10.0 ] [ -10.0 10.0 ] [ -10.0 10.0 ] [ -10.0 10.0 ] [ -10.0 10.0 ] [ -10.0 10.0 ] [ -10.0 10.0 ] [ -10.0 10.0 ] [ -10.0 10.0 ] [ -10.0 10.0 ] ]; fitness=[ 4.960353045040656E11 ]; individualIndex=-1; initOperator=eva2.optimization.operator.initialization.DefaultInitialization{}; marked=false; mutationOperator=eva2.optimization.operator.mutation.MutateESGlobal{crossoverType=intermediate; lowerLimitStepSize=5.0E-7; mutationStepSize=0.12994370196903632; tau1=0.15; }; mutationProbability=1.0; selectionProbability=[ NaN ]; }
         solution data	: {-0.415,-8.286,-4.055, 4.109,-3.833, 5.267,-7.377, 2.260, 10.000, 2.227,-4.053,-5.925,-9.157, 5.704, 2.477, 10.000, 5.078, 6.334, 1.634, 8.564}
         solution fit	: [ 4.960353045040656E11 ]
* Run best ind.: eva2.optimization.individuals.ESIndividualDoubleData{DGenotype=[ -0.4149068973879887 -8.285577245140626 -4.054524675682804 4.108580528266228 -3.83349770308136 5.267463064041511 -7.376703950337716 2.2602767595373927 10.0 2.2269509790664337 -4.052756904680937 -5.925407378202585 -9.157253904936583 5.703955437339694 2.4773560892501427 10.0 5.078091887046916 6.333659190771721 1.6344430992063907 8.56390624098874 ]; age=7; crossoverOperator=eva2.optimization.operator.crossover.CrossoverESDefault{}; crossoverProbability=0.5; doubleRange=[ [ -10.0 10.0 ] [ -10.0 10.0 ] [ -10.0 10.0 ] [ -10.0 10.0 ] [ -10.0 10.0 ] [ -10.0 10.0 ] [ -10.0 10.0 ] [ -10.0 10.0 ] [ -10.0 10.0 ] [ -10.0 10.0 ] [ -10.0 10.0 ] [ -10.0 10.0 ] [ -10.0 10.0 ] [ -10.0 10.0 ] [ -10.0 10.0 ] [ -10.0 10.0 ] [ -10.0 10.0 ] [ -10.0 10.0 ] [ -10.0 10.0 ] [ -10.0 10.0 ] ]; fitness=[ 4.960353045040656E11 ]; individualIndex=-1; initOperator=eva2.optimization.operator.initialization.DefaultInitialization{}; marked=false; mutationOperator=eva2.optimization.operator.mutation.MutateESGlobal{crossoverType=intermediate; lowerLimitStepSize=5.0E-7; mutationStepSize=0.12994370196903632; tau1=0.15; }; mutationProbability=1.0; selectionProbability=[ NaN ]; }
         solution data	: {-0.415,-8.286,-4.055, 4.109,-3.833, 5.267,-7.377, 2.260, 10.000, 2.227,-4.053,-5.925,-9.157, 5.704, 2.477, 10.000, 5.078, 6.334, 1.634, 8.564}
         solution fit	: [ 4.960353045040656E11 ]
 Feasible ind. found after 200 evaluations.
 Solution correlations (min,max,avg,med,var): [ 1.0 1.0 1.0 1.0 ]
* Run best feasible individual equals best individual.
### Resulting population 
Fit.:	[ 4.960353045040656E11 ], ID: 8649,	{-0.415,-8.286,-4.055, 4.109,-3.833, 5.267,-7.377, 2.260, 10.000, 2.227,-4.053,-5.925,-9.157, 5.704, 2.477, 10.000, 5.078, 6.334, 1.634, 8.564}  
*******
 Runs performed: 1, reached target 0 times with threshold 0.001, rate 0.0
 Average function calls: 1800
     Feasible solution found in 1 of 1 runs 
     Average evaluations until feasible ind. was found in 1 runs: 200.0 evaluations
     Averaged sum of run statistical data: (1 runs): | 17000.0 | 1.5501270727351355E13 | 2.4032296785896238E14
     Averaged last statistical data (1 runs): | 1800.0 | 4.960353045040656E11 | 9.503444029195605E12
* Overall best ind.: eva2.optimization.individuals.ESIndividualDoubleData{DGenotype=[ -0.4149068973879887 -8.285577245140626 -4.054524675682804 4.108580528266228 -3.83349770308136 5.267463064041511 -7.376703950337716 2.2602767595373927 10.0 2.2269509790664337 -4.052756904680937 -5.925407378202585 -9.157253904936583 5.703955437339694 2.4773560892501427 10.0 5.078091887046916 6.333659190771721 1.6344430992063907 8.56390624098874 ]; age=7; crossoverOperator=eva2.optimization.operator.crossover.CrossoverESDefault{}; crossoverProbability=0.5; doubleRange=[ [ -10.0 10.0 ] [ -10.0 10.0 ] [ -10.0 10.0 ] [ -10.0 10.0 ] [ -10.0 10.0 ] [ -10.0 10.0 ] [ -10.0 10.0 ] [ -10.0 10.0 ] [ -10.0 10.0 ] [ -10.0 10.0 ] [ -10.0 10.0 ] [ -10.0 10.0 ] [ -10.0 10.0 ] [ -10.0 10.0 ] [ -10.0 10.0 ] [ -10.0 10.0 ] [ -10.0 10.0 ] [ -10.0 10.0 ] [ -10.0 10.0 ] [ -10.0 10.0 ] ]; fitness=[ 4.960353045040656E11 ]; individualIndex=-1; initOperator=eva2.optimization.operator.initialization.DefaultInitialization{}; marked=false; mutationOperator=eva2.optimization.operator.mutation.MutateESGlobal{crossoverType=intermediate; lowerLimitStepSize=5.0E-7; mutationStepSize=0.12994370196903632; tau1=0.15; }; mutationProbability=1.0; selectionProbability=[ NaN ]; }
         solution data	: {-0.415,-8.286,-4.055, 4.109,-3.833, 5.267,-7.377, 2.260, 10.000, 2.227,-4.053,-5.925,-9.157, 5.704, 2.477, 10.000, 5.078, 6.334, 1.634, 8.564}
         solution fit	: [ 4.960353045040656E11 ]
Overall best statistical data: 
FunctionCalls | currentBest | meanFit | solution
1800 | 4.960353045040656E11 | 9.503444029195605E12 | {-0.415,-8.286,-4.055, 4.109,-3.833, 5.267,-7.377, 2.260, 10.000, 2.227,-4.053,-5.925,-9.157, 5.704, 2.477, 10.000, 5.078, 6.334, 1.634, 8.564}
StopDate:2019-08-02_02.01.15
