
### Optimization parameters 
```
!!eva2.optimization.OptimizationParameters
optimizer: !!eva2.optimization.strategies.SimulatedAnnealing
    alpha: 0.9
    currentTemperature: 0.0
    initialTemperature: 2.0
    population: !population
        initAround: 0.1
        initMethod: individualDefault
        initPos: [0.0, 0.0, 0.0, 0.0, 0.0, 0.0, 0.0, 0.0, 0.0, 0.0]
        popMetric: !!eva2.optimization.operator.distancemetric.PhenotypeMetric {}
        seedCardinality: {head: 5, tail: 1}
        targetSize: 10
postProcessParams: !!eva2.optimization.operator.postprocess.PostProcessParams
    PPMethod: nelderMead
    accAssumeConv: 1.0E-8
    accMaxEval: -1
    accuracies: [0.01]
    doPostProcessing: false
    postProcessClusterSigma: 0.05
    postProcessSteps: 5000
    printNBest: 10
    withPlot: false
problem: !!eva2.problems.SimpleProblemWrapper
    defaultAccuracy: 0.001
    defaultRange: 3.0
    individualTemplate: !!eva2.optimization.individuals.ESIndividualDoubleData
        areaConst4ParallelViolated: false
        crossoverOperator: !!eva2.optimization.operator.crossover.CrossoverESDefault {}
        crossoverProbability: 0.5
        initOperator: !!eva2.optimization.operator.initialization.DefaultInitialization {}
        isMarked: false
        isPenalized: false
        mutationOperator: !!eva2.optimization.operator.mutation.MutateESGlobal {crossoverType: intermediate,
            lowerLimitStepSize: 5.0E-7, mutationStepSize: 0.2, tau1: 0.15}
        mutationProbability: 1.0
    noise: 0.0
    parallelThreads: 4
    problemDimension: 6
    simpleProblem: !!uk.ac.ox.oxfish.maximization.CaliforniaDerisoOptimization {multiplier: 0.1,
        runsPerSetting: 15, scenarioFile: docs/paper3_dts/mark2/exploratory/calibration/histograms/deriso_new_manual3.yaml,
        seed: 123, startingDoverCatchability: 6.0E-5, startingLongspineCatchability: 2.0E-4,
        startingSablefishCatchability: 3.17986760953E-5, startingShortspineCatchability: 4.32282202495E-5,
        startingYelloweyeCatchability: 4.11440673662E-7, summaryDirectory: docs/paper3_dts/mark2/exploratory/eva,
        yearsToIgnore: 1, yearsToRun: 5}
randomSeed: 9999999
terminator: !!eva2.optimization.operator.terminators.EvaluationTerminator {fitnessCalls: 2000}

```

## Multirun 1
| FunctionCalls | currentBest | meanFit | solution | 
| --- | --- | --- | --- | 
| 10 | 6.422764878520558 | 10.112172938423225 | { 1.181,-0.627,-1.712,-1.461,-2.913,-2.180} | 
| 20 | 6.422764878520558 | 10.112172938423225 | { 1.181,-0.627,-1.712,-1.461,-2.913,-2.180} | 
| 30 | 6.422764878520558 | 9.861487831678465 | { 1.181,-0.627,-1.712,-1.461,-2.913,-2.180} | 
| 40 | 6.422764878520558 | 9.510760796718458 | { 1.181,-0.627,-1.712,-1.461,-2.913,-2.180} | 
| 50 | 6.198166012109097 | 9.128304241894321 | { 0.886,-0.127,-1.539,-1.642,-1.910,-2.026} | 
| 60 | 6.198166012109097 | 8.981360698670908 | { 0.886,-0.127,-1.539,-1.642,-1.910,-2.026} | 
| 70 | 6.198166012109097 | 8.970870499146406 | { 0.886,-0.127,-1.539,-1.642,-1.910,-2.026} | 
| 80 | 6.198166012109097 | 8.903052386471572 | { 0.886,-0.127,-1.539,-1.642,-1.910,-2.026} | 
| 90 | 6.198166012109097 | 8.903052386471572 | { 0.886,-0.127,-1.539,-1.642,-1.910,-2.026} | 
| 100 | 6.198166012109097 | 8.480971810813681 | { 0.886,-0.127,-1.539,-1.642,-1.910,-2.026} | 
| 110 | 6.198166012109097 | 8.473439503774959 | { 0.886,-0.127,-1.539,-1.642,-1.910,-2.026} | 
| 120 | 6.198166012109097 | 8.463990969427755 | { 0.886,-0.127,-1.539,-1.642,-1.910,-2.026} | 
| 130 | 6.198166012109097 | 8.429700409670435 | { 0.886,-0.127,-1.539,-1.642,-1.910,-2.026} | 
| 140 | 6.198166012109097 | 8.32503338931197 | { 0.886,-0.127,-1.539,-1.642,-1.910,-2.026} | 
| 150 | 5.9603059238290665 | 8.00965564156801 | { 0.059,-0.658,-0.601,-1.418,-0.755,-0.867} | 
| 160 | 5.9603059238290665 | 8.00965564156801 | { 0.059,-0.658,-0.601,-1.418,-0.755,-0.867} | 
| 170 | 5.9603059238290665 | 7.940058248327061 | { 0.059,-0.658,-0.601,-1.418,-0.755,-0.867} | 
| 180 | 5.9603059238290665 | 7.940058248327061 | { 0.059,-0.658,-0.601,-1.418,-0.755,-0.867} | 
| 190 | 5.9603059238290665 | 7.918648759378401 | { 0.059,-0.658,-0.601,-1.418,-0.755,-0.867} | 
| 200 | 5.9603059238290665 | 7.918648759378401 | { 0.059,-0.658,-0.601,-1.418,-0.755,-0.867} | 
| 210 | 5.9603059238290665 | 7.918648759378401 | { 0.059,-0.658,-0.601,-1.418,-0.755,-0.867} | 
| 220 | 5.9603059238290665 | 7.918648759378401 | { 0.059,-0.658,-0.601,-1.418,-0.755,-0.867} | 
| 230 | 5.9603059238290665 | 7.819367550989414 | { 0.059,-0.658,-0.601,-1.418,-0.755,-0.867} | 
| 240 | 5.9603059238290665 | 7.815859873119836 | { 0.059,-0.658,-0.601,-1.418,-0.755,-0.867} | 
| 250 | 5.9603059238290665 | 7.815859873119836 | { 0.059,-0.658,-0.601,-1.418,-0.755,-0.867} | 
| 260 | 5.9603059238290665 | 7.752139688695264 | { 0.059,-0.658,-0.601,-1.418,-0.755,-0.867} | 
| 270 | 5.9603059238290665 | 7.752139688695264 | { 0.059,-0.658,-0.601,-1.418,-0.755,-0.867} | 
| 280 | 5.9603059238290665 | 7.701785829858625 | { 0.059,-0.658,-0.601,-1.418,-0.755,-0.867} | 
| 290 | 5.924054897850968 | 7.69578420738147 | { 1.574,-2.251,-0.654,-1.384, 0.321,-0.830} | 
| 300 | 5.924054897850968 | 7.692271764872595 | { 1.574,-2.251,-0.654,-1.384, 0.321,-0.830} | 
| 310 | 5.924054897850968 | 7.664014234994562 | { 1.574,-2.251,-0.654,-1.384, 0.321,-0.830} | 
| 320 | 5.924054897850968 | 7.664014234994562 | { 1.574,-2.251,-0.654,-1.384, 0.321,-0.830} | 
| 330 | 5.924054897850968 | 7.664014234994562 | { 1.574,-2.251,-0.654,-1.384, 0.321,-0.830} | 
| 340 | 5.924054897850968 | 7.651709321645018 | { 1.574,-2.251,-0.654,-1.384, 0.321,-0.830} | 
| 350 | 5.924054897850968 | 7.6496440811591695 | { 1.574,-2.251,-0.654,-1.384, 0.321,-0.830} | 
| 360 | 5.924054897850968 | 7.580281978517091 | { 1.574,-2.251,-0.654,-1.384, 0.321,-0.830} | 
| 370 | 5.715591850376697 | 7.559435673769665 | { 0.054,-0.482,-1.303,-0.947, 0.342,-1.823} | 
| 380 | 5.715591850376697 | 7.488153912868313 | { 0.054,-0.482,-1.303,-0.947, 0.342,-1.823} | 
| 390 | 5.715591850376697 | 7.488153912868313 | { 0.054,-0.482,-1.303,-0.947, 0.342,-1.823} | 
| 400 | 5.715591850376697 | 7.488153912868313 | { 0.054,-0.482,-1.303,-0.947, 0.342,-1.823} | 
| 410 | 5.715591850376697 | 7.488153912868313 | { 0.054,-0.482,-1.303,-0.947, 0.342,-1.823} | 
| 420 | 5.715591850376697 | 7.366114217207238 | { 0.054,-0.482,-1.303,-0.947, 0.342,-1.823} | 
| 430 | 5.715591850376697 | 7.366114217207238 | { 0.054,-0.482,-1.303,-0.947, 0.342,-1.823} | 
| 440 | 5.715591850376697 | 7.342872198393546 | { 0.054,-0.482,-1.303,-0.947, 0.342,-1.823} | 
| 450 | 5.715591850376697 | 7.342872198393546 | { 0.054,-0.482,-1.303,-0.947, 0.342,-1.823} | 
| 460 | 5.715591850376697 | 7.342872198393546 | { 0.054,-0.482,-1.303,-0.947, 0.342,-1.823} | 
| 470 | 5.715591850376697 | 7.342872198393546 | { 0.054,-0.482,-1.303,-0.947, 0.342,-1.823} | 
| 480 | 5.715591850376697 | 7.342872198393546 | { 0.054,-0.482,-1.303,-0.947, 0.342,-1.823} | 
| 490 | 5.715591850376697 | 7.29394984006459 | { 0.054,-0.482,-1.303,-0.947, 0.342,-1.823} | 
| 500 | 5.715591850376697 | 7.29394984006459 | { 0.054,-0.482,-1.303,-0.947, 0.342,-1.823} | 
| 510 | 5.715591850376697 | 7.276200772497335 | { 0.054,-0.482,-1.303,-0.947, 0.342,-1.823} | 
| 520 | 5.715591850376697 | 7.276200772497335 | { 0.054,-0.482,-1.303,-0.947, 0.342,-1.823} | 
| 530 | 5.715591850376697 | 7.231090563296206 | { 0.054,-0.482,-1.303,-0.947, 0.342,-1.823} | 
| 540 | 5.715591850376697 | 7.207972364275898 | { 0.054,-0.482,-1.303,-0.947, 0.342,-1.823} | 
| 550 | 5.715591850376697 | 7.152128337641118 | { 0.054,-0.482,-1.303,-0.947, 0.342,-1.823} | 
| 560 | 5.715591850376697 | 7.00298844162509 | { 0.054,-0.482,-1.303,-0.947, 0.342,-1.823} | 
| 570 | 5.715591850376697 | 7.00298844162509 | { 0.054,-0.482,-1.303,-0.947, 0.342,-1.823} | 
