
### Optimization parameters 
```
!!eva2.optimization.OptimizationParameters
optimizer: !!eva2.optimization.strategies.ClusterBasedNichingEA
    clusterDiffDist: 0.05
    differentiationCA: !!eva2.optimization.operator.cluster.ClusteringDensityBased
        clustDistParam: 0.05
        metric: &id001 !!eva2.optimization.operator.distancemetric.PhenotypeMetric {}
        minimumGroupSize: 3
    epsilonBound: 1.0E-10
    haltingWindow: 15
    maxSpeciesSize: 15
    mergingCA: !!eva2.optimization.operator.cluster.ClusteringDensityBased
        clustDistParam: 0.1
        metric: *id001
        minimumGroupSize: 3
    optimizer: !!eva2.optimization.strategies.GeneticAlgorithm
        elitism: true
        numberOfPartners: 1
        parentSelection: !!eva2.optimization.operator.selection.SelectXProbRouletteWheel
            obeyDebsConstViolationPrinciple: true
            selProbCalculator: !!eva2.optimization.operator.selection.probability.SelProbStandard {}
        partnerSelection: !!eva2.optimization.operator.selection.SelectRandom {obeyDebsConstViolationPrinciple: false}
        population: !population
            initAround: 0.1
            initMethod: individualDefault
            initPos: [0.0, 0.0, 0.0, 0.0, 0.0, 0.0, 0.0, 0.0, 0.0, 0.0]
            popMetric: !!eva2.optimization.operator.distancemetric.PhenotypeMetric {}
            seedCardinality: {head: 5, tail: 1}
            targetSize: 100
    parameterControl: []
    population: !population
        initAround: 0.1
        initMethod: individualDefault
        initPos: [0.0, 0.0, 0.0, 0.0, 0.0, 0.0, 0.0, 0.0, 0.0, 0.0]
        popMetric: *id001
        seedCardinality: {head: 5, tail: 1}
        targetSize: 50
    populationSize: 100
    reduceSizeComparator: {fitCriterion: -1, indyDataKey: '', preferFeasible: true}
    showCycle: 0
    sleepTime: 0
    speciesCycle: 1
    useMerging: true
postProcessParams: !!eva2.optimization.operator.postprocess.PostProcessParams
    PPMethod: nelderMead
    accAssumeConv: 1.0E-8
    accMaxEval: -1
    accuracies: [0.01]
    doPostProcessing: false
    postProcessClusterSigma: 0.05
    postProcessSteps: 5000
    printNBest: 10
    withPlot: false
problem: !!eva2.problems.SimpleProblemWrapper
    defaultAccuracy: 0.001
    defaultRange: 10.0
    individualTemplate: !!eva2.optimization.individuals.ESIndividualDoubleData
        areaConst4ParallelViolated: false
        crossoverOperator: !!eva2.optimization.operator.crossover.CrossoverESDefault {}
        crossoverProbability: 0.5
        initOperator: !!eva2.optimization.operator.initialization.DefaultInitialization {}
        isMarked: false
        isPenalized: false
        mutationOperator: !!eva2.optimization.operator.mutation.MutateESGlobal {crossoverType: intermediate,
            lowerLimitStepSize: 5.0E-7, mutationStepSize: 0.2, tau1: 0.15}
        mutationProbability: 1.0
    noise: 0.0
    parallelThreads: 4
    problemDimension: 20
    simpleProblem: !!uk.ac.ox.oxfish.maximization.GenericOptimization
        maximization: false
        parameters:
        - !!uk.ac.ox.oxfish.maximization.generic.SimpleOptimizationParameter {addressToModify: fisherDefinitions$0.gear.delegate.delegate.delegate.gears~Pristipomoides multidens.averageCatchability,
            alwaysPositive: true, maximum: 0.095, minimum: 9.0E-5}
        - !!uk.ac.ox.oxfish.maximization.generic.SimpleOptimizationParameter {addressToModify: fisherDefinitions$0.gear.delegate.delegate.delegate.gears~Lutjanus malabaricus.averageCatchability,
            alwaysPositive: true, maximum: 0.95, minimum: 9.0E-6}
        - !!uk.ac.ox.oxfish.maximization.generic.SimpleOptimizationParameter {addressToModify: fisherDefinitions$0.gear.delegate.delegate.delegate.gears~Epinephelus areolatus.averageCatchability,
            alwaysPositive: true, maximum: 9.5E-5, minimum: 9.0E-8}
        - !!uk.ac.ox.oxfish.maximization.generic.SimpleOptimizationParameter {addressToModify: fisherDefinitions$0.gear.delegate.delegate.delegate.gears~Lutjanus erythropterus.averageCatchability,
            alwaysPositive: true, maximum: 0.95, minimum: 9.0E-6}
        - !!uk.ac.ox.oxfish.maximization.generic.SimpleOptimizationParameter {addressToModify: fisherDefinitions$0.gear.delegate.delegate.proportionSimulatedToGarbage,
            alwaysPositive: true, maximum: 0.8, minimum: 0.0}
        - !!uk.ac.ox.oxfish.maximization.generic.SimpleOptimizationParameter {addressToModify: fisherDefinitions$1.gear.delegate.delegate.delegate.gears~Pristipomoides multidens.averageCatchability,
            alwaysPositive: true, maximum: 0.0095, minimum: 9.0E-8}
        - !!uk.ac.ox.oxfish.maximization.generic.SimpleOptimizationParameter {addressToModify: fisherDefinitions$1.gear.delegate.delegate.delegate.gears~Lutjanus malabaricus.averageCatchability,
            alwaysPositive: true, maximum: 9.0E-7, minimum: 9.0E-8}
        - !!uk.ac.ox.oxfish.maximization.generic.SimpleOptimizationParameter {addressToModify: fisherDefinitions$1.gear.delegate.delegate.delegate.gears~Epinephelus areolatus.averageCatchability,
            alwaysPositive: true, maximum: 9.5E-6, minimum: 9.0E-10}
        - !!uk.ac.ox.oxfish.maximization.generic.SimpleOptimizationParameter {addressToModify: fisherDefinitions$1.gear.delegate.delegate.delegate.gears~Lutjanus erythropterus.averageCatchability,
            alwaysPositive: true, maximum: 9.5E-6, minimum: 9.0E-10}
        - !!uk.ac.ox.oxfish.maximization.generic.SimpleOptimizationParameter {addressToModify: fisherDefinitions$1.gear.delegate.delegate.proportionSimulatedToGarbage,
            alwaysPositive: true, maximum: 0.8, minimum: 0.0}
        - !!uk.ac.ox.oxfish.maximization.generic.SimpleOptimizationParameter {addressToModify: fisherDefinitions$2.gear.delegate.delegate.delegate.gears~Pristipomoides multidens.averageCatchability,
            alwaysPositive: true, maximum: 0.095, minimum: 9.0E-6}
        - !!uk.ac.ox.oxfish.maximization.generic.SimpleOptimizationParameter {addressToModify: fisherDefinitions$2.gear.delegate.delegate.delegate.gears~Lutjanus malabaricus.averageCatchability,
            alwaysPositive: true, maximum: 9.0E-5, minimum: 9.0E-8}
        - !!uk.ac.ox.oxfish.maximization.generic.SimpleOptimizationParameter {addressToModify: fisherDefinitions$2.gear.delegate.delegate.delegate.gears~Epinephelus areolatus.averageCatchability,
            alwaysPositive: true, maximum: 9.5E-5, minimum: 9.0E-9}
        - !!uk.ac.ox.oxfish.maximization.generic.SimpleOptimizationParameter {addressToModify: fisherDefinitions$2.gear.delegate.delegate.delegate.gears~Lutjanus erythropterus.averageCatchability,
            alwaysPositive: true, maximum: 9.5E-4, minimum: 9.0E-8}
        - !!uk.ac.ox.oxfish.maximization.generic.SimpleOptimizationParameter {addressToModify: fisherDefinitions$2.gear.delegate.delegate.proportionSimulatedToGarbage,
            alwaysPositive: false, maximum: 0.8, minimum: 0.0}
        - !!uk.ac.ox.oxfish.maximization.generic.SimpleOptimizationParameter {addressToModify: fisherDefinitions$3.gear.delegate.delegate.delegate.gears~Pristipomoides multidens.averageCatchability,
            alwaysPositive: true, maximum: 9.5E-5, minimum: 9.0E-10}
        - !!uk.ac.ox.oxfish.maximization.generic.SimpleOptimizationParameter {addressToModify: fisherDefinitions$3.gear.delegate.delegate.delegate.gears~Lutjanus malabaricus.averageCatchability,
            alwaysPositive: true, maximum: 0.95, minimum: 0.009}
        - !!uk.ac.ox.oxfish.maximization.generic.SimpleOptimizationParameter {addressToModify: fisherDefinitions$3.gear.delegate.delegate.delegate.gears~Epinephelus areolatus.averageCatchability,
            alwaysPositive: true, maximum: 0.0095, minimum: 9.0E-7}
        - !!uk.ac.ox.oxfish.maximization.generic.SimpleOptimizationParameter {addressToModify: fisherDefinitions$3.gear.delegate.delegate.delegate.gears~Lutjanus erythropterus.averageCatchability,
            alwaysPositive: true, maximum: 0.95, minimum: 9.0E-7}
        - !!uk.ac.ox.oxfish.maximization.generic.SimpleOptimizationParameter {addressToModify: fisherDefinitions$3.gear.delegate.delegate.proportionSimulatedToGarbage,
            alwaysPositive: true, maximum: 0.8, minimum: 0.0}
        runsPerSetting: 1
        scenarioFile: /home/carrknight/code/oxfish/docs/indonesia_hub/runs/712/slice2019/calibration/historical20_baranov_start.yaml
        simulatedYears: 2
        targets:
        - !!uk.ac.ox.oxfish.maximization.generic.FixedDataLastStepTargetFromFile {
            exponent: 2.0, pathToCsvFile: /home/carrknight/code/oxfish/docs/indonesia_hub/runs/712/slice2019/calibration/targets/Big_LL021 Lutjanus malabaricus.csv,
            yearlyDataColumnName: Lutjanus malabaricus Landings of population2}
        - !!uk.ac.ox.oxfish.maximization.generic.FixedDataLastStepTargetFromFile {
            exponent: 2.0, pathToCsvFile: /home/carrknight/code/oxfish/docs/indonesia_hub/runs/712/slice2019/calibration/targets/Big_LP012 Pristipomoides multidens.csv,
            yearlyDataColumnName: Pristipomoides multidens Landings of population2}
        - !!uk.ac.ox.oxfish.maximization.generic.FixedDataLastStepTargetFromFile {
            exponent: 2.0, pathToCsvFile: /home/carrknight/code/oxfish/docs/indonesia_hub/runs/712/slice2019/calibration/targets/Big_SE002 Epinephelus areolatus.csv,
            yearlyDataColumnName: Epinephelus areolatus Landings of population2}
        - !!uk.ac.ox.oxfish.maximization.generic.FixedDataLastStepTargetFromFile {
            exponent: 2.0, pathToCsvFile: /home/carrknight/code/oxfish/docs/indonesia_hub/runs/712/slice2019/calibration/targets/Big_LL017 Lutjanus erythropterus.csv,
            yearlyDataColumnName: Lutjanus erythropterus Landings of population2}
        - !!uk.ac.ox.oxfish.maximization.generic.FixedDataLastStepTargetFromFile {
            exponent: 2.0, pathToCsvFile: /home/carrknight/code/oxfish/docs/indonesia_hub/runs/712/slice2019/calibration/targets/Big_Others.csv,
            yearlyDataColumnName: Others Landings of population2}
        - !!uk.ac.ox.oxfish.maximization.generic.FixedDataLastStepTargetFromFile {
            exponent: 2.0, pathToCsvFile: /home/carrknight/code/oxfish/docs/indonesia_hub/runs/712/slice2019/calibration/targets/Big_total.csv,
            yearlyDataColumnName: Total Landings of population2}
        - !!uk.ac.ox.oxfish.maximization.generic.FixedDataLastStepTargetFromFile {
            exponent: 2.0, pathToCsvFile: /home/carrknight/code/oxfish/docs/indonesia_hub/runs/712/slice2019/calibration/targets/Small (5-9)_LL021 Lutjanus malabaricus.csv,
            yearlyDataColumnName: Lutjanus malabaricus Landings of population0}
        - !!uk.ac.ox.oxfish.maximization.generic.FixedDataLastStepTargetFromFile {
            exponent: 2.0, pathToCsvFile: /home/carrknight/code/oxfish/docs/indonesia_hub/runs/712/slice2019/calibration/targets/Small (5-9)_LP012 Pristipomoides multidens.csv,
            yearlyDataColumnName: Pristipomoides multidens Landings of population0}
        - !!uk.ac.ox.oxfish.maximization.generic.FixedDataLastStepTargetFromFile {
            exponent: 2.0, pathToCsvFile: /home/carrknight/code/oxfish/docs/indonesia_hub/runs/712/slice2019/calibration/targets/Small (5-9)_SE002 Epinephelus areolatus.csv,
            yearlyDataColumnName: Epinephelus areolatus Landings of population0}
        - !!uk.ac.ox.oxfish.maximization.generic.FixedDataLastStepTargetFromFile {
            exponent: 2.0, pathToCsvFile: /home/carrknight/code/oxfish/docs/indonesia_hub/runs/712/slice2019/calibration/targets/Small (5-9)_LL017 Lutjanus erythropterus.csv,
            yearlyDataColumnName: Lutjanus erythropterus Landings of population0}
        - !!uk.ac.ox.oxfish.maximization.generic.FixedDataLastStepTargetFromFile {
            exponent: 2.0, pathToCsvFile: /home/carrknight/code/oxfish/docs/indonesia_hub/runs/712/slice2019/calibration/targets/Small (5-9)_Others.csv,
            yearlyDataColumnName: Others Landings of population0}
        - !!uk.ac.ox.oxfish.maximization.generic.FixedDataLastStepTargetFromFile {
            exponent: 2.0, pathToCsvFile: /home/carrknight/code/oxfish/docs/indonesia_hub/runs/712/slice2019/calibration/targets/Small (5-9)_total.csv,
            yearlyDataColumnName: Total Landings of population0}
        - !!uk.ac.ox.oxfish.maximization.generic.FixedDataLastStepTargetFromFile {
            exponent: 2.0, pathToCsvFile: /home/carrknight/code/oxfish/docs/indonesia_hub/runs/712/slice2019/calibration/targets/Medium_LL021 Lutjanus malabaricus.csv,
            yearlyDataColumnName: Lutjanus malabaricus Landings of population1}
        - !!uk.ac.ox.oxfish.maximization.generic.FixedDataLastStepTargetFromFile {
            exponent: 2.0, pathToCsvFile: /home/carrknight/code/oxfish/docs/indonesia_hub/runs/712/slice2019/calibration/targets/Medium_LP012 Pristipomoides multidens.csv,
            yearlyDataColumnName: Pristipomoides multidens Landings of population1}
        - !!uk.ac.ox.oxfish.maximization.generic.FixedDataLastStepTargetFromFile {
            exponent: 2.0, pathToCsvFile: /home/carrknight/code/oxfish/docs/indonesia_hub/runs/712/slice2019/calibration/targets/Medium_SE002 Epinephelus areolatus.csv,
            yearlyDataColumnName: Epinephelus areolatus Landings of population1}
        - !!uk.ac.ox.oxfish.maximization.generic.FixedDataLastStepTargetFromFile {
            exponent: 2.0, pathToCsvFile: /home/carrknight/code/oxfish/docs/indonesia_hub/runs/712/slice2019/calibration/targets/Medium_LL017 Lutjanus erythropterus.csv,
            yearlyDataColumnName: Lutjanus erythropterus Landings of population1}
        - !!uk.ac.ox.oxfish.maximization.generic.FixedDataLastStepTargetFromFile {
            exponent: 2.0, pathToCsvFile: /home/carrknight/code/oxfish/docs/indonesia_hub/runs/712/slice2019/calibration/targets/Medium_Others.csv,
            yearlyDataColumnName: Others Landings of population1}
        - !!uk.ac.ox.oxfish.maximization.generic.FixedDataLastStepTargetFromFile {
            exponent: 2.0, pathToCsvFile: /home/carrknight/code/oxfish/docs/indonesia_hub/runs/712/slice2019/calibration/targets/Medium_total.csv,
            yearlyDataColumnName: Total Landings of population1}
        - !!uk.ac.ox.oxfish.maximization.generic.FixedDataLastStepTargetFromFile {
            exponent: 2.0, pathToCsvFile: /home/carrknight/code/oxfish/docs/indonesia_hub/runs/712/slice2019/calibration/targets/Small (10-14)_LL021 Lutjanus malabaricus.csv,
            yearlyDataColumnName: Lutjanus malabaricus Landings of population3}
        - !!uk.ac.ox.oxfish.maximization.generic.FixedDataLastStepTargetFromFile {
            exponent: 2.0, pathToCsvFile: /home/carrknight/code/oxfish/docs/indonesia_hub/runs/712/slice2019/calibration/targets/Small (10-14)_LP012 Pristipomoides multidens.csv,
            yearlyDataColumnName: Pristipomoides multidens Landings of population3}
        - !!uk.ac.ox.oxfish.maximization.generic.FixedDataLastStepTargetFromFile {
            exponent: 2.0, pathToCsvFile: /home/carrknight/code/oxfish/docs/indonesia_hub/runs/712/slice2019/calibration/targets/Small (10-14)_SE002 Epinephelus areolatus.csv,
            yearlyDataColumnName: Epinephelus areolatus Landings of population3}
        - !!uk.ac.ox.oxfish.maximization.generic.FixedDataLastStepTargetFromFile {
            exponent: 2.0, pathToCsvFile: /home/carrknight/code/oxfish/docs/indonesia_hub/runs/712/slice2019/calibration/targets/Small (10-14)_LL017 Lutjanus erythropterus.csv,
            yearlyDataColumnName: Lutjanus erythropterus Landings of population3}
        - !!uk.ac.ox.oxfish.maximization.generic.FixedDataLastStepTargetFromFile {
            exponent: 2.0, pathToCsvFile: /home/carrknight/code/oxfish/docs/indonesia_hub/runs/712/slice2019/calibration/targets/Small (10-14)_Others.csv,
            yearlyDataColumnName: Others Landings of population3}
        - !!uk.ac.ox.oxfish.maximization.generic.FixedDataLastStepTargetFromFile {
            exponent: 2.0, pathToCsvFile: /home/carrknight/code/oxfish/docs/indonesia_hub/runs/712/slice2019/calibration/targets/Small (10-14)_total.csv,
            yearlyDataColumnName: Total Landings of population3}
        - !!uk.ac.ox.oxfish.maximization.generic.FixedDataLastStepTargetFromFile {
            exponent: 2.0, pathToCsvFile: /home/carrknight/code/oxfish/docs/indonesia_hub/runs/712/slice2019/calibration/targets/all_landings_LL021 Lutjanus malabaricus.csv,
            yearlyDataColumnName: Lutjanus malabaricus Landings}
        - !!uk.ac.ox.oxfish.maximization.generic.FixedDataLastStepTargetFromFile {
            exponent: 2.0, pathToCsvFile: /home/carrknight/code/oxfish/docs/indonesia_hub/runs/712/slice2019/calibration/targets/all_landings_LP012 Pristipomoides multidens.csv,
            yearlyDataColumnName: Pristipomoides multidens Landings}
        - !!uk.ac.ox.oxfish.maximization.generic.FixedDataLastStepTargetFromFile {
            exponent: 2.0, pathToCsvFile: /home/carrknight/code/oxfish/docs/indonesia_hub/runs/712/slice2019/calibration/targets/all_landings_SE002 Epinephelus areolatus.csv,
            yearlyDataColumnName: Epinephelus areolatus Landings}
        - !!uk.ac.ox.oxfish.maximization.generic.FixedDataLastStepTargetFromFile {
            exponent: 2.0, pathToCsvFile: /home/carrknight/code/oxfish/docs/indonesia_hub/runs/712/slice2019/calibration/targets/all_landings_LL017 Lutjanus erythropterus.csv,
            yearlyDataColumnName: Lutjanus erythropterus Landings}
randomSeed: 0
terminator: !!eva2.optimization.operator.terminators.EvaluationTerminator {fitnessCalls: 50000}

```

## Multirun 1
| FunctionCalls | currentBest | meanFit | solution | 
| --- | --- | --- | --- | 
| 200 | 3.4257688992911987E12 | 1.1548809836249387E13 | {-5.242,-6.951, 3.067, 1.919,-3.957, 4.463, 8.452, 0.896,-4.299,-1.906, 4.895,-7.235,-2.682, 0.626,-5.264, 8.949, 9.352,-5.580,-4.087, 7.924} | 
| 300 | 3.1287106934481953E12 | 6.220301176883312E12 | {-0.347,-2.089, 8.472,-2.087,-4.954, 10.000, 10.000,-3.726, 1.748,-1.631, 2.638, 5.900, 1.794, 6.715,-2.965, 7.153,-3.211, 1.811, 6.910, 0.540} | 
| 400 | 3.0683748959992437E12 | 6.640247276508928E12 | { 0.019,-4.469, 2.401,-4.822,-3.608, 10.000, 2.447,-7.113,-1.674, 0.691, 3.486, 1.538,-0.614, 3.876,-3.932, 6.447,-2.605,-1.931, 8.440, 9.074} | 
