
### Optimization parameters 
```
!!eva2.optimization.OptimizationParameters
optimizer: !!eva2.optimization.strategies.NelderMeadSimplex
    checkRange: true
    critIndex: 0
    population: !population
        initAround: 0.1
        initMethod: individualDefault
        initPos: [0.0, 0.0, 0.0, 0.0, 0.0, 0.0, 0.0, 0.0, 0.0, 0.0]
        popMetric: !!eva2.optimization.operator.distancemetric.EuclideanMetric {normedByDblRange: false}
        seedCardinality: {head: 5, tail: 1}
        targetSize: 50
    populationSize: 50
postProcessParams: !!eva2.optimization.operator.postprocess.PostProcessParams
    PPMethod: nelderMead
    accAssumeConv: 1.0E-8
    accMaxEval: -1
    accuracies: [0.01]
    doPostProcessing: false
    postProcessClusterSigma: 0.05
    postProcessSteps: 5000
    printNBest: 10
    withPlot: false
problem: !!eva2.problems.SimpleProblemWrapper
    defaultAccuracy: 0.001
    defaultRange: 10.0
    individualTemplate: !!eva2.optimization.individuals.ESIndividualDoubleData
        areaConst4ParallelViolated: false
        crossoverOperator: !!eva2.optimization.operator.crossover.CrossoverESDefault {}
        crossoverProbability: 0.5
        initOperator: !!eva2.optimization.operator.initialization.DefaultInitialization {}
        isMarked: false
        isPenalized: false
        mutationOperator: !!eva2.optimization.operator.mutation.MutateESGlobal {crossoverType: intermediate,
            lowerLimitStepSize: 5.0E-7, mutationStepSize: 0.2, tau1: 0.15}
        mutationProbability: 1.0
    noise: 0.0
    parallelThreads: 4
    problemDimension: 24
    simpleProblem: !!uk.ac.ox.oxfish.maximization.GenericOptimization
        maximization: false
        parameters:
        - !!uk.ac.ox.oxfish.maximization.generic.CommaMapOptimizationParameter {addressToModify: fisherDefinitions$0.gear.delegate.delegate.delegate.catchabilityMap,
            maximum: 0.05, minimum: 1.0E-6, size: 4}
        - !!uk.ac.ox.oxfish.maximization.generic.SimpleOptimizationParameter {addressToModify: fisherDefinitions$0.gear.delegate.delegate.proportionSimulatedToGarbage,
            alwaysPositive: false, maximum: 0.8, minimum: 0.1}
        - !!uk.ac.ox.oxfish.maximization.generic.CommaMapOptimizationParameter {addressToModify: fisherDefinitions$1.gear.delegate.delegate.delegate.catchabilityMap,
            maximum: 0.005, minimum: 1.0E-6, size: 4}
        - !!uk.ac.ox.oxfish.maximization.generic.SimpleOptimizationParameter {addressToModify: fisherDefinitions$1.gear.delegate.delegate.proportionSimulatedToGarbage,
            alwaysPositive: false, maximum: 0.8, minimum: 0.1}
        - !!uk.ac.ox.oxfish.maximization.generic.CommaMapOptimizationParameter {addressToModify: fisherDefinitions$2.gear.delegate.delegate.delegate.catchabilityMap,
            maximum: 0.005, minimum: 1.0E-6, size: 4}
        - !!uk.ac.ox.oxfish.maximization.generic.SimpleOptimizationParameter {addressToModify: fisherDefinitions$2.gear.delegate.delegate.proportionSimulatedToGarbage,
            alwaysPositive: false, maximum: 0.8, minimum: 0.1}
        - !!uk.ac.ox.oxfish.maximization.generic.CommaMapOptimizationParameter {addressToModify: fisherDefinitions$3.gear.delegate.delegate.delegate.catchabilityMap,
            maximum: 0.005, minimum: 1.0E-6, size: 4}
        - !!uk.ac.ox.oxfish.maximization.generic.SimpleOptimizationParameter {addressToModify: fisherDefinitions$3.gear.delegate.delegate.proportionSimulatedToGarbage,
            alwaysPositive: false, maximum: 0.8, minimum: 0.1}
        - !!uk.ac.ox.oxfish.maximization.generic.SimpleOptimizationParameter {addressToModify: biologyInitializer.factories$0.grower.distributionalWeight,
            alwaysPositive: false, maximum: 10.0, minimum: 0.5}
        - !!uk.ac.ox.oxfish.maximization.generic.SimpleOptimizationParameter {addressToModify: biologyInitializer.factories$1.grower.distributionalWeight,
            alwaysPositive: false, maximum: 10.0, minimum: 0.5}
        - !!uk.ac.ox.oxfish.maximization.generic.SimpleOptimizationParameter {addressToModify: biologyInitializer.factories$2.grower.distributionalWeight,
            alwaysPositive: false, maximum: 10.0, minimum: 0.5}
        - !!uk.ac.ox.oxfish.maximization.generic.SimpleOptimizationParameter {addressToModify: biologyInitializer.factories$3.grower.distributionalWeight,
            alwaysPositive: false, maximum: 10.0, minimum: 0.5}
        runsPerSetting: 1
        scenarioFile: /home/carrknight/code/oxfish/docs/indonesia_hub/runs/712/biomass_slice/calibration/start_mmaf.yaml
        simulatedYears: 2
        targets:
        - !!uk.ac.ox.oxfish.maximization.generic.FixedDataLastStepTargetFromFile {
            exponent: 2.0, pathToCsvFile: /home/carrknight/code/oxfish/docs/indonesia_hub/runs/712/biomass_slice/calibration/targets_oneyear/Big_LL021 Lutjanus malabaricus.csv,
            yearlyDataColumnName: Lutjanus malabaricus Landings of population2}
        - !!uk.ac.ox.oxfish.maximization.generic.FixedDataLastStepTargetFromFile {
            exponent: 2.0, pathToCsvFile: /home/carrknight/code/oxfish/docs/indonesia_hub/runs/712/biomass_slice/calibration/targets_oneyear/Big_LP012 Pristipomoides multidens.csv,
            yearlyDataColumnName: Pristipomoides multidens Landings of population2}
        - !!uk.ac.ox.oxfish.maximization.generic.FixedDataLastStepTargetFromFile {
            exponent: 2.0, pathToCsvFile: /home/carrknight/code/oxfish/docs/indonesia_hub/runs/712/biomass_slice/calibration/targets_oneyear/Big_SE002 Epinephelus areolatus.csv,
            yearlyDataColumnName: Epinephelus areolatus Landings of population2}
        - !!uk.ac.ox.oxfish.maximization.generic.FixedDataLastStepTarget {columnName: Lutjanus erythropterus Landings of population2,
            exponent: 2.0, fixedTarget: 0.0}
        - !!uk.ac.ox.oxfish.maximization.generic.FixedDataLastStepTargetFromFile {
            exponent: 2.0, pathToCsvFile: /home/carrknight/code/oxfish/docs/indonesia_hub/runs/712/biomass_slice/calibration/targets_oneyear/Big_Others.csv,
            yearlyDataColumnName: Others Landings of population2}
        - !!uk.ac.ox.oxfish.maximization.generic.FixedDataLastStepTargetFromFile {
            exponent: 2.0, pathToCsvFile: /home/carrknight/code/oxfish/docs/indonesia_hub/runs/712/biomass_slice/calibration/targets_oneyear/Big_total.csv,
            yearlyDataColumnName: Total Landings of population2}
        - !!uk.ac.ox.oxfish.maximization.generic.FixedDataLastStepTargetFromFile {
            exponent: 2.0, pathToCsvFile: /home/carrknight/code/oxfish/docs/indonesia_hub/runs/712/biomass_slice/calibration/targets_oneyear/Small (5-9)_LL021 Lutjanus malabaricus.csv,
            yearlyDataColumnName: Lutjanus malabaricus Landings of population0}
        - !!uk.ac.ox.oxfish.maximization.generic.FixedDataLastStepTargetFromFile {
            exponent: 2.0, pathToCsvFile: /home/carrknight/code/oxfish/docs/indonesia_hub/runs/712/biomass_slice/calibration/targets_oneyear/Small (5-9)_LP012 Pristipomoides multidens.csv,
            yearlyDataColumnName: Pristipomoides multidens Landings of population0}
        - !!uk.ac.ox.oxfish.maximization.generic.FixedDataLastStepTargetFromFile {
            exponent: 2.0, pathToCsvFile: /home/carrknight/code/oxfish/docs/indonesia_hub/runs/712/biomass_slice/calibration/targets_oneyear/Small (5-9)_SE002 Epinephelus areolatus.csv,
            yearlyDataColumnName: Epinephelus areolatus Landings of population0}
        - !!uk.ac.ox.oxfish.maximization.generic.FixedDataLastStepTargetFromFile {
            exponent: 2.0, pathToCsvFile: /home/carrknight/code/oxfish/docs/indonesia_hub/runs/712/biomass_slice/calibration/targets_oneyear/Small (5-9)_LL017 Lutjanus erythropterus.csv,
            yearlyDataColumnName: Lutjanus erythropterus Landings of population0}
        - !!uk.ac.ox.oxfish.maximization.generic.FixedDataLastStepTargetFromFile {
            exponent: 2.0, pathToCsvFile: /home/carrknight/code/oxfish/docs/indonesia_hub/runs/712/biomass_slice/calibration/targets_oneyear/Small (5-9)_Others.csv,
            yearlyDataColumnName: Others Landings of population0}
        - !!uk.ac.ox.oxfish.maximization.generic.FixedDataLastStepTargetFromFile {
            exponent: 2.0, pathToCsvFile: /home/carrknight/code/oxfish/docs/indonesia_hub/runs/712/biomass_slice/calibration/targets_oneyear/Small (5-9)_total.csv,
            yearlyDataColumnName: Total Landings of population0}
        - !!uk.ac.ox.oxfish.maximization.generic.FixedDataLastStepTargetFromFile {
            exponent: 2.0, pathToCsvFile: /home/carrknight/code/oxfish/docs/indonesia_hub/runs/712/biomass_slice/calibration/targets_oneyear/Medium_LL021 Lutjanus malabaricus.csv,
            yearlyDataColumnName: Lutjanus malabaricus Landings of population1}
        - !!uk.ac.ox.oxfish.maximization.generic.FixedDataLastStepTargetFromFile {
            exponent: 2.0, pathToCsvFile: /home/carrknight/code/oxfish/docs/indonesia_hub/runs/712/biomass_slice/calibration/targets_oneyear/Medium_LP012 Pristipomoides multidens.csv,
            yearlyDataColumnName: Pristipomoides multidens Landings of population1}
        - !!uk.ac.ox.oxfish.maximization.generic.FixedDataLastStepTargetFromFile {
            exponent: 2.0, pathToCsvFile: /home/carrknight/code/oxfish/docs/indonesia_hub/runs/712/biomass_slice/calibration/targets_oneyear/Medium_SE002 Epinephelus areolatus.csv,
            yearlyDataColumnName: Epinephelus areolatus Landings of population1}
        - !!uk.ac.ox.oxfish.maximization.generic.FixedDataLastStepTargetFromFile {
            exponent: 2.0, pathToCsvFile: /home/carrknight/code/oxfish/docs/indonesia_hub/runs/712/biomass_slice/calibration/targets_oneyear/Medium_LL017 Lutjanus erythropterus.csv,
            yearlyDataColumnName: Lutjanus erythropterus Landings of population1}
        - !!uk.ac.ox.oxfish.maximization.generic.FixedDataLastStepTargetFromFile {
            exponent: 2.0, pathToCsvFile: /home/carrknight/code/oxfish/docs/indonesia_hub/runs/712/biomass_slice/calibration/targets_oneyear/Medium_Others.csv,
            yearlyDataColumnName: Others Landings of population1}
        - !!uk.ac.ox.oxfish.maximization.generic.FixedDataLastStepTargetFromFile {
            exponent: 2.0, pathToCsvFile: /home/carrknight/code/oxfish/docs/indonesia_hub/runs/712/biomass_slice/calibration/targets_oneyear/Medium_total.csv,
            yearlyDataColumnName: Total Landings of population1}
        - !!uk.ac.ox.oxfish.maximization.generic.FixedDataLastStepTargetFromFile {
            exponent: 2.0, pathToCsvFile: /home/carrknight/code/oxfish/docs/indonesia_hub/runs/712/biomass_slice/calibration/targets_oneyear/Small (10-14)_LL021 Lutjanus malabaricus.csv,
            yearlyDataColumnName: Lutjanus malabaricus Landings of population3}
        - !!uk.ac.ox.oxfish.maximization.generic.FixedDataLastStepTargetFromFile {
            exponent: 2.0, pathToCsvFile: /home/carrknight/code/oxfish/docs/indonesia_hub/runs/712/biomass_slice/calibration/targets_oneyear/Small (10-14)_LP012 Pristipomoides multidens.csv,
            yearlyDataColumnName: Pristipomoides multidens Landings of population3}
        - !!uk.ac.ox.oxfish.maximization.generic.FixedDataLastStepTargetFromFile {
            exponent: 2.0, pathToCsvFile: /home/carrknight/code/oxfish/docs/indonesia_hub/runs/712/biomass_slice/calibration/targets_oneyear/Small (10-14)_SE002 Epinephelus areolatus.csv,
            yearlyDataColumnName: Epinephelus areolatus Landings of population3}
        - !!uk.ac.ox.oxfish.maximization.generic.FixedDataLastStepTargetFromFile {
            exponent: 2.0, pathToCsvFile: /home/carrknight/code/oxfish/docs/indonesia_hub/runs/712/biomass_slice/calibration/targets_oneyear/Small (10-14)_LL017 Lutjanus erythropterus.csv,
            yearlyDataColumnName: Lutjanus erythropterus Landings of population3}
        - !!uk.ac.ox.oxfish.maximization.generic.FixedDataLastStepTargetFromFile {
            exponent: 2.0, pathToCsvFile: /home/carrknight/code/oxfish/docs/indonesia_hub/runs/712/biomass_slice/calibration/targets_oneyear/Small (10-14)_Others.csv,
            yearlyDataColumnName: Others Landings of population3}
        - !!uk.ac.ox.oxfish.maximization.generic.FixedDataLastStepTargetFromFile {
            exponent: 2.0, pathToCsvFile: /home/carrknight/code/oxfish/docs/indonesia_hub/runs/712/biomass_slice/calibration/targets_oneyear/Small (10-14)_total.csv,
            yearlyDataColumnName: Total Landings of population3}
        - !!uk.ac.ox.oxfish.maximization.generic.FixedDataLastStepTargetFromFile {
            exponent: 2.0, pathToCsvFile: /home/carrknight/code/oxfish/docs/indonesia_hub/runs/712/biomass_slice/calibration/targets_oneyear/all_landings_LL021 Lutjanus malabaricus.csv,
            yearlyDataColumnName: Lutjanus malabaricus Landings}
        - !!uk.ac.ox.oxfish.maximization.generic.FixedDataLastStepTargetFromFile {
            exponent: 2.0, pathToCsvFile: /home/carrknight/code/oxfish/docs/indonesia_hub/runs/712/biomass_slice/calibration/targets_oneyear/all_landings_LP012 Pristipomoides multidens.csv,
            yearlyDataColumnName: Pristipomoides multidens Landings}
        - !!uk.ac.ox.oxfish.maximization.generic.FixedDataLastStepTargetFromFile {
            exponent: 2.0, pathToCsvFile: /home/carrknight/code/oxfish/docs/indonesia_hub/runs/712/biomass_slice/calibration/targets_oneyear/all_landings_SE002 Epinephelus areolatus.csv,
            yearlyDataColumnName: Epinephelus areolatus Landings}
        - !!uk.ac.ox.oxfish.maximization.generic.FixedDataLastStepTargetFromFile {
            exponent: 2.0, pathToCsvFile: /home/carrknight/code/oxfish/docs/indonesia_hub/runs/712/biomass_slice/calibration/targets_oneyear/all_landings_LL017 Lutjanus erythropterus.csv,
            yearlyDataColumnName: Lutjanus erythropterus Landings}
randomSeed: 0
terminator: !!eva2.optimization.operator.terminators.EvaluationTerminator {fitnessCalls: 50000}

```

## Multirun 1
| FunctionCalls | currentBest | meanFit | currentWorst | runBest | currentBestFeasible | runBestFeasible | avgEucPopDistance | maxEucPopDistance | avgPopMetricDist | maxPopMetricDist | solution | sigma | 
| --- | --- | --- | --- | --- | --- | --- | --- | --- | --- | --- | --- | --- | 
| 50 | 1.370840570118772E12 | 1.4548445546966436E13 | 3.6766353460791336E13 | 1.370840570118772E12 | 1.370840570118772E12 | 1.370840570118772E12 | 40.24800074612048 | 54.138484920131866 | 40.24800074612048 | 54.138484920131866 | {-3.466,-0.177,-9.333, 0.414,-6.325, 2.354, 1.170, 9.860, 3.793, 2.429,-3.589,-3.117,-3.359, 1.945,-9.857, 2.438, 2.616, 2.288, 6.225,-4.247,-2.801, 1.767,-3.557,-3.972} | 0.2 | 
| 100 | 1.370840570118772E12 | 4.322152337698355E12 | 9.125848400607443E12 | 1.370840570118772E12 | 1.370840570118772E12 | 1.370840570118772E12 | 34.37901354393619 | 54.57730660814453 | 34.37901354393619 | 54.57730660814453 | {-3.466,-0.177,-9.333, 0.414,-6.325, 2.354, 1.170, 9.860, 3.793, 2.429,-3.589,-3.117,-3.359, 1.945,-9.857, 2.438, 2.616, 2.288, 6.225,-4.247,-2.801, 1.767,-3.557,-3.972} | 0.2 | 
| 150 | 1.370840570118772E12 | 2.4913667339358193E12 | 5.420222451596617E12 | 1.370840570118772E12 | 1.370840570118772E12 | 1.370840570118772E12 | 15.967773001575303 | 24.6495849042673 | 15.967773001575303 | 24.6495849042673 | {-3.466,-0.177,-9.333, 0.414,-6.325, 2.354, 1.170, 9.860, 3.793, 2.429,-3.589,-3.117,-3.359, 1.945,-9.857, 2.438, 2.616, 2.288, 6.225,-4.247,-2.801, 1.767,-3.557,-3.972} | 0.2 | 
| 200 | 1.3859560802998003E12 | 1.795061655165133E12 | 2.4131538317802266E12 | 1.370840570118772E12 | 1.3859560802998003E12 | 1.370840570118772E12 | 14.072058984369267 | 23.52033530393239 | 14.072058984369267 | 23.52033530393239 | {-4.292,-0.436,-6.580,-0.751,-6.634, 1.307, 2.530, 6.100, 2.390,-0.544,-2.915, 0.400,-1.887, 0.867,-5.385, 1.652, 2.411, 2.221, 3.537,-1.910,-1.151,-0.816,-2.196,-1.975} | 0.2 | 
| 250 | 1.2202793823288984E12 | 1.625939401180243E12 | 2.192430702619593E12 | 1.2202793823288984E12 | 1.2202793823288984E12 | 1.2202793823288984E12 | 6.742378289328687 | 12.573278674761703 | 6.742378289328687 | 12.573278674761703 | {-3.811,-5.083,-5.024,-1.700,-6.022, 0.427, 1.278, 7.477, 6.391,-2.409,-0.736,-1.522,-4.581,-3.265,-6.985, 0.915, 5.736, 0.791, 6.232, 2.402,-3.871,-0.536,-0.791, 3.543} | 0.2 | 
| 300 | 1.1505145588190588E12 | 1.4662345373376353E12 | 1.8308261321784807E12 | 1.1505145588190588E12 | 1.1505145588190588E12 | 1.1505145588190588E12 | 6.760744511908302 | 12.202991224816602 | 6.760744511908302 | 12.202991224816602 | {-3.843,-6.033,-3.883,-1.238,-6.502, 0.399, 1.496, 5.726, 5.675,-0.505,-1.372,-0.191,-4.416,-1.281,-6.238,-1.499, 4.240, 3.491, 5.220,-0.248,-5.452,-2.360,-3.754, 1.593} | 0.2 | 
| 350 | 1.1191558078795344E12 | 1.3453761855897427E12 | 1.681982646338974E12 | 1.1191558078795344E12 | 1.1191558078795344E12 | 1.1191558078795344E12 | 3.3350340645561163 | 6.101495612408301 | 3.3350340645561163 | 6.101495612408301 | {-3.650,-5.674,-4.404,-1.415,-6.593, 0.640, 1.631, 6.226, 5.882,-0.865,-1.389,-0.998,-4.635,-0.862,-6.450,-0.918, 4.472, 3.284, 4.927, 0.479,-5.545,-1.732,-2.711, 1.929} | 0.2 | 
| 400 | 1.1102030117792405E12 | 1.3126945894275508E12 | 1.509871021475961E12 | 1.1102030117792405E12 | 1.1102030117792405E12 | 1.1102030117792405E12 | 1.6690505584915984 | 3.0878589236596325 | 1.6690505584915984 | 3.0878589236596325 | {-3.637,-7.144,-5.489,-0.260,-6.501, 1.439, 0.845, 5.208, 5.369,-0.634,-1.148, 0.444,-3.648,-0.811,-7.835,-1.566, 4.903, 1.928, 6.046, 2.000,-4.936,-2.690,-2.456, 1.257} | 0.2 | 
| 450 | 1.092991481254903E12 | 1.2392177376826162E12 | 1.3533765648528123E12 | 1.092991481254903E12 | 1.092991481254903E12 | 1.092991481254903E12 | 1.6177942899615165 | 3.0878589236596325 | 1.6177942899615165 | 3.0878589236596325 | {-3.393,-6.929,-4.162,-1.365,-6.140, 0.693, 1.148, 5.776, 5.695,-1.082,-0.838, 0.042,-4.685,-1.657,-7.775,-1.558, 5.317, 2.027, 5.614, 1.609,-5.451,-2.813,-2.728, 2.158} | 0.2 | 
| 500 | 1.0311547018348695E12 | 1.271186959356086E12 | 1.6492594575197979E12 | 1.0311547018348695E12 | 1.0311547018348695E12 | 1.0311547018348695E12 | 0.8067429347459552 | 1.5439294618298167 | 0.8067429347459552 | 1.5439294618298167 | {-3.486,-6.600,-4.442,-1.165,-6.278, 0.761, 1.139, 5.730, 5.466,-1.060,-0.981, 0.023,-4.398,-1.492,-7.499,-1.321, 5.163, 2.081, 5.468, 1.283,-5.187,-2.607,-2.725, 1.793} | 0.2 | 
| 550 | 1.0680472974251992E12 | 1.2576930071095735E12 | 1.566184043346564E12 | 1.0311547018348695E12 | 1.0680472974251992E12 | 1.0311547018348695E12 | 0.37870015565668325 | 0.7319183972145014 | 0.37870015565668325 | 0.7319183972145014 | {-3.511,-6.660,-4.489,-1.071,-6.258, 0.644, 1.176, 5.637, 5.415,-1.039,-1.125, 0.109,-4.304,-1.494,-7.552,-1.268, 5.073, 2.100, 5.382, 1.336,-5.207,-2.456,-2.693, 1.781} | 0.2 | 
| 600 | 1.0857581156355687E12 | 1.2669426747357983E12 | 1.3803086491385056E12 | 1.0311547018348695E12 | 1.0857581156355687E12 | 1.0311547018348695E12 | 0.3704115116725066 | 0.770272359769939 | 0.3704115116725066 | 0.770272359769939 | {-3.489,-6.662,-4.461,-1.131,-6.283, 0.760, 1.157, 5.673, 5.524,-1.033,-0.974, 0.028,-4.397,-1.436,-7.569,-1.361, 5.139, 2.132, 5.528, 1.365,-5.196,-2.560,-2.681, 1.757} | 0.2 | 
| 650 | 1.0557685521618182E12 | 1.2692866304662637E12 | 1.557681031174317E12 | 1.0311547018348695E12 | 1.0557685521618182E12 | 1.0311547018348695E12 | 0.18520575583625307 | 0.38513617988496934 | 0.18520575583625307 | 0.38513617988496934 | {-3.505,-6.649,-4.435,-1.130,-6.269, 0.749, 1.159, 5.670, 5.559,-1.028,-0.928, 0.062,-4.341,-1.441,-7.559,-1.335, 5.125, 2.078, 5.528, 1.371,-5.194,-2.550,-2.656, 1.766} | 0.2 | 
| 700 | 1.0582756967539371E12 | 1.2897084296428088E12 | 1.602693395755429E12 | 1.0311547018348695E12 | 1.0582756967539371E12 | 1.0311547018348695E12 | 0.09259709283100873 | 0.19256808994248517 | 0.09259709283100873 | 0.19256808994248517 | {-3.509,-6.619,-4.447,-1.106,-6.283, 0.756, 1.164, 5.684, 5.516,-1.027,-0.935, 0.024,-4.380,-1.430,-7.556,-1.347, 5.164, 2.085, 5.514, 1.386,-5.208,-2.530,-2.667, 1.758} | 0.2 | 
| 750 | 1.1114496491383567E12 | 1.241079555162782E12 | 1.4414469847644822E12 | 1.0311547018348695E12 | 1.1114496491383567E12 | 1.0311547018348695E12 | 0.043436894892993676 | 0.0917262203130493 | 0.043436894892993676 | 0.0917262203130493 | {-3.504,-6.625,-4.445,-1.123,-6.281, 0.758, 1.156, 5.686, 5.527,-1.023,-0.947, 0.035,-4.378,-1.435,-7.554,-1.353, 5.145, 2.092, 5.512, 1.368,-5.200,-2.548,-2.672, 1.765} | 0.2 | 
| 800 | 1.0385468035957196E12 | 1.25361462069643E12 | 1.4000573094482654E12 | 1.0311547018348695E12 | 1.0385468035957196E12 | 1.0311547018348695E12 | 0.04319591252888383 | 0.0917262203130493 | 0.04319591252888383 | 0.0917262203130493 | {-3.507,-6.638,-4.450,-1.123,-6.279, 0.760, 1.159, 5.684, 5.528,-1.032,-0.941, 0.036,-4.371,-1.433,-7.559,-1.343, 5.150, 2.090, 5.517, 1.379,-5.207,-2.542,-2.675, 1.757} | 0.2 | 
| 850 | 1.0835936701521035E12 | 1.2594995900089534E12 | 1.4775973151078376E12 | 1.0311547018348695E12 | 1.0835936701521035E12 | 1.0311547018348695E12 | 0.02125022002273991 | 0.045863110156524806 | 0.02125022002273991 | 0.045863110156524806 | {-3.508,-6.637,-4.448,-1.119,-6.279, 0.757, 1.161, 5.684, 5.526,-1.029,-0.943, 0.034,-4.368,-1.434,-7.558,-1.345, 5.148, 2.090, 5.515, 1.377,-5.204,-2.539,-2.676, 1.763} | 0.2 | 
